Log file opened on Fri Dec  9 12:45:58 2016
Host: filey.vuse.vanderbilt.edu  pid: 98247  rank ID: 0  number of ranks:  1
                   :-) GROMACS - gmx mdrun, VERSION 5.1.2 (-:

                            GROMACS is written by:
     Emile Apol      Rossen Apostolov  Herman J.C. Berendsen    Par Bjelkmar   
 Aldert van Buuren   Rudi van Drunen     Anton Feenstra   Sebastian Fritsch 
  Gerrit Groenhof   Christoph Junghans   Anca Hamuraru    Vincent Hindriksen
 Dimitrios Karkoulis    Peter Kasson        Jiri Kraus      Carsten Kutzner  
    Per Larsson      Justin A. Lemkul   Magnus Lundborg   Pieter Meulenhoff 
   Erik Marklund      Teemu Murtola       Szilard Pall       Sander Pronk   
   Roland Schulz     Alexey Shvetsov     Michael Shirts     Alfons Sijbers  
   Peter Tieleman    Teemu Virolainen  Christian Wennberg    Maarten Wolf   
                           and the project leaders:
        Mark Abraham, Berk Hess, Erik Lindahl, and David van der Spoel

Copyright (c) 1991-2000, University of Groningen, The Netherlands.
Copyright (c) 2001-2015, The GROMACS development team at
Uppsala University, Stockholm University and
the Royal Institute of Technology, Sweden.
check out http://www.gromacs.org for more information.

GROMACS is free software; you can redistribute it and/or modify it
under the terms of the GNU Lesser General Public License
as published by the Free Software Foundation; either version 2.1
of the License, or (at your option) any later version.

GROMACS:      gmx mdrun, VERSION 5.1.2
Executable:   /usr/local/gromacs/bin//gmx
Data prefix:  /usr/local/gromacs
Command line:
  gmx mdrun -deffnm nvteq_DSPC-50_alc22-50_0129

GROMACS version:    VERSION 5.1.2
Precision:          single
Memory model:       64 bit
MPI library:        thread_mpi
OpenMP support:     disabled
GPU support:        enabled
OpenCL support:     disabled
invsqrt routine:    gmx_software_invsqrt(x)
SIMD instructions:  SSE4.1
FFT library:        fftw-3.3.4-sse2
RDTSCP usage:       enabled
C++11 compilation:  disabled
TNG support:        enabled
Tracing support:    disabled
Built on:           Tue May 31 09:28:24 CDT 2016
Built by:           leonhaac@filey.vuse.vanderbilt.edu [CMAKE]
Build OS/arch:      Darwin 10.8.0 x86_64
Build CPU vendor:   GenuineIntel
Build CPU brand:    Intel(R) Xeon(R) CPU           X5650  @ 2.67GHz
Build CPU family:   6   Model: 44   Stepping: 2
Build CPU features: aes apic clfsh cmov cx8 cx16 htt lahf_lm mmx msr nonstop_tsc pcid pclmuldq pdcm pdpe1gb popcnt pse rdtscp sse2 sse3 sse4.1 sse4.2 ssse3
C compiler:         /Developer/usr/bin/cc GNU 4.2.1
C compiler flags:    -msse4.1    -Wextra -Wno-missing-field-initializers -Wno-sign-compare -Wpointer-arith -Wall -Wno-unused -Wunused-value -Wunused-parameter -Wno-unknown-pragmas  -O3 -DNDEBUG -funroll-all-loops  
C++ compiler:       /Developer/usr/bin/c++ GNU 4.2.1
C++ compiler flags:  -msse4.1    -Wextra -Wno-missing-field-initializers -Wpointer-arith -Wall -Wno-unused-function -Wno-unknown-pragmas  -O3 -DNDEBUG -funroll-all-loops  
Boost version:      1.55.0 (internal)
CUDA compiler:      /usr/local/cuda/bin/nvcc nvcc: NVIDIA (R) Cuda compiler driver;Copyright (c) 2005-2011 NVIDIA Corporation;Built on Fri_May_13_01:54:22_PDT_2011;Cuda compilation tools, release 4.0, V0.2.1221
CUDA compiler flags:-gencode;arch=compute_20,code=sm_20;-gencode;arch=compute_20,code=compute_20;-use_fast_math;-D__STRICT_ANSI__; ;-msse4.1;-Wextra;-Wno-missing-field-initializers;-Wpointer-arith;-Wall;-Wno-unused-function;-Wno-unknown-pragmas;-O3;-DNDEBUG;-funroll-all-loops;
CUDA driver:        0.0
CUDA runtime:       0.0


NOTE: Error occurred during GPU detection:
      no CUDA-capable device is detected
      Can not use GPU acceleration, will fall back to CPU kernels.


Running on 1 node with total 24 logical cores, 0 compatible GPUs
Hardware detected:
  CPU info:
    Vendor: GenuineIntel
    Brand:  Intel(R) Xeon(R) CPU           X5650  @ 2.67GHz
    Family:  6  model: 44  stepping:  2
    CPU features: aes apic clfsh cmov cx8 cx16 htt lahf_lm mmx msr nonstop_tsc pcid pclmuldq pdcm pdpe1gb popcnt pse rdtscp sse2 sse3 sse4.1 sse4.2 ssse3
    SIMD instructions most likely to fit this hardware: SSE4.1
    SIMD instructions selected at GROMACS compile time: SSE4.1


++++ PLEASE READ AND CITE THE FOLLOWING REFERENCE ++++
M. J. Abraham, T. Murtola, R. Schulz, S. Páll, J. C. Smith, B. Hess, E.
Lindahl
GROMACS: High performance molecular simulations through multi-level
parallelism from laptops to supercomputers
SoftwareX 1 (2015) pp. 19-25
-------- -------- --- Thank You --- -------- --------


++++ PLEASE READ AND CITE THE FOLLOWING REFERENCE ++++
S. Páll, M. J. Abraham, C. Kutzner, B. Hess, E. Lindahl
Tackling Exascale Software Challenges in Molecular Dynamics Simulations with
GROMACS
In S. Markidis & E. Laure (Eds.), Solving Software Challenges for Exascale 8759 (2015) pp. 3-27
-------- -------- --- Thank You --- -------- --------


++++ PLEASE READ AND CITE THE FOLLOWING REFERENCE ++++
S. Pronk, S. Páll, R. Schulz, P. Larsson, P. Bjelkmar, R. Apostolov, M. R.
Shirts, J. C. Smith, P. M. Kasson, D. van der Spoel, B. Hess, and E. Lindahl
GROMACS 4.5: a high-throughput and highly parallel open source molecular
simulation toolkit
Bioinformatics 29 (2013) pp. 845-54
-------- -------- --- Thank You --- -------- --------


++++ PLEASE READ AND CITE THE FOLLOWING REFERENCE ++++
B. Hess and C. Kutzner and D. van der Spoel and E. Lindahl
GROMACS 4: Algorithms for highly efficient, load-balanced, and scalable
molecular simulation
J. Chem. Theory Comput. 4 (2008) pp. 435-447
-------- -------- --- Thank You --- -------- --------


++++ PLEASE READ AND CITE THE FOLLOWING REFERENCE ++++
D. van der Spoel, E. Lindahl, B. Hess, G. Groenhof, A. E. Mark and H. J. C.
Berendsen
GROMACS: Fast, Flexible and Free
J. Comp. Chem. 26 (2005) pp. 1701-1719
-------- -------- --- Thank You --- -------- --------


++++ PLEASE READ AND CITE THE FOLLOWING REFERENCE ++++
E. Lindahl and B. Hess and D. van der Spoel
GROMACS 3.0: A package for molecular simulation and trajectory analysis
J. Mol. Mod. 7 (2001) pp. 306-317
-------- -------- --- Thank You --- -------- --------


++++ PLEASE READ AND CITE THE FOLLOWING REFERENCE ++++
H. J. C. Berendsen, D. van der Spoel and R. van Drunen
GROMACS: A message-passing parallel molecular dynamics implementation
Comp. Phys. Comm. 91 (1995) pp. 43-56
-------- -------- --- Thank You --- -------- --------

Changing nstlist from 10 to 40, rlist from 1.4 to 1.417

Input Parameters:
   integrator                     = md
   tinit                          = 0
   dt                             = 0.002
   nsteps                         = 50000
   init-step                      = 0
   simulation-part                = 1
   comm-mode                      = Linear
   nstcomm                        = 100
   bd-fric                        = 0
   ld-seed                        = 3322456039
   emtol                          = 10
   emstep                         = 0.01
   niter                          = 20
   fcstep                         = 0
   nstcgsteep                     = 1000
   nbfgscorr                      = 10
   rtpi                           = 0.05
   nstxout                        = 500
   nstvout                        = 500
   nstfout                        = 0
   nstlog                         = 500
   nstcalcenergy                  = 100
   nstenergy                      = 500
   nstxout-compressed             = 0
   compressed-x-precision         = 1000
   cutoff-scheme                  = Verlet
   nstlist                        = 40
   ns-type                        = Grid
   pbc                            = xyz
   periodic-molecules             = FALSE
   verlet-buffer-tolerance        = 0.005
   rlist                          = 1.417
   rlistlong                      = 1.417
   nstcalclr                      = 10
   coulombtype                    = PME
   coulomb-modifier               = Potential-shift
   rcoulomb-switch                = 0
   rcoulomb                       = 1.4
   epsilon-r                      = 1
   epsilon-rf                     = inf
   vdw-type                       = Cut-off
   vdw-modifier                   = Potential-shift
   rvdw-switch                    = 0
   rvdw                           = 1.4
   DispCorr                       = EnerPres
   table-extension                = 1
   fourierspacing                 = 0.16
   fourier-nx                     = 28
   fourier-ny                     = 28
   fourier-nz                     = 72
   pme-order                      = 4
   ewald-rtol                     = 1e-05
   ewald-rtol-lj                  = 0.001
   lj-pme-comb-rule               = Geometric
   ewald-geometry                 = 0
   epsilon-surface                = 0
   implicit-solvent               = No
   gb-algorithm                   = Still
   nstgbradii                     = 1
   rgbradii                       = 1
   gb-epsilon-solvent             = 80
   gb-saltconc                    = 0
   gb-obc-alpha                   = 1
   gb-obc-beta                    = 0.8
   gb-obc-gamma                   = 4.85
   gb-dielectric-offset           = 0.009
   sa-algorithm                   = Ace-approximation
   sa-surface-tension             = 2.05016
   tcoupl                         = Nose-Hoover
   nsttcouple                     = 10
   nh-chain-length                = 1
   print-nose-hoover-chain-variables = FALSE
   pcoupl                         = No
   pcoupltype                     = Isotropic
   nstpcouple                     = -1
   tau-p                          = 1
   compressibility (3x3):
      compressibility[    0]={ 0.00000e+00,  0.00000e+00,  0.00000e+00}
      compressibility[    1]={ 0.00000e+00,  0.00000e+00,  0.00000e+00}
      compressibility[    2]={ 0.00000e+00,  0.00000e+00,  0.00000e+00}
   ref-p (3x3):
      ref-p[    0]={ 0.00000e+00,  0.00000e+00,  0.00000e+00}
      ref-p[    1]={ 0.00000e+00,  0.00000e+00,  0.00000e+00}
      ref-p[    2]={ 0.00000e+00,  0.00000e+00,  0.00000e+00}
   refcoord-scaling               = No
   posres-com (3):
      posres-com[0]= 0.00000e+00
      posres-com[1]= 0.00000e+00
      posres-com[2]= 0.00000e+00
   posres-comB (3):
      posres-comB[0]= 0.00000e+00
      posres-comB[1]= 0.00000e+00
      posres-comB[2]= 0.00000e+00
   QMMM                           = FALSE
   QMconstraints                  = 0
   QMMMscheme                     = 0
   MMChargeScaleFactor            = 1
qm-opts:
   ngQM                           = 0
   constraint-algorithm           = Lincs
   continuation                   = FALSE
   Shake-SOR                      = FALSE
   shake-tol                      = 0.0001
   lincs-order                    = 4
   lincs-iter                     = 1
   lincs-warnangle                = 30
   nwall                          = 0
   wall-type                      = 9-3
   wall-r-linpot                  = -1
   wall-atomtype[0]               = -1
   wall-atomtype[1]               = -1
   wall-density[0]                = 0
   wall-density[1]                = 0
   wall-ewald-zfac                = 3
   pull                           = FALSE
   rotation                       = FALSE
   interactiveMD                  = FALSE
   disre                          = No
   disre-weighting                = Conservative
   disre-mixed                    = FALSE
   dr-fc                          = 1000
   dr-tau                         = 0
   nstdisreout                    = 100
   orire-fc                       = 0
   orire-tau                      = 0
   nstorireout                    = 100
   free-energy                    = no
   cos-acceleration               = 0
   deform (3x3):
      deform[    0]={ 0.00000e+00,  0.00000e+00,  0.00000e+00}
      deform[    1]={ 0.00000e+00,  0.00000e+00,  0.00000e+00}
      deform[    2]={ 0.00000e+00,  0.00000e+00,  0.00000e+00}
   simulated-tempering            = FALSE
   E-x:
      n = 0
   E-xt:
      n = 0
   E-y:
      n = 0
   E-yt:
      n = 0
   E-z:
      n = 0
   E-zt:
      n = 0
   swapcoords                     = no
   adress                         = FALSE
   userint1                       = 0
   userint2                       = 0
   userint3                       = 0
   userint4                       = 0
   userreal1                      = 0
   userreal2                      = 0
   userreal3                      = 0
   userreal4                      = 0
grpopts:
   nrdf:     10110.8     15358.2
   ref-t:         305         305
   tau-t:         0.4         0.4
annealing:          No          No
annealing-npoints:           0           0
   acc:	           0           0           0
   nfreeze:           N           N           N
   energygrp-flags[  0]: 0


Initializing Domain Decomposition on 24 ranks
Dynamic load balancing: auto
Will sort the charge groups at every domain (re)decomposition
Initial maximum inter charge-group distances:
    two-body bonded interactions: 0.286 nm, Exclusion, atoms 171 173
  multi-body bonded interactions: 0.405 nm, Proper Dih., atoms 3330 3334
Minimum cell size due to bonded interactions: 0.446 nm
Maximum distance for 5 constraints, at 120 deg. angles, all-trans: 0.771 nm
Estimated maximum distance required for P-LINCS: 0.771 nm
This distance will limit the DD cell size, you can override this with -rcon
Guess for relative PME load: 0.10
Will use 20 particle-particle and 4 PME only ranks
This is a guess, check the performance at the end of the log file
Using 4 separate PME ranks, as guessed by mdrun
Scaling the initial minimum size with 1/0.8 (option -dds) = 1.25
Optimizing the DD grid for 20 cells with a minimum initial size of 0.964 nm
The maximum allowed number of cells is: X 4 Y 4 Z 10
Domain decomposition grid 4 x 1 x 5, separate PME ranks 4
PME domain decomposition: 4 x 1 x 1
Interleaving PP and PME ranks
This rank does only particle-particle work.

Domain decomposition rank 0, coordinates 0 0 0

Using 24 MPI threads
Will do PME sum in reciprocal space for electrostatic interactions.

++++ PLEASE READ AND CITE THE FOLLOWING REFERENCE ++++
U. Essmann, L. Perera, M. L. Berkowitz, T. Darden, H. Lee and L. G. Pedersen 
A smooth particle mesh Ewald method
J. Chem. Phys. 103 (1995) pp. 8577-8592
-------- -------- --- Thank You --- -------- --------

Will do ordinary reciprocal space Ewald sum.
Using a Gaussian width (1/beta) of 0.448228 nm for Ewald
Cut-off's:   NS: 1.417   Coulomb: 1.4   LJ: 1.4
Long Range LJ corr.: <C6> 1.7711e-03
System total charge: 0.000
Generated table with 1208 data points for Ewald.
Tabscale = 500 points/nm
Generated table with 1208 data points for LJ6.
Tabscale = 500 points/nm
Generated table with 1208 data points for LJ12.
Tabscale = 500 points/nm
Potential shift: LJ r^-12: -1.764e-02 r^-6: -1.328e-01, Ewald -1.000e-05
Initialized non-bonded Ewald correction tables, spacing: 1.10e-03 size: 1270


Using SSE4.1 4x4 non-bonded kernels

Using full Lennard-Jones parameter combination matrix

Removing pbc first time

Initializing Parallel LINear Constraint Solver

++++ PLEASE READ AND CITE THE FOLLOWING REFERENCE ++++
B. Hess
P-LINCS: A Parallel Linear Constraint Solver for molecular simulation
J. Chem. Theory Comput. 4 (2008) pp. 116-122
-------- -------- --- Thank You --- -------- --------

The number of constraints is 4864
There are inter charge-group constraints,
will communicate selected coordinates each lincs iteration

++++ PLEASE READ AND CITE THE FOLLOWING REFERENCE ++++
S. Miyamoto and P. A. Kollman
SETTLE: An Analytical Version of the SHAKE and RATTLE Algorithms for Rigid
Water Models
J. Comp. Chem. 13 (1992) pp. 952-962
-------- -------- --- Thank You --- -------- --------


Linking all bonded interactions to atoms

The initial number of communication pulses is: X 2 Z 1
The initial domain decomposition cell size is: X 1.10 nm Z 2.10 nm

The maximum allowed distance for charge groups involved in interactions is:
                 non-bonded interactions           1.417 nm
            two-body bonded interactions  (-rdd)   1.417 nm
          multi-body bonded interactions  (-rdd)   1.095 nm
  atoms separated by up to 5 constraints  (-rcon)  1.095 nm

When dynamic load balancing gets turned on, these settings will change to:
The maximum number of communication pulses is: X 2 Z 2
The minimum size for domain decomposition cells is 0.771 nm
The requested allowed shrink of DD cells (option -dds) is: 0.80
The allowed shrink of domain decomposition cells is: X 0.70 Z 0.37
The maximum allowed distance for charge groups involved in interactions is:
                 non-bonded interactions           1.417 nm
            two-body bonded interactions  (-rdd)   1.417 nm
          multi-body bonded interactions  (-rdd)   0.771 nm
  atoms separated by up to 5 constraints  (-rcon)  0.771 nm


Making 2D domain decomposition grid 4 x 1 x 5, home cell index 0 0 0

Center of mass motion removal mode is Linear
We have the following groups for center of mass motion removal:
  0:  rest
There are: 12672 Atoms
Atom distribution over 20 domains: av 633 stddev 281 min 351 max 1071

Constraining the starting coordinates (step 0)

Constraining the coordinates at t0-dt (step 0)
RMS relative constraint deviation after constraining: 0.00e+00
Initial temperature: 301.555 K

Started mdrun on rank 0 Fri Dec  9 12:45:59 2016
           Step           Time         Lambda
              0        0.00000        0.00000

   Energies (kJ/mol)
       G96Angle    Proper Dih.  Improper Dih.        LJ (SR)  Disper. corr.
    1.26940e+04    6.44039e+03    2.24245e+02   -2.81365e+03   -2.15127e+03
   Coulomb (SR)   Coul. recip.      Potential    Kinetic En.   Total Energy
   -1.62387e+05    1.53778e+04   -1.32615e+05    3.19536e+04   -1.00662e+05
  Conserved En.    Temperature Pres. DC (bar) Pressure (bar)   Constr. rmsd
   -1.00662e+05    3.01789e+02   -1.77253e+02    3.52189e+03    2.24105e-05

DD  step 39 load imb.: force 125.4%  pme mesh/force 0.340

At step 40 the performance loss due to force load imbalance is 40.2 %

NOTE: Turning on dynamic load balancing

           Step           Time         Lambda
            500        1.00000        0.00000

   Energies (kJ/mol)
       G96Angle    Proper Dih.  Improper Dih.        LJ (SR)  Disper. corr.
    9.88564e+03    6.80723e+03    2.46050e+02   -8.98144e+02   -2.15127e+03
   Coulomb (SR)   Coul. recip.      Potential    Kinetic En.   Total Energy
   -1.84974e+05    1.84553e+03   -1.69239e+05    3.12290e+04   -1.38010e+05
  Conserved En.    Temperature Pres. DC (bar) Pressure (bar)   Constr. rmsd
   -1.00371e+05    2.94946e+02   -1.77253e+02    1.56948e+03    8.04022e-06

DD  step 999  vol min/aver 0.456  load imb.: force  9.9%  pme mesh/force 0.513

           Step           Time         Lambda
           1000        2.00000        0.00000

   Energies (kJ/mol)
       G96Angle    Proper Dih.  Improper Dih.        LJ (SR)  Disper. corr.
    1.02480e+04    6.88502e+03    3.31527e+02    5.64655e+02   -2.15127e+03
   Coulomb (SR)   Coul. recip.      Potential    Kinetic En.   Total Energy
   -1.91745e+05    1.24460e+03   -1.74623e+05    3.22885e+04   -1.42334e+05
  Conserved En.    Temperature Pres. DC (bar) Pressure (bar)   Constr. rmsd
   -1.00364e+05    3.04952e+02   -1.77253e+02    1.42634e+03    7.78285e-06

           Step           Time         Lambda
           1500        3.00000        0.00000

   Energies (kJ/mol)
       G96Angle    Proper Dih.  Improper Dih.        LJ (SR)  Disper. corr.
    1.08791e+04    6.63336e+03    2.83688e+02    8.82128e+02   -2.15127e+03
   Coulomb (SR)   Coul. recip.      Potential    Kinetic En.   Total Energy
   -1.94185e+05    1.06677e+03   -1.76591e+05    3.25201e+04   -1.44071e+05
  Conserved En.    Temperature Pres. DC (bar) Pressure (bar)   Constr. rmsd
   -1.00209e+05    3.07140e+02   -1.77253e+02    1.03692e+03    9.49312e-06

DD  step 1999  vol min/aver 0.415  load imb.: force  5.7%  pme mesh/force 0.510

           Step           Time         Lambda
           2000        4.00000        0.00000

   Energies (kJ/mol)
       G96Angle    Proper Dih.  Improper Dih.        LJ (SR)  Disper. corr.
    1.06769e+04    6.75122e+03    3.63651e+02    1.49719e+02   -2.15127e+03
   Coulomb (SR)   Coul. recip.      Potential    Kinetic En.   Total Energy
   -1.94005e+05    9.99684e+02   -1.77216e+05    3.19127e+04   -1.45303e+05
  Conserved En.    Temperature Pres. DC (bar) Pressure (bar)   Constr. rmsd
   -1.00456e+05    3.01403e+02   -1.77253e+02    1.13447e+03    9.17064e-06

           Step           Time         Lambda
           2500        5.00000        0.00000

   Energies (kJ/mol)
       G96Angle    Proper Dih.  Improper Dih.        LJ (SR)  Disper. corr.
    1.06080e+04    6.99220e+03    3.82506e+02   -4.31502e+02   -2.15127e+03
   Coulomb (SR)   Coul. recip.      Potential    Kinetic En.   Total Energy
   -1.94054e+05    9.84699e+02   -1.77669e+05    3.22222e+04   -1.45447e+05
  Conserved En.    Temperature Pres. DC (bar) Pressure (bar)   Constr. rmsd
   -1.00301e+05    3.04326e+02   -1.77253e+02    9.59431e+02    8.88505e-06

DD  step 2999  vol min/aver 0.430  load imb.: force  4.0%  pme mesh/force 0.517

           Step           Time         Lambda
           3000        6.00000        0.00000

   Energies (kJ/mol)
       G96Angle    Proper Dih.  Improper Dih.        LJ (SR)  Disper. corr.
    1.04186e+04    6.76171e+03    3.33260e+02   -1.29291e+03   -2.15127e+03
   Coulomb (SR)   Coul. recip.      Potential    Kinetic En.   Total Energy
   -1.92969e+05    9.20941e+02   -1.77978e+05    3.23465e+04   -1.45632e+05
  Conserved En.    Temperature Pres. DC (bar) Pressure (bar)   Constr. rmsd
   -1.00283e+05    3.05500e+02   -1.77253e+02    5.82012e+02    9.04436e-06

           Step           Time         Lambda
           3500        7.00000        0.00000

   Energies (kJ/mol)
       G96Angle    Proper Dih.  Improper Dih.        LJ (SR)  Disper. corr.
    1.05520e+04    6.84265e+03    3.41096e+02   -1.46015e+03   -2.15127e+03
   Coulomb (SR)   Coul. recip.      Potential    Kinetic En.   Total Energy
   -1.93160e+05    9.16909e+02   -1.78118e+05    3.25057e+04   -1.45613e+05
  Conserved En.    Temperature Pres. DC (bar) Pressure (bar)   Constr. rmsd
   -1.00350e+05    3.07003e+02   -1.77253e+02    4.72552e+02    8.91107e-06

DD  step 3999  vol min/aver 0.472  load imb.: force  4.2%  pme mesh/force 0.553

           Step           Time         Lambda
           4000        8.00000        0.00000

   Energies (kJ/mol)
       G96Angle    Proper Dih.  Improper Dih.        LJ (SR)  Disper. corr.
    1.08608e+04    6.79851e+03    3.31323e+02   -2.32174e+03   -2.15127e+03
   Coulomb (SR)   Coul. recip.      Potential    Kinetic En.   Total Energy
   -1.91682e+05    8.90654e+02   -1.77274e+05    3.26931e+04   -1.44581e+05
  Conserved En.    Temperature Pres. DC (bar) Pressure (bar)   Constr. rmsd
   -1.00256e+05    3.08773e+02   -1.77253e+02    3.47688e+01    9.38307e-06

           Step           Time         Lambda
           4500        9.00000        0.00000

   Energies (kJ/mol)
       G96Angle    Proper Dih.  Improper Dih.        LJ (SR)  Disper. corr.
    1.05574e+04    6.69803e+03    3.86050e+02   -2.14801e+03   -2.15127e+03
   Coulomb (SR)   Coul. recip.      Potential    Kinetic En.   Total Energy
   -1.91088e+05    8.90025e+02   -1.76856e+05    3.22608e+04   -1.44595e+05
  Conserved En.    Temperature Pres. DC (bar) Pressure (bar)   Constr. rmsd
   -1.00313e+05    3.04691e+02   -1.77253e+02    5.88520e+01    9.57137e-06

DD  step 4999  vol min/aver 0.496  load imb.: force  3.0%  pme mesh/force 0.515

           Step           Time         Lambda
           5000       10.00000        0.00000

   Energies (kJ/mol)
       G96Angle    Proper Dih.  Improper Dih.        LJ (SR)  Disper. corr.
    1.09856e+04    6.66321e+03    3.45086e+02   -1.99021e+03   -2.15127e+03
   Coulomb (SR)   Coul. recip.      Potential    Kinetic En.   Total Energy
   -1.91874e+05    8.41994e+02   -1.77180e+05    3.26073e+04   -1.44573e+05
  Conserved En.    Temperature Pres. DC (bar) Pressure (bar)   Constr. rmsd
   -1.00325e+05    3.07963e+02   -1.77253e+02    1.73598e+02    9.04551e-06

           Step           Time         Lambda
           5500       11.00000        0.00000

   Energies (kJ/mol)
       G96Angle    Proper Dih.  Improper Dih.        LJ (SR)  Disper. corr.
    1.07742e+04    6.35822e+03    3.39237e+02   -1.96555e+03   -2.15127e+03
   Coulomb (SR)   Coul. recip.      Potential    Kinetic En.   Total Energy
   -1.92846e+05    8.66321e+02   -1.78625e+05    3.23503e+04   -1.46275e+05
  Conserved En.    Temperature Pres. DC (bar) Pressure (bar)   Constr. rmsd
   -1.00287e+05    3.05536e+02   -1.77253e+02   -1.44648e+02    9.56787e-06

DD  step 5999  vol min/aver 0.495  load imb.: force  4.0%  pme mesh/force 0.529

           Step           Time         Lambda
           6000       12.00000        0.00000

   Energies (kJ/mol)
       G96Angle    Proper Dih.  Improper Dih.        LJ (SR)  Disper. corr.
    1.05805e+04    6.74216e+03    3.17038e+02   -1.76365e+03   -2.15127e+03
   Coulomb (SR)   Coul. recip.      Potential    Kinetic En.   Total Energy
   -1.92649e+05    8.52834e+02   -1.78072e+05    3.22706e+04   -1.45801e+05
  Conserved En.    Temperature Pres. DC (bar) Pressure (bar)   Constr. rmsd
   -1.00258e+05    3.04783e+02   -1.77253e+02   -9.95991e+01    8.90321e-06

           Step           Time         Lambda
           6500       13.00000        0.00000

   Energies (kJ/mol)
       G96Angle    Proper Dih.  Improper Dih.        LJ (SR)  Disper. corr.
    1.06003e+04    6.42440e+03    3.32380e+02   -2.57948e+03   -2.15127e+03
   Coulomb (SR)   Coul. recip.      Potential    Kinetic En.   Total Energy
   -1.91722e+05    8.42121e+02   -1.78253e+05    3.26266e+04   -1.45627e+05
  Conserved En.    Temperature Pres. DC (bar) Pressure (bar)   Constr. rmsd
   -1.00305e+05    3.08145e+02   -1.77253e+02   -3.46891e+02    9.31662e-06

DD  step 6999  vol min/aver 0.472  load imb.: force  4.3%  pme mesh/force 0.539

           Step           Time         Lambda
           7000       14.00000        0.00000

   Energies (kJ/mol)
       G96Angle    Proper Dih.  Improper Dih.        LJ (SR)  Disper. corr.
    1.07141e+04    6.38195e+03    3.79596e+02   -2.78998e+03   -2.15127e+03
   Coulomb (SR)   Coul. recip.      Potential    Kinetic En.   Total Energy
   -1.92519e+05    8.30950e+02   -1.79154e+05    3.16771e+04   -1.47477e+05
  Conserved En.    Temperature Pres. DC (bar) Pressure (bar)   Constr. rmsd
   -1.00401e+05    2.99178e+02   -1.77253e+02   -3.37378e+02    8.21935e-06

           Step           Time         Lambda
           7500       15.00000        0.00000

   Energies (kJ/mol)
       G96Angle    Proper Dih.  Improper Dih.        LJ (SR)  Disper. corr.
    1.05902e+04    6.46336e+03    3.89572e+02   -1.91676e+03   -2.15127e+03
   Coulomb (SR)   Coul. recip.      Potential    Kinetic En.   Total Energy
   -1.93100e+05    7.34881e+02   -1.78990e+05    3.30450e+04   -1.45945e+05
  Conserved En.    Temperature Pres. DC (bar) Pressure (bar)   Constr. rmsd
   -1.00354e+05    3.12097e+02   -1.77253e+02    1.56821e+02    8.88658e-06

DD  step 7999  vol min/aver 0.471  load imb.: force  4.6%  pme mesh/force 0.535

           Step           Time         Lambda
           8000       16.00000        0.00000

   Energies (kJ/mol)
       G96Angle    Proper Dih.  Improper Dih.        LJ (SR)  Disper. corr.
    1.02888e+04    6.27663e+03    3.84904e+02   -2.11535e+03   -2.15127e+03
   Coulomb (SR)   Coul. recip.      Potential    Kinetic En.   Total Energy
   -1.93456e+05    8.67654e+02   -1.79905e+05    3.20080e+04   -1.47897e+05
  Conserved En.    Temperature Pres. DC (bar) Pressure (bar)   Constr. rmsd
   -1.00295e+05    3.02303e+02   -1.77253e+02   -4.80782e+02    8.94345e-06

           Step           Time         Lambda
           8500       17.00000        0.00000

   Energies (kJ/mol)
       G96Angle    Proper Dih.  Improper Dih.        LJ (SR)  Disper. corr.
    1.05162e+04    6.44197e+03    3.65789e+02   -2.29149e+03   -2.15127e+03
   Coulomb (SR)   Coul. recip.      Potential    Kinetic En.   Total Energy
   -1.92975e+05    7.95054e+02   -1.79299e+05    3.21529e+04   -1.47146e+05
  Conserved En.    Temperature Pres. DC (bar) Pressure (bar)   Constr. rmsd
   -1.00267e+05    3.03671e+02   -1.77253e+02   -2.26165e+02    8.45524e-06

DD  step 8999  vol min/aver 0.476  load imb.: force  3.7%  pme mesh/force 0.566

           Step           Time         Lambda
           9000       18.00000        0.00000

   Energies (kJ/mol)
       G96Angle    Proper Dih.  Improper Dih.        LJ (SR)  Disper. corr.
    1.03883e+04    6.48711e+03    3.65103e+02   -1.87661e+03   -2.15127e+03
   Coulomb (SR)   Coul. recip.      Potential    Kinetic En.   Total Energy
   -1.93555e+05    7.75642e+02   -1.79566e+05    3.22304e+04   -1.47336e+05
  Conserved En.    Temperature Pres. DC (bar) Pressure (bar)   Constr. rmsd
   -1.00316e+05    3.04403e+02   -1.77253e+02   -2.11493e+02    8.87924e-06

           Step           Time         Lambda
           9500       19.00000        0.00000

   Energies (kJ/mol)
       G96Angle    Proper Dih.  Improper Dih.        LJ (SR)  Disper. corr.
    9.99599e+03    6.44610e+03    3.07366e+02   -1.80199e+03   -2.15127e+03
   Coulomb (SR)   Coul. recip.      Potential    Kinetic En.   Total Energy
   -1.93254e+05    7.53075e+02   -1.79705e+05    3.23618e+04   -1.47343e+05
  Conserved En.    Temperature Pres. DC (bar) Pressure (bar)   Constr. rmsd
   -1.00299e+05    3.05644e+02   -1.77253e+02   -1.03357e+02    8.60176e-06

DD  step 9999  vol min/aver 0.464  load imb.: force  4.4%  pme mesh/force 0.539

           Step           Time         Lambda
          10000       20.00000        0.00000

   Energies (kJ/mol)
       G96Angle    Proper Dih.  Improper Dih.        LJ (SR)  Disper. corr.
    1.03101e+04    6.53298e+03    3.84666e+02   -2.85319e+03   -2.15127e+03
   Coulomb (SR)   Coul. recip.      Potential    Kinetic En.   Total Energy
   -1.92725e+05    7.74964e+02   -1.79727e+05    3.24466e+04   -1.47280e+05
  Conserved En.    Temperature Pres. DC (bar) Pressure (bar)   Constr. rmsd
   -1.00341e+05    3.06446e+02   -1.77253e+02   -2.63282e+02    8.38346e-06

           Step           Time         Lambda
          10500       21.00000        0.00000

   Energies (kJ/mol)
       G96Angle    Proper Dih.  Improper Dih.        LJ (SR)  Disper. corr.
    1.01751e+04    6.24235e+03    3.86265e+02   -2.57290e+03   -2.15127e+03
   Coulomb (SR)   Coul. recip.      Potential    Kinetic En.   Total Energy
   -1.93514e+05    7.40135e+02   -1.80694e+05    3.22802e+04   -1.48414e+05
  Conserved En.    Temperature Pres. DC (bar) Pressure (bar)   Constr. rmsd
   -1.00402e+05    3.04874e+02   -1.77253e+02   -3.92055e+02    8.34011e-06

DD  step 10999  vol min/aver 0.481  load imb.: force  3.4%  pme mesh/force 0.532

           Step           Time         Lambda
          11000       22.00000        0.00000

   Energies (kJ/mol)
       G96Angle    Proper Dih.  Improper Dih.        LJ (SR)  Disper. corr.
    1.01086e+04    6.36893e+03    3.96244e+02   -2.29585e+03   -2.15127e+03
   Coulomb (SR)   Coul. recip.      Potential    Kinetic En.   Total Energy
   -1.92986e+05    7.56025e+02   -1.79804e+05    3.25112e+04   -1.47293e+05
  Conserved En.    Temperature Pres. DC (bar) Pressure (bar)   Constr. rmsd
   -1.00199e+05    3.07055e+02   -1.77253e+02   -1.00307e+02    8.63743e-06

           Step           Time         Lambda
          11500       23.00000        0.00000

   Energies (kJ/mol)
       G96Angle    Proper Dih.  Improper Dih.        LJ (SR)  Disper. corr.
    1.00595e+04    6.37492e+03    4.05398e+02   -2.05963e+03   -2.15127e+03
   Coulomb (SR)   Coul. recip.      Potential    Kinetic En.   Total Energy
   -1.94048e+05    7.83272e+02   -1.80636e+05    3.26374e+04   -1.47998e+05
  Conserved En.    Temperature Pres. DC (bar) Pressure (bar)   Constr. rmsd
   -1.00251e+05    3.08247e+02   -1.77253e+02   -1.16815e+02    8.74300e-06

DD  step 11999  vol min/aver 0.486  load imb.: force  4.8%  pme mesh/force 0.572

           Step           Time         Lambda
          12000       24.00000        0.00000

   Energies (kJ/mol)
       G96Angle    Proper Dih.  Improper Dih.        LJ (SR)  Disper. corr.
    1.01204e+04    6.55016e+03    4.31221e+02   -2.03608e+03   -2.15127e+03
   Coulomb (SR)   Coul. recip.      Potential    Kinetic En.   Total Energy
   -1.93758e+05    7.43252e+02   -1.80100e+05    3.19609e+04   -1.48139e+05
  Conserved En.    Temperature Pres. DC (bar) Pressure (bar)   Constr. rmsd
   -1.00201e+05    3.01858e+02   -1.77253e+02   -2.06661e+02    8.99649e-06

           Step           Time         Lambda
          12500       25.00000        0.00000

   Energies (kJ/mol)
       G96Angle    Proper Dih.  Improper Dih.        LJ (SR)  Disper. corr.
    1.03160e+04    6.54583e+03    3.92726e+02   -2.58258e+03   -2.15127e+03
   Coulomb (SR)   Coul. recip.      Potential    Kinetic En.   Total Energy
   -1.92747e+05    7.53557e+02   -1.79473e+05    3.18792e+04   -1.47593e+05
  Conserved En.    Temperature Pres. DC (bar) Pressure (bar)   Constr. rmsd
   -1.00247e+05    3.01087e+02   -1.77253e+02   -1.16945e+02    8.64307e-06

DD  step 12999  vol min/aver 0.483  load imb.: force  4.3%  pme mesh/force 0.542

           Step           Time         Lambda
          13000       26.00000        0.00000

   Energies (kJ/mol)
       G96Angle    Proper Dih.  Improper Dih.        LJ (SR)  Disper. corr.
    1.01845e+04    6.37897e+03    4.07397e+02   -2.81443e+03   -2.15127e+03
   Coulomb (SR)   Coul. recip.      Potential    Kinetic En.   Total Energy
   -1.93388e+05    7.62089e+02   -1.80621e+05    3.22382e+04   -1.48383e+05
  Conserved En.    Temperature Pres. DC (bar) Pressure (bar)   Constr. rmsd
   -1.00313e+05    3.04477e+02   -1.77253e+02   -1.18028e+02    8.01204e-06

           Step           Time         Lambda
          13500       27.00000        0.00000

   Energies (kJ/mol)
       G96Angle    Proper Dih.  Improper Dih.        LJ (SR)  Disper. corr.
    1.03325e+04    6.32517e+03    3.77504e+02   -2.10394e+03   -2.15127e+03
   Coulomb (SR)   Coul. recip.      Potential    Kinetic En.   Total Energy
   -1.94162e+05    7.93170e+02   -1.80589e+05    3.26884e+04   -1.47900e+05
  Conserved En.    Temperature Pres. DC (bar) Pressure (bar)   Constr. rmsd
   -1.00280e+05    3.08730e+02   -1.77253e+02   -1.84124e+02    8.79332e-06

DD  step 13999  vol min/aver 0.481  load imb.: force  5.2%  pme mesh/force 0.532

           Step           Time         Lambda
          14000       28.00000        0.00000

   Energies (kJ/mol)
       G96Angle    Proper Dih.  Improper Dih.        LJ (SR)  Disper. corr.
    9.96825e+03    6.23554e+03    4.16263e+02   -2.49623e+03   -2.15127e+03
   Coulomb (SR)   Coul. recip.      Potential    Kinetic En.   Total Energy
   -1.93001e+05    7.28498e+02   -1.80300e+05    3.23274e+04   -1.47973e+05
  Conserved En.    Temperature Pres. DC (bar) Pressure (bar)   Constr. rmsd
   -1.00193e+05    3.05319e+02   -1.77253e+02    2.79832e+01    8.14650e-06

           Step           Time         Lambda
          14500       29.00000        0.00000

   Energies (kJ/mol)
       G96Angle    Proper Dih.  Improper Dih.        LJ (SR)  Disper. corr.
    1.02275e+04    6.37087e+03    3.99348e+02   -2.40752e+03   -2.15127e+03
   Coulomb (SR)   Coul. recip.      Potential    Kinetic En.   Total Energy
   -1.93264e+05    7.52120e+02   -1.80073e+05    3.23386e+04   -1.47734e+05
  Conserved En.    Temperature Pres. DC (bar) Pressure (bar)   Constr. rmsd
   -1.00231e+05    3.05425e+02   -1.77253e+02   -5.06589e+02    8.55003e-06

DD  step 14999  vol min/aver 0.469  load imb.: force  4.4%  pme mesh/force 0.548

           Step           Time         Lambda
          15000       30.00000        0.00000

   Energies (kJ/mol)
       G96Angle    Proper Dih.  Improper Dih.        LJ (SR)  Disper. corr.
    1.00541e+04    6.43253e+03    4.10166e+02   -2.45187e+03   -2.15127e+03
   Coulomb (SR)   Coul. recip.      Potential    Kinetic En.   Total Energy
   -1.93095e+05    7.29755e+02   -1.80071e+05    3.25980e+04   -1.47473e+05
  Conserved En.    Temperature Pres. DC (bar) Pressure (bar)   Constr. rmsd
   -1.00218e+05    3.07876e+02   -1.77253e+02   -2.39297e+02    8.27965e-06

           Step           Time         Lambda
          15500       31.00000        0.00000

   Energies (kJ/mol)
       G96Angle    Proper Dih.  Improper Dih.        LJ (SR)  Disper. corr.
    1.01915e+04    6.29968e+03    4.09396e+02   -2.87941e+03   -2.15127e+03
   Coulomb (SR)   Coul. recip.      Potential    Kinetic En.   Total Energy
   -1.93091e+05    7.67574e+02   -1.80454e+05    3.22633e+04   -1.48191e+05
  Conserved En.    Temperature Pres. DC (bar) Pressure (bar)   Constr. rmsd
   -1.00279e+05    3.04714e+02   -1.77253e+02   -3.45351e+02    8.67541e-06

DD  step 15999  vol min/aver 0.482  load imb.: force  3.7%  pme mesh/force 0.546

           Step           Time         Lambda
          16000       32.00000        0.00000

   Energies (kJ/mol)
       G96Angle    Proper Dih.  Improper Dih.        LJ (SR)  Disper. corr.
    1.04186e+04    6.49147e+03    3.74871e+02   -1.92342e+03   -2.15127e+03
   Coulomb (SR)   Coul. recip.      Potential    Kinetic En.   Total Energy
   -1.94155e+05    7.39532e+02   -1.80205e+05    3.23431e+04   -1.47862e+05
  Conserved En.    Temperature Pres. DC (bar) Pressure (bar)   Constr. rmsd
   -1.00247e+05    3.05468e+02   -1.77253e+02    2.69125e+02    8.01822e-06

           Step           Time         Lambda
          16500       33.00000        0.00000

   Energies (kJ/mol)
       G96Angle    Proper Dih.  Improper Dih.        LJ (SR)  Disper. corr.
    9.84509e+03    6.45938e+03    3.91349e+02   -2.67730e+03   -2.15127e+03
   Coulomb (SR)   Coul. recip.      Potential    Kinetic En.   Total Energy
   -1.92803e+05    7.44350e+02   -1.80191e+05    3.20183e+04   -1.48173e+05
  Conserved En.    Temperature Pres. DC (bar) Pressure (bar)   Constr. rmsd
   -1.00304e+05    3.02401e+02   -1.77253e+02   -2.52474e+02    8.23030e-06

DD  step 16999  vol min/aver 0.477  load imb.: force  4.3%  pme mesh/force 0.561

           Step           Time         Lambda
          17000       34.00000        0.00000

   Energies (kJ/mol)
       G96Angle    Proper Dih.  Improper Dih.        LJ (SR)  Disper. corr.
    1.00821e+04    6.44909e+03    3.64189e+02   -2.82769e+03   -2.15127e+03
   Coulomb (SR)   Coul. recip.      Potential    Kinetic En.   Total Energy
   -1.92808e+05    7.65997e+02   -1.80126e+05    3.18976e+04   -1.48228e+05
  Conserved En.    Temperature Pres. DC (bar) Pressure (bar)   Constr. rmsd
   -1.00316e+05    3.01260e+02   -1.77253e+02   -2.71462e+02    8.80735e-06

           Step           Time         Lambda
          17500       35.00000        0.00000

   Energies (kJ/mol)
       G96Angle    Proper Dih.  Improper Dih.        LJ (SR)  Disper. corr.
    1.01477e+04    6.45978e+03    3.95625e+02   -2.09718e+03   -2.15127e+03
   Coulomb (SR)   Coul. recip.      Potential    Kinetic En.   Total Energy
   -1.93984e+05    6.90530e+02   -1.80539e+05    3.24867e+04   -1.48052e+05
  Conserved En.    Temperature Pres. DC (bar) Pressure (bar)   Constr. rmsd
   -1.00201e+05    3.06824e+02   -1.77253e+02    6.31148e+01    8.15419e-06

DD  step 17999  vol min/aver 0.460  load imb.: force  3.6%  pme mesh/force 0.540

           Step           Time         Lambda
          18000       36.00000        0.00000

   Energies (kJ/mol)
       G96Angle    Proper Dih.  Improper Dih.        LJ (SR)  Disper. corr.
    9.97016e+03    6.45320e+03    4.04217e+02   -2.59158e+03   -2.15127e+03
   Coulomb (SR)   Coul. recip.      Potential    Kinetic En.   Total Energy
   -1.93277e+05    7.03303e+02   -1.80489e+05    3.29473e+04   -1.47542e+05
  Conserved En.    Temperature Pres. DC (bar) Pressure (bar)   Constr. rmsd
   -1.00340e+05    3.11174e+02   -1.77253e+02   -2.13130e+02    8.37163e-06

           Step           Time         Lambda
          18500       37.00000        0.00000

   Energies (kJ/mol)
       G96Angle    Proper Dih.  Improper Dih.        LJ (SR)  Disper. corr.
    1.01076e+04    6.42672e+03    3.78010e+02   -2.39460e+03   -2.15127e+03
   Coulomb (SR)   Coul. recip.      Potential    Kinetic En.   Total Energy
   -1.93235e+05    7.35473e+02   -1.80133e+05    3.19256e+04   -1.48207e+05
  Conserved En.    Temperature Pres. DC (bar) Pressure (bar)   Constr. rmsd
   -1.00344e+05    3.01524e+02   -1.77253e+02   -1.22705e+02    8.09605e-06

DD  step 18999  vol min/aver 0.479  load imb.: force  3.7%  pme mesh/force 0.570

           Step           Time         Lambda
          19000       38.00000        0.00000

   Energies (kJ/mol)
       G96Angle    Proper Dih.  Improper Dih.        LJ (SR)  Disper. corr.
    9.86161e+03    6.37301e+03    3.63245e+02   -1.55812e+03   -2.15127e+03
   Coulomb (SR)   Coul. recip.      Potential    Kinetic En.   Total Energy
   -1.95006e+05    7.05030e+02   -1.81412e+05    3.21911e+04   -1.49221e+05
  Conserved En.    Temperature Pres. DC (bar) Pressure (bar)   Constr. rmsd
   -1.00242e+05    3.04032e+02   -1.77253e+02   -1.81650e+02    8.77512e-06

           Step           Time         Lambda
          19500       39.00000        0.00000

   Energies (kJ/mol)
       G96Angle    Proper Dih.  Improper Dih.        LJ (SR)  Disper. corr.
    1.01239e+04    6.36058e+03    3.90183e+02   -2.32036e+03   -2.15127e+03
   Coulomb (SR)   Coul. recip.      Potential    Kinetic En.   Total Energy
   -1.93761e+05    7.03606e+02   -1.80655e+05    3.23220e+04   -1.48333e+05
  Conserved En.    Temperature Pres. DC (bar) Pressure (bar)   Constr. rmsd
   -1.00186e+05    3.05269e+02   -1.77253e+02   -5.12399e+02    8.52409e-06

DD  step 19999  vol min/aver 0.474  load imb.: force  4.2%  pme mesh/force 0.531

           Step           Time         Lambda
          20000       40.00000        0.00000

   Energies (kJ/mol)
       G96Angle    Proper Dih.  Improper Dih.        LJ (SR)  Disper. corr.
    1.03837e+04    6.50596e+03    3.33305e+02   -2.54939e+03   -2.15127e+03
   Coulomb (SR)   Coul. recip.      Potential    Kinetic En.   Total Energy
   -1.94078e+05    6.99986e+02   -1.80856e+05    3.23922e+04   -1.48464e+05
  Conserved En.    Temperature Pres. DC (bar) Pressure (bar)   Constr. rmsd
   -1.00214e+05    3.05931e+02   -1.77253e+02   -5.83096e+02    8.97461e-06

           Step           Time         Lambda
          20500       41.00000        0.00000

   Energies (kJ/mol)
       G96Angle    Proper Dih.  Improper Dih.        LJ (SR)  Disper. corr.
    1.00916e+04    6.30767e+03    4.13214e+02   -2.29705e+03   -2.15127e+03
   Coulomb (SR)   Coul. recip.      Potential    Kinetic En.   Total Energy
   -1.94108e+05    7.45292e+02   -1.80998e+05    3.23642e+04   -1.48634e+05
  Conserved En.    Temperature Pres. DC (bar) Pressure (bar)   Constr. rmsd
   -1.00261e+05    3.05667e+02   -1.77253e+02   -2.70180e+02    8.77548e-06

DD  step 20999  vol min/aver 0.480  load imb.: force  5.0%  pme mesh/force 0.542

           Step           Time         Lambda
          21000       42.00000        0.00000

   Energies (kJ/mol)
       G96Angle    Proper Dih.  Improper Dih.        LJ (SR)  Disper. corr.
    1.00134e+04    6.49350e+03    4.32562e+02   -2.35987e+03   -2.15127e+03
   Coulomb (SR)   Coul. recip.      Potential    Kinetic En.   Total Energy
   -1.94524e+05    7.67383e+02   -1.81328e+05    3.22790e+04   -1.49049e+05
  Conserved En.    Temperature Pres. DC (bar) Pressure (bar)   Constr. rmsd
   -1.00289e+05    3.04862e+02   -1.77253e+02   -2.32553e+02    8.19783e-06

           Step           Time         Lambda
          21500       43.00000        0.00000

   Energies (kJ/mol)
       G96Angle    Proper Dih.  Improper Dih.        LJ (SR)  Disper. corr.
    9.95452e+03    6.24599e+03    3.84569e+02   -2.14646e+03   -2.15127e+03
   Coulomb (SR)   Coul. recip.      Potential    Kinetic En.   Total Energy
   -1.94571e+05    6.87645e+02   -1.81596e+05    3.19580e+04   -1.49638e+05
  Conserved En.    Temperature Pres. DC (bar) Pressure (bar)   Constr. rmsd
   -1.00176e+05    3.01831e+02   -1.77253e+02   -3.83949e+02    8.32866e-06

DD  step 21999  vol min/aver 0.485  load imb.: force  4.2%  pme mesh/force 0.537

           Step           Time         Lambda
          22000       44.00000        0.00000

   Energies (kJ/mol)
       G96Angle    Proper Dih.  Improper Dih.        LJ (SR)  Disper. corr.
    1.00897e+04    6.29496e+03    3.88880e+02   -2.72186e+03   -2.15127e+03
   Coulomb (SR)   Coul. recip.      Potential    Kinetic En.   Total Energy
   -1.93784e+05    6.88688e+02   -1.81195e+05    3.20591e+04   -1.49135e+05
  Conserved En.    Temperature Pres. DC (bar) Pressure (bar)   Constr. rmsd
   -1.00211e+05    3.02785e+02   -1.77253e+02   -6.58989e+02    8.36392e-06

           Step           Time         Lambda
          22500       45.00000        0.00000

   Energies (kJ/mol)
       G96Angle    Proper Dih.  Improper Dih.        LJ (SR)  Disper. corr.
    9.93752e+03    6.24512e+03    3.38059e+02   -2.08039e+03   -2.15127e+03
   Coulomb (SR)   Coul. recip.      Potential    Kinetic En.   Total Energy
   -1.93946e+05    7.46693e+02   -1.80911e+05    3.27803e+04   -1.48130e+05
  Conserved En.    Temperature Pres. DC (bar) Pressure (bar)   Constr. rmsd
   -1.00182e+05    3.09597e+02   -1.77253e+02   -1.85600e+02    8.40872e-06

DD  step 22999  vol min/aver 0.481  load imb.: force  2.8%  pme mesh/force 0.556

           Step           Time         Lambda
          23000       46.00000        0.00000

   Energies (kJ/mol)
       G96Angle    Proper Dih.  Improper Dih.        LJ (SR)  Disper. corr.
    9.90949e+03    6.17361e+03    3.62687e+02   -2.99671e+03   -2.15127e+03
   Coulomb (SR)   Coul. recip.      Potential    Kinetic En.   Total Energy
   -1.93266e+05    7.15186e+02   -1.81253e+05    3.21561e+04   -1.49097e+05
  Conserved En.    Temperature Pres. DC (bar) Pressure (bar)   Constr. rmsd
   -1.00130e+05    3.03702e+02   -1.77253e+02   -2.34238e+02    8.16158e-06

           Step           Time         Lambda
          23500       47.00000        0.00000

   Energies (kJ/mol)
       G96Angle    Proper Dih.  Improper Dih.        LJ (SR)  Disper. corr.
    1.02208e+04    6.33795e+03    3.76947e+02   -2.60793e+03   -2.15127e+03
   Coulomb (SR)   Coul. recip.      Potential    Kinetic En.   Total Energy
   -1.93967e+05    6.85910e+02   -1.81104e+05    3.19574e+04   -1.49147e+05
  Conserved En.    Temperature Pres. DC (bar) Pressure (bar)   Constr. rmsd
   -1.00239e+05    3.01825e+02   -1.77253e+02   -2.45113e+02    8.15127e-06

DD  step 23999  vol min/aver 0.446  load imb.: force  3.3%  pme mesh/force 0.531

           Step           Time         Lambda
          24000       48.00000        0.00000

   Energies (kJ/mol)
       G96Angle    Proper Dih.  Improper Dih.        LJ (SR)  Disper. corr.
    9.91041e+03    6.25092e+03    3.71727e+02   -2.63312e+03   -2.15127e+03
   Coulomb (SR)   Coul. recip.      Potential    Kinetic En.   Total Energy
   -1.93765e+05    7.25094e+02   -1.81291e+05    3.21961e+04   -1.49095e+05
  Conserved En.    Temperature Pres. DC (bar) Pressure (bar)   Constr. rmsd
   -1.00257e+05    3.04080e+02   -1.77253e+02   -1.45665e+02    8.24704e-06

           Step           Time         Lambda
          24500       49.00000        0.00000

   Energies (kJ/mol)
       G96Angle    Proper Dih.  Improper Dih.        LJ (SR)  Disper. corr.
    9.51030e+03    6.19059e+03    3.49586e+02   -2.92689e+03   -2.15127e+03
   Coulomb (SR)   Coul. recip.      Potential    Kinetic En.   Total Energy
   -1.93779e+05    7.03609e+02   -1.82103e+05    3.23688e+04   -1.49734e+05
  Conserved En.    Temperature Pres. DC (bar) Pressure (bar)   Constr. rmsd
   -1.00201e+05    3.05711e+02   -1.77253e+02   -7.96387e+02    8.35138e-06

DD  step 24999  vol min/aver 0.500  load imb.: force  2.8%  pme mesh/force 0.565

           Step           Time         Lambda
          25000       50.00000        0.00000

   Energies (kJ/mol)
       G96Angle    Proper Dih.  Improper Dih.        LJ (SR)  Disper. corr.
    9.67478e+03    6.38604e+03    3.36517e+02   -2.31520e+03   -2.15127e+03
   Coulomb (SR)   Coul. recip.      Potential    Kinetic En.   Total Energy
   -1.93702e+05    7.01905e+02   -1.81070e+05    3.19077e+04   -1.49162e+05
  Conserved En.    Temperature Pres. DC (bar) Pressure (bar)   Constr. rmsd
   -1.00180e+05    3.01356e+02   -1.77253e+02   -8.65118e+01    8.24070e-06

           Step           Time         Lambda
          25500       51.00000        0.00000

   Energies (kJ/mol)
       G96Angle    Proper Dih.  Improper Dih.        LJ (SR)  Disper. corr.
    9.72762e+03    6.25233e+03    3.90591e+02   -3.33140e+03   -2.15127e+03
   Coulomb (SR)   Coul. recip.      Potential    Kinetic En.   Total Energy
   -1.92976e+05    6.96332e+02   -1.81392e+05    3.24308e+04   -1.48961e+05
  Conserved En.    Temperature Pres. DC (bar) Pressure (bar)   Constr. rmsd
   -1.00239e+05    3.06297e+02   -1.77253e+02   -5.82401e+02    8.51559e-06

DD  step 25999  vol min/aver 0.498  load imb.: force  6.2%  pme mesh/force 0.536

           Step           Time         Lambda
          26000       52.00000        0.00000

   Energies (kJ/mol)
       G96Angle    Proper Dih.  Improper Dih.        LJ (SR)  Disper. corr.
    9.73374e+03    6.41525e+03    3.99586e+02   -2.35918e+03   -2.15127e+03
   Coulomb (SR)   Coul. recip.      Potential    Kinetic En.   Total Energy
   -1.94557e+05    6.64366e+02   -1.81854e+05    3.22834e+04   -1.49571e+05
  Conserved En.    Temperature Pres. DC (bar) Pressure (bar)   Constr. rmsd
   -1.00126e+05    3.04904e+02   -1.77253e+02   -6.56034e+02    7.77600e-06

           Step           Time         Lambda
          26500       53.00000        0.00000

   Energies (kJ/mol)
       G96Angle    Proper Dih.  Improper Dih.        LJ (SR)  Disper. corr.
    9.79898e+03    6.45778e+03    3.79733e+02   -1.98181e+03   -2.15127e+03
   Coulomb (SR)   Coul. recip.      Potential    Kinetic En.   Total Energy
   -1.94549e+05    6.73267e+02   -1.81372e+05    3.18692e+04   -1.49503e+05
  Conserved En.    Temperature Pres. DC (bar) Pressure (bar)   Constr. rmsd
   -1.00271e+05    3.00992e+02   -1.77253e+02   -3.16396e+02    7.74233e-06

DD  step 26999  vol min/aver 0.481  load imb.: force  5.6%  pme mesh/force 0.695

           Step           Time         Lambda
          27000       54.00000        0.00000

   Energies (kJ/mol)
       G96Angle    Proper Dih.  Improper Dih.        LJ (SR)  Disper. corr.
    9.58944e+03    6.47349e+03    3.66066e+02   -2.96721e+03   -2.15127e+03
   Coulomb (SR)   Coul. recip.      Potential    Kinetic En.   Total Energy
   -1.93144e+05    6.73353e+02   -1.81161e+05    3.26555e+04   -1.48505e+05
  Conserved En.    Temperature Pres. DC (bar) Pressure (bar)   Constr. rmsd
   -1.00143e+05    3.08418e+02   -1.77253e+02   -5.16119e+02    7.86766e-06

           Step           Time         Lambda
          27500       55.00000        0.00000

   Energies (kJ/mol)
       G96Angle    Proper Dih.  Improper Dih.        LJ (SR)  Disper. corr.
    9.79665e+03    6.35181e+03    4.07504e+02   -2.60843e+03   -2.15127e+03
   Coulomb (SR)   Coul. recip.      Potential    Kinetic En.   Total Energy
   -1.93948e+05    7.01831e+02   -1.81450e+05    3.22782e+04   -1.49172e+05
  Conserved En.    Temperature Pres. DC (bar) Pressure (bar)   Constr. rmsd
   -1.00253e+05    3.04855e+02   -1.77253e+02   -4.34373e+02    7.55848e-06

DD  step 27999  vol min/aver 0.474  load imb.: force  4.6%  pme mesh/force 0.557

           Step           Time         Lambda
          28000       56.00000        0.00000

   Energies (kJ/mol)
       G96Angle    Proper Dih.  Improper Dih.        LJ (SR)  Disper. corr.
    9.64985e+03    6.25727e+03    3.84070e+02   -2.86035e+03   -2.15127e+03
   Coulomb (SR)   Coul. recip.      Potential    Kinetic En.   Total Energy
   -1.93694e+05    6.51092e+02   -1.81763e+05    3.18550e+04   -1.49908e+05
  Conserved En.    Temperature Pres. DC (bar) Pressure (bar)   Constr. rmsd
   -1.00225e+05    3.00858e+02   -1.77253e+02   -4.54323e+02    7.69395e-06

           Step           Time         Lambda
          28500       57.00000        0.00000

   Energies (kJ/mol)
       G96Angle    Proper Dih.  Improper Dih.        LJ (SR)  Disper. corr.
    9.99140e+03    6.37965e+03    4.35639e+02   -2.99206e+03   -2.15127e+03
   Coulomb (SR)   Coul. recip.      Potential    Kinetic En.   Total Energy
   -1.93556e+05    6.84398e+02   -1.81209e+05    3.15139e+04   -1.49695e+05
  Conserved En.    Temperature Pres. DC (bar) Pressure (bar)   Constr. rmsd
   -1.00280e+05    2.97637e+02   -1.77253e+02   -1.78760e+02    7.83849e-06

DD  step 28999  vol min/aver 0.471  load imb.: force  4.7%  pme mesh/force 0.532

           Step           Time         Lambda
          29000       58.00000        0.00000

   Energies (kJ/mol)
       G96Angle    Proper Dih.  Improper Dih.        LJ (SR)  Disper. corr.
    9.54632e+03    6.33884e+03    4.49717e+02   -2.80517e+03   -2.15127e+03
   Coulomb (SR)   Coul. recip.      Potential    Kinetic En.   Total Energy
   -1.93532e+05    6.33981e+02   -1.81519e+05    3.28299e+04   -1.48690e+05
  Conserved En.    Temperature Pres. DC (bar) Pressure (bar)   Constr. rmsd
   -1.00173e+05    3.10065e+02   -1.77253e+02   -2.92490e+02    7.85975e-06

           Step           Time         Lambda
          29500       59.00000        0.00000

   Energies (kJ/mol)
       G96Angle    Proper Dih.  Improper Dih.        LJ (SR)  Disper. corr.
    9.68229e+03    6.39146e+03    4.35106e+02   -3.18738e+03   -2.15127e+03
   Coulomb (SR)   Coul. recip.      Potential    Kinetic En.   Total Energy
   -1.93939e+05    7.00417e+02   -1.82069e+05    3.20114e+04   -1.50057e+05
  Conserved En.    Temperature Pres. DC (bar) Pressure (bar)   Constr. rmsd
   -1.00206e+05    3.02335e+02   -1.77253e+02   -8.17027e+02    7.99270e-06

DD  step 29999  vol min/aver 0.474  load imb.: force  2.9%  pme mesh/force 0.542

           Step           Time         Lambda
          30000       60.00000        0.00000

   Energies (kJ/mol)
       G96Angle    Proper Dih.  Improper Dih.        LJ (SR)  Disper. corr.
    9.52202e+03    6.23725e+03    3.65693e+02   -2.79987e+03   -2.15127e+03
   Coulomb (SR)   Coul. recip.      Potential    Kinetic En.   Total Energy
   -1.94246e+05    6.97661e+02   -1.82375e+05    3.23059e+04   -1.50069e+05
  Conserved En.    Temperature Pres. DC (bar) Pressure (bar)   Constr. rmsd
   -1.00212e+05    3.05117e+02   -1.77253e+02   -6.89087e+02    8.52581e-06

           Step           Time         Lambda
          30500       61.00000        0.00000

   Energies (kJ/mol)
       G96Angle    Proper Dih.  Improper Dih.        LJ (SR)  Disper. corr.
    9.93405e+03    6.29353e+03    3.65368e+02   -2.41589e+03   -2.15127e+03
   Coulomb (SR)   Coul. recip.      Potential    Kinetic En.   Total Energy
   -1.94608e+05    6.94519e+02   -1.81887e+05    3.19134e+04   -1.49974e+05
  Conserved En.    Temperature Pres. DC (bar) Pressure (bar)   Constr. rmsd
   -1.00220e+05    3.01410e+02   -1.77253e+02   -3.30025e+02    7.85844e-06

DD  step 30999  vol min/aver 0.494  load imb.: force  3.1%  pme mesh/force 0.548

           Step           Time         Lambda
          31000       62.00000        0.00000

   Energies (kJ/mol)
       G96Angle    Proper Dih.  Improper Dih.        LJ (SR)  Disper. corr.
    9.61730e+03    6.49710e+03    4.50768e+02   -2.86725e+03   -2.15127e+03
   Coulomb (SR)   Coul. recip.      Potential    Kinetic En.   Total Energy
   -1.93706e+05    7.01224e+02   -1.81458e+05    3.16289e+04   -1.49829e+05
  Conserved En.    Temperature Pres. DC (bar) Pressure (bar)   Constr. rmsd
   -1.00109e+05    2.98723e+02   -1.77253e+02   -5.39447e+02    8.12251e-06

           Step           Time         Lambda
          31500       63.00000        0.00000

   Energies (kJ/mol)
       G96Angle    Proper Dih.  Improper Dih.        LJ (SR)  Disper. corr.
    9.81072e+03    6.45153e+03    3.63638e+02   -3.53998e+03   -2.15127e+03
   Coulomb (SR)   Coul. recip.      Potential    Kinetic En.   Total Energy
   -1.92259e+05    7.15495e+02   -1.80609e+05    3.21275e+04   -1.48482e+05
  Conserved En.    Temperature Pres. DC (bar) Pressure (bar)   Constr. rmsd
   -1.00165e+05    3.03431e+02   -1.77253e+02   -7.20562e+02    8.07568e-06

DD  step 31999  vol min/aver 0.477  load imb.: force  3.1%  pme mesh/force 0.534

           Step           Time         Lambda
          32000       64.00000        0.00000

   Energies (kJ/mol)
       G96Angle    Proper Dih.  Improper Dih.        LJ (SR)  Disper. corr.
    9.55548e+03    6.13620e+03    3.98884e+02   -2.83696e+03   -2.15127e+03
   Coulomb (SR)   Coul. recip.      Potential    Kinetic En.   Total Energy
   -1.94840e+05    7.08960e+02   -1.83029e+05    3.24189e+04   -1.50610e+05
  Conserved En.    Temperature Pres. DC (bar) Pressure (bar)   Constr. rmsd
   -1.00121e+05    3.06184e+02   -1.77253e+02   -2.98745e+02    7.57138e-06

           Step           Time         Lambda
          32500       65.00000        0.00000

   Energies (kJ/mol)
       G96Angle    Proper Dih.  Improper Dih.        LJ (SR)  Disper. corr.
    9.56817e+03    6.04683e+03    3.91420e+02   -2.83220e+03   -2.15127e+03
   Coulomb (SR)   Coul. recip.      Potential    Kinetic En.   Total Energy
   -1.94403e+05    6.85615e+02   -1.82695e+05    3.22477e+04   -1.50447e+05
  Conserved En.    Temperature Pres. DC (bar) Pressure (bar)   Constr. rmsd
   -1.00165e+05    3.04567e+02   -1.77253e+02   -4.96696e+02    7.97718e-06

DD  step 32999  vol min/aver 0.469  load imb.: force  4.5%  pme mesh/force 0.542

           Step           Time         Lambda
          33000       66.00000        0.00000

   Energies (kJ/mol)
       G96Angle    Proper Dih.  Improper Dih.        LJ (SR)  Disper. corr.
    9.59597e+03    6.27319e+03    4.03239e+02   -2.47864e+03   -2.15127e+03
   Coulomb (SR)   Coul. recip.      Potential    Kinetic En.   Total Energy
   -1.94949e+05    6.96890e+02   -1.82610e+05    3.22495e+04   -1.50360e+05
  Conserved En.    Temperature Pres. DC (bar) Pressure (bar)   Constr. rmsd
   -1.00083e+05    3.04584e+02   -1.77253e+02   -5.62890e+02    7.50785e-06

           Step           Time         Lambda
          33500       67.00000        0.00000

   Energies (kJ/mol)
       G96Angle    Proper Dih.  Improper Dih.        LJ (SR)  Disper. corr.
    1.00698e+04    6.13129e+03    4.05662e+02   -2.27632e+03   -2.15127e+03
   Coulomb (SR)   Coul. recip.      Potential    Kinetic En.   Total Energy
   -1.95002e+05    6.69357e+02   -1.82154e+05    3.24664e+04   -1.49687e+05
  Conserved En.    Temperature Pres. DC (bar) Pressure (bar)   Constr. rmsd
   -1.00070e+05    3.06633e+02   -1.77253e+02   -1.47179e+02    8.03888e-06

DD  step 33999  vol min/aver 0.481  load imb.: force  3.3%  pme mesh/force 0.569

           Step           Time         Lambda
          34000       68.00000        0.00000

   Energies (kJ/mol)
       G96Angle    Proper Dih.  Improper Dih.        LJ (SR)  Disper. corr.
    9.55932e+03    6.18795e+03    3.81649e+02   -2.64158e+03   -2.15127e+03
   Coulomb (SR)   Coul. recip.      Potential    Kinetic En.   Total Energy
   -1.93496e+05    6.81605e+02   -1.81478e+05    3.22064e+04   -1.49272e+05
  Conserved En.    Temperature Pres. DC (bar) Pressure (bar)   Constr. rmsd
   -1.00129e+05    3.04177e+02   -1.77253e+02   -4.44722e+01    7.80412e-06

           Step           Time         Lambda
          34500       69.00000        0.00000

   Energies (kJ/mol)
       G96Angle    Proper Dih.  Improper Dih.        LJ (SR)  Disper. corr.
    9.48458e+03    6.14653e+03    4.00435e+02   -2.53458e+03   -2.15127e+03
   Coulomb (SR)   Coul. recip.      Potential    Kinetic En.   Total Energy
   -1.94385e+05    7.08388e+02   -1.82331e+05    3.20300e+04   -1.50301e+05
  Conserved En.    Temperature Pres. DC (bar) Pressure (bar)   Constr. rmsd
   -1.00179e+05    3.02511e+02   -1.77253e+02   -3.35736e+02    7.63992e-06

DD  step 34999  vol min/aver 0.504  load imb.: force  3.8%  pme mesh/force 0.610

           Step           Time         Lambda
          35000       70.00000        0.00000

   Energies (kJ/mol)
       G96Angle    Proper Dih.  Improper Dih.        LJ (SR)  Disper. corr.
    9.68328e+03    6.23922e+03    4.14839e+02   -3.21161e+03   -2.15127e+03
   Coulomb (SR)   Coul. recip.      Potential    Kinetic En.   Total Energy
   -1.94096e+05    7.06302e+02   -1.82416e+05    3.21444e+04   -1.50271e+05
  Conserved En.    Temperature Pres. DC (bar) Pressure (bar)   Constr. rmsd
   -1.00202e+05    3.03591e+02   -1.77253e+02   -3.82144e+02    8.38605e-06

           Step           Time         Lambda
          35500       71.00000        0.00000

   Energies (kJ/mol)
       G96Angle    Proper Dih.  Improper Dih.        LJ (SR)  Disper. corr.
    9.68990e+03    6.17156e+03    4.16418e+02   -2.74331e+03   -2.15127e+03
   Coulomb (SR)   Coul. recip.      Potential    Kinetic En.   Total Energy
   -1.94656e+05    7.33019e+02   -1.82540e+05    3.24216e+04   -1.50118e+05
  Conserved En.    Temperature Pres. DC (bar) Pressure (bar)   Constr. rmsd
   -1.00127e+05    3.06210e+02   -1.77253e+02   -4.18738e+02    8.16367e-06

DD  step 35999  vol min/aver 0.497  load imb.: force  7.4%  pme mesh/force 0.543

           Step           Time         Lambda
          36000       72.00000        0.00000

   Energies (kJ/mol)
       G96Angle    Proper Dih.  Improper Dih.        LJ (SR)  Disper. corr.
    9.64433e+03    5.96014e+03    3.49686e+02   -2.89405e+03   -2.15127e+03
   Coulomb (SR)   Coul. recip.      Potential    Kinetic En.   Total Energy
   -1.94011e+05    6.89241e+02   -1.82413e+05    3.16133e+04   -1.50799e+05
  Conserved En.    Temperature Pres. DC (bar) Pressure (bar)   Constr. rmsd
   -1.00162e+05    2.98576e+02   -1.77253e+02   -2.93372e+02    7.84847e-06

           Step           Time         Lambda
          36500       73.00000        0.00000

   Energies (kJ/mol)
       G96Angle    Proper Dih.  Improper Dih.        LJ (SR)  Disper. corr.
    9.67724e+03    6.29246e+03    3.73392e+02   -2.59274e+03   -2.15127e+03
   Coulomb (SR)   Coul. recip.      Potential    Kinetic En.   Total Energy
   -1.94140e+05    6.62180e+02   -1.81879e+05    3.24975e+04   -1.49382e+05
  Conserved En.    Temperature Pres. DC (bar) Pressure (bar)   Constr. rmsd
   -1.00193e+05    3.06926e+02   -1.77253e+02   -2.98766e+02    8.61794e-06

DD  step 36999  vol min/aver 0.489  load imb.: force  4.3%  pme mesh/force 0.528

           Step           Time         Lambda
          37000       74.00000        0.00000

   Energies (kJ/mol)
       G96Angle    Proper Dih.  Improper Dih.        LJ (SR)  Disper. corr.
    9.76431e+03    6.11679e+03    4.27255e+02   -2.75929e+03   -2.15127e+03
   Coulomb (SR)   Coul. recip.      Potential    Kinetic En.   Total Energy
   -1.94299e+05    6.92351e+02   -1.82208e+05    3.22843e+04   -1.49924e+05
  Conserved En.    Temperature Pres. DC (bar) Pressure (bar)   Constr. rmsd
   -1.00166e+05    3.04912e+02   -1.77253e+02   -4.09175e+02    7.91013e-06

           Step           Time         Lambda
          37500       75.00000        0.00000

   Energies (kJ/mol)
       G96Angle    Proper Dih.  Improper Dih.        LJ (SR)  Disper. corr.
    9.66962e+03    6.23958e+03    4.73027e+02   -2.57504e+03   -2.15127e+03
   Coulomb (SR)   Coul. recip.      Potential    Kinetic En.   Total Energy
   -1.94338e+05    7.01420e+02   -1.81981e+05    3.22778e+04   -1.49703e+05
  Conserved En.    Temperature Pres. DC (bar) Pressure (bar)   Constr. rmsd
   -1.00132e+05    3.04851e+02   -1.77253e+02   -2.41203e+02    7.84491e-06

DD  step 37999  vol min/aver 0.485  load imb.: force  2.5%  pme mesh/force 0.563

           Step           Time         Lambda
          38000       76.00000        0.00000

   Energies (kJ/mol)
       G96Angle    Proper Dih.  Improper Dih.        LJ (SR)  Disper. corr.
    9.72046e+03    6.25985e+03    3.61329e+02   -2.80990e+03   -2.15127e+03
   Coulomb (SR)   Coul. recip.      Potential    Kinetic En.   Total Energy
   -1.94461e+05    6.80649e+02   -1.82400e+05    3.22398e+04   -1.50160e+05
  Conserved En.    Temperature Pres. DC (bar) Pressure (bar)   Constr. rmsd
   -1.00212e+05    3.04493e+02   -1.77253e+02   -6.44204e+02    8.24173e-06

           Step           Time         Lambda
          38500       77.00000        0.00000

   Energies (kJ/mol)
       G96Angle    Proper Dih.  Improper Dih.        LJ (SR)  Disper. corr.
    9.86331e+03    6.03651e+03    3.76688e+02   -2.48614e+03   -2.15127e+03
   Coulomb (SR)   Coul. recip.      Potential    Kinetic En.   Total Energy
   -1.94310e+05    7.38436e+02   -1.81932e+05    3.22499e+04   -1.49682e+05
  Conserved En.    Temperature Pres. DC (bar) Pressure (bar)   Constr. rmsd
   -1.00182e+05    3.04588e+02   -1.77253e+02   -6.61688e+02    8.11448e-06

DD  step 38999  vol min/aver 0.476  load imb.: force  3.8%  pme mesh/force 0.556

           Step           Time         Lambda
          39000       78.00000        0.00000

   Energies (kJ/mol)
       G96Angle    Proper Dih.  Improper Dih.        LJ (SR)  Disper. corr.
    9.53180e+03    6.22633e+03    3.73952e+02   -2.31561e+03   -2.15127e+03
   Coulomb (SR)   Coul. recip.      Potential    Kinetic En.   Total Energy
   -1.93929e+05    6.88904e+02   -1.81574e+05    3.31259e+04   -1.48449e+05
  Conserved En.    Temperature Pres. DC (bar) Pressure (bar)   Constr. rmsd
   -1.00081e+05    3.12861e+02   -1.77253e+02    5.52783e+00    7.53734e-06

           Step           Time         Lambda
          39500       79.00000        0.00000

   Energies (kJ/mol)
       G96Angle    Proper Dih.  Improper Dih.        LJ (SR)  Disper. corr.
    9.46038e+03    6.17955e+03    3.95284e+02   -2.85719e+03   -2.15127e+03
   Coulomb (SR)   Coul. recip.      Potential    Kinetic En.   Total Energy
   -1.93790e+05    7.00650e+02   -1.82063e+05    3.24668e+04   -1.49596e+05
  Conserved En.    Temperature Pres. DC (bar) Pressure (bar)   Constr. rmsd
   -1.00219e+05    3.06636e+02   -1.77253e+02   -5.46196e+02    7.80909e-06

DD  step 39999  vol min/aver 0.471  load imb.: force  5.2%  pme mesh/force 0.564

           Step           Time         Lambda
          40000       80.00000        0.00000

   Energies (kJ/mol)
       G96Angle    Proper Dih.  Improper Dih.        LJ (SR)  Disper. corr.
    9.57186e+03    6.26263e+03    3.79129e+02   -3.89112e+03   -2.15127e+03
   Coulomb (SR)   Coul. recip.      Potential    Kinetic En.   Total Energy
   -1.93445e+05    6.52962e+02   -1.82621e+05    3.18532e+04   -1.50767e+05
  Conserved En.    Temperature Pres. DC (bar) Pressure (bar)   Constr. rmsd
   -1.00181e+05    3.00841e+02   -1.77253e+02   -6.84978e+02    7.37922e-06

           Step           Time         Lambda
          40500       81.00000        0.00000

   Energies (kJ/mol)
       G96Angle    Proper Dih.  Improper Dih.        LJ (SR)  Disper. corr.
    9.43467e+03    6.28341e+03    4.14580e+02   -2.70617e+03   -2.15127e+03
   Coulomb (SR)   Coul. recip.      Potential    Kinetic En.   Total Energy
   -1.94190e+05    7.41356e+02   -1.82173e+05    3.25701e+04   -1.49603e+05
  Conserved En.    Temperature Pres. DC (bar) Pressure (bar)   Constr. rmsd
   -1.00057e+05    3.07612e+02   -1.77253e+02   -3.88923e+02    7.97825e-06

DD  step 40999  vol min/aver 0.492  load imb.: force  3.4%  pme mesh/force 0.561

           Step           Time         Lambda
          41000       82.00000        0.00000

   Energies (kJ/mol)
       G96Angle    Proper Dih.  Improper Dih.        LJ (SR)  Disper. corr.
    9.82635e+03    6.21115e+03    3.84568e+02   -2.70290e+03   -2.15127e+03
   Coulomb (SR)   Coul. recip.      Potential    Kinetic En.   Total Energy
   -1.94337e+05    6.93157e+02   -1.82076e+05    3.16696e+04   -1.50406e+05
  Conserved En.    Temperature Pres. DC (bar) Pressure (bar)   Constr. rmsd
   -1.00158e+05    2.99107e+02   -1.77253e+02   -2.93730e+02    8.62320e-06

           Step           Time         Lambda
          41500       83.00000        0.00000

   Energies (kJ/mol)
       G96Angle    Proper Dih.  Improper Dih.        LJ (SR)  Disper. corr.
    9.99125e+03    6.36729e+03    4.32759e+02   -2.02439e+03   -2.15127e+03
   Coulomb (SR)   Coul. recip.      Potential    Kinetic En.   Total Energy
   -1.95367e+05    7.09215e+02   -1.82042e+05    3.19262e+04   -1.50116e+05
  Conserved En.    Temperature Pres. DC (bar) Pressure (bar)   Constr. rmsd
   -1.00156e+05    3.01531e+02   -1.77253e+02   -3.07985e+02    7.87642e-06

DD  step 41999  vol min/aver 0.478  load imb.: force  3.9%  pme mesh/force 0.527

           Step           Time         Lambda
          42000       84.00000        0.00000

   Energies (kJ/mol)
       G96Angle    Proper Dih.  Improper Dih.        LJ (SR)  Disper. corr.
    9.73805e+03    6.26349e+03    3.92249e+02   -2.56647e+03   -2.15127e+03
   Coulomb (SR)   Coul. recip.      Potential    Kinetic En.   Total Energy
   -1.94044e+05    7.42485e+02   -1.81626e+05    3.17971e+04   -1.49829e+05
  Conserved En.    Temperature Pres. DC (bar) Pressure (bar)   Constr. rmsd
   -1.00210e+05    3.00311e+02   -1.77253e+02   -3.57405e+02    8.20796e-06

           Step           Time         Lambda
          42500       85.00000        0.00000

   Energies (kJ/mol)
       G96Angle    Proper Dih.  Improper Dih.        LJ (SR)  Disper. corr.
    9.56525e+03    6.07596e+03    3.59824e+02   -2.75271e+03   -2.15127e+03
   Coulomb (SR)   Coul. recip.      Potential    Kinetic En.   Total Energy
   -1.94269e+05    6.55113e+02   -1.82517e+05    3.19058e+04   -1.50611e+05
  Conserved En.    Temperature Pres. DC (bar) Pressure (bar)   Constr. rmsd
   -1.00090e+05    3.01338e+02   -1.77253e+02   -3.53209e+02    7.44301e-06

DD  step 42999  vol min/aver 0.483  load imb.: force  7.1%  pme mesh/force 0.549

           Step           Time         Lambda
          43000       86.00000        0.00000

   Energies (kJ/mol)
       G96Angle    Proper Dih.  Improper Dih.        LJ (SR)  Disper. corr.
    9.78613e+03    6.12327e+03    4.14243e+02   -3.07972e+03   -2.15127e+03
   Coulomb (SR)   Coul. recip.      Potential    Kinetic En.   Total Energy
   -1.93627e+05    6.63879e+02   -1.81870e+05    3.22400e+04   -1.49630e+05
  Conserved En.    Temperature Pres. DC (bar) Pressure (bar)   Constr. rmsd
   -1.00138e+05    3.04494e+02   -1.77253e+02   -4.65709e+02    8.02401e-06

           Step           Time         Lambda
          43500       87.00000        0.00000

   Energies (kJ/mol)
       G96Angle    Proper Dih.  Improper Dih.        LJ (SR)  Disper. corr.
    9.67790e+03    6.38232e+03    3.54428e+02   -2.64584e+03   -2.15127e+03
   Coulomb (SR)   Coul. recip.      Potential    Kinetic En.   Total Energy
   -1.94244e+05    6.81353e+02   -1.81945e+05    3.22843e+04   -1.49661e+05
  Conserved En.    Temperature Pres. DC (bar) Pressure (bar)   Constr. rmsd
   -1.00148e+05    3.04913e+02   -1.77253e+02   -3.38433e+02    8.22394e-06

DD  step 43999  vol min/aver 0.498  load imb.: force  4.1%  pme mesh/force 0.551

           Step           Time         Lambda
          44000       88.00000        0.00000

   Energies (kJ/mol)
       G96Angle    Proper Dih.  Improper Dih.        LJ (SR)  Disper. corr.
    9.35084e+03    5.97589e+03    3.87856e+02   -2.45064e+03   -2.15127e+03
   Coulomb (SR)   Coul. recip.      Potential    Kinetic En.   Total Energy
   -1.94077e+05    6.98582e+02   -1.82266e+05    3.23477e+04   -1.49918e+05
  Conserved En.    Temperature Pres. DC (bar) Pressure (bar)   Constr. rmsd
   -1.00042e+05    3.05511e+02   -1.77253e+02   -5.79830e+02    8.54586e-06

           Step           Time         Lambda
          44500       89.00000        0.00000

   Energies (kJ/mol)
       G96Angle    Proper Dih.  Improper Dih.        LJ (SR)  Disper. corr.
    9.61015e+03    5.92962e+03    3.89286e+02   -3.66609e+03   -2.15127e+03
   Coulomb (SR)   Coul. recip.      Potential    Kinetic En.   Total Energy
   -1.92925e+05    6.69456e+02   -1.82144e+05    3.15414e+04   -1.50603e+05
  Conserved En.    Temperature Pres. DC (bar) Pressure (bar)   Constr. rmsd
   -1.00159e+05    2.97896e+02   -1.77253e+02   -5.99241e+02    7.95473e-06

DD  step 44999  vol min/aver 0.490  load imb.: force  3.7%  pme mesh/force 0.551

           Step           Time         Lambda
          45000       90.00000        0.00000

   Energies (kJ/mol)
       G96Angle    Proper Dih.  Improper Dih.        LJ (SR)  Disper. corr.
    9.61693e+03    5.96732e+03    4.22316e+02   -3.35753e+03   -2.15127e+03
   Coulomb (SR)   Coul. recip.      Potential    Kinetic En.   Total Energy
   -1.93465e+05    6.95748e+02   -1.82271e+05    3.20975e+04   -1.50174e+05
  Conserved En.    Temperature Pres. DC (bar) Pressure (bar)   Constr. rmsd
   -1.00192e+05    3.03148e+02   -1.77253e+02   -3.76956e+02    7.88133e-06

           Step           Time         Lambda
          45500       91.00000        0.00000

   Energies (kJ/mol)
       G96Angle    Proper Dih.  Improper Dih.        LJ (SR)  Disper. corr.
    9.74014e+03    6.29337e+03    3.67192e+02   -2.80628e+03   -2.15127e+03
   Coulomb (SR)   Coul. recip.      Potential    Kinetic En.   Total Energy
   -1.93912e+05    6.94272e+02   -1.81774e+05    3.25683e+04   -1.49206e+05
  Conserved En.    Temperature Pres. DC (bar) Pressure (bar)   Constr. rmsd
   -9.99806e+04    3.07595e+02   -1.77253e+02   -9.21440e+02    8.30183e-06

DD  step 45999  vol min/aver 0.494  load imb.: force  5.2%  pme mesh/force 0.607

           Step           Time         Lambda
          46000       92.00000        0.00000

   Energies (kJ/mol)
       G96Angle    Proper Dih.  Improper Dih.        LJ (SR)  Disper. corr.
    9.61967e+03    6.14572e+03    3.84776e+02   -2.45894e+03   -2.15127e+03
   Coulomb (SR)   Coul. recip.      Potential    Kinetic En.   Total Energy
   -1.93748e+05    6.75707e+02   -1.81532e+05    3.25987e+04   -1.48933e+05
  Conserved En.    Temperature Pres. DC (bar) Pressure (bar)   Constr. rmsd
   -9.99896e+04    3.07882e+02   -1.77253e+02   -8.17637e+01    7.73395e-06

           Step           Time         Lambda
          46500       93.00000        0.00000

   Energies (kJ/mol)
       G96Angle    Proper Dih.  Improper Dih.        LJ (SR)  Disper. corr.
    9.73396e+03    6.12564e+03    3.56062e+02   -3.39893e+03   -2.15127e+03
   Coulomb (SR)   Coul. recip.      Potential    Kinetic En.   Total Energy
   -1.93695e+05    7.07172e+02   -1.82322e+05    3.27390e+04   -1.49583e+05
  Conserved En.    Temperature Pres. DC (bar) Pressure (bar)   Constr. rmsd
   -1.00070e+05    3.09207e+02   -1.77253e+02   -6.66714e+02    8.66941e-06

DD  step 46999  vol min/aver 0.476  load imb.: force  3.7%  pme mesh/force 0.551

           Step           Time         Lambda
          47000       94.00000        0.00000

   Energies (kJ/mol)
       G96Angle    Proper Dih.  Improper Dih.        LJ (SR)  Disper. corr.
    9.46071e+03    6.25354e+03    3.95864e+02   -3.79765e+03   -2.15127e+03
   Coulomb (SR)   Coul. recip.      Potential    Kinetic En.   Total Energy
   -1.93011e+05    7.14001e+02   -1.82136e+05    3.24197e+04   -1.49716e+05
  Conserved En.    Temperature Pres. DC (bar) Pressure (bar)   Constr. rmsd
   -1.00064e+05    3.06192e+02   -1.77253e+02   -5.44595e+02    7.51098e-06

           Step           Time         Lambda
          47500       95.00000        0.00000

   Energies (kJ/mol)
       G96Angle    Proper Dih.  Improper Dih.        LJ (SR)  Disper. corr.
    9.87029e+03    6.29805e+03    3.72581e+02   -2.53733e+03   -2.15127e+03
   Coulomb (SR)   Coul. recip.      Potential    Kinetic En.   Total Energy
   -1.94369e+05    6.59586e+02   -1.81857e+05    3.17114e+04   -1.50146e+05
  Conserved En.    Temperature Pres. DC (bar) Pressure (bar)   Constr. rmsd
   -1.00150e+05    2.99502e+02   -1.77253e+02   -5.06824e+02    8.02678e-06

DD  step 47999  vol min/aver 0.446  load imb.: force  4.5%  pme mesh/force 0.546

           Step           Time         Lambda
          48000       96.00000        0.00000

   Energies (kJ/mol)
       G96Angle    Proper Dih.  Improper Dih.        LJ (SR)  Disper. corr.
    9.59723e+03    6.03329e+03    4.45424e+02   -2.09406e+03   -2.15127e+03
   Coulomb (SR)   Coul. recip.      Potential    Kinetic En.   Total Energy
   -1.95189e+05    6.55773e+02   -1.82703e+05    3.23549e+04   -1.50348e+05
  Conserved En.    Temperature Pres. DC (bar) Pressure (bar)   Constr. rmsd
   -1.00097e+05    3.05579e+02   -1.77253e+02   -3.40404e+02    7.93918e-06

           Step           Time         Lambda
          48500       97.00000        0.00000

   Energies (kJ/mol)
       G96Angle    Proper Dih.  Improper Dih.        LJ (SR)  Disper. corr.
    9.65956e+03    6.14694e+03    4.39032e+02   -2.50766e+03   -2.15127e+03
   Coulomb (SR)   Coul. recip.      Potential    Kinetic En.   Total Energy
   -1.94802e+05    6.91397e+02   -1.82524e+05    3.18316e+04   -1.50693e+05
  Conserved En.    Temperature Pres. DC (bar) Pressure (bar)   Constr. rmsd
   -1.00151e+05    3.00637e+02   -1.77253e+02   -5.64842e+02    7.76306e-06

DD  step 48999  vol min/aver 0.479  load imb.: force  4.1%  pme mesh/force 0.561

           Step           Time         Lambda
          49000       98.00000        0.00000

   Energies (kJ/mol)
       G96Angle    Proper Dih.  Improper Dih.        LJ (SR)  Disper. corr.
    9.58437e+03    6.07487e+03    3.79093e+02   -2.89513e+03   -2.15127e+03
   Coulomb (SR)   Coul. recip.      Potential    Kinetic En.   Total Energy
   -1.93695e+05    7.20478e+02   -1.81983e+05    3.22086e+04   -1.49774e+05
  Conserved En.    Temperature Pres. DC (bar) Pressure (bar)   Constr. rmsd
   -1.00005e+05    3.04198e+02   -1.77253e+02   -4.23066e+02    8.03414e-06

           Step           Time         Lambda
          49500       99.00000        0.00000

   Energies (kJ/mol)
       G96Angle    Proper Dih.  Improper Dih.        LJ (SR)  Disper. corr.
    9.79144e+03    6.40741e+03    4.17775e+02   -2.88572e+03   -2.15127e+03
   Coulomb (SR)   Coul. recip.      Potential    Kinetic En.   Total Energy
   -1.94005e+05    7.14386e+02   -1.81711e+05    3.23800e+04   -1.49331e+05
  Conserved En.    Temperature Pres. DC (bar) Pressure (bar)   Constr. rmsd
   -1.00125e+05    3.05817e+02   -1.77253e+02   -3.19695e+02    8.09950e-06

DD  step 49999  vol min/aver 0.455  load imb.: force  3.7%  pme mesh/force 0.554

           Step           Time         Lambda
          50000      100.00000        0.00000

Writing checkpoint, step 50000 at Fri Dec  9 12:51:41 2016


   Energies (kJ/mol)
       G96Angle    Proper Dih.  Improper Dih.        LJ (SR)  Disper. corr.
    9.49706e+03    5.95688e+03    4.12008e+02   -2.53241e+03   -2.15127e+03
   Coulomb (SR)   Coul. recip.      Potential    Kinetic En.   Total Energy
   -1.94746e+05    6.95492e+02   -1.82868e+05    3.23684e+04   -1.50500e+05
  Conserved En.    Temperature Pres. DC (bar) Pressure (bar)   Constr. rmsd
   -1.00096e+05    3.05707e+02   -1.77253e+02   -5.36312e+02    8.08068e-06

	<======  ###############  ==>
	<====  A V E R A G E S  ====>
	<==  ###############  ======>

	Statistics over 50001 steps using 501 frames

   Energies (kJ/mol)
       G96Angle    Proper Dih.  Improper Dih.        LJ (SR)  Disper. corr.
    9.96605e+03    6.34461e+03    3.75460e+02   -2.34656e+03   -2.15127e+03
   Coulomb (SR)   Coul. recip.      Potential    Kinetic En.   Total Energy
   -1.93537e+05    8.00362e+02   -1.80548e+05    3.22749e+04   -1.48273e+05
  Conserved En.    Temperature Pres. DC (bar) Pressure (bar)   Constr. rmsd
   -1.00222e+05    3.04824e+02   -1.77253e+02   -1.92063e+02    0.00000e+00

   Total Virial (kJ/mol)
    1.13663e+04   -3.77187e+02   -2.62759e+01
   -3.76934e+02    1.16813e+04    2.30160e+00
   -2.57566e+01    2.60703e+00    1.27262e+04

   Pressure (bar)
   -4.20160e+00    6.97773e+01    4.93799e+00
    6.97357e+01   -6.21493e+01   -1.93855e+00
    4.85247e+00   -1.98885e+00   -5.09837e+02

    T-non-Water        T-Water
    3.04827e+02    3.04822e+02


	M E G A - F L O P S   A C C O U N T I N G

 NB=Group-cutoff nonbonded kernels    NxN=N-by-N cluster Verlet kernels
 RF=Reaction-Field  VdW=Van der Waals  QSTab=quadratic-spline table
 W3=SPC/TIP3p  W4=TIP4p (single or pairs)
 V&F=Potential and force  V=Potential only  F=Force only

 Computing:                               M-Number         M-Flops  % Flops
-----------------------------------------------------------------------------
 Pair Search distance check            7850.781820       70657.036     0.4
 NxN QSTab Elec. + LJ [F]            242344.682776     9936131.994    50.3
 NxN QSTab Elec. + LJ [V&F]            2452.891680      144720.609     0.7
 NxN LJ [F]                           66732.071712     2202158.366    11.1
 NxN LJ [V&F]                           675.355968       29040.307     0.1
 NxN QSTab Elec. [F]                 176196.828280     5990692.162    30.3
 NxN QSTab Elec. [V&F]                 1783.043104       73104.767     0.4
 Calc Weights                          1900.838016       68430.169     0.3
 Spread Q Bspline                     40551.211008       81102.422     0.4
 Gather F Bspline                     40551.211008      243307.266     1.2
 3D-FFT                               89102.882022      712823.056     3.6
 Solve PME                               39.200784        2508.850     0.0
 Reset In Box                            15.852672          47.558     0.0
 CG-CoM                                  15.865344          47.596     0.0
 Angles                                 265.605312       44621.692     0.2
 Propers                                217.604352       49831.397     0.3
 Impropers                                9.600192        1996.840     0.0
 Virial                                   6.799572         122.392     0.0
 Stop-CM                                  6.361344          63.613     0.0
 Calc-Ekin                              126.745344        3422.124     0.0
 Lincs                                  359.455306       21567.318     0.1
 Lincs-Mat                             4716.164088       18864.656     0.1
 Constraint-V                          1162.933630        9303.469     0.0
 Constraint-Vir                           8.050597         193.214     0.0
 Settle                                 148.015716       47809.076     0.2
-----------------------------------------------------------------------------
 Total                                                19752567.952   100.0
-----------------------------------------------------------------------------


    D O M A I N   D E C O M P O S I T I O N   S T A T I S T I C S

 av. #atoms communicated per step for force:  2 x 38969.8
 av. #atoms communicated per step for LINCS:  2 x 3841.9

 Average load imbalance: 4.6 %
 Part of the total run time spent waiting due to load imbalance: 2.7 %
 Steps where the load balancing was limited by -rdd, -rcon and/or -dds: X 0 % Z 0 %
 Average PME mesh/force load: 0.555
 Part of the total run time spent waiting due to PP/PME imbalance: 5.3 %

NOTE: 5.3 % performance was lost because the PME ranks
      had less work to do than the PP ranks.
      You might want to decrease the number of PME ranks
      or decrease the cut-off and the grid spacing.


     R E A L   C Y C L E   A N D   T I M E   A C C O U N T I N G

On 20 MPI ranks doing PP, and
on 4 MPI ranks doing PME

 Computing:          Num   Num      Call    Wall time         Giga-Cycles
                     Ranks Threads  Count      (s)         total sum    %
-----------------------------------------------------------------------------
 Domain decomp.        20    1       1251      10.643        566.182   2.6
 DD comm. load         20    1       1250       0.233         12.398   0.1
 DD comm. bounds       20    1       1250       0.418         22.216   0.1
 Send X to PME         20    1      50001       6.563        349.130   1.6
 Neighbor search       20    1       1251       4.589        244.124   1.1
 Comm. coord.          20    1      48750      33.682       1791.756   8.2
 Force                 20    1      50001     204.892      10899.608  49.9
 Wait + Comm. F        20    1      50001      32.452       1726.335   7.9
 PME mesh *             4    1      50001     133.440       1419.719   6.5
 PME wait for PP *                            208.829       2221.804  10.2
 Wait + Recv. PME F    20    1      50001       0.365         19.399   0.1
 NB X/F buffer ops.    20    1     147501       1.915        101.860   0.5
 Write traj.           20    1        101       0.190         10.117   0.0
 Update                20    1      50001       3.220        171.287   0.8
 Constraints           20    1      50001      38.104       2027.036   9.3
 Comm. energies        20    1       5001       4.411        234.630   1.1
 Rest                                           0.601         31.973   0.1
-----------------------------------------------------------------------------
 Total                                        342.277      21849.660 100.0
-----------------------------------------------------------------------------
(*) Note that with separate PME ranks, the walltime column actually sums to
    twice the total reported, but the cycle count total and % are correct.
-----------------------------------------------------------------------------
 Breakdown of PME mesh computation
-----------------------------------------------------------------------------
 PME redist. X/F        4    1     100002      40.735        433.396   2.0
 PME spread/gather      4    1     100002      60.081        639.221   2.9
 PME 3D-FFT             4    1     100002      21.344        227.088   1.0
 PME 3D-FFT Comm.       4    1     100002       4.928         52.430   0.2
 PME solve Elec         4    1      50001       6.262         66.628   0.3
-----------------------------------------------------------------------------

               Core t (s)   Wall t (s)        (%)
       Time:     8214.644      342.277     2400.0
                 (ns/day)    (hour/ns)
Performance:       25.243        0.951
Finished mdrun on rank 0 Fri Dec  9 12:51:41 2016
