# Fix print output for fix 3
1000 -55396.3756061217 652.198923598285 300.506233513843 52.4740491716948 55.8211604827166 76.2510778170796
2000 -55577.9821566636 35.6937220884686 303.373600041657 52.6567476889664 55.7728443401243 76.2224287506001
3000 -55416.3425516757 -436.373008571668 304.981791514421 52.6853968357097 55.7429149659132 76.6009420996197
4000 -55289.687703746 -8.74756591570534 302.510159017817 52.7820876529569 55.7930767860066 76.3012077991258
5000 -55505.60936194 568.272972533425 303.411871755225 52.6555080619761 56.163589282184 76.0865824566336
6000 -55158.3740658187 -440.885466395678 305.787049538702 52.7138051413145 55.989683781193 76.2501050934651
7000 -55369.7073894233 264.820763942305 309.109892468589 52.5059468065584 56.0464424551092 76.1340330528671
8000 -55434.2628998625 -91.8436662013433 303.020096643734 52.5962627162166 56.1582552511947 75.8643091901901
9000 -55466.3498970235 -666.867590258382 301.589994748681 52.7136635597212 56.113190645512 75.895437650408
10000 -55259.519892143 -164.077703482416 304.660901862328 52.7771716165322 55.8543211091317 76.0999580152092
11000 -55418.0384288561 -171.411382501995 301.378423981374 52.8143444078965 55.8022907483248 76.155456612257
12000 -55412.6411030191 -289.827802202987 307.645131977532 52.6268072702028 55.8664684127726 76.4550055568601
13000 -55340.2577576466 -108.064866854635 302.286260649371 52.6437101546908 55.6284576527275 76.5114166107706
14000 -55448.611727107 -102.368265338829 305.710482780053 52.5643082198367 55.6940572145677 76.4428354621657
15000 -55173.7869455653 136.490314666561 303.0470891005 52.6842661144154 55.7855076172115 76.65382517422
16000 -55286.7323995545 148.38958142235 306.043455691778 52.7223964805887 55.651857155721 76.4617495402318
17000 -55270.1481193397 339.251796023155 301.943461208333 52.6998268598816 55.8023052966136 76.1370307807828
18000 -55234.9015847775 254.618717956476 300.625712736476 52.776405311359 55.8471147216924 76.0161110047772
19000 -55069.0347280961 -8.79665019751851 299.654475666969 52.7417620833543 56.1020700122125 76.1301655793982
20000 -55180.0649585675 268.756018881133 305.785851601259 52.5160403500458 55.8871479967339 76.1624169105646
21000 -55331.2216564407 -136.900407726953 305.102610601425 52.5804270252605 55.8426484766944 76.3018752036165
22000 -55245.4851461298 151.990289469112 304.567970145252 52.5814933924186 56.1227770669682 76.072116791099
23000 -55175.0337370137 492.283638176324 305.723768725339 52.4645520614056 55.8991398653401 76.2097027725554
24000 -55244.9980783434 122.858822232011 304.122915574704 52.4417257190892 56.0152088860862 76.185911521351
25000 -55358.6790907848 -76.6611201857459 304.711966798489 52.3141259878976 56.2418873178084 76.0858464187728
26000 -55135.7052562026 157.301984113622 304.359450956683 52.2028009916775 56.2339348081291 76.3636523149402
27000 -55298.5511204792 395.409834294766 300.813871272039 52.2716044146896 55.8554939192248 76.3424605204107
28000 -55278.4034594795 359.641286611224 303.661700196104 52.3427327363074 56.1679132642759 76.241927810064
29000 -55302.1435919721 -40.9811819435746 302.782320387755 52.6431570159681 56.0557029075861 76.0245389811957
30000 -55270.1361310546 -613.359293680767 302.243284072515 52.5429275481004 55.9050282555461 76.5126642943415
31000 -55307.376722169 -246.923958087993 306.036290286365 52.4915780175705 55.8575863680651 76.5347434603081
32000 -55250.1188174662 -271.059942714277 306.390405633134 52.6930249470407 56.0085500765341 76.0629905488214
33000 -55371.025846284 -210.736733169668 303.275522321498 52.2586587579343 55.9264025381325 76.3943977090557
34000 -55479.8244921504 -361.366289877188 303.13876015797 52.4320170744597 56.0016003638724 76.5875820553375
35000 -55374.3477538472 -824.453563475216 306.546620597777 52.4204779827786 55.9591766916632 76.3556118396052
36000 -55519.7985294347 -199.640506969493 305.161573527288 52.385930604748 55.9210819827108 76.4057568449888
37000 -55373.5059700237 306.807965409463 308.305606657693 52.4242063742727 56.074262845769 76.0046001433735
38000 -55456.0119367496 -126.306829859007 304.251955020971 52.7535868560638 56.045791882073 75.9320590997683
39000 -55347.6236657305 108.265913941404 305.41506759204 52.5982935836576 56.0331187044837 75.9030695378088
40000 -55438.3493145916 451.75571133838 304.755877227511 52.356423402615 55.9588989004704 76.3452288950255
41000 -55358.3179141955 146.313318970226 303.659292939692 52.4706124756784 55.999406608509 76.3153899377057
42000 -55352.9590538057 378.089294690827 305.042878977492 52.4688547737529 55.8133431470987 76.4536942363625
43000 -55502.2160085245 -320.628586784984 306.105336440147 52.1178859528068 56.1597817882648 76.447633812159
44000 -55184.2302229205 -205.957421971911 306.645798667221 51.9701703541581 56.2301817418081 76.5252533489248
45000 -55297.527478902 3.73479656785109 301.768990785027 52.1527856452 55.976831751008 76.6541546609691
46000 -55407.6576545202 173.497745706074 302.131115789378 52.3464859819633 56.1596975806356 76.3994985834308
47000 -55569.6535755756 -115.124432131297 304.964472219686 52.0512586079984 56.3486916446317 76.5267112119316
48000 -55157.0237136714 -57.5931096052727 304.575853647758 52.4162676964332 55.9066098564326 76.8349408307643
49000 -55459.1485489413 -86.8831408145429 305.145145922581 52.7316724195718 55.7399876843251 76.377181466023
50000 -55458.4858419773 419.705033576078 303.606612802907 52.6375435412068 56.0369976153156 75.9373857493168
51000 -55395.7435069558 387.382707174529 304.799605482023 52.5308776577652 55.9860638538241 76.1203465441771
52000 -55451.0373836998 345.220622307948 305.440393009904 52.608938494465 56.0471995441982 76.0453549089784
53000 -55295.0930643114 -17.6814156026918 304.3843626617 52.5995354800316 55.8410785781152 76.1822677091064
54000 -55484.1192073303 -85.2421619120694 302.717224736999 52.5672816935682 55.7803007658275 76.3140651808065
55000 -55432.4404178285 296.179814938747 303.187940804085 52.3668172038652 55.9063779390286 76.3621952680117
56000 -55474.5078124893 -232.648854656667 304.139159732644 52.301586947692 56.1084981906203 76.2100279045833
57000 -55600.6226461293 18.9199110986416 303.502377582949 52.2673843165158 56.0765947824372 76.4099140969535
58000 -55193.2969571618 230.709689232171 302.568381763202 52.6463386892074 55.9806019319336 75.7445155191348
59000 -55381.8359215721 189.613604859165 302.599516240317 52.5112585142147 56.2250695164362 75.9838564537517
60000 -55209.5723847326 -115.369007767038 300.546970769176 52.6883078331089 55.8967101772706 76.136536687843
61000 -55400.6600921085 692.813376969125 301.759389538021 52.5697097552073 56.0262770639172 76.0528006683146
62000 -55362.1477143291 -96.5163874735742 308.511311451087 52.481773873235 55.9416168163867 76.2931204948632
63000 -55383.8440950019 269.158771819299 301.692804714284 52.1058354823006 56.3110627425764 76.0508867758493
64000 -55223.6178969533 -139.590249881742 305.006473036702 52.4280558809697 56.0731484490475 76.2614141435325
65000 -55337.3644619776 -159.589691381773 302.899370163301 52.3246739613118 56.2255875587325 76.4077943051455
66000 -55411.7665028306 125.139430030069 303.073019734982 52.4767392659094 56.2223735862658 76.0582132804336
67000 -55539.5837125301 109.509868501385 305.86494185721 52.0710607325106 56.2987913929629 76.2764552720635
68000 -55404.5064863294 132.843209607289 306.403797582354 52.2678263573301 56.2665069479434 75.9570636469304
69000 -55361.2943053385 -215.212641522529 302.103087112404 52.4450524077694 56.2942355316008 75.8599468334293
70000 -55498.7523359369 219.746363335756 308.204973272918 52.5237932836844 55.9181237675332 75.9964705739735
71000 -55596.2377444535 50.4976675445025 305.817274317383 52.5711211257461 56.1049012005026 76.1426089763928
72000 -55291.786826817 188.524446157646 305.081038632963 52.5344269151145 55.9974754858256 76.2839457926354
73000 -55493.9550498547 78.7899964108006 301.917255307161 52.5773713441734 55.9284316608101 76.1315071120885
74000 -55572.8498506164 164.08228496684 305.151304267412 52.543482535155 55.9911713950043 75.967656950648
75000 -55488.3184967509 240.329605505615 299.930005147639 52.4262713477438 55.9968887867987 76.1943909353968
76000 -55281.1614579548 -236.15225428941 304.451373258328 52.3543661827161 56.1246430321806 76.5200826888313
77000 -55308.5281826867 -437.850279278812 305.589443904053 52.4592246131958 55.8947936329437 76.4278931537715
78000 -55315.8756516877 219.560255503147 307.028773943114 52.6550055464877 56.0443618759388 75.8210903525729
79000 -55395.8831176939 137.270257231205 305.431530710341 52.670199815588 56.0830349332201 75.6633868214594
80000 -55418.7341258127 -246.589671509208 300.096084534116 52.6454722160752 56.1710957226467 75.464282054849
81000 -55214.2978986671 -277.735007190869 301.418381018251 52.5732617071649 56.104766488241 75.9763724884414
82000 -55340.654748847 -294.673922669829 305.269468298548 52.6040924292597 56.1179864812605 75.9288801163115
83000 -55230.6467265738 8.71935537321119 305.95543079832 52.6592747728818 56.3388016248396 75.5804280483992
84000 -55331.3053387799 -55.2429210307739 307.964334834522 52.9234764131471 55.9759173107898 75.5115331851225
85000 -55321.1096870065 -421.059391789518 306.034848201499 52.7089841427079 55.9267989505848 75.9800479418391
86000 -55370.5344313571 272.776484235572 304.18877002535 52.6745532855474 56.1801678162464 75.7373343519792
87000 -55469.9357165936 -223.674444150551 303.233123904744 52.7623672629569 56.0767868002167 75.9766641717655
88000 -55325.3694658163 -306.622457561941 301.698613135388 52.5670236088869 56.2583629706519 75.7682052992849
89000 -55396.591789989 -195.778752485523 302.672701821673 52.3766020480363 56.2669827409588 76.0462361259357
90000 -55621.4679582574 -7.28035076171098 307.649488985083 52.3453975463371 56.1103013505023 76.2116720926368
91000 -55362.8446168083 -335.699616670408 308.207990004892 52.3076416986633 56.0011903915966 76.2635979833367
92000 -55363.3638592483 0.329050642976688 304.15444762047 52.3419245787112 56.2458081679064 76.166219678929
93000 -55349.66612757 144.798336364045 306.220569944501 52.1164234665033 56.1425763508401 76.3424167193722
94000 -55435.8910188528 305.196859402498 303.941361393329 52.3710409151166 56.2149882317181 75.9609671770079
95000 -55578.9846870179 63.3756035728981 306.6406824084 52.2620191660359 56.1849580900855 76.15634286764
96000 -55268.665312512 1.66276396885331 307.071201230077 52.4650386465625 56.0555197775492 76.3718342507853
97000 -55466.8302828743 49.7438703977562 306.353867394655 52.4494206174078 55.7488157848345 76.4997157857911
98000 -55469.2676904268 -570.890826776503 303.42186759953 52.1632054188382 56.1619314572959 76.555495266233
99000 -55247.3518743948 -555.358959745934 304.323898428949 52.3014155314241 56.0732108976659 76.4883190750222
100000 -55396.093396015 -194.204076550707 304.414855807093 52.5210269550019 55.8940007852136 76.3158634513275
101000 -55382.1355810469 -46.9031176420738 302.216967964035 52.309168408678 55.9613021026106 76.4406888002859
102000 -55312.2971128122 54.6132330626649 305.984507108851 52.5675020359029 55.9342932314599 76.089622519323
103000 -55296.6261818764 69.1021914399364 303.818444991675 52.3566400546137 55.9709091804974 76.3419238246242
104000 -55208.4947568112 165.251310391647 302.513352167959 52.2625496988187 55.939185929264 76.5864782202858
105000 -55485.9065961914 249.506471401664 306.698328171136 52.3186497542362 56.0121199630133 76.7739624261812
106000 -55447.732418204 407.514218564534 303.464999537248 52.4402385898604 55.9768171056363 76.5032275604866
107000 -55390.6148208847 296.314538396012 304.952048614634 52.4687707626032 56.1082889817738 76.2304497334404
108000 -55244.8944535964 14.4700646656707 305.982224438178 52.5446058818152 55.9559391743115 76.0987066084963
109000 -55347.7208342619 -199.259987294145 301.866391270084 52.4983219865934 56.0426474608765 76.2612334455927
110000 -55301.7351427173 320.298048426259 301.559666682583 52.5768516584999 56.0613525514439 76.0731478086591
111000 -55561.4834225203 321.258247171402 305.082140905944 52.3416501764386 55.8448433607137 76.3752471566493
112000 -55480.3973513442 -217.413037207619 303.263566380019 52.324201253973 55.7352859733539 77.0516993606973
113000 -55295.561801556 -176.337634236514 305.914696568107 52.2539593370432 55.9092431685028 76.7639203094798
114000 -55338.4149185817 -185.251525663409 302.797810919866 52.4241347298589 55.8078242308934 76.8100303312194
115000 -55399.2511369159 264.974213877129 302.817996774848 52.3765188497121 55.743929906344 76.5836656948827
116000 -55203.2603334894 199.533138787558 305.331211185597 52.5547477099417 55.7248926706779 76.4825113930901
117000 -55251.2453343136 210.583466881547 309.766914930287 52.5098768622132 55.8414327660136 76.6341918471167
118000 -55413.8463464133 485.121604710329 304.45156602005 52.4244808051829 55.9256595452037 76.47252659424
119000 -55479.0048391245 -60.7551821645497 303.338962949844 52.5007882974051 56.0501456782289 76.0683770626929
120000 -55281.4598386257 47.2150488402739 302.40140574494 52.5976287119236 55.9562853925029 76.2463181099781
121000 -55399.024239793 -216.371963948946 302.142520897525 52.329409895304 56.1673758750262 76.0982259454493
122000 -55405.5961056255 -313.948615446168 306.121499935625 52.5170329716396 56.1051835487957 76.0811847689214
123000 -55437.3337002457 356.052432549038 303.799510043144 52.5947822474621 56.0966350703767 76.2260397976587
124000 -55336.5949384733 221.532532572018 306.127079678373 52.5227768612363 55.9860805639298 76.3484089760241
125000 -55415.8813201197 -60.0814345113032 307.258046149833 52.8706519070342 55.9538618660196 75.6790096829787
126000 -55398.4706612024 -198.622994243722 302.833589958107 52.6777385455649 56.1207794270226 75.9812296937627
127000 -55190.6430397178 286.853258357982 305.35098790843 52.8076647797942 56.0352357184541 75.5595894064098
128000 -55304.6419911007 1.86770664114166 305.49661506881 52.5225106901035 56.0609337488343 75.7980042432909
129000 -55270.2742742911 44.0989408484517 304.999539127434 52.654904546461 55.937835106908 75.8668381520872
130000 -55474.5569916885 294.10237942734 306.132174700094 52.5039385833033 56.1403586393904 75.9561009543393
131000 -55418.6032112308 163.435719886898 302.554299475202 52.6774262511834 55.9744577476851 76.0241021444891
132000 -55257.4805237474 661.423196068431 303.281135396934 52.8489197631012 55.7597684251966 75.8714128006875
133000 -55467.945513512 310.442458116479 300.365822227591 52.7584700549313 55.8480820702246 76.0372331356339
134000 -55293.9366677319 169.380319228465 302.628477280307 52.6773722283701 55.8881018315006 76.2115574963209
135000 -55422.2882210014 -122.334626082952 307.688191769736 52.8574659128875 55.7315572489126 76.2676157025567
136000 -55302.6164484741 297.594109723528 300.634709340836 52.5767367588172 55.8121463993909 76.1824709436239
137000 -55128.8180198755 -464.200554773472 303.920793164406 52.7586455400204 56.048783310477 76.132898399579
138000 -55413.4600133498 -718.034534724782 303.317350649712 52.814423963592 56.0601719532533 75.7197335884143
139000 -55530.1206192445 38.7962344542527 305.187637724317 52.8197089482709 55.7871363685833 76.0637694085429
140000 -55453.203520201 -239.643494754568 306.240342775451 52.7061868253132 56.0082389994645 75.8453909652354
141000 -55254.4574219588 69.8053229390039 302.220722533522 52.8907540281726 56.0342610762999 75.750465989362
142000 -55397.7275271445 -248.743849968051 308.009002818402 52.641379289329 56.1001285280129 75.8409268914605
143000 -55266.9609529423 -23.1357923945744 301.81320163988 53.083067453821 55.8678367473631 75.6017786681833
144000 -55456.7131820497 -403.231781783487 304.293882813657 52.8341368491427 56.0765078133104 75.42311426709
145000 -55391.8313154851 -789.15416392931 308.969642830672 53.0838613913265 55.8038364804603 75.6984980187433
146000 -55526.5207107261 139.22311079967 305.380632579369 52.7847107477101 55.8902277034696 75.8605929623413
147000 -55359.5536667509 -464.37869018752 302.76187822116 52.9948451596746 56.0009839319992 75.9862849621045
148000 -55274.6756351269 -385.928715976686 302.000832777449 53.0582120284048 55.9903502260721 75.5437987762206
149000 -55446.079054294 -49.0932633147431 305.901633829267 53.0103497287491 56.1820435617864 75.6212970435352
150000 -55380.1052684146 -588.46730037668 304.384803512084 53.0376028492841 55.8136976921474 76.0716345869221
151000 -55312.182494848 321.387835379118 304.768036571532 53.0750103439707 55.774797635035 75.7101694081431
152000 -55457.6189585039 -373.420106669127 309.301417662781 53.0927134980203 55.8563315921668 75.4770962622491
153000 -55384.1343752555 124.059463751288 300.659202379667 52.9921865884203 55.9481901496252 75.7388000268255
154000 -55291.2637503713 213.359436345256 304.733240485851 52.9815921786889 55.8341637576651 75.5119271023747
155000 -55233.4004465021 486.701589493366 300.945601752524 53.1092019458686 55.7715272969107 75.5784557400879
156000 -55508.8353127162 51.8367045695543 308.324334420288 53.0493213042578 55.702382434791 75.5752544411471
157000 -55332.4865431766 285.106692213083 301.876740013558 52.674872150865 56.0083976948471 75.9571547548226
158000 -55252.5049995649 -365.343200596302 306.718930988231 52.7623389634764 55.9700449823184 76.0283230305262
159000 -55392.5613878389 -267.342372365342 307.862407960728 52.8594419148691 55.8541632308512 75.8197398209958
160000 -55265.848072896 -489.3312919792 306.880574569676 52.7567026178045 55.8286775237411 75.8769437710047
161000 -55318.6245463124 -121.505022938791 304.486960880897 52.6252020466341 55.9282659847507 76.3302681762172
162000 -55474.0587342934 -272.051532810525 306.550605954735 52.9889961419404 55.7316729707724 76.1159262456722
163000 -55419.6756282119 349.089563491615 307.907163937799 52.7503567313836 55.8753938428134 75.9961111325861
164000 -55427.1272280549 -238.732105904458 305.660150378508 52.7507274092649 55.959062839889 75.7565657789223
165000 -55377.3786954943 219.320354080769 305.582454667126 53.0788135033871 55.8085563339336 75.4331265794031
166000 -55445.9321108066 25.0853004411641 304.541583926629 52.9115266698768 55.7747498453821 75.7308495300109
167000 -55326.5690207105 -293.686927592561 305.648954566832 53.1028495404107 55.8418209021765 75.5238151276679
168000 -55446.7130369413 218.199466479456 304.681119341978 53.0646338938227 55.9473950760625 75.1106511673448
169000 -55281.2256183617 -63.8862417056093 303.333755483646 53.1756483940367 55.9124982068254 75.1673905294545
170000 -55227.2024550043 199.07915394969 306.641336712319 52.8256259452043 56.2524988539343 75.4026978009881
171000 -55469.5774738277 386.3130102631 303.857896076515 52.8983632126299 55.7733145792376 75.6826702785971
172000 -55223.4895292942 202.289065473806 304.189687820499 53.1095166604137 55.9690333067037 75.554591170393
173000 -55406.7608047532 -477.640680448219 303.125339567425 52.9242071112436 55.9236127636999 75.7344341945035
174000 -55295.6305154282 361.060616005849 301.55090375782 53.1368216053277 55.8101378557754 75.5301704952921
175000 -55223.363480677 50.7663441078794 306.754368194229 53.1377278535719 55.8624598525015 75.7362873492038
176000 -55358.7715476188 -281.916646607269 307.504536757447 53.0717697823056 55.7466777725011 75.7062536771053
177000 -55343.3343449916 443.193986139906 306.456283918608 52.9768881426653 55.8051460979937 75.8697691334663
178000 -55260.2584954234 426.30156733178 305.907696262716 53.0692576006481 55.7709543850437 75.8696130291
179000 -55460.7987184222 62.2049806039104 305.606857707566 52.9478729166331 55.9477687631239 75.6644491911633
180000 -55422.0052597903 97.4791795557207 303.648822550819 52.9004535403566 55.9747287540144 75.8400278784968
181000 -55312.3181650359 427.603082808769 305.548252695502 52.7605753523413 55.8622755882715 76.0893099179459
182000 -55321.3175623979 33.5789061774145 303.417795283959 52.8855238534846 56.0391735578945 75.9239648199665
183000 -55375.7514478354 561.074515891248 304.675454407586 52.7098366076902 55.9734512517744 75.713880470503
184000 -55449.5254268845 -112.553126998989 304.103124361025 53.0755655353209 55.7390080582771 75.4519751544655
185000 -55434.8270960404 152.662464815057 306.515300422632 53.0291385954892 56.0137685056022 75.3545191556823
186000 -55558.1915726886 -147.060777728367 304.809191361741 53.0257743663201 55.8775886762918 75.6989897862777
187000 -55314.1289861923 177.5738834327 300.8689991526 52.5937609304371 56.1205795125831 75.8308384549154
188000 -55367.1073248008 179.613651578988 301.339732816335 52.4970066989655 56.296992292102 75.8470272385252
189000 -55289.8371262559 -287.789704197822 302.251255807199 52.6341967171293 55.9433125732261 76.1421954066832
190000 -55291.7716831188 254.840775746058 304.30954473895 52.5425837001509 56.0106171825053 76.1449226400918
191000 -55316.3282549719 67.018000488527 305.088613223704 52.7600822372718 55.7531092046388 76.0654390392318
192000 -55190.9955315873 134.551312050913 303.511432342826 52.6972531878865 55.677971704638 76.2731369313182
193000 -55255.144589365 282.588536657195 304.740523997575 52.7693877706759 55.8711206252895 75.9940646074834
194000 -55331.2030327403 411.612328397442 302.76823217764 52.4754636216909 56.070963945375 76.2853023284044
195000 -55381.4232260399 135.32381550484 308.230515467112 52.4110577017265 56.0910797763872 75.9070653662236
196000 -55335.2723954618 -318.245684379413 305.606532000871 52.5986309250297 56.1374232870766 75.9509735483816
197000 -55384.1486628095 4.25272870046807 301.516310865335 52.4691377560455 56.0241889647832 76.0299113667289
198000 -55390.0627903277 -707.583778504858 304.737341768435 52.5825069153588 56.1069078471279 76.0374170474354
199000 -55191.5743105076 -154.583974996751 304.341593121508 52.4859891616589 55.858967380291 76.2090299279495
200000 -55370.0925415627 -433.443403498374 304.554140642764 52.6695274612414 55.8009666754965 76.3029163016927
201000 -55346.2985423828 84.296118697736 306.602199896298 52.5202593889324 56.0017198491168 76.4005494727437
202000 -55258.8450375465 271.837564971637 306.18411680782 52.7990602637461 55.6045015618336 76.3777766644231
203000 -55350.110768053 606.687746036707 304.630908973106 52.7624776208602 55.714483052974 76.2208128990782
204000 -55346.2231482832 574.091773938824 303.707107676327 52.8445551043101 55.5471548040315 76.3713738402505
205000 -55239.2784104841 356.165615704509 304.976796765498 52.7024382099301 55.8029512111068 76.4359810786934
206000 -55311.9474572926 132.434657564402 297.81656754719 52.7993706459231 55.7597422656069 76.2224850968335
207000 -55301.3280358909 -223.290221099515 304.851543155668 52.8894736833386 55.8252726037352 75.7333111717604
208000 -55419.754145136 -262.091560422267 305.632590399349 52.6500444571286 56.1280731476573 75.6410394517985
209000 -55317.4996685068 -245.339604188488 303.493276260531 52.8936677241361 55.8906149054705 75.8958935138386
210000 -55415.3957744017 -103.247121005865 304.046207549004 52.5060374035799 55.9808353558738 76.4133381541611
211000 -55321.0034080117 196.078820624087 303.774549234836 52.686555710042 56.0079194832437 76.0831669617172
212000 -55229.5464862907 -382.933412384188 305.538755642897 52.6942998664282 56.0112407301266 76.3286383978937
213000 -55335.5583373117 118.137597972537 304.37151974516 52.3842542134446 56.1132507222441 76.0331932939497
214000 -55440.7550653661 -55.5954131811172 304.822174745852 52.3596512403147 56.3410314206052 75.9894465077004
215000 -55418.3114744954 35.1444434567948 307.038359902674 52.3797548743596 56.2322994149621 75.7371033905891
216000 -55375.0651747115 228.312238492237 302.964163207363 52.4635486898077 56.0890801047148 75.9746338717554
217000 -55407.7731571668 -420.466944099973 305.313194067294 52.5139580001413 56.2025183344922 75.7386394880777
218000 -55464.412280027 32.5760131450589 303.931348677545 52.7647976577709 55.9311591350048 75.3918030382613
219000 -55292.7794313327 74.9665338437141 302.558690051016 52.8018853574779 56.0548269005264 75.404414912053
220000 -55109.8846263717 -212.819038787827 299.843314234303 52.7710441145351 56.0818527369556 75.7710906923661
221000 -55505.1938399156 -102.72971927281 302.996477462249 52.6031161295913 55.8752117516855 76.1778935847661
222000 -55365.3411909489 -122.364861737268 304.737863140928 52.5856846606082 56.0259867701472 76.0335637649499
223000 -55544.557850293 -205.461449454723 305.440881673946 52.3291209421345 56.0987274912234 76.1016927517635
224000 -55312.8131532588 555.280122671398 298.973152013207 52.3863436994085 56.1806168254129 75.8082368488164
225000 -55502.4797624297 -98.1808736535556 306.759308120309 52.6082313881788 56.1874684328877 75.745885139626
226000 -55403.0581028585 356.555515677397 300.017660907849 52.4623114708264 55.9756524113354 76.0782041414192
227000 -55117.9817719291 98.0876332950221 302.510015206084 52.4583947170504 55.9960340973032 76.092014031863
228000 -55436.6855758009 -2.65117241664852 307.108031213989 52.5703482865851 55.9308104307692 76.2850049788705
229000 -55293.9741158275 -289.24413172758 306.955915056284 52.337321991261 55.9105434970164 76.5241854442564
230000 -55317.0931752869 -825.576036432061 302.162184269962 52.4438526926762 56.0210254894395 76.4651009038724
231000 -55238.9832439631 88.3334085145307 312.574123690609 52.6386303390917 55.8605712689665 76.2601054174604
232000 -55363.4485381856 -310.910712349264 304.096554779261 52.6233017617362 55.8790356164367 76.1891862696204
233000 -55429.0342258201 -131.250957234397 300.080914558243 52.7434282649157 55.6528945974953 76.3560117232694
234000 -55338.4059304959 -612.349644464568 306.098692148398 52.5024748025124 55.9048304826889 76.44879458329
235000 -55312.7111055187 115.438940848167 301.776098456055 52.3573767581792 56.125052889586 76.3178103688112
236000 -55171.2640543773 8.68270358448173 301.323246854634 52.3193924093968 56.1531115267852 76.3207446377773
237000 -55317.5571743265 55.021867067034 303.257088086582 52.6469107377576 55.8647782127512 76.1717873006035
238000 -55216.6863026478 -233.968514489606 301.775737122722 52.4686406704319 56.146810698052 76.3569484756148
239000 -55358.1068737324 -383.71528589612 309.35553292563 52.6696888113307 55.7512090883285 76.5596658200112
240000 -55210.7827887581 -326.216781885905 302.107607866694 52.6475855731202 55.8550111844103 76.4427139003341
241000 -55367.4282896829 -468.679408181859 305.214628709386 52.5352341975591 55.9124539401692 76.6217819242061
242000 -55344.4704182177 170.026686230761 308.302450329745 52.4208648403631 55.7502209370508 76.7293767490288
243000 -55391.7499114495 -150.061126912951 302.670257533467 52.7002708159868 56.0174426752977 76.1021974695614
244000 -55337.0998510198 -81.5076870956662 304.756267157017 52.5080290507395 55.9718078721355 76.2449774450139
245000 -55453.745238849 -113.767801279811 303.594900233398 52.3412941265349 56.1750427913131 76.2980866910861
246000 -55403.7056135286 -103.835616024759 299.217977380543 52.1101278385755 56.2276705419507 76.280471483089
247000 -55468.0628578475 -90.6562068238747 304.065047564632 52.373384657119 56.0659348560774 76.196150771261
248000 -55367.4858241917 -28.9412368768083 303.033662952627 52.4043346104669 56.3274980689654 75.8308951749631
249000 -55491.650511811 316.592783418413 304.378460380196 52.45307453985 56.0006782443807 76.0494339973851
250000 -55065.4557649117 54.8025933297753 309.062234045731 52.5629869600642 56.1881567495535 75.8236586005643
251000 -55405.8627447739 -313.193260339521 302.098807224459 52.7032685986802 56.0965666432836 75.9222370234571
252000 -55302.3167754131 -346.962414654885 310.338996177874 52.7050514635609 56.125123985521 76.0575532861515
253000 -55339.3133489848 -298.476898384503 304.208384603961 52.4992429476548 56.1511047621267 76.0980595962776
254000 -55444.5640597174 -24.6143416574635 301.559982502816 52.5316033179921 55.9968503874349 75.9446071294671
255000 -55141.4936356586 -262.337648024765 302.774122629241 52.4745053334569 56.1995462215073 76.1248514779449
256000 -55430.761063914 -359.627514420128 304.406315108151 52.6954921652743 55.9350532993888 76.1939913163878
257000 -55226.4087031629 -136.674065600932 301.926936881188 52.6170854718892 55.9748861972819 76.0620092514897
258000 -55249.9324111183 -194.439357017466 303.943967515883 52.623586209327 56.0752314188498 75.6845570533747
259000 -55179.2529492651 -140.243532599101 305.982490236309 52.7933378639252 56.1247107052947 75.9989262269599
260000 -55231.7443165454 33.3870719211082 302.830786263689 52.6727748349438 55.9159321485035 76.0426280488998
261000 -55050.9764342042 -206.731885320796 302.853690627955 52.5117995943578 56.0317937694155 76.5256383058911
262000 -55490.4002406756 465.674228786917 301.718137960096 52.4995294172079 55.876374271947 76.1896509517127
263000 -55450.6415664229 454.375485282257 306.459015688143 52.5799407257504 55.8824981064093 76.3915464302277
264000 -55400.5559567732 375.438949991213 305.90426832981 52.2580735501242 55.9749730497721 76.4134115259258
265000 -55381.7894520532 222.54886638054 299.585296307543 52.587478671447 55.9204231745759 76.4203627858927
266000 -55245.2953010232 -378.369890546283 302.329244363798 52.5757738306422 55.9408023546902 76.3077564933295
267000 -55413.0184314825 -551.53431585241 305.804767803999 52.455720746625 55.8856913954612 76.4630829299042
268000 -55244.6778645432 60.6110050365944 305.462377710659 52.4470839098099 55.7517667554624 76.4617587466155
269000 -55440.3079560108 -235.92997415846 307.082787724764 52.6711590295175 55.7998344270226 76.3292067943213
270000 -55275.1394236838 -421.993870385127 304.12479992032 52.3850952354576 55.7276597802851 76.5176317917605
271000 -55355.7941255366 -307.340872383781 302.769725527346 52.5909203747643 55.6504105802622 76.5132587378962
272000 -55373.0575626973 58.6198995743199 304.151716645898 52.466482673139 55.7335575802035 76.4441986288969
273000 -55332.4066775008 -8.61165029286663 299.79837484382 52.3561334752392 55.6227934286682 76.7936208652874
274000 -55378.1677081261 -274.563891574251 309.633764276674 52.4903327303678 55.9364596118069 76.4192104461662
275000 -55347.859446047 128.639475480451 308.725949086213 52.2309682129119 55.8429259834445 76.9217363447265
276000 -55425.9642901345 53.496303161308 301.843308787023 52.1083227686973 55.7712891686142 77.0435124936263
277000 -55191.9734627393 260.053143049969 303.840300582389 52.3099877023083 55.6594775858069 76.9819694985758
278000 -55288.3774571379 -249.087772860708 302.418157185109 52.2098617341093 55.8832266909637 77.1396084046205
279000 -55214.0107978594 -88.2874301273149 310.405599032909 52.3979105805061 56.0102548800381 76.6661003378296
280000 -55506.904044301 104.325186057039 303.073031808499 52.325149449359 55.7681463081671 76.7016655812296
281000 -55499.5493988667 182.080311890005 303.759212896598 52.4701630143511 55.7752942141322 76.4870608219503
282000 -55317.5553448493 19.9741392644723 306.069329224257 52.6362931937641 55.9450676409674 76.1507576499901
283000 -55212.623836965 -361.47180574311 302.313369498282 52.3719063880999 55.7498408390915 76.6271598216908
284000 -55226.587904223 449.154168245397 303.728112546899 52.1371726059875 55.9985788671366 76.7015555901573
285000 -55065.9038267851 443.865448378907 303.267631016077 52.278595125273 56.0157179303871 76.545319554581
286000 -55363.2062010318 289.753430947836 301.695439022753 52.3631391376695 55.8641798603438 76.3847694735184
287000 -55143.6504803719 -310.792515224407 305.862675034915 52.3799944941733 56.0296549212795 76.3833376564668
288000 -55480.7603958268 217.902460091051 304.587201002792 52.1367439408796 56.0240067182561 76.6109925053975
289000 -55485.608256374 322.881356596808 303.36229039418 52.2524820826603 55.9376288069547 76.5663989813793
290000 -55312.2414640615 -38.4185613810263 305.42712162731 52.2387474124417 55.899072332448 76.7604376063584
291000 -55264.1143971079 276.681738518063 302.784073817252 52.4969529710433 55.8306402892416 76.7322190157268
292000 -55337.1372785282 184.773675778478 304.148862583966 52.3902995015587 55.8108505556824 76.7850157385198
293000 -55428.1253543627 -319.691521819243 305.527353714575 52.2717497014494 56.0913129724651 76.8982340126516
294000 -55344.8598078239 -332.655535011451 300.983056677991 52.3020482744507 56.0037661333867 76.7758404015933
295000 -55110.5685781049 -789.264242127193 304.882953487681 52.2479715793098 56.1305105892997 76.7113536788356
296000 -55471.8164027099 554.207425528283 304.129640318639 52.0516281465684 55.9764615438037 76.662303788177
297000 -55534.389710132 -354.713109711717 301.397042140522 52.2682016893732 56.1680536232603 76.4158220302908
298000 -55439.1553749778 -412.069297840824 305.671676874071 52.0146406479077 56.1714420299871 76.5549450633994
299000 -55209.0799963407 -68.8135154606089 301.025502509374 52.0450334303693 56.1083006844345 76.7695674423549
300000 -55211.1691407337 34.9408121329366 304.800887675415 52.1021888445389 56.107994672741 76.6778614962343
301000 -55368.5789740298 -164.272093224408 302.232098691854 52.1447246393369 56.1875146395259 76.6677207548671
302000 -55318.9764965579 60.4949655770483 309.341823625245 52.3556632492015 55.955664084274 76.2473068592984
303000 -55340.6645363083 196.577793762828 301.013557056898 52.4007045922342 55.9610621907889 76.1501602070706
304000 -55389.1973116451 362.883644984312 300.435358455287 52.2986455899247 56.0249090120361 76.3407149857153
305000 -55231.9886620104 37.668520183304 301.896617729159 52.3303920613113 56.1801321420836 76.2884245574492
306000 -55321.5526120945 -6.25805775960001 305.994062381781 52.2699135765781 56.0564346862007 76.5840344352978
307000 -55244.8411305424 36.0782154745003 302.364329292062 52.1656269783223 55.7379622594062 77.0006556451567
308000 -55136.3744747832 40.8133123795482 304.430456466646 52.3864647371002 55.7570356307778 76.6693867500236
309000 -55327.3716562208 -118.264405408331 302.627469438033 52.3665430409979 55.9242170061471 76.3194678179806
310000 -55422.901546196 -671.57867138931 308.082743757267 52.3211378927791 56.005533225422 76.3125381187311
311000 -55412.8351865787 249.416943798819 302.796130196517 52.4752279006973 56.0622529260175 76.1276643394191
312000 -55500.7898767996 16.7413420162743 306.425716876475 52.5053124825085 55.8515013095647 76.2241998626945
313000 -55462.3235888923 -20.5379299709708 304.241979923624 52.5406056634105 55.9109068970439 76.1304097314514
314000 -55435.4828104317 113.96432940611 307.84426880741 52.5693468653605 55.8613434404587 76.1924126482053
315000 -55505.4729335229 -140.896608284332 305.365671123997 52.406354847713 56.0075731822623 76.1403692395726
316000 -55422.6568722207 300.944330257552 308.62867859797 52.7061531367751 55.9798102426377 75.8653870785867
317000 -55492.3971861862 201.373421483932 305.203304819778 52.686150105555 55.9456103280317 75.8237096806005
318000 -55370.7761322314 566.168542299608 304.809505143102 52.6040469999706 56.0286949783686 75.7430228918102
319000 -55455.92523951 104.793177473543 306.059796764896 52.8488669999019 55.8283555662888 76.1241271816625
320000 -55465.2105692618 -143.409370154815 303.146133129831 52.8521869435358 55.8485707426784 75.9961525747665
321000 -55288.9353890399 -72.9583306778671 301.111685901864 52.6467739055098 55.8620437712132 76.0656195856904
322000 -55473.59800456 -253.752545409948 303.290953429116 52.8383763314863 55.8956681134381 75.8296446455746
323000 -55245.675141197 -44.5171610928288 305.101698555719 52.7760573730949 55.8803399301854 75.7904308042755
324000 -55404.0449745642 55.4769257327551 303.32005548613 52.7404695952171 55.870648309395 76.0499246248081
325000 -55460.5375133307 -346.758783216039 303.005434885612 52.7993683379875 55.8590222815157 76.0685347328027
326000 -55270.3021471903 -103.085486763783 305.912659669018 52.698850412804 55.9805930684093 76.0294856341294
327000 -55425.3030962481 68.5949914838996 301.741049542443 52.5394919390612 55.8798236994117 76.0359235015694
328000 -55244.949234134 -361.356474721927 302.865264445971 52.5918986985038 55.8662947720195 76.1838407605366
329000 -55464.6326108284 479.987234616165 304.237329473082 52.6198720150537 55.731749377699 76.4352737321493
330000 -55362.8044713007 281.037757089666 300.44762604499 52.5090435127841 55.9935099689077 76.2993867753096
331000 -55328.1942592219 484.724146606996 302.202319971422 52.4672942615714 55.9267186830937 76.2099194576198
332000 -55398.2331640892 -373.337182776768 300.936840294647 52.4140209289915 55.7826277083003 76.509365150369
333000 -55435.7837359519 58.5152477789777 306.254038989069 52.6248894897266 55.6953365533662 76.3789524725023
334000 -55580.6801340374 -119.689940313112 305.128305103696 52.498590451821 55.7715428392021 76.4347374855783
335000 -55352.6053929914 -419.621887436368 304.722814242306 52.4616331344889 55.9006860093511 76.6595544867936
336000 -55327.8430493722 -26.19176607017 305.377657100774 52.4649813704767 55.6550207577781 76.4679109621513
337000 -55390.1351594899 7.19001776508543 300.964459886638 52.6197235179025 55.8442473893509 76.3212479796315
338000 -55496.3306197689 -47.3908363194494 303.087850573285 52.7095783016597 55.6211033963231 76.3636035696969
339000 -55434.7515717562 75.961664846239 305.683188559221 52.5783558271382 55.878014828637 76.3052305283983
340000 -55289.9990082076 76.6273209647028 305.790959420359 52.6596517017967 55.9776459515973 76.1241432844967
341000 -55445.4036309006 471.343457584163 300.843670468883 52.6350386242626 55.8241353345063 76.2117234948913
342000 -55280.8108631585 299.266202864211 301.377314351207 52.6551280015284 55.8904591331035 76.3332186514662
343000 -55389.8525590095 -15.2632004876687 302.459618308532 52.4707524572164 55.7240410637261 76.5619118696004
344000 -55321.6422107638 -262.069503310152 305.469059348845 52.4743593496946 55.8323640291732 76.6459054132728
345000 -55310.1747985388 -579.405173233668 305.274627712513 52.468649056385 55.8640222027183 76.6696071235017
346000 -55391.5181125654 -253.294530820691 301.474109225297 52.4059890932313 55.9192058083522 76.9084500388293
347000 -55152.2595282333 -184.267133812126 305.461285576519 52.6004111563232 55.8311268548192 76.5450842750433
348000 -55479.258498386 -87.848100971781 302.069957559565 52.3661741898143 55.9557193629423 76.3953940493002
349000 -55131.7586058321 349.088076298039 303.327387249289 52.4063433919428 55.8671454994648 76.4166926654699
350000 -55228.9348125232 202.661660742548 301.817035986723 52.5146060394905 55.9562704702664 76.3798019681053
351000 -55089.2650409809 -184.74277571232 302.698001299885 52.6590401977008 55.8179857987335 76.3838783613777
352000 -55433.7484350866 69.8916877420957 302.794711572749 52.292586394435 56.0692723210739 76.3754305027484
353000 -55562.6871260232 127.111804506051 305.590396705183 52.1353904423598 55.8249849852357 76.5927693015882
354000 -55446.4530347232 69.7166727707549 302.377739120098 52.0967627229046 56.2555546454256 76.5190679754137
355000 -55402.0606698983 236.954521415204 301.454792665512 52.0679452572624 55.7874451227554 77.0614679967564
356000 -55402.9784279426 -8.47914554355842 302.571277828364 52.0588351486347 55.8594950159633 77.2903481636906
357000 -55351.3383079515 -45.9054271070613 304.63797002028 52.1744396154388 55.5727952295245 77.5611808863246
358000 -55406.5499238174 57.0160657345305 307.752224244775 52.1756317563439 55.6016126988194 77.0469194960982
359000 -55318.2166657545 230.795328676992 308.26800857187 52.232494987166 55.9153049208556 76.8447163797224
360000 -55297.4149943333 745.414023941651 304.690482120111 52.195068501139 56.0833952198 76.6126598959052
361000 -55502.7313899661 551.647509168021 303.376845430063 51.9172064095359 55.9196473798972 76.9773730884956
362000 -55265.1585422581 94.8725705460826 302.973460052984 52.3196154072675 55.8479568262319 76.9746398561789
363000 -55246.4689010066 734.541245787741 303.930933473879 52.2755805406281 55.7796139949537 76.7454778920446
364000 -55369.187979678 733.931985513061 304.509186489747 52.2352632219377 55.7247886662973 76.7314043031007
365000 -55507.0589996484 82.3388548753332 299.201242993245 52.3708681172508 55.8223295618464 76.7252752006851
366000 -55376.8185464765 -137.337860791873 306.949410553901 52.3677775865928 55.8309539817368 76.7449651999735
367000 -55389.9100370219 -251.152958017294 303.515612299853 52.5040371907724 55.5246462487117 76.9482347676898
368000 -55572.860319533 -145.891913718002 303.407566446401 52.3171617749341 55.7406048504215 76.6127653269972
369000 -55279.8756502876 -768.873076585673 304.426713147214 52.1539085834249 55.7751472372252 77.048581552473
370000 -55282.3905346673 -326.589738707576 302.741980966164 52.4317131133357 55.667179275613 76.7124337373552
371000 -55420.4247338593 -190.244158112647 306.378824201581 52.4003329422877 55.6990259114438 76.6396266151692
372000 -55376.0553504004 -391.490427377673 300.546698357727 52.1115445388126 55.9076579505604 76.5235562126143
373000 -55445.8406975953 140.044038455159 302.627105234131 52.1706479256256 55.689584876992 77.0688830745382
374000 -55347.8950910973 117.687248981202 307.679554798544 52.1745055811566 55.6267867013788 77.0909267488198
375000 -55503.4985916024 145.834634776925 306.892101700837 52.3453346210131 55.5901231230518 76.7939927705922
376000 -55135.9731514974 -234.823074120614 305.128061823308 52.3697959289956 55.7613160843008 77.0384905080143
377000 -55477.1242691183 92.6205131111476 305.199297867293 52.2377683235629 55.6532990296041 76.9443286214903
378000 -55418.3444011629 395.039560387006 305.332330738406 52.2293864386686 55.7308267620268 76.9351810354111
379000 -55439.2634698887 83.3731496917169 305.066349085198 52.4413915708389 55.6712330991998 76.9705762726759
380000 -55265.5140429587 362.161514176986 302.505867011423 52.4267104314861 55.7112913008764 76.8196499824179
