Log file opened on Fri Dec  9 13:42:08 2016
Host: filey.vuse.vanderbilt.edu  pid: 98721  rank ID: 0  number of ranks:  1
                   :-) GROMACS - gmx mdrun, VERSION 5.1.2 (-:

                            GROMACS is written by:
     Emile Apol      Rossen Apostolov  Herman J.C. Berendsen    Par Bjelkmar   
 Aldert van Buuren   Rudi van Drunen     Anton Feenstra   Sebastian Fritsch 
  Gerrit Groenhof   Christoph Junghans   Anca Hamuraru    Vincent Hindriksen
 Dimitrios Karkoulis    Peter Kasson        Jiri Kraus      Carsten Kutzner  
    Per Larsson      Justin A. Lemkul   Magnus Lundborg   Pieter Meulenhoff 
   Erik Marklund      Teemu Murtola       Szilard Pall       Sander Pronk   
   Roland Schulz     Alexey Shvetsov     Michael Shirts     Alfons Sijbers  
   Peter Tieleman    Teemu Virolainen  Christian Wennberg    Maarten Wolf   
                           and the project leaders:
        Mark Abraham, Berk Hess, Erik Lindahl, and David van der Spoel

Copyright (c) 1991-2000, University of Groningen, The Netherlands.
Copyright (c) 2001-2015, The GROMACS development team at
Uppsala University, Stockholm University and
the Royal Institute of Technology, Sweden.
check out http://www.gromacs.org for more information.

GROMACS is free software; you can redistribute it and/or modify it
under the terms of the GNU Lesser General Public License
as published by the Free Software Foundation; either version 2.1
of the License, or (at your option) any later version.

GROMACS:      gmx mdrun, VERSION 5.1.2
Executable:   /usr/local/gromacs/bin//gmx
Data prefix:  /usr/local/gromacs
Command line:
  gmx mdrun -deffnm nvteq_DSPC-20_alc24-80_0129

GROMACS version:    VERSION 5.1.2
Precision:          single
Memory model:       64 bit
MPI library:        thread_mpi
OpenMP support:     disabled
GPU support:        enabled
OpenCL support:     disabled
invsqrt routine:    gmx_software_invsqrt(x)
SIMD instructions:  SSE4.1
FFT library:        fftw-3.3.4-sse2
RDTSCP usage:       enabled
C++11 compilation:  disabled
TNG support:        enabled
Tracing support:    disabled
Built on:           Tue May 31 09:28:24 CDT 2016
Built by:           leonhaac@filey.vuse.vanderbilt.edu [CMAKE]
Build OS/arch:      Darwin 10.8.0 x86_64
Build CPU vendor:   GenuineIntel
Build CPU brand:    Intel(R) Xeon(R) CPU           X5650  @ 2.67GHz
Build CPU family:   6   Model: 44   Stepping: 2
Build CPU features: aes apic clfsh cmov cx8 cx16 htt lahf_lm mmx msr nonstop_tsc pcid pclmuldq pdcm pdpe1gb popcnt pse rdtscp sse2 sse3 sse4.1 sse4.2 ssse3
C compiler:         /Developer/usr/bin/cc GNU 4.2.1
C compiler flags:    -msse4.1    -Wextra -Wno-missing-field-initializers -Wno-sign-compare -Wpointer-arith -Wall -Wno-unused -Wunused-value -Wunused-parameter -Wno-unknown-pragmas  -O3 -DNDEBUG -funroll-all-loops  
C++ compiler:       /Developer/usr/bin/c++ GNU 4.2.1
C++ compiler flags:  -msse4.1    -Wextra -Wno-missing-field-initializers -Wpointer-arith -Wall -Wno-unused-function -Wno-unknown-pragmas  -O3 -DNDEBUG -funroll-all-loops  
Boost version:      1.55.0 (internal)
CUDA compiler:      /usr/local/cuda/bin/nvcc nvcc: NVIDIA (R) Cuda compiler driver;Copyright (c) 2005-2011 NVIDIA Corporation;Built on Fri_May_13_01:54:22_PDT_2011;Cuda compilation tools, release 4.0, V0.2.1221
CUDA compiler flags:-gencode;arch=compute_20,code=sm_20;-gencode;arch=compute_20,code=compute_20;-use_fast_math;-D__STRICT_ANSI__; ;-msse4.1;-Wextra;-Wno-missing-field-initializers;-Wpointer-arith;-Wall;-Wno-unused-function;-Wno-unknown-pragmas;-O3;-DNDEBUG;-funroll-all-loops;
CUDA driver:        0.0
CUDA runtime:       0.0


NOTE: Error occurred during GPU detection:
      no CUDA-capable device is detected
      Can not use GPU acceleration, will fall back to CPU kernels.


Running on 1 node with total 24 logical cores, 0 compatible GPUs
Hardware detected:
  CPU info:
    Vendor: GenuineIntel
    Brand:  Intel(R) Xeon(R) CPU           X5650  @ 2.67GHz
    Family:  6  model: 44  stepping:  2
    CPU features: aes apic clfsh cmov cx8 cx16 htt lahf_lm mmx msr nonstop_tsc pcid pclmuldq pdcm pdpe1gb popcnt pse rdtscp sse2 sse3 sse4.1 sse4.2 ssse3
    SIMD instructions most likely to fit this hardware: SSE4.1
    SIMD instructions selected at GROMACS compile time: SSE4.1


++++ PLEASE READ AND CITE THE FOLLOWING REFERENCE ++++
M. J. Abraham, T. Murtola, R. Schulz, S. Páll, J. C. Smith, B. Hess, E.
Lindahl
GROMACS: High performance molecular simulations through multi-level
parallelism from laptops to supercomputers
SoftwareX 1 (2015) pp. 19-25
-------- -------- --- Thank You --- -------- --------


++++ PLEASE READ AND CITE THE FOLLOWING REFERENCE ++++
S. Páll, M. J. Abraham, C. Kutzner, B. Hess, E. Lindahl
Tackling Exascale Software Challenges in Molecular Dynamics Simulations with
GROMACS
In S. Markidis & E. Laure (Eds.), Solving Software Challenges for Exascale 8759 (2015) pp. 3-27
-------- -------- --- Thank You --- -------- --------


++++ PLEASE READ AND CITE THE FOLLOWING REFERENCE ++++
S. Pronk, S. Páll, R. Schulz, P. Larsson, P. Bjelkmar, R. Apostolov, M. R.
Shirts, J. C. Smith, P. M. Kasson, D. van der Spoel, B. Hess, and E. Lindahl
GROMACS 4.5: a high-throughput and highly parallel open source molecular
simulation toolkit
Bioinformatics 29 (2013) pp. 845-54
-------- -------- --- Thank You --- -------- --------


++++ PLEASE READ AND CITE THE FOLLOWING REFERENCE ++++
B. Hess and C. Kutzner and D. van der Spoel and E. Lindahl
GROMACS 4: Algorithms for highly efficient, load-balanced, and scalable
molecular simulation
J. Chem. Theory Comput. 4 (2008) pp. 435-447
-------- -------- --- Thank You --- -------- --------


++++ PLEASE READ AND CITE THE FOLLOWING REFERENCE ++++
D. van der Spoel, E. Lindahl, B. Hess, G. Groenhof, A. E. Mark and H. J. C.
Berendsen
GROMACS: Fast, Flexible and Free
J. Comp. Chem. 26 (2005) pp. 1701-1719
-------- -------- --- Thank You --- -------- --------


++++ PLEASE READ AND CITE THE FOLLOWING REFERENCE ++++
E. Lindahl and B. Hess and D. van der Spoel
GROMACS 3.0: A package for molecular simulation and trajectory analysis
J. Mol. Mod. 7 (2001) pp. 306-317
-------- -------- --- Thank You --- -------- --------


++++ PLEASE READ AND CITE THE FOLLOWING REFERENCE ++++
H. J. C. Berendsen, D. van der Spoel and R. van Drunen
GROMACS: A message-passing parallel molecular dynamics implementation
Comp. Phys. Comm. 91 (1995) pp. 43-56
-------- -------- --- Thank You --- -------- --------

Changing nstlist from 10 to 40, rlist from 1.4 to 1.42

Input Parameters:
   integrator                     = md
   tinit                          = 0
   dt                             = 0.002
   nsteps                         = 50000
   init-step                      = 0
   simulation-part                = 1
   comm-mode                      = Linear
   nstcomm                        = 100
   bd-fric                        = 0
   ld-seed                        = 3191682739
   emtol                          = 10
   emstep                         = 0.01
   niter                          = 20
   fcstep                         = 0
   nstcgsteep                     = 1000
   nbfgscorr                      = 10
   rtpi                           = 0.05
   nstxout                        = 500
   nstvout                        = 500
   nstfout                        = 0
   nstlog                         = 500
   nstcalcenergy                  = 100
   nstenergy                      = 500
   nstxout-compressed             = 0
   compressed-x-precision         = 1000
   cutoff-scheme                  = Verlet
   nstlist                        = 40
   ns-type                        = Grid
   pbc                            = xyz
   periodic-molecules             = FALSE
   verlet-buffer-tolerance        = 0.005
   rlist                          = 1.42
   rlistlong                      = 1.42
   nstcalclr                      = 10
   coulombtype                    = PME
   coulomb-modifier               = Potential-shift
   rcoulomb-switch                = 0
   rcoulomb                       = 1.4
   epsilon-r                      = 1
   epsilon-rf                     = inf
   vdw-type                       = Cut-off
   vdw-modifier                   = Potential-shift
   rvdw-switch                    = 0
   rvdw                           = 1.4
   DispCorr                       = EnerPres
   table-extension                = 1
   fourierspacing                 = 0.16
   fourier-nx                     = 25
   fourier-ny                     = 25
   fourier-nz                     = 72
   pme-order                      = 4
   ewald-rtol                     = 1e-05
   ewald-rtol-lj                  = 0.001
   lj-pme-comb-rule               = Geometric
   ewald-geometry                 = 0
   epsilon-surface                = 0
   implicit-solvent               = No
   gb-algorithm                   = Still
   nstgbradii                     = 1
   rgbradii                       = 1
   gb-epsilon-solvent             = 80
   gb-saltconc                    = 0
   gb-obc-alpha                   = 1
   gb-obc-beta                    = 0.8
   gb-obc-gamma                   = 4.85
   gb-dielectric-offset           = 0.009
   sa-algorithm                   = Ace-approximation
   sa-surface-tension             = 2.05016
   tcoupl                         = Nose-Hoover
   nsttcouple                     = 10
   nh-chain-length                = 1
   print-nose-hoover-chain-variables = FALSE
   pcoupl                         = No
   pcoupltype                     = Isotropic
   nstpcouple                     = -1
   tau-p                          = 1
   compressibility (3x3):
      compressibility[    0]={ 0.00000e+00,  0.00000e+00,  0.00000e+00}
      compressibility[    1]={ 0.00000e+00,  0.00000e+00,  0.00000e+00}
      compressibility[    2]={ 0.00000e+00,  0.00000e+00,  0.00000e+00}
   ref-p (3x3):
      ref-p[    0]={ 0.00000e+00,  0.00000e+00,  0.00000e+00}
      ref-p[    1]={ 0.00000e+00,  0.00000e+00,  0.00000e+00}
      ref-p[    2]={ 0.00000e+00,  0.00000e+00,  0.00000e+00}
   refcoord-scaling               = No
   posres-com (3):
      posres-com[0]= 0.00000e+00
      posres-com[1]= 0.00000e+00
      posres-com[2]= 0.00000e+00
   posres-comB (3):
      posres-comB[0]= 0.00000e+00
      posres-comB[1]= 0.00000e+00
      posres-comB[2]= 0.00000e+00
   QMMM                           = FALSE
   QMconstraints                  = 0
   QMMMscheme                     = 0
   MMChargeScaleFactor            = 1
qm-opts:
   ngQM                           = 0
   constraint-algorithm           = Lincs
   continuation                   = FALSE
   Shake-SOR                      = FALSE
   shake-tol                      = 0.0001
   lincs-order                    = 4
   lincs-iter                     = 1
   lincs-warnangle                = 30
   nwall                          = 0
   wall-type                      = 9-3
   wall-r-linpot                  = -1
   wall-atomtype[0]               = -1
   wall-atomtype[1]               = -1
   wall-density[0]                = 0
   wall-density[1]                = 0
   wall-ewald-zfac                = 3
   pull                           = FALSE
   rotation                       = FALSE
   interactiveMD                  = FALSE
   disre                          = No
   disre-weighting                = Conservative
   disre-mixed                    = FALSE
   dr-fc                          = 1000
   dr-tau                         = 0
   nstdisreout                    = 100
   orire-fc                       = 0
   orire-tau                      = 0
   nstorireout                    = 100
   free-energy                    = no
   cos-acceleration               = 0
   deform (3x3):
      deform[    0]={ 0.00000e+00,  0.00000e+00,  0.00000e+00}
      deform[    1]={ 0.00000e+00,  0.00000e+00,  0.00000e+00}
      deform[    2]={ 0.00000e+00,  0.00000e+00,  0.00000e+00}
   simulated-tempering            = FALSE
   E-x:
      n = 0
   E-xt:
      n = 0
   E-y:
      n = 0
   E-yt:
      n = 0
   E-z:
      n = 0
   E-zt:
      n = 0
   swapcoords                     = no
   adress                         = FALSE
   userint1                       = 0
   userint2                       = 0
   userint3                       = 0
   userint4                       = 0
   userreal1                      = 0
   userreal2                      = 0
   userreal3                      = 0
   userreal4                      = 0
grpopts:
   nrdf:     8238.95       15358
   ref-t:         305         305
   tau-t:         0.4         0.4
annealing:          No          No
annealing-npoints:           0           0
   acc:	           0           0           0
   nfreeze:           N           N           N
   energygrp-flags[  0]: 0


Initializing Domain Decomposition on 24 ranks
Dynamic load balancing: auto
Will sort the charge groups at every domain (re)decomposition
Initial maximum inter charge-group distances:
    two-body bonded interactions: 0.282 nm, Exclusion, atoms 173 175
  multi-body bonded interactions: 0.424 nm, Proper Dih., atoms 170 175
Minimum cell size due to bonded interactions: 0.466 nm
Maximum distance for 5 constraints, at 120 deg. angles, all-trans: 0.771 nm
Estimated maximum distance required for P-LINCS: 0.771 nm
This distance will limit the DD cell size, you can override this with -rcon
Guess for relative PME load: 0.09
Will use 20 particle-particle and 4 PME only ranks
This is a guess, check the performance at the end of the log file
Using 4 separate PME ranks, as guessed by mdrun
Scaling the initial minimum size with 1/0.8 (option -dds) = 1.25
Optimizing the DD grid for 20 cells with a minimum initial size of 0.964 nm
The maximum allowed number of cells is: X 4 Y 4 Z 11
Domain decomposition grid 4 x 1 x 5, separate PME ranks 4
PME domain decomposition: 4 x 1 x 1
Interleaving PP and PME ranks
This rank does only particle-particle work.

Domain decomposition rank 0, coordinates 0 0 0

Using 24 MPI threads
Will do PME sum in reciprocal space for electrostatic interactions.

++++ PLEASE READ AND CITE THE FOLLOWING REFERENCE ++++
U. Essmann, L. Perera, M. L. Berkowitz, T. Darden, H. Lee and L. G. Pedersen 
A smooth particle mesh Ewald method
J. Chem. Phys. 103 (1995) pp. 8577-8592
-------- -------- --- Thank You --- -------- --------

Will do ordinary reciprocal space Ewald sum.
Using a Gaussian width (1/beta) of 0.448228 nm for Ewald
Cut-off's:   NS: 1.42   Coulomb: 1.4   LJ: 1.4
Long Range LJ corr.: <C6> 1.5429e-03
System total charge: -0.000
Generated table with 1210 data points for Ewald.
Tabscale = 500 points/nm
Generated table with 1210 data points for LJ6.
Tabscale = 500 points/nm
Generated table with 1210 data points for LJ12.
Tabscale = 500 points/nm
Potential shift: LJ r^-12: -1.764e-02 r^-6: -1.328e-01, Ewald -1.000e-05
Initialized non-bonded Ewald correction tables, spacing: 1.10e-03 size: 1270


Using SSE4.1 4x4 non-bonded kernels

Using full Lennard-Jones parameter combination matrix

Removing pbc first time

Initializing Parallel LINear Constraint Solver

++++ PLEASE READ AND CITE THE FOLLOWING REFERENCE ++++
B. Hess
P-LINCS: A Parallel Linear Constraint Solver for molecular simulation
J. Chem. Theory Comput. 4 (2008) pp. 116-122
-------- -------- --- Thank You --- -------- --------

The number of constraints is 3928
There are inter charge-group constraints,
will communicate selected coordinates each lincs iteration

++++ PLEASE READ AND CITE THE FOLLOWING REFERENCE ++++
S. Miyamoto and P. A. Kollman
SETTLE: An Analytical Version of the SHAKE and RATTLE Algorithms for Rigid
Water Models
J. Comp. Chem. 13 (1992) pp. 952-962
-------- -------- --- Thank You --- -------- --------


Linking all bonded interactions to atoms

The initial number of communication pulses is: X 2 Z 1
The initial domain decomposition cell size is: X 1.00 nm Z 2.26 nm

The maximum allowed distance for charge groups involved in interactions is:
                 non-bonded interactions           1.420 nm
            two-body bonded interactions  (-rdd)   1.420 nm
          multi-body bonded interactions  (-rdd)   1.000 nm
  atoms separated by up to 5 constraints  (-rcon)  1.000 nm

When dynamic load balancing gets turned on, these settings will change to:
The maximum number of communication pulses is: X 2 Z 2
The minimum size for domain decomposition cells is 0.771 nm
The requested allowed shrink of DD cells (option -dds) is: 0.80
The allowed shrink of domain decomposition cells is: X 0.77 Z 0.34
The maximum allowed distance for charge groups involved in interactions is:
                 non-bonded interactions           1.420 nm
            two-body bonded interactions  (-rdd)   1.420 nm
          multi-body bonded interactions  (-rdd)   0.771 nm
  atoms separated by up to 5 constraints  (-rcon)  0.771 nm


Making 2D domain decomposition grid 4 x 1 x 5, home cell index 0 0 0

Center of mass motion removal mode is Linear
We have the following groups for center of mass motion removal:
  0:  rest
There are: 11736 Atoms
Atom distribution over 20 domains: av 586 stddev 250 min 362 max 963

Constraining the starting coordinates (step 0)

Constraining the coordinates at t0-dt (step 0)
RMS relative constraint deviation after constraining: 0.00e+00
Initial temperature: 304.378 K

Started mdrun on rank 0 Fri Dec  9 13:42:09 2016
           Step           Time         Lambda
              0        0.00000        0.00000

   Energies (kJ/mol)
       G96Angle    Proper Dih.  Improper Dih.        LJ (SR)  Disper. corr.
    5.05742e+03    3.75482e+03    9.83319e+01   -3.69986e+03   -1.79251e+03
   Coulomb (SR)   Coul. recip.      Potential    Kinetic En.   Total Energy
   -1.32194e+05    4.43647e+03   -1.24340e+05    2.98765e+04   -9.44632e+04
  Conserved En.    Temperature Pres. DC (bar) Pressure (bar)   Constr. rmsd
   -9.44632e+04    3.04557e+02   -1.64691e+02    2.01379e+03    1.74341e-05

DD  step 39 load imb.: force 118.0%  pme mesh/force 0.357

At step 40 the performance loss due to force load imbalance is 37.0 %

NOTE: Turning on dynamic load balancing

           Step           Time         Lambda
            500        1.00000        0.00000

   Energies (kJ/mol)
       G96Angle    Proper Dih.  Improper Dih.        LJ (SR)  Disper. corr.
    5.90024e+03    4.65315e+03    1.03371e+02   -1.99570e+02   -1.79251e+03
   Coulomb (SR)   Coul. recip.      Potential    Kinetic En.   Total Energy
   -1.49246e+05    1.07601e+03   -1.39506e+05    2.88809e+04   -1.10625e+05
  Conserved En.    Temperature Pres. DC (bar) Pressure (bar)   Constr. rmsd
   -9.44637e+04    2.94409e+02   -1.64691e+02    1.39639e+03    6.55271e-06

DD  step 999  vol min/aver 0.468  load imb.: force  5.0%  pme mesh/force 0.761

           Step           Time         Lambda
           1000        2.00000        0.00000

   Energies (kJ/mol)
       G96Angle    Proper Dih.  Improper Dih.        LJ (SR)  Disper. corr.
    5.87570e+03    4.56965e+03    1.36032e+02   -1.81124e+02   -1.79251e+03
   Coulomb (SR)   Coul. recip.      Potential    Kinetic En.   Total Energy
   -1.51274e+05    7.04935e+02   -1.41961e+05    2.99989e+04   -1.11962e+05
  Conserved En.    Temperature Pres. DC (bar) Pressure (bar)   Constr. rmsd
   -9.43446e+04    3.05805e+02   -1.64691e+02    1.66390e+02    6.37019e-06

           Step           Time         Lambda
           1500        3.00000        0.00000

   Energies (kJ/mol)
       G96Angle    Proper Dih.  Improper Dih.        LJ (SR)  Disper. corr.
    6.19213e+03    4.68351e+03    1.18671e+02    1.51470e+03   -1.79251e+03
   Coulomb (SR)   Coul. recip.      Potential    Kinetic En.   Total Energy
   -1.54356e+05    6.34199e+02   -1.43005e+05    2.99702e+04   -1.13035e+05
  Conserved En.    Temperature Pres. DC (bar) Pressure (bar)   Constr. rmsd
   -9.42495e+04    3.05513e+02   -1.64691e+02    2.99419e+02    6.60086e-06

DD  step 1999  vol min/aver 0.447  load imb.: force  5.2%  pme mesh/force 0.463

           Step           Time         Lambda
           2000        4.00000        0.00000

   Energies (kJ/mol)
       G96Angle    Proper Dih.  Improper Dih.        LJ (SR)  Disper. corr.
    6.08771e+03    4.86948e+03    1.51495e+02    1.40132e+03   -1.79251e+03
   Coulomb (SR)   Coul. recip.      Potential    Kinetic En.   Total Energy
   -1.54980e+05    5.90115e+02   -1.43672e+05    2.97851e+04   -1.13887e+05
  Conserved En.    Temperature Pres. DC (bar) Pressure (bar)   Constr. rmsd
   -9.42198e+04    3.03625e+02   -1.64691e+02    4.81890e+02    6.76699e-06

           Step           Time         Lambda
           2500        5.00000        0.00000

   Energies (kJ/mol)
       G96Angle    Proper Dih.  Improper Dih.        LJ (SR)  Disper. corr.
    6.38596e+03    4.85681e+03    1.13411e+02    5.85935e+02   -1.79251e+03
   Coulomb (SR)   Coul. recip.      Potential    Kinetic En.   Total Energy
   -1.54169e+05    5.91910e+02   -1.43427e+05    2.94755e+04   -1.13952e+05
  Conserved En.    Temperature Pres. DC (bar) Pressure (bar)   Constr. rmsd
   -9.42875e+04    3.00470e+02   -1.64691e+02    3.66615e+02    6.46288e-06

DD  step 2999  vol min/aver 0.468  load imb.: force  5.5%  pme mesh/force 0.452

           Step           Time         Lambda
           3000        6.00000        0.00000

   Energies (kJ/mol)
       G96Angle    Proper Dih.  Improper Dih.        LJ (SR)  Disper. corr.
    6.11906e+03    4.82504e+03    1.33676e+02    2.63454e+01   -1.79251e+03
   Coulomb (SR)   Coul. recip.      Potential    Kinetic En.   Total Energy
   -1.54112e+05    5.63501e+02   -1.44237e+05    3.00187e+04   -1.14219e+05
  Conserved En.    Temperature Pres. DC (bar) Pressure (bar)   Constr. rmsd
   -9.42656e+04    3.06007e+02   -1.64691e+02   -6.14525e+02    6.48451e-06

           Step           Time         Lambda
           3500        7.00000        0.00000

   Energies (kJ/mol)
       G96Angle    Proper Dih.  Improper Dih.        LJ (SR)  Disper. corr.
    6.15400e+03    4.83333e+03    1.31606e+02    3.12509e+02   -1.79251e+03
   Coulomb (SR)   Coul. recip.      Potential    Kinetic En.   Total Energy
   -1.54590e+05    5.73471e+02   -1.44377e+05    3.06788e+04   -1.13698e+05
  Conserved En.    Temperature Pres. DC (bar) Pressure (bar)   Constr. rmsd
   -9.41980e+04    3.12736e+02   -1.64691e+02   -3.98643e+02    6.00192e-06

DD  step 3999  vol min/aver 0.495  load imb.: force  6.2%  pme mesh/force 0.460

           Step           Time         Lambda
           4000        8.00000        0.00000

   Energies (kJ/mol)
       G96Angle    Proper Dih.  Improper Dih.        LJ (SR)  Disper. corr.
    6.27587e+03    4.86469e+03    1.53124e+02    1.54022e+02   -1.79251e+03
   Coulomb (SR)   Coul. recip.      Potential    Kinetic En.   Total Energy
   -1.54895e+05    5.62583e+02   -1.44677e+05    3.00229e+04   -1.14654e+05
  Conserved En.    Temperature Pres. DC (bar) Pressure (bar)   Constr. rmsd
   -9.41704e+04    3.06050e+02   -1.64691e+02   -3.23100e+02    6.71546e-06

           Step           Time         Lambda
           4500        9.00000        0.00000

   Energies (kJ/mol)
       G96Angle    Proper Dih.  Improper Dih.        LJ (SR)  Disper. corr.
    6.14889e+03    4.99315e+03    1.14749e+02   -5.16113e+02   -1.79251e+03
   Coulomb (SR)   Coul. recip.      Potential    Kinetic En.   Total Energy
   -1.53326e+05    5.35158e+02   -1.43843e+05    2.98280e+04   -1.14015e+05
  Conserved En.    Temperature Pres. DC (bar) Pressure (bar)   Constr. rmsd
   -9.42632e+04    3.04063e+02   -1.64691e+02   -4.56836e+02    6.34573e-06

DD  step 4999  vol min/aver 0.486  load imb.: force  6.1%  pme mesh/force 0.454

           Step           Time         Lambda
           5000       10.00000        0.00000

   Energies (kJ/mol)
       G96Angle    Proper Dih.  Improper Dih.        LJ (SR)  Disper. corr.
    6.35319e+03    4.70534e+03    1.45110e+02    6.83900e+01   -1.79251e+03
   Coulomb (SR)   Coul. recip.      Potential    Kinetic En.   Total Energy
   -1.54462e+05    5.24809e+02   -1.44458e+05    2.94805e+04   -1.14977e+05
  Conserved En.    Temperature Pres. DC (bar) Pressure (bar)   Constr. rmsd
   -9.42361e+04    3.00521e+02   -1.64691e+02   -1.13817e+02    6.47064e-06

           Step           Time         Lambda
           5500       11.00000        0.00000

   Energies (kJ/mol)
       G96Angle    Proper Dih.  Improper Dih.        LJ (SR)  Disper. corr.
    6.19251e+03    4.64702e+03    1.33251e+02    3.85661e+02   -1.79251e+03
   Coulomb (SR)   Coul. recip.      Potential    Kinetic En.   Total Energy
   -1.55146e+05    4.92757e+02   -1.45087e+05    3.01835e+04   -1.14903e+05
  Conserved En.    Temperature Pres. DC (bar) Pressure (bar)   Constr. rmsd
   -9.42398e+04    3.07687e+02   -1.64691e+02   -2.78926e+02    6.73292e-06

DD  step 5999  vol min/aver 0.487  load imb.: force  4.1%  pme mesh/force 0.460

           Step           Time         Lambda
           6000       12.00000        0.00000

   Energies (kJ/mol)
       G96Angle    Proper Dih.  Improper Dih.        LJ (SR)  Disper. corr.
    6.56651e+03    4.80329e+03    1.32086e+02   -3.11319e+02   -1.79251e+03
   Coulomb (SR)   Coul. recip.      Potential    Kinetic En.   Total Energy
   -1.54528e+05    5.41291e+02   -1.44589e+05    3.00859e+04   -1.14503e+05
  Conserved En.    Temperature Pres. DC (bar) Pressure (bar)   Constr. rmsd
   -9.43573e+04    3.06691e+02   -1.64691e+02   -7.90244e+02    6.70274e-06

           Step           Time         Lambda
           6500       13.00000        0.00000

   Energies (kJ/mol)
       G96Angle    Proper Dih.  Improper Dih.        LJ (SR)  Disper. corr.
    6.44727e+03    4.67149e+03    1.18199e+02    6.52826e+02   -1.79251e+03
   Coulomb (SR)   Coul. recip.      Potential    Kinetic En.   Total Energy
   -1.56030e+05    5.11232e+02   -1.45421e+05    2.97607e+04   -1.15661e+05
  Conserved En.    Temperature Pres. DC (bar) Pressure (bar)   Constr. rmsd
   -9.42699e+04    3.03376e+02   -1.64691e+02   -1.35620e+02    6.69916e-06

DD  step 6999  vol min/aver 0.489  load imb.: force  8.8%  pme mesh/force 0.484

           Step           Time         Lambda
           7000       14.00000        0.00000

   Energies (kJ/mol)
       G96Angle    Proper Dih.  Improper Dih.        LJ (SR)  Disper. corr.
    6.28178e+03    4.59486e+03    1.43158e+02   -1.50909e+02   -1.79251e+03
   Coulomb (SR)   Coul. recip.      Potential    Kinetic En.   Total Energy
   -1.54465e+05    5.25238e+02   -1.44863e+05    2.99416e+04   -1.14921e+05
  Conserved En.    Temperature Pres. DC (bar) Pressure (bar)   Constr. rmsd
   -9.42302e+04    3.05220e+02   -1.64691e+02   -3.65201e+02    6.51887e-06

           Step           Time         Lambda
           7500       15.00000        0.00000

   Energies (kJ/mol)
       G96Angle    Proper Dih.  Improper Dih.        LJ (SR)  Disper. corr.
    6.30541e+03    4.48038e+03    1.15304e+02   -5.26378e+02   -1.79251e+03
   Coulomb (SR)   Coul. recip.      Potential    Kinetic En.   Total Energy
   -1.54186e+05    5.11707e+02   -1.45092e+05    2.96948e+04   -1.15398e+05
  Conserved En.    Temperature Pres. DC (bar) Pressure (bar)   Constr. rmsd
   -9.41599e+04    3.02704e+02   -1.64691e+02   -5.66743e+02    6.23592e-06

DD  step 7999  vol min/aver 0.493  load imb.: force  3.6%  pme mesh/force 0.467

           Step           Time         Lambda
           8000       16.00000        0.00000

   Energies (kJ/mol)
       G96Angle    Proper Dih.  Improper Dih.        LJ (SR)  Disper. corr.
    5.92189e+03    4.63791e+03    1.50497e+02    6.61595e+02   -1.79251e+03
   Coulomb (SR)   Coul. recip.      Potential    Kinetic En.   Total Energy
   -1.54983e+05    4.96505e+02   -1.44907e+05    2.97268e+04   -1.15181e+05
  Conserved En.    Temperature Pres. DC (bar) Pressure (bar)   Constr. rmsd
   -9.42149e+04    3.03031e+02   -1.64691e+02    9.33873e+00    5.91989e-06

           Step           Time         Lambda
           8500       17.00000        0.00000

   Energies (kJ/mol)
       G96Angle    Proper Dih.  Improper Dih.        LJ (SR)  Disper. corr.
    6.12094e+03    4.66353e+03    1.33523e+02   -8.26206e+02   -1.79251e+03
   Coulomb (SR)   Coul. recip.      Potential    Kinetic En.   Total Energy
   -1.53900e+05    5.04878e+02   -1.45096e+05    3.00940e+04   -1.15002e+05
  Conserved En.    Temperature Pres. DC (bar) Pressure (bar)   Constr. rmsd
   -9.42374e+04    3.06774e+02   -1.64691e+02   -3.11749e+02    5.95428e-06

DD  step 8999  vol min/aver 0.495  load imb.: force  3.4%  pme mesh/force 0.457

           Step           Time         Lambda
           9000       18.00000        0.00000

   Energies (kJ/mol)
       G96Angle    Proper Dih.  Improper Dih.        LJ (SR)  Disper. corr.
    6.48698e+03    4.77888e+03    1.52389e+02   -2.44508e+02   -1.79251e+03
   Coulomb (SR)   Coul. recip.      Potential    Kinetic En.   Total Energy
   -1.54132e+05    5.02133e+02   -1.44248e+05    2.97378e+04   -1.14511e+05
  Conserved En.    Temperature Pres. DC (bar) Pressure (bar)   Constr. rmsd
   -9.43029e+04    3.03143e+02   -1.64691e+02   -6.10562e+02    6.09350e-06

           Step           Time         Lambda
           9500       19.00000        0.00000

   Energies (kJ/mol)
       G96Angle    Proper Dih.  Improper Dih.        LJ (SR)  Disper. corr.
    6.04226e+03    4.44859e+03    1.42501e+02    3.69134e+01   -1.79251e+03
   Coulomb (SR)   Coul. recip.      Potential    Kinetic En.   Total Energy
   -1.55077e+05    5.03867e+02   -1.45696e+05    3.03115e+04   -1.15384e+05
  Conserved En.    Temperature Pres. DC (bar) Pressure (bar)   Constr. rmsd
   -9.41752e+04    3.08991e+02   -1.64691e+02   -5.58261e+02    5.98742e-06

DD  step 9999  vol min/aver 0.493  load imb.: force  4.5%  pme mesh/force 0.452

           Step           Time         Lambda
          10000       20.00000        0.00000

   Energies (kJ/mol)
       G96Angle    Proper Dih.  Improper Dih.        LJ (SR)  Disper. corr.
    6.24898e+03    4.57544e+03    1.42876e+02    6.86490e+02   -1.79251e+03
   Coulomb (SR)   Coul. recip.      Potential    Kinetic En.   Total Energy
   -1.56284e+05    5.37953e+02   -1.45885e+05    2.93476e+04   -1.16537e+05
  Conserved En.    Temperature Pres. DC (bar) Pressure (bar)   Constr. rmsd
   -9.42753e+04    2.99166e+02   -1.64691e+02   -4.57466e+02    6.20866e-06

           Step           Time         Lambda
          10500       21.00000        0.00000

   Energies (kJ/mol)
       G96Angle    Proper Dih.  Improper Dih.        LJ (SR)  Disper. corr.
    6.23120e+03    4.58686e+03    1.56549e+02    1.13954e+02   -1.79251e+03
   Coulomb (SR)   Coul. recip.      Potential    Kinetic En.   Total Energy
   -1.55766e+05    5.03874e+02   -1.45966e+05    2.99890e+04   -1.15977e+05
  Conserved En.    Temperature Pres. DC (bar) Pressure (bar)   Constr. rmsd
   -9.41487e+04    3.05704e+02   -1.64691e+02   -3.54248e+02    6.20970e-06

DD  step 10999  vol min/aver 0.502  load imb.: force  2.8%  pme mesh/force 0.471

           Step           Time         Lambda
          11000       22.00000        0.00000

   Energies (kJ/mol)
       G96Angle    Proper Dih.  Improper Dih.        LJ (SR)  Disper. corr.
    6.22222e+03    4.35582e+03    1.20841e+02    5.48387e+02   -1.79251e+03
   Coulomb (SR)   Coul. recip.      Potential    Kinetic En.   Total Energy
   -1.55970e+05    5.35530e+02   -1.45980e+05    2.96052e+04   -1.16374e+05
  Conserved En.    Temperature Pres. DC (bar) Pressure (bar)   Constr. rmsd
   -9.41475e+04    3.01792e+02   -1.64691e+02   -2.32806e+02    6.27063e-06

           Step           Time         Lambda
          11500       23.00000        0.00000

   Energies (kJ/mol)
       G96Angle    Proper Dih.  Improper Dih.        LJ (SR)  Disper. corr.
    6.05540e+03    4.44190e+03    1.77841e+02   -3.64847e+02   -1.79251e+03
   Coulomb (SR)   Coul. recip.      Potential    Kinetic En.   Total Energy
   -1.55057e+05    4.91214e+02   -1.46048e+05    2.97512e+04   -1.16297e+05
  Conserved En.    Temperature Pres. DC (bar) Pressure (bar)   Constr. rmsd
   -9.42066e+04    3.03280e+02   -1.64691e+02   -3.31965e+02    6.56497e-06

DD  step 11999  vol min/aver 0.482  load imb.: force  4.6%  pme mesh/force 0.433

           Step           Time         Lambda
          12000       24.00000        0.00000

   Energies (kJ/mol)
       G96Angle    Proper Dih.  Improper Dih.        LJ (SR)  Disper. corr.
    6.04578e+03    4.31380e+03    1.40557e+02    2.11527e+02   -1.79251e+03
   Coulomb (SR)   Coul. recip.      Potential    Kinetic En.   Total Energy
   -1.55693e+05    5.20082e+02   -1.46253e+05    2.96516e+04   -1.16602e+05
  Conserved En.    Temperature Pres. DC (bar) Pressure (bar)   Constr. rmsd
   -9.41768e+04    3.02264e+02   -1.64691e+02   -2.97003e+02    6.31673e-06

           Step           Time         Lambda
          12500       25.00000        0.00000

   Energies (kJ/mol)
       G96Angle    Proper Dih.  Improper Dih.        LJ (SR)  Disper. corr.
    5.94564e+03    4.60667e+03    1.28927e+02   -2.52150e+02   -1.79251e+03
   Coulomb (SR)   Coul. recip.      Potential    Kinetic En.   Total Energy
   -1.54283e+05    4.93849e+02   -1.45153e+05    3.00418e+04   -1.15111e+05
  Conserved En.    Temperature Pres. DC (bar) Pressure (bar)   Constr. rmsd
   -9.42312e+04    3.06242e+02   -1.64691e+02   -4.66713e+00    6.18810e-06

DD  step 12999  vol min/aver 0.501  load imb.: force  3.8%  pme mesh/force 0.483

           Step           Time         Lambda
          13000       26.00000        0.00000

   Energies (kJ/mol)
       G96Angle    Proper Dih.  Improper Dih.        LJ (SR)  Disper. corr.
    6.19761e+03    4.36104e+03    1.34102e+02   -9.72348e+02   -1.79251e+03
   Coulomb (SR)   Coul. recip.      Potential    Kinetic En.   Total Energy
   -1.53557e+05    4.95194e+02   -1.45134e+05    2.99214e+04   -1.15213e+05
  Conserved En.    Temperature Pres. DC (bar) Pressure (bar)   Constr. rmsd
   -9.43020e+04    3.05015e+02   -1.64691e+02   -4.20246e+02    6.07446e-06

           Step           Time         Lambda
          13500       27.00000        0.00000

   Energies (kJ/mol)
       G96Angle    Proper Dih.  Improper Dih.        LJ (SR)  Disper. corr.
    5.98252e+03    4.48831e+03    1.18016e+02   -9.19180e+01   -1.79251e+03
   Coulomb (SR)   Coul. recip.      Potential    Kinetic En.   Total Energy
   -1.54639e+05    5.39506e+02   -1.45395e+05    2.96837e+04   -1.15711e+05
  Conserved En.    Temperature Pres. DC (bar) Pressure (bar)   Constr. rmsd
   -9.42211e+04    3.02592e+02   -1.64691e+02   -3.42705e+02    5.75530e-06

DD  step 13999  vol min/aver 0.505  load imb.: force  4.6%  pme mesh/force 0.469

           Step           Time         Lambda
          14000       28.00000        0.00000

   Energies (kJ/mol)
       G96Angle    Proper Dih.  Improper Dih.        LJ (SR)  Disper. corr.
    6.21562e+03    4.47078e+03    1.33854e+02   -1.10564e+03   -1.79251e+03
   Coulomb (SR)   Coul. recip.      Potential    Kinetic En.   Total Energy
   -1.54116e+05    5.14328e+02   -1.45680e+05    3.00804e+04   -1.15599e+05
  Conserved En.    Temperature Pres. DC (bar) Pressure (bar)   Constr. rmsd
   -9.42044e+04    3.06635e+02   -1.64691e+02   -5.54029e+02    6.42285e-06

           Step           Time         Lambda
          14500       29.00000        0.00000

   Energies (kJ/mol)
       G96Angle    Proper Dih.  Improper Dih.        LJ (SR)  Disper. corr.
    6.16629e+03    4.26170e+03    1.49035e+02   -6.58460e+02   -1.79251e+03
   Coulomb (SR)   Coul. recip.      Potential    Kinetic En.   Total Energy
   -1.54299e+05    5.35593e+02   -1.45637e+05    2.98810e+04   -1.15756e+05
  Conserved En.    Temperature Pres. DC (bar) Pressure (bar)   Constr. rmsd
   -9.41967e+04    3.04603e+02   -1.64691e+02   -5.82760e+02    6.93360e-06

DD  step 14999  vol min/aver 0.499  load imb.: force  3.3%  pme mesh/force 0.471

           Step           Time         Lambda
          15000       30.00000        0.00000

   Energies (kJ/mol)
       G96Angle    Proper Dih.  Improper Dih.        LJ (SR)  Disper. corr.
    6.17487e+03    4.31726e+03    1.43807e+02   -3.88917e+02   -1.79251e+03
   Coulomb (SR)   Coul. recip.      Potential    Kinetic En.   Total Energy
   -1.54956e+05    5.17534e+02   -1.45984e+05    2.95101e+04   -1.16474e+05
  Conserved En.    Temperature Pres. DC (bar) Pressure (bar)   Constr. rmsd
   -9.41816e+04    3.00822e+02   -1.64691e+02   -4.45686e+02    5.98199e-06

           Step           Time         Lambda
          15500       31.00000        0.00000

   Energies (kJ/mol)
       G96Angle    Proper Dih.  Improper Dih.        LJ (SR)  Disper. corr.
    6.05754e+03    4.40365e+03    1.45704e+02   -6.32505e+02   -1.79251e+03
   Coulomb (SR)   Coul. recip.      Potential    Kinetic En.   Total Energy
   -1.54050e+05    5.06912e+02   -1.45361e+05    2.97330e+04   -1.15628e+05
  Conserved En.    Temperature Pres. DC (bar) Pressure (bar)   Constr. rmsd
   -9.42473e+04    3.03094e+02   -1.64691e+02   -3.77768e+02    6.24079e-06

DD  step 15999  vol min/aver 0.495  load imb.: force  5.0%  pme mesh/force 0.462

           Step           Time         Lambda
          16000       32.00000        0.00000

   Energies (kJ/mol)
       G96Angle    Proper Dih.  Improper Dih.        LJ (SR)  Disper. corr.
    6.18271e+03    4.62127e+03    1.34689e+02   -3.61347e+02   -1.79251e+03
   Coulomb (SR)   Coul. recip.      Potential    Kinetic En.   Total Energy
   -1.55348e+05    4.97901e+02   -1.46065e+05    2.98422e+04   -1.16223e+05
  Conserved En.    Temperature Pres. DC (bar) Pressure (bar)   Constr. rmsd
   -9.42139e+04    3.04208e+02   -1.64691e+02   -9.53764e+02    6.09173e-06

           Step           Time         Lambda
          16500       33.00000        0.00000

   Energies (kJ/mol)
       G96Angle    Proper Dih.  Improper Dih.        LJ (SR)  Disper. corr.
    6.11232e+03    4.45540e+03    1.79265e+02   -1.09378e+02   -1.79251e+03
   Coulomb (SR)   Coul. recip.      Potential    Kinetic En.   Total Energy
   -1.55612e+05    4.95887e+02   -1.46271e+05    3.02535e+04   -1.16017e+05
  Conserved En.    Temperature Pres. DC (bar) Pressure (bar)   Constr. rmsd
   -9.41974e+04    3.08401e+02   -1.64691e+02   -7.91904e+02    6.08952e-06

DD  step 16999  vol min/aver 0.482  load imb.: force  5.9%  pme mesh/force 0.454

           Step           Time         Lambda
          17000       34.00000        0.00000

   Energies (kJ/mol)
       G96Angle    Proper Dih.  Improper Dih.        LJ (SR)  Disper. corr.
    6.03137e+03    4.62412e+03    1.30684e+02   -7.62989e+01   -1.79251e+03
   Coulomb (SR)   Coul. recip.      Potential    Kinetic En.   Total Energy
   -1.54915e+05    5.27508e+02   -1.45470e+05    3.00145e+04   -1.15456e+05
  Conserved En.    Temperature Pres. DC (bar) Pressure (bar)   Constr. rmsd
   -9.41354e+04    3.05964e+02   -1.64691e+02   -7.28062e+01    6.33307e-06

           Step           Time         Lambda
          17500       35.00000        0.00000

   Energies (kJ/mol)
       G96Angle    Proper Dih.  Improper Dih.        LJ (SR)  Disper. corr.
    6.16583e+03    4.33384e+03    1.58902e+02   -1.06666e+03   -1.79251e+03
   Coulomb (SR)   Coul. recip.      Potential    Kinetic En.   Total Energy
   -1.53841e+05    5.17525e+02   -1.45525e+05    2.96626e+04   -1.15862e+05
  Conserved En.    Temperature Pres. DC (bar) Pressure (bar)   Constr. rmsd
   -9.42104e+04    3.02377e+02   -1.64691e+02   -3.33760e+02    6.08015e-06

DD  step 17999  vol min/aver 0.505  load imb.: force  4.9%  pme mesh/force 0.451

           Step           Time         Lambda
          18000       36.00000        0.00000

   Energies (kJ/mol)
       G96Angle    Proper Dih.  Improper Dih.        LJ (SR)  Disper. corr.
    6.02379e+03    4.41689e+03    1.45338e+02   -1.26077e+02   -1.79251e+03
   Coulomb (SR)   Coul. recip.      Potential    Kinetic En.   Total Energy
   -1.54814e+05    5.24363e+02   -1.45622e+05    3.02028e+04   -1.15420e+05
  Conserved En.    Temperature Pres. DC (bar) Pressure (bar)   Constr. rmsd
   -9.41522e+04    3.07883e+02   -1.64691e+02   -2.71761e+02    5.78939e-06

           Step           Time         Lambda
          18500       37.00000        0.00000

   Energies (kJ/mol)
       G96Angle    Proper Dih.  Improper Dih.        LJ (SR)  Disper. corr.
    6.26302e+03    4.45106e+03    1.37627e+02   -4.07689e+02   -1.79251e+03
   Coulomb (SR)   Coul. recip.      Potential    Kinetic En.   Total Energy
   -1.54276e+05    4.93073e+02   -1.45132e+05    3.01846e+04   -1.14947e+05
  Conserved En.    Temperature Pres. DC (bar) Pressure (bar)   Constr. rmsd
   -9.41156e+04    3.07698e+02   -1.64691e+02   -2.84529e+02    6.44566e-06

DD  step 18999  vol min/aver 0.492  load imb.: force  3.3%  pme mesh/force 0.461

           Step           Time         Lambda
          19000       38.00000        0.00000

   Energies (kJ/mol)
       G96Angle    Proper Dih.  Improper Dih.        LJ (SR)  Disper. corr.
    6.34436e+03    4.41044e+03    1.57266e+02   -7.03856e+02   -1.79251e+03
   Coulomb (SR)   Coul. recip.      Potential    Kinetic En.   Total Energy
   -1.54127e+05    5.00461e+02   -1.45210e+05    3.01535e+04   -1.15057e+05
  Conserved En.    Temperature Pres. DC (bar) Pressure (bar)   Constr. rmsd
   -9.40180e+04    3.07380e+02   -1.64691e+02   -7.69314e+02    6.26825e-06

           Step           Time         Lambda
          19500       39.00000        0.00000

   Energies (kJ/mol)
       G96Angle    Proper Dih.  Improper Dih.        LJ (SR)  Disper. corr.
    6.10790e+03    4.51121e+03    1.67067e+02   -8.94469e+02   -1.79251e+03
   Coulomb (SR)   Coul. recip.      Potential    Kinetic En.   Total Energy
   -1.53808e+05    4.96432e+02   -1.45212e+05    2.98698e+04   -1.15342e+05
  Conserved En.    Temperature Pres. DC (bar) Pressure (bar)   Constr. rmsd
   -9.42939e+04    3.04489e+02   -1.64691e+02   -4.90515e+02    5.80021e-06

DD  step 19999  vol min/aver 0.495  load imb.: force  4.7%  pme mesh/force 0.439

           Step           Time         Lambda
          20000       40.00000        0.00000

   Energies (kJ/mol)
       G96Angle    Proper Dih.  Improper Dih.        LJ (SR)  Disper. corr.
    6.23849e+03    4.46470e+03    1.33470e+02   -1.34538e+02   -1.79251e+03
   Coulomb (SR)   Coul. recip.      Potential    Kinetic En.   Total Energy
   -1.55281e+05    5.43852e+02   -1.45828e+05    2.99287e+04   -1.15899e+05
  Conserved En.    Temperature Pres. DC (bar) Pressure (bar)   Constr. rmsd
   -9.40999e+04    3.05089e+02   -1.64691e+02   -4.25558e+02    6.66401e-06

           Step           Time         Lambda
          20500       41.00000        0.00000

   Energies (kJ/mol)
       G96Angle    Proper Dih.  Improper Dih.        LJ (SR)  Disper. corr.
    6.30952e+03    4.45312e+03    1.25800e+02    6.21592e+01   -1.79251e+03
   Coulomb (SR)   Coul. recip.      Potential    Kinetic En.   Total Energy
   -1.55307e+05    4.87833e+02   -1.45661e+05    3.00541e+04   -1.15607e+05
  Conserved En.    Temperature Pres. DC (bar) Pressure (bar)   Constr. rmsd
   -9.42134e+04    3.06368e+02   -1.64691e+02   -4.11242e+02    6.33661e-06

DD  step 20999  vol min/aver 0.469  load imb.: force  3.6%  pme mesh/force 0.446

           Step           Time         Lambda
          21000       42.00000        0.00000

   Energies (kJ/mol)
       G96Angle    Proper Dih.  Improper Dih.        LJ (SR)  Disper. corr.
    6.36237e+03    4.36319e+03    1.45355e+02   -2.85894e+02   -1.79251e+03
   Coulomb (SR)   Coul. recip.      Potential    Kinetic En.   Total Energy
   -1.55302e+05    4.97786e+02   -1.46012e+05    3.02476e+04   -1.15764e+05
  Conserved En.    Temperature Pres. DC (bar) Pressure (bar)   Constr. rmsd
   -9.41673e+04    3.08340e+02   -1.64691e+02   -7.59723e+02    7.03958e-06

           Step           Time         Lambda
          21500       43.00000        0.00000

   Energies (kJ/mol)
       G96Angle    Proper Dih.  Improper Dih.        LJ (SR)  Disper. corr.
    6.05918e+03    4.28357e+03    1.65036e+02   -7.82222e+02   -1.79251e+03
   Coulomb (SR)   Coul. recip.      Potential    Kinetic En.   Total Energy
   -1.54640e+05    4.97500e+02   -1.46210e+05    2.98795e+04   -1.16330e+05
  Conserved En.    Temperature Pres. DC (bar) Pressure (bar)   Constr. rmsd
   -9.41508e+04    3.04588e+02   -1.64691e+02   -4.85973e+02    5.82744e-06

DD  step 21999  vol min/aver 0.489  load imb.: force  3.7%  pme mesh/force 0.449

           Step           Time         Lambda
          22000       44.00000        0.00000

   Energies (kJ/mol)
       G96Angle    Proper Dih.  Improper Dih.        LJ (SR)  Disper. corr.
    6.25688e+03    4.34291e+03    1.51756e+02   -5.76737e+02   -1.79251e+03
   Coulomb (SR)   Coul. recip.      Potential    Kinetic En.   Total Energy
   -1.55039e+05    5.18108e+02   -1.46138e+05    2.99634e+04   -1.16175e+05
  Conserved En.    Temperature Pres. DC (bar) Pressure (bar)   Constr. rmsd
   -9.41510e+04    3.05443e+02   -1.64691e+02   -9.39044e+02    6.81739e-06

           Step           Time         Lambda
          22500       45.00000        0.00000

   Energies (kJ/mol)
       G96Angle    Proper Dih.  Improper Dih.        LJ (SR)  Disper. corr.
    6.25801e+03    4.45596e+03    1.79204e+02   -3.10470e+02   -1.79251e+03
   Coulomb (SR)   Coul. recip.      Potential    Kinetic En.   Total Energy
   -1.55390e+05    5.07430e+02   -1.46092e+05    3.01647e+04   -1.15928e+05
  Conserved En.    Temperature Pres. DC (bar) Pressure (bar)   Constr. rmsd
   -9.40268e+04    3.07495e+02   -1.64691e+02   -5.66950e+02    6.42519e-06

DD  step 22999  vol min/aver 0.495  load imb.: force  4.2%  pme mesh/force 0.470

           Step           Time         Lambda
          23000       46.00000        0.00000

   Energies (kJ/mol)
       G96Angle    Proper Dih.  Improper Dih.        LJ (SR)  Disper. corr.
    6.17732e+03    4.30502e+03    1.38927e+02   -3.45672e+02   -1.79251e+03
   Coulomb (SR)   Coul. recip.      Potential    Kinetic En.   Total Energy
   -1.55780e+05    5.78385e+02   -1.46718e+05    3.01006e+04   -1.16618e+05
  Conserved En.    Temperature Pres. DC (bar) Pressure (bar)   Constr. rmsd
   -9.41295e+04    3.06842e+02   -1.64691e+02   -3.44495e+02    6.05374e-06

           Step           Time         Lambda
          23500       47.00000        0.00000

   Energies (kJ/mol)
       G96Angle    Proper Dih.  Improper Dih.        LJ (SR)  Disper. corr.
    6.19489e+03    4.41490e+03    1.69686e+02   -9.50266e+01   -1.79251e+03
   Coulomb (SR)   Coul. recip.      Potential    Kinetic En.   Total Energy
   -1.55300e+05    4.96236e+02   -1.45912e+05    3.01558e+04   -1.15756e+05
  Conserved En.    Temperature Pres. DC (bar) Pressure (bar)   Constr. rmsd
   -9.40794e+04    3.07405e+02   -1.64691e+02   -4.16296e+02    5.97967e-06

DD  step 23999  vol min/aver 0.506  load imb.: force  4.1%  pme mesh/force 0.460

           Step           Time         Lambda
          24000       48.00000        0.00000

   Energies (kJ/mol)
       G96Angle    Proper Dih.  Improper Dih.        LJ (SR)  Disper. corr.
    6.24601e+03    4.47450e+03    1.43828e+02   -1.29563e+03   -1.79251e+03
   Coulomb (SR)   Coul. recip.      Potential    Kinetic En.   Total Energy
   -1.53786e+05    5.04158e+02   -1.45506e+05    2.98384e+04   -1.15667e+05
  Conserved En.    Temperature Pres. DC (bar) Pressure (bar)   Constr. rmsd
   -9.39826e+04    3.04169e+02   -1.64691e+02   -5.48743e+02    6.58285e-06

           Step           Time         Lambda
          24500       49.00000        0.00000

   Energies (kJ/mol)
       G96Angle    Proper Dih.  Improper Dih.        LJ (SR)  Disper. corr.
    6.33928e+03    4.47454e+03    1.28961e+02   -6.59682e+02   -1.79251e+03
   Coulomb (SR)   Coul. recip.      Potential    Kinetic En.   Total Energy
   -1.54753e+05    5.31702e+02   -1.45731e+05    2.98923e+04   -1.15838e+05
  Conserved En.    Temperature Pres. DC (bar) Pressure (bar)   Constr. rmsd
   -9.40631e+04    3.04719e+02   -1.64691e+02   -4.71362e+02    5.97253e-06

DD  step 24999  vol min/aver 0.503  load imb.: force  5.9%  pme mesh/force 0.460

           Step           Time         Lambda
          25000       50.00000        0.00000

   Energies (kJ/mol)
       G96Angle    Proper Dih.  Improper Dih.        LJ (SR)  Disper. corr.
    6.17058e+03    4.44624e+03    1.34178e+02   -7.18092e+02   -1.79251e+03
   Coulomb (SR)   Coul. recip.      Potential    Kinetic En.   Total Energy
   -1.54701e+05    5.64427e+02   -1.45896e+05    2.99684e+04   -1.15928e+05
  Conserved En.    Temperature Pres. DC (bar) Pressure (bar)   Constr. rmsd
   -9.41961e+04    3.05494e+02   -1.64691e+02   -4.74474e+02    6.34866e-06

           Step           Time         Lambda
          25500       51.00000        0.00000

   Energies (kJ/mol)
       G96Angle    Proper Dih.  Improper Dih.        LJ (SR)  Disper. corr.
    6.01859e+03    4.65681e+03    1.66115e+02   -1.73779e+03   -1.79251e+03
   Coulomb (SR)   Coul. recip.      Potential    Kinetic En.   Total Energy
   -1.54020e+05    5.22228e+02   -1.46187e+05    3.04044e+04   -1.15782e+05
  Conserved En.    Temperature Pres. DC (bar) Pressure (bar)   Constr. rmsd
   -9.41321e+04    3.09938e+02   -1.64691e+02   -5.99087e+02    6.17167e-06

DD  step 25999  vol min/aver 0.504  load imb.: force  6.7%  pme mesh/force 0.505

           Step           Time         Lambda
          26000       52.00000        0.00000

   Energies (kJ/mol)
       G96Angle    Proper Dih.  Improper Dih.        LJ (SR)  Disper. corr.
    6.15767e+03    4.41271e+03    1.44706e+02    9.94333e+01   -1.79251e+03
   Coulomb (SR)   Coul. recip.      Potential    Kinetic En.   Total Energy
   -1.55935e+05    5.41832e+02   -1.46371e+05    3.00931e+04   -1.16278e+05
  Conserved En.    Temperature Pres. DC (bar) Pressure (bar)   Constr. rmsd
   -9.40594e+04    3.06765e+02   -1.64691e+02   -3.04541e+02    6.72806e-06

           Step           Time         Lambda
          26500       53.00000        0.00000

   Energies (kJ/mol)
       G96Angle    Proper Dih.  Improper Dih.        LJ (SR)  Disper. corr.
    6.25677e+03    4.40332e+03    1.25819e+02   -6.16059e+02   -1.79251e+03
   Coulomb (SR)   Coul. recip.      Potential    Kinetic En.   Total Energy
   -1.54544e+05    4.75946e+02   -1.45690e+05    2.98124e+04   -1.15878e+05
  Conserved En.    Temperature Pres. DC (bar) Pressure (bar)   Constr. rmsd
   -9.41058e+04    3.03904e+02   -1.64691e+02   -5.68829e+02    6.30775e-06

DD  step 26999  vol min/aver 0.494  load imb.: force  4.8%  pme mesh/force 0.480

           Step           Time         Lambda
          27000       54.00000        0.00000

   Energies (kJ/mol)
       G96Angle    Proper Dih.  Improper Dih.        LJ (SR)  Disper. corr.
    6.34272e+03    4.55246e+03    1.27017e+02   -3.09323e+01   -1.79251e+03
   Coulomb (SR)   Coul. recip.      Potential    Kinetic En.   Total Energy
   -1.55735e+05    5.17302e+02   -1.46018e+05    3.01387e+04   -1.15880e+05
  Conserved En.    Temperature Pres. DC (bar) Pressure (bar)   Constr. rmsd
   -9.40888e+04    3.07230e+02   -1.64691e+02   -4.47064e+02    6.11603e-06

           Step           Time         Lambda
          27500       55.00000        0.00000

   Energies (kJ/mol)
       G96Angle    Proper Dih.  Improper Dih.        LJ (SR)  Disper. corr.
    6.18060e+03    4.40355e+03    1.32524e+02   -1.23419e+02   -1.79251e+03
   Coulomb (SR)   Coul. recip.      Potential    Kinetic En.   Total Energy
   -1.55192e+05    4.99650e+02   -1.45892e+05    3.00337e+04   -1.15858e+05
  Conserved En.    Temperature Pres. DC (bar) Pressure (bar)   Constr. rmsd
   -9.40638e+04    3.06160e+02   -1.64691e+02   -9.14206e+01    6.48346e-06

DD  step 27999  vol min/aver 0.488  load imb.: force  6.2%  pme mesh/force 0.439

           Step           Time         Lambda
          28000       56.00000        0.00000

   Energies (kJ/mol)
       G96Angle    Proper Dih.  Improper Dih.        LJ (SR)  Disper. corr.
    6.28218e+03    4.50167e+03    1.21848e+02   -4.24588e+02   -1.79251e+03
   Coulomb (SR)   Coul. recip.      Potential    Kinetic En.   Total Energy
   -1.55118e+05    4.92611e+02   -1.45936e+05    3.03014e+04   -1.15635e+05
  Conserved En.    Temperature Pres. DC (bar) Pressure (bar)   Constr. rmsd
   -9.40948e+04    3.08889e+02   -1.64691e+02   -5.13576e+02    6.31307e-06

           Step           Time         Lambda
          28500       57.00000        0.00000

   Energies (kJ/mol)
       G96Angle    Proper Dih.  Improper Dih.        LJ (SR)  Disper. corr.
    6.01998e+03    4.24151e+03    1.33536e+02   -2.05185e+02   -1.79251e+03
   Coulomb (SR)   Coul. recip.      Potential    Kinetic En.   Total Energy
   -1.55463e+05    4.94389e+02   -1.46571e+05    2.95790e+04   -1.16992e+05
  Conserved En.    Temperature Pres. DC (bar) Pressure (bar)   Constr. rmsd
   -9.41264e+04    3.01524e+02   -1.64691e+02   -3.68807e+02    5.91232e-06

DD  step 28999  vol min/aver 0.496  load imb.: force  3.9%  pme mesh/force 0.478

           Step           Time         Lambda
          29000       58.00000        0.00000

   Energies (kJ/mol)
       G96Angle    Proper Dih.  Improper Dih.        LJ (SR)  Disper. corr.
    6.17623e+03    4.50731e+03    1.25335e+02   -4.45815e+02   -1.79251e+03
   Coulomb (SR)   Coul. recip.      Potential    Kinetic En.   Total Energy
   -1.55347e+05    5.33238e+02   -1.46244e+05    3.01907e+04   -1.16053e+05
  Conserved En.    Temperature Pres. DC (bar) Pressure (bar)   Constr. rmsd
   -9.40583e+04    3.07760e+02   -1.64691e+02   -3.58267e+02    6.79113e-06

           Step           Time         Lambda
          29500       59.00000        0.00000

   Energies (kJ/mol)
       G96Angle    Proper Dih.  Improper Dih.        LJ (SR)  Disper. corr.
    6.07274e+03    4.45785e+03    1.13816e+02   -1.11086e+02   -1.79251e+03
   Coulomb (SR)   Coul. recip.      Potential    Kinetic En.   Total Energy
   -1.54813e+05    4.76871e+02   -1.45595e+05    2.96485e+04   -1.15946e+05
  Conserved En.    Temperature Pres. DC (bar) Pressure (bar)   Constr. rmsd
   -9.40804e+04    3.02233e+02   -1.64691e+02   -1.74437e+02    5.98136e-06

DD  step 29999  vol min/aver 0.501  load imb.: force  5.7%  pme mesh/force 0.447

           Step           Time         Lambda
          30000       60.00000        0.00000

   Energies (kJ/mol)
       G96Angle    Proper Dih.  Improper Dih.        LJ (SR)  Disper. corr.
    6.11406e+03    4.50486e+03    1.25453e+02   -6.33366e+02   -1.79251e+03
   Coulomb (SR)   Coul. recip.      Potential    Kinetic En.   Total Energy
   -1.54724e+05    5.09167e+02   -1.45896e+05    2.98773e+04   -1.16019e+05
  Conserved En.    Temperature Pres. DC (bar) Pressure (bar)   Constr. rmsd
   -9.39571e+04    3.04566e+02   -1.64691e+02   -3.44414e+02    6.50572e-06

           Step           Time         Lambda
          30500       61.00000        0.00000

   Energies (kJ/mol)
       G96Angle    Proper Dih.  Improper Dih.        LJ (SR)  Disper. corr.
    6.25321e+03    4.46907e+03    1.34768e+02   -3.24714e+02   -1.79251e+03
   Coulomb (SR)   Coul. recip.      Potential    Kinetic En.   Total Energy
   -1.55569e+05    5.02799e+02   -1.46326e+05    3.03385e+04   -1.15988e+05
  Conserved En.    Temperature Pres. DC (bar) Pressure (bar)   Constr. rmsd
   -9.40169e+04    3.09267e+02   -1.64691e+02   -5.71817e+02    6.67917e-06

DD  step 30999  vol min/aver 0.496  load imb.: force  5.8%  pme mesh/force 0.469

           Step           Time         Lambda
          31000       62.00000        0.00000

   Energies (kJ/mol)
       G96Angle    Proper Dih.  Improper Dih.        LJ (SR)  Disper. corr.
    6.03982e+03    4.26408e+03    1.59538e+02   -5.82684e+02   -1.79251e+03
   Coulomb (SR)   Coul. recip.      Potential    Kinetic En.   Total Energy
   -1.55215e+05    5.23014e+02   -1.46604e+05    3.02234e+04   -1.16380e+05
  Conserved En.    Temperature Pres. DC (bar) Pressure (bar)   Constr. rmsd
   -9.40815e+04    3.08094e+02   -1.64691e+02   -2.36293e+02    6.46062e-06

           Step           Time         Lambda
          31500       63.00000        0.00000

   Energies (kJ/mol)
       G96Angle    Proper Dih.  Improper Dih.        LJ (SR)  Disper. corr.
    5.98415e+03    4.37210e+03    1.39506e+02   -5.50787e+02   -1.79251e+03
   Coulomb (SR)   Coul. recip.      Potential    Kinetic En.   Total Energy
   -1.55575e+05    5.23203e+02   -1.46900e+05    2.93686e+04   -1.17531e+05
  Conserved En.    Temperature Pres. DC (bar) Pressure (bar)   Constr. rmsd
   -9.40962e+04    2.99380e+02   -1.64691e+02   -5.16073e+02    6.41449e-06

DD  step 31999  vol min/aver 0.478  load imb.: force  3.1%  pme mesh/force 0.461

           Step           Time         Lambda
          32000       64.00000        0.00000

   Energies (kJ/mol)
       G96Angle    Proper Dih.  Improper Dih.        LJ (SR)  Disper. corr.
    6.16545e+03    4.52715e+03    1.68973e+02   -2.47944e+02   -1.79251e+03
   Coulomb (SR)   Coul. recip.      Potential    Kinetic En.   Total Energy
   -1.55448e+05    4.71070e+02   -1.46156e+05    3.03281e+04   -1.15828e+05
  Conserved En.    Temperature Pres. DC (bar) Pressure (bar)   Constr. rmsd
   -9.40196e+04    3.09161e+02   -1.64691e+02   -3.57665e+02    6.01234e-06

           Step           Time         Lambda
          32500       65.00000        0.00000

   Energies (kJ/mol)
       G96Angle    Proper Dih.  Improper Dih.        LJ (SR)  Disper. corr.
    6.31091e+03    4.67050e+03    1.02360e+02    2.03416e+02   -1.79251e+03
   Coulomb (SR)   Coul. recip.      Potential    Kinetic En.   Total Energy
   -1.56411e+05    4.73716e+02   -1.46443e+05    3.00521e+04   -1.16391e+05
  Conserved En.    Temperature Pres. DC (bar) Pressure (bar)   Constr. rmsd
   -9.40511e+04    3.06347e+02   -1.64691e+02   -6.63172e+01    6.34535e-06

DD  step 32999  vol min/aver 0.500  load imb.: force  5.8%  pme mesh/force 0.452

           Step           Time         Lambda
          33000       66.00000        0.00000

   Energies (kJ/mol)
       G96Angle    Proper Dih.  Improper Dih.        LJ (SR)  Disper. corr.
    6.05758e+03    4.45293e+03    1.74090e+02   -9.32478e+02   -1.79251e+03
   Coulomb (SR)   Coul. recip.      Potential    Kinetic En.   Total Energy
   -1.55039e+05    4.91159e+02   -1.46588e+05    2.98959e+04   -1.16692e+05
  Conserved En.    Temperature Pres. DC (bar) Pressure (bar)   Constr. rmsd
   -9.39971e+04    3.04755e+02   -1.64691e+02   -5.78446e+02    5.62192e-06

           Step           Time         Lambda
          33500       67.00000        0.00000

   Energies (kJ/mol)
       G96Angle    Proper Dih.  Improper Dih.        LJ (SR)  Disper. corr.
    6.05228e+03    4.47288e+03    1.56795e+02   -2.62980e+02   -1.79251e+03
   Coulomb (SR)   Coul. recip.      Potential    Kinetic En.   Total Energy
   -1.55523e+05    5.44202e+02   -1.46353e+05    2.99747e+04   -1.16378e+05
  Conserved En.    Temperature Pres. DC (bar) Pressure (bar)   Constr. rmsd
   -9.39893e+04    3.05558e+02   -1.64691e+02   -7.32504e+01    5.89989e-06

DD  step 33999  vol min/aver 0.474  load imb.: force  2.7%  pme mesh/force 0.454

           Step           Time         Lambda
          34000       68.00000        0.00000

   Energies (kJ/mol)
       G96Angle    Proper Dih.  Improper Dih.        LJ (SR)  Disper. corr.
    6.18815e+03    4.48667e+03    1.02727e+02   -2.80348e+02   -1.79251e+03
   Coulomb (SR)   Coul. recip.      Potential    Kinetic En.   Total Energy
   -1.55412e+05    4.87512e+02   -1.46220e+05    2.97764e+04   -1.16443e+05
  Conserved En.    Temperature Pres. DC (bar) Pressure (bar)   Constr. rmsd
   -9.41406e+04    3.03536e+02   -1.64691e+02   -4.45880e+02    6.03195e-06

           Step           Time         Lambda
          34500       69.00000        0.00000

   Energies (kJ/mol)
       G96Angle    Proper Dih.  Improper Dih.        LJ (SR)  Disper. corr.
    6.15526e+03    4.41795e+03    1.34038e+02    2.55945e+02   -1.79251e+03
   Coulomb (SR)   Coul. recip.      Potential    Kinetic En.   Total Energy
   -1.56421e+05    4.85249e+02   -1.46765e+05    2.99169e+04   -1.16848e+05
  Conserved En.    Temperature Pres. DC (bar) Pressure (bar)   Constr. rmsd
   -9.40911e+04    3.04969e+02   -1.64691e+02   -9.19836e+01    6.24272e-06

DD  step 34999  vol min/aver 0.496  load imb.: force  3.7%  pme mesh/force 0.692

           Step           Time         Lambda
          35000       70.00000        0.00000

   Energies (kJ/mol)
       G96Angle    Proper Dih.  Improper Dih.        LJ (SR)  Disper. corr.
    6.15014e+03    4.50230e+03    1.55867e+02   -3.88190e+02   -1.79251e+03
   Coulomb (SR)   Coul. recip.      Potential    Kinetic En.   Total Energy
   -1.55583e+05    5.01142e+02   -1.46454e+05    3.03486e+04   -1.16105e+05
  Conserved En.    Temperature Pres. DC (bar) Pressure (bar)   Constr. rmsd
   -9.38820e+04    3.09370e+02   -1.64691e+02   -6.62036e+02    5.54087e-06

           Step           Time         Lambda
          35500       71.00000        0.00000

   Energies (kJ/mol)
       G96Angle    Proper Dih.  Improper Dih.        LJ (SR)  Disper. corr.
    6.06516e+03    4.59058e+03    1.42208e+02    6.78532e+01   -1.79251e+03
   Coulomb (SR)   Coul. recip.      Potential    Kinetic En.   Total Energy
   -1.55955e+05    4.81351e+02   -1.46400e+05    3.00648e+04   -1.16335e+05
  Conserved En.    Temperature Pres. DC (bar) Pressure (bar)   Constr. rmsd
   -9.40098e+04    3.06477e+02   -1.64691e+02   -5.55082e+02    5.82593e-06

DD  step 35999  vol min/aver 0.486  load imb.: force  4.6%  pme mesh/force 0.465

           Step           Time         Lambda
          36000       72.00000        0.00000

   Energies (kJ/mol)
       G96Angle    Proper Dih.  Improper Dih.        LJ (SR)  Disper. corr.
    6.22748e+03    4.37052e+03    1.82032e+02   -2.97469e+02   -1.79251e+03
   Coulomb (SR)   Coul. recip.      Potential    Kinetic En.   Total Energy
   -1.55388e+05    5.16266e+02   -1.46181e+05    3.04821e+04   -1.15699e+05
  Conserved En.    Temperature Pres. DC (bar) Pressure (bar)   Constr. rmsd
   -9.40996e+04    3.10731e+02   -1.64691e+02   -6.11130e+02    6.22836e-06

           Step           Time         Lambda
          36500       73.00000        0.00000

   Energies (kJ/mol)
       G96Angle    Proper Dih.  Improper Dih.        LJ (SR)  Disper. corr.
    6.16388e+03    4.62034e+03    1.30960e+02   -6.41631e+02   -1.79251e+03
   Coulomb (SR)   Coul. recip.      Potential    Kinetic En.   Total Energy
   -1.54947e+05    4.62565e+02   -1.46003e+05    2.99648e+04   -1.16038e+05
  Conserved En.    Temperature Pres. DC (bar) Pressure (bar)   Constr. rmsd
   -9.40233e+04    3.05457e+02   -1.64691e+02   -5.27164e+02    6.37953e-06

DD  step 36999  vol min/aver 0.496  load imb.: force  3.4%  pme mesh/force 0.461

           Step           Time         Lambda
          37000       74.00000        0.00000

   Energies (kJ/mol)
       G96Angle    Proper Dih.  Improper Dih.        LJ (SR)  Disper. corr.
    6.19633e+03    4.44441e+03    1.19240e+02   -1.79396e+02   -1.79251e+03
   Coulomb (SR)   Coul. recip.      Potential    Kinetic En.   Total Energy
   -1.55463e+05    4.57310e+02   -1.46218e+05    2.94838e+04   -1.16734e+05
  Conserved En.    Temperature Pres. DC (bar) Pressure (bar)   Constr. rmsd
   -9.40454e+04    3.00554e+02   -1.64691e+02   -4.65199e+02    5.89842e-06

           Step           Time         Lambda
          37500       75.00000        0.00000

   Energies (kJ/mol)
       G96Angle    Proper Dih.  Improper Dih.        LJ (SR)  Disper. corr.
    6.23617e+03    4.37563e+03    1.23487e+02    3.60989e+01   -1.79251e+03
   Coulomb (SR)   Coul. recip.      Potential    Kinetic En.   Total Energy
   -1.56202e+05    4.93460e+02   -1.46729e+05    3.00323e+04   -1.16697e+05
  Conserved En.    Temperature Pres. DC (bar) Pressure (bar)   Constr. rmsd
   -9.39642e+04    3.06145e+02   -1.64691e+02   -1.60025e+02    6.22907e-06

DD  step 37999  vol min/aver 0.469  load imb.: force  4.1%  pme mesh/force 0.491

           Step           Time         Lambda
          38000       76.00000        0.00000

   Energies (kJ/mol)
       G96Angle    Proper Dih.  Improper Dih.        LJ (SR)  Disper. corr.
    6.17614e+03    4.31507e+03    1.44616e+02   -1.00432e+03   -1.79251e+03
   Coulomb (SR)   Coul. recip.      Potential    Kinetic En.   Total Energy
   -1.54573e+05    4.98822e+02   -1.46235e+05    2.94917e+04   -1.16743e+05
  Conserved En.    Temperature Pres. DC (bar) Pressure (bar)   Constr. rmsd
   -9.40459e+04    3.00634e+02   -1.64691e+02   -6.52635e+02    6.51564e-06

           Step           Time         Lambda
          38500       77.00000        0.00000

   Energies (kJ/mol)
       G96Angle    Proper Dih.  Improper Dih.        LJ (SR)  Disper. corr.
    5.99827e+03    4.40941e+03    1.52233e+02   -3.17942e+02   -1.79251e+03
   Coulomb (SR)   Coul. recip.      Potential    Kinetic En.   Total Energy
   -1.55654e+05    5.14843e+02   -1.46689e+05    3.00267e+04   -1.16663e+05
  Conserved En.    Temperature Pres. DC (bar) Pressure (bar)   Constr. rmsd
   -9.40301e+04    3.06088e+02   -1.64691e+02   -4.67625e+02    5.33284e-06

DD  step 38999  vol min/aver 0.492  load imb.: force  4.8%  pme mesh/force 0.465

           Step           Time         Lambda
          39000       78.00000        0.00000

   Energies (kJ/mol)
       G96Angle    Proper Dih.  Improper Dih.        LJ (SR)  Disper. corr.
    6.44954e+03    4.39410e+03    1.24318e+02   -4.69732e+02   -1.79251e+03
   Coulomb (SR)   Coul. recip.      Potential    Kinetic En.   Total Energy
   -1.55367e+05    4.62033e+02   -1.46199e+05    3.00397e+04   -1.16159e+05
  Conserved En.    Temperature Pres. DC (bar) Pressure (bar)   Constr. rmsd
   -9.39861e+04    3.06221e+02   -1.64691e+02   -7.80977e+02    6.33735e-06

           Step           Time         Lambda
          39500       79.00000        0.00000

   Energies (kJ/mol)
       G96Angle    Proper Dih.  Improper Dih.        LJ (SR)  Disper. corr.
    6.09937e+03    4.34225e+03    1.39832e+02   -2.92326e+02   -1.79251e+03
   Coulomb (SR)   Coul. recip.      Potential    Kinetic En.   Total Energy
   -1.55999e+05    5.09301e+02   -1.46993e+05    2.99117e+04   -1.17082e+05
  Conserved En.    Temperature Pres. DC (bar) Pressure (bar)   Constr. rmsd
   -9.39112e+04    3.04916e+02   -1.64691e+02   -5.29522e+02    5.66616e-06

DD  step 39999  vol min/aver 0.497  load imb.: force  4.7%  pme mesh/force 0.596

           Step           Time         Lambda
          40000       80.00000        0.00000

   Energies (kJ/mol)
       G96Angle    Proper Dih.  Improper Dih.        LJ (SR)  Disper. corr.
    6.05256e+03    4.34667e+03    1.87803e+02   -7.46167e+02   -1.79251e+03
   Coulomb (SR)   Coul. recip.      Potential    Kinetic En.   Total Energy
   -1.55240e+05    5.04450e+02   -1.46687e+05    3.00378e+04   -1.16650e+05
  Conserved En.    Temperature Pres. DC (bar) Pressure (bar)   Constr. rmsd
   -9.41246e+04    3.06201e+02   -1.64691e+02   -4.08472e+02    6.31507e-06

           Step           Time         Lambda
          40500       81.00000        0.00000

   Energies (kJ/mol)
       G96Angle    Proper Dih.  Improper Dih.        LJ (SR)  Disper. corr.
    6.06381e+03    4.40331e+03    1.44435e+02   -2.14795e+02   -1.79251e+03
   Coulomb (SR)   Coul. recip.      Potential    Kinetic En.   Total Energy
   -1.55554e+05    4.78529e+02   -1.46472e+05    2.99881e+04   -1.16483e+05
  Conserved En.    Temperature Pres. DC (bar) Pressure (bar)   Constr. rmsd
   -9.40446e+04    3.05695e+02   -1.64691e+02   -2.42447e+02    6.65373e-06

DD  step 40999  vol min/aver 0.511  load imb.: force  4.2%  pme mesh/force 0.458

           Step           Time         Lambda
          41000       82.00000        0.00000

   Energies (kJ/mol)
       G96Angle    Proper Dih.  Improper Dih.        LJ (SR)  Disper. corr.
    6.21471e+03    4.48551e+03    1.52791e+02   -5.95846e+02   -1.79251e+03
   Coulomb (SR)   Coul. recip.      Potential    Kinetic En.   Total Energy
   -1.54607e+05    5.18240e+02   -1.45624e+05    3.03442e+04   -1.15280e+05
  Conserved En.    Temperature Pres. DC (bar) Pressure (bar)   Constr. rmsd
   -9.39015e+04    3.09324e+02   -1.64691e+02   -2.68694e+02    6.57324e-06

           Step           Time         Lambda
          41500       83.00000        0.00000

   Energies (kJ/mol)
       G96Angle    Proper Dih.  Improper Dih.        LJ (SR)  Disper. corr.
    6.16093e+03    4.35095e+03    1.46051e+02   -9.08077e+02   -1.79251e+03
   Coulomb (SR)   Coul. recip.      Potential    Kinetic En.   Total Energy
   -1.53951e+05    5.00727e+02   -1.45492e+05    2.97284e+04   -1.15764e+05
  Conserved En.    Temperature Pres. DC (bar) Pressure (bar)   Constr. rmsd
   -9.40017e+04    3.03048e+02   -1.64691e+02   -3.66580e+02    5.83411e-06

DD  step 41999  vol min/aver 0.516  load imb.: force  3.1%  pme mesh/force 0.463

           Step           Time         Lambda
          42000       84.00000        0.00000

   Energies (kJ/mol)
       G96Angle    Proper Dih.  Improper Dih.        LJ (SR)  Disper. corr.
    6.19210e+03    4.49427e+03    1.33131e+02   -4.15481e+02   -1.79251e+03
   Coulomb (SR)   Coul. recip.      Potential    Kinetic En.   Total Energy
   -1.54810e+05    5.18893e+02   -1.45680e+05    2.97865e+04   -1.15893e+05
  Conserved En.    Temperature Pres. DC (bar) Pressure (bar)   Constr. rmsd
   -9.40854e+04    3.03639e+02   -1.64691e+02   -6.03730e+02    5.91560e-06

           Step           Time         Lambda
          42500       85.00000        0.00000

   Energies (kJ/mol)
       G96Angle    Proper Dih.  Improper Dih.        LJ (SR)  Disper. corr.
    6.01367e+03    4.48760e+03    1.04672e+02   -9.79665e+01   -1.79251e+03
   Coulomb (SR)   Coul. recip.      Potential    Kinetic En.   Total Energy
   -1.55338e+05    5.00811e+02   -1.46122e+05    3.07254e+04   -1.15397e+05
  Conserved En.    Temperature Pres. DC (bar) Pressure (bar)   Constr. rmsd
   -9.38245e+04    3.13210e+02   -1.64691e+02   -3.22117e+02    5.92072e-06

DD  step 42999  vol min/aver 0.485  load imb.: force  5.2%  pme mesh/force 0.449

           Step           Time         Lambda
          43000       86.00000        0.00000

   Energies (kJ/mol)
       G96Angle    Proper Dih.  Improper Dih.        LJ (SR)  Disper. corr.
    6.27795e+03    4.42523e+03    2.02707e+02   -8.93391e+02   -1.79251e+03
   Coulomb (SR)   Coul. recip.      Potential    Kinetic En.   Total Energy
   -1.55288e+05    5.14995e+02   -1.46553e+05    3.03731e+04   -1.16180e+05
  Conserved En.    Temperature Pres. DC (bar) Pressure (bar)   Constr. rmsd
   -9.40297e+04    3.09620e+02   -1.64691e+02   -1.04393e+03    6.25103e-06

           Step           Time         Lambda
          43500       87.00000        0.00000

   Energies (kJ/mol)
       G96Angle    Proper Dih.  Improper Dih.        LJ (SR)  Disper. corr.
    6.17277e+03    4.53565e+03    1.40545e+02   -1.62529e+02   -1.79251e+03
   Coulomb (SR)   Coul. recip.      Potential    Kinetic En.   Total Energy
   -1.55464e+05    5.13232e+02   -1.46057e+05    2.97574e+04   -1.16299e+05
  Conserved En.    Temperature Pres. DC (bar) Pressure (bar)   Constr. rmsd
   -9.39941e+04    3.03343e+02   -1.64691e+02   -4.23026e+02    6.08744e-06

DD  step 43999  vol min/aver 0.483  load imb.: force  5.0%  pme mesh/force 0.462

           Step           Time         Lambda
          44000       88.00000        0.00000

   Energies (kJ/mol)
       G96Angle    Proper Dih.  Improper Dih.        LJ (SR)  Disper. corr.
    6.04781e+03    4.50434e+03    1.23082e+02   -8.11221e+02   -1.79251e+03
   Coulomb (SR)   Coul. recip.      Potential    Kinetic En.   Total Energy
   -1.54661e+05    4.83981e+02   -1.46106e+05    2.98686e+04   -1.16237e+05
  Conserved En.    Temperature Pres. DC (bar) Pressure (bar)   Constr. rmsd
   -9.40688e+04    3.04477e+02   -1.64691e+02   -5.37628e+02    5.89389e-06

           Step           Time         Lambda
          44500       89.00000        0.00000

   Energies (kJ/mol)
       G96Angle    Proper Dih.  Improper Dih.        LJ (SR)  Disper. corr.
    6.18958e+03    4.52179e+03    1.49596e+02   -1.76845e+02   -1.79251e+03
   Coulomb (SR)   Coul. recip.      Potential    Kinetic En.   Total Energy
   -1.55169e+05    5.01665e+02   -1.45775e+05    2.96613e+04   -1.16114e+05
  Conserved En.    Temperature Pres. DC (bar) Pressure (bar)   Constr. rmsd
   -9.40210e+04    3.02363e+02   -1.64691e+02   -2.72043e+02    6.11432e-06

DD  step 44999  vol min/aver 0.508  load imb.: force  4.6%  pme mesh/force 0.488

           Step           Time         Lambda
          45000       90.00000        0.00000

   Energies (kJ/mol)
       G96Angle    Proper Dih.  Improper Dih.        LJ (SR)  Disper. corr.
    6.28001e+03    4.33397e+03    1.41969e+02   -1.14881e+03   -1.79251e+03
   Coulomb (SR)   Coul. recip.      Potential    Kinetic En.   Total Energy
   -1.55004e+05    5.34589e+02   -1.46655e+05    3.03814e+04   -1.16273e+05
  Conserved En.    Temperature Pres. DC (bar) Pressure (bar)   Constr. rmsd
   -9.40425e+04    3.09704e+02   -1.64691e+02   -8.42256e+02    6.11497e-06

           Step           Time         Lambda
          45500       91.00000        0.00000

   Energies (kJ/mol)
       G96Angle    Proper Dih.  Improper Dih.        LJ (SR)  Disper. corr.
    6.09637e+03    4.55793e+03    1.45373e+02   -2.29279e+02   -1.79251e+03
   Coulomb (SR)   Coul. recip.      Potential    Kinetic En.   Total Energy
   -1.55320e+05    5.06797e+02   -1.46035e+05    2.98918e+04   -1.16144e+05
  Conserved En.    Temperature Pres. DC (bar) Pressure (bar)   Constr. rmsd
   -9.38909e+04    3.04713e+02   -1.64691e+02   -4.30575e+02    6.00447e-06

DD  step 45999  vol min/aver 0.495  load imb.: force  5.2%  pme mesh/force 0.472

           Step           Time         Lambda
          46000       92.00000        0.00000

   Energies (kJ/mol)
       G96Angle    Proper Dih.  Improper Dih.        LJ (SR)  Disper. corr.
    6.14880e+03    4.55805e+03    1.57747e+02    2.37557e+01   -1.79251e+03
   Coulomb (SR)   Coul. recip.      Potential    Kinetic En.   Total Energy
   -1.55860e+05    5.44631e+02   -1.46219e+05    2.96934e+04   -1.16526e+05
  Conserved En.    Temperature Pres. DC (bar) Pressure (bar)   Constr. rmsd
   -9.39106e+04    3.02691e+02   -1.64691e+02   -1.46585e+02    5.83210e-06

           Step           Time         Lambda
          46500       93.00000        0.00000

   Energies (kJ/mol)
       G96Angle    Proper Dih.  Improper Dih.        LJ (SR)  Disper. corr.
    6.13290e+03    4.24300e+03    1.70003e+02   -3.94132e+02   -1.79251e+03
   Coulomb (SR)   Coul. recip.      Potential    Kinetic En.   Total Energy
   -1.55609e+05    4.84884e+02   -1.46765e+05    2.97846e+04   -1.16980e+05
  Conserved En.    Temperature Pres. DC (bar) Pressure (bar)   Constr. rmsd
   -9.39966e+04    3.03621e+02   -1.64691e+02   -3.57164e+02    6.06766e-06

DD  step 46999  vol min/aver 0.502  load imb.: force  3.9%  pme mesh/force 0.481

           Step           Time         Lambda
          47000       94.00000        0.00000

   Energies (kJ/mol)
       G96Angle    Proper Dih.  Improper Dih.        LJ (SR)  Disper. corr.
    6.18722e+03    4.35588e+03    1.51035e+02   -4.61497e+02   -1.79251e+03
   Coulomb (SR)   Coul. recip.      Potential    Kinetic En.   Total Energy
   -1.55900e+05    5.23134e+02   -1.46937e+05    3.01851e+04   -1.16752e+05
  Conserved En.    Temperature Pres. DC (bar) Pressure (bar)   Constr. rmsd
   -9.38505e+04    3.07703e+02   -1.64691e+02   -7.82707e+02    6.62024e-06

           Step           Time         Lambda
          47500       95.00000        0.00000

   Energies (kJ/mol)
       G96Angle    Proper Dih.  Improper Dih.        LJ (SR)  Disper. corr.
    5.89488e+03    4.25781e+03    1.44804e+02   -6.58893e+01   -1.79251e+03
   Coulomb (SR)   Coul. recip.      Potential    Kinetic En.   Total Energy
   -1.56158e+05    5.13620e+02   -1.47206e+05    2.97901e+04   -1.17416e+05
  Conserved En.    Temperature Pres. DC (bar) Pressure (bar)   Constr. rmsd
   -9.38800e+04    3.03676e+02   -1.64691e+02   -5.68879e+02    6.16962e-06

DD  step 47999  vol min/aver 0.493  load imb.: force  3.4%  pme mesh/force 0.465

           Step           Time         Lambda
          48000       96.00000        0.00000

   Energies (kJ/mol)
       G96Angle    Proper Dih.  Improper Dih.        LJ (SR)  Disper. corr.
    6.20988e+03    4.52457e+03    1.54949e+02   -3.69002e+02   -1.79251e+03
   Coulomb (SR)   Coul. recip.      Potential    Kinetic En.   Total Energy
   -1.55526e+05    4.96354e+02   -1.46302e+05    2.95585e+04   -1.16744e+05
  Conserved En.    Temperature Pres. DC (bar) Pressure (bar)   Constr. rmsd
   -9.38882e+04    3.01316e+02   -1.64691e+02   -2.75443e+02    5.83616e-06

           Step           Time         Lambda
          48500       97.00000        0.00000

   Energies (kJ/mol)
       G96Angle    Proper Dih.  Improper Dih.        LJ (SR)  Disper. corr.
    6.17760e+03    4.46383e+03    1.21216e+02   -2.59000e+02   -1.79251e+03
   Coulomb (SR)   Coul. recip.      Potential    Kinetic En.   Total Energy
   -1.56069e+05    4.79340e+02   -1.46879e+05    2.98250e+04   -1.17054e+05
  Conserved En.    Temperature Pres. DC (bar) Pressure (bar)   Constr. rmsd
   -9.40029e+04    3.04032e+02   -1.64691e+02   -5.53358e+02    5.94664e-06

DD  step 48999  vol min/aver 0.497  load imb.: force  4.4%  pme mesh/force 0.441

           Step           Time         Lambda
          49000       98.00000        0.00000

   Energies (kJ/mol)
       G96Angle    Proper Dih.  Improper Dih.        LJ (SR)  Disper. corr.
    5.97506e+03    4.35879e+03    1.51416e+02    1.25953e+02   -1.79251e+03
   Coulomb (SR)   Coul. recip.      Potential    Kinetic En.   Total Energy
   -1.55928e+05    4.80477e+02   -1.46629e+05    2.99962e+04   -1.16633e+05
  Conserved En.    Temperature Pres. DC (bar) Pressure (bar)   Constr. rmsd
   -9.38312e+04    3.05778e+02   -1.64691e+02   -4.24024e+02    6.01013e-06

           Step           Time         Lambda
          49500       99.00000        0.00000

   Energies (kJ/mol)
       G96Angle    Proper Dih.  Improper Dih.        LJ (SR)  Disper. corr.
    5.97212e+03    4.33188e+03    1.07826e+02   -9.85804e+02   -1.79251e+03
   Coulomb (SR)   Coul. recip.      Potential    Kinetic En.   Total Energy
   -1.54744e+05    5.06078e+02   -1.46605e+05    2.97633e+04   -1.16842e+05
  Conserved En.    Temperature Pres. DC (bar) Pressure (bar)   Constr. rmsd
   -9.39628e+04    3.03403e+02   -1.64691e+02   -5.40144e+02    6.41645e-06

DD  step 49999  vol min/aver 0.499  load imb.: force  2.9%  pme mesh/force 0.467

           Step           Time         Lambda
          50000      100.00000        0.00000

Writing checkpoint, step 50000 at Fri Dec  9 13:47:06 2016


   Energies (kJ/mol)
       G96Angle    Proper Dih.  Improper Dih.        LJ (SR)  Disper. corr.
    6.16689e+03    4.44330e+03    1.54686e+02   -5.08807e+02   -1.79251e+03
   Coulomb (SR)   Coul. recip.      Potential    Kinetic En.   Total Energy
   -1.54819e+05    4.94421e+02   -1.45861e+05    2.97971e+04   -1.16063e+05
  Conserved En.    Temperature Pres. DC (bar) Pressure (bar)   Constr. rmsd
   -9.39024e+04    3.03748e+02   -1.64691e+02   -2.72617e+02    6.13440e-06

	<======  ###############  ==>
	<====  A V E R A G E S  ====>
	<==  ###############  ======>

	Statistics over 50001 steps using 501 frames

   Energies (kJ/mol)
       G96Angle    Proper Dih.  Improper Dih.        LJ (SR)  Disper. corr.
    6.14926e+03    4.49403e+03    1.38943e+02   -2.74008e+02   -1.79251e+03
   Coulomb (SR)   Coul. recip.      Potential    Kinetic En.   Total Energy
   -1.54888e+05    5.32847e+02   -1.45640e+05    2.99193e+04   -1.15720e+05
  Conserved En.    Temperature Pres. DC (bar) Pressure (bar)   Constr. rmsd
   -9.41022e+04    3.04994e+02   -1.64691e+02   -3.63557e+02    0.00000e+00

   Total Virial (kJ/mol)
    1.27890e+04    5.17454e+01    4.65710e+00
    5.16194e+01    1.25060e+04   -4.05639e+01
    4.85889e+00   -4.01701e+01    1.05638e+04

   Pressure (bar)
   -4.41774e+02   -1.17254e+01   -1.89638e+01
   -1.17022e+01   -3.65516e+02    3.23867e+00
   -1.90008e+01    3.16636e+00   -2.83381e+02

    T-non-Water        T-Water
    3.05382e+02    3.04785e+02


	M E G A - F L O P S   A C C O U N T I N G

 NB=Group-cutoff nonbonded kernels    NxN=N-by-N cluster Verlet kernels
 RF=Reaction-Field  VdW=Van der Waals  QSTab=quadratic-spline table
 W3=SPC/TIP3p  W4=TIP4p (single or pairs)
 V&F=Potential and force  V=Potential only  F=Force only

 Computing:                               M-Number         M-Flops  % Flops
-----------------------------------------------------------------------------
 Pair Search distance check            7418.131938       66763.187     0.4
 NxN QSTab Elec. + LJ [F]            216483.860376     8875838.275    48.3
 NxN QSTab Elec. + LJ [V&F]            2190.858416      129260.647     0.7
 NxN LJ [F]                           61837.588112     2040640.408    11.1
 NxN LJ [V&F]                           625.936496       26915.269     0.1
 NxN QSTab Elec. [F]                 178327.864232     6063147.384    33.0
 NxN QSTab Elec. [V&F]                 1805.053120       74007.178     0.4
 Calc Weights                          1760.435208       63375.667     0.3
 Spread Q Bspline                     37555.951104       75111.902     0.4
 Gather F Bspline                     37555.951104      225335.707     1.2
 3D-FFT                               69560.691186      556485.529     3.0
 Solve PME                               31.250625        2000.040     0.0
 Reset In Box                            14.681736          44.045     0.0
 CG-CoM                                  14.693472          44.080     0.0
 Angles                                 201.704034       33886.278     0.2
 Propers                                178.403568       40854.417     0.2
 Impropers                                3.900078         811.216     0.0
 Virial                                   6.330636         113.951     0.0
 Stop-CM                                  5.891472          58.915     0.0
 Calc-Ekin                              117.383472        3169.354     0.0
 Lincs                                  290.469066       17428.144     0.1
 Lincs-Mat                             3555.070668       14220.283     0.1
 Constraint-V                          1025.542167        8204.337     0.0
 Constraint-Vir                           7.365517         176.772     0.0
 Settle                                 148.208533       47871.356     0.3
-----------------------------------------------------------------------------
 Total                                                18365764.343   100.0
-----------------------------------------------------------------------------


    D O M A I N   D E C O M P O S I T I O N   S T A T I S T I C S

 av. #atoms communicated per step for force:  2 x 37213.6
 av. #atoms communicated per step for LINCS:  2 x 3414.7

 Average load imbalance: 4.9 %
 Part of the total run time spent waiting due to load imbalance: 3.1 %
 Steps where the load balancing was limited by -rdd, -rcon and/or -dds: X 0 % Z 0 %
 Average PME mesh/force load: 0.484
 Part of the total run time spent waiting due to PP/PME imbalance: 6.6 %

NOTE: 6.6 % performance was lost because the PME ranks
      had less work to do than the PP ranks.
      You might want to decrease the number of PME ranks
      or decrease the cut-off and the grid spacing.


     R E A L   C Y C L E   A N D   T I M E   A C C O U N T I N G

On 20 MPI ranks doing PP, and
on 4 MPI ranks doing PME

 Computing:          Num   Num      Call    Wall time         Giga-Cycles
                     Ranks Threads  Count      (s)         total sum    %
-----------------------------------------------------------------------------
 Domain decomp.        20    1       1251       8.632        459.209   2.4
 DD comm. load         20    1       1250       0.147          7.813   0.0
 DD comm. bounds       20    1       1250       0.257         13.675   0.1
 Send X to PME         20    1      50001       3.793        201.775   1.1
 Neighbor search       20    1       1251       4.206        223.749   1.2
 Comm. coord.          20    1      48750      19.690       1047.445   5.5
 Force                 20    1      50001     194.849      10365.368  54.6
 Wait + Comm. F        20    1      50001      28.244       1502.495   7.9
 PME mesh *             4    1      50001     108.774       1157.286   6.1
 PME wait for PP *                            188.676       2007.399  10.6
 Wait + Recv. PME F    20    1      50001       0.323         17.159   0.1
 NB X/F buffer ops.    20    1     147501       1.759         93.593   0.5
 Write traj.           20    1        101       0.178          9.479   0.0
 Update                20    1      50001       3.003        159.771   0.8
 Constraints           20    1      50001      28.973       1541.294   8.1
 Comm. energies        20    1       5001       2.848        151.504   0.8
 Rest                                           0.556         29.561   0.2
-----------------------------------------------------------------------------
 Total                                        297.459      18988.666 100.0
-----------------------------------------------------------------------------
(*) Note that with separate PME ranks, the walltime column actually sums to
    twice the total reported, but the cycle count total and % are correct.
-----------------------------------------------------------------------------
 Breakdown of PME mesh computation
-----------------------------------------------------------------------------
 PME redist. X/F        4    1     100002      24.741        263.232   1.4
 PME spread/gather      4    1     100002      55.226        587.571   3.1
 PME 3D-FFT             4    1     100002      17.608        187.339   1.0
 PME 3D-FFT Comm.       4    1     100002       5.858         62.328   0.3
 PME solve Elec         4    1      50001       5.253         55.891   0.3
-----------------------------------------------------------------------------

               Core t (s)   Wall t (s)        (%)
       Time:     7139.018      297.459     2400.0
                 (ns/day)    (hour/ns)
Performance:       29.047        0.826
Finished mdrun on rank 0 Fri Dec  9 13:47:06 2016
