                   :-) GROMACS - gmx grompp, VERSION 5.1 (-:

                            GROMACS is written by:
     Emile Apol      Rossen Apostolov  Herman J.C. Berendsen    Par Bjelkmar   
 Aldert van Buuren   Rudi van Drunen     Anton Feenstra   Sebastian Fritsch 
  Gerrit Groenhof   Christoph Junghans   Anca Hamuraru    Vincent Hindriksen
 Dimitrios Karkoulis    Peter Kasson        Jiri Kraus      Carsten Kutzner  
    Per Larsson      Justin A. Lemkul   Magnus Lundborg   Pieter Meulenhoff 
   Erik Marklund      Teemu Murtola       Szilard Pall       Sander Pronk   
   Roland Schulz     Alexey Shvetsov     Michael Shirts     Alfons Sijbers  
   Peter Tieleman    Teemu Virolainen  Christian Wennberg    Maarten Wolf   
                           and the project leaders:
        Mark Abraham, Berk Hess, Erik Lindahl, and David van der Spoel

Copyright (c) 1991-2000, University of Groningen, The Netherlands.
Copyright (c) 2001-2015, The GROMACS development team at
Uppsala University, Stockholm University and
the Royal Institute of Technology, Sweden.
check out http://www.gromacs.org for more information.

GROMACS is free software; you can redistribute it and/or modify it
under the terms of the GNU Lesser General Public License
as published by the Free Software Foundation; either version 2.1
of the License, or (at your option) any later version.

GROMACS:      gmx grompp, VERSION 5.1
Executable:   /raid6/software/gromacs_5.1.0//bin/gmx
Data prefix:  /raid6/software/gromacs_5.1.0/
Command line:
  gmx grompp -f minim.mdp -c a27.gro -p a27.top -o em_a27.tpr


Back Off! I just backed up mdout.mdp to ./#mdout.mdp.1#

NOTE 1 [file minim.mdp]:
  With Verlet lists the optimal nstlist is >= 10, with GPUs >= 20. Note
  that with the Verlet scheme, nstlist has no effect on the accuracy of
  your simulation.

Setting the LD random seed to 3388564148
Generated 165 of the 1596 non-bonded parameter combinations
Generating 1-4 interactions: fudge = 1
Generated 111 of the 1596 1-4 parameter combinations
Excluding 2 bonded neighbours molecule type 'DSPC'
Excluding 2 bonded neighbours molecule type 'alc22'
Excluding 2 bonded neighbours molecule type 'SOL'
Removing all charge groups because cutoff-scheme=Verlet
Number of degrees of freedom in T-Coupling group rest is 28533.00
Estimate for the relative computational load of the PME mesh part: 0.65

NOTE 2 [file minim.mdp]:
  The optimal PME mesh load for parallel simulations is below 0.5
  and for highly parallel simulations between 0.25 and 0.33,
  for higher performance, increase the cut-off and the PME grid spacing.



There were 2 notes

gcq#348: "Carbohydrates is all they groove" (Frank Zappa)

Analysing residue names:
There are:   128      Other residues
There are:  2560      Water residues
Analysing residues not classified as Protein/DNA/RNA/Water and splitting into groups...
Calculating fourier grid dimensions for X Y Z
Using a fourier grid of 72x72x80, spacing 0.111 0.111 0.119
This run will generate roughly 1 Mb of data
