Log file opened on Fri Dec  9 12:26:15 2016
Host: filey.vuse.vanderbilt.edu  pid: 98111  rank ID: 0  number of ranks:  1
                   :-) GROMACS - gmx mdrun, VERSION 5.1.2 (-:

                            GROMACS is written by:
     Emile Apol      Rossen Apostolov  Herman J.C. Berendsen    Par Bjelkmar   
 Aldert van Buuren   Rudi van Drunen     Anton Feenstra   Sebastian Fritsch 
  Gerrit Groenhof   Christoph Junghans   Anca Hamuraru    Vincent Hindriksen
 Dimitrios Karkoulis    Peter Kasson        Jiri Kraus      Carsten Kutzner  
    Per Larsson      Justin A. Lemkul   Magnus Lundborg   Pieter Meulenhoff 
   Erik Marklund      Teemu Murtola       Szilard Pall       Sander Pronk   
   Roland Schulz     Alexey Shvetsov     Michael Shirts     Alfons Sijbers  
   Peter Tieleman    Teemu Virolainen  Christian Wennberg    Maarten Wolf   
                           and the project leaders:
        Mark Abraham, Berk Hess, Erik Lindahl, and David van der Spoel

Copyright (c) 1991-2000, University of Groningen, The Netherlands.
Copyright (c) 2001-2015, The GROMACS development team at
Uppsala University, Stockholm University and
the Royal Institute of Technology, Sweden.
check out http://www.gromacs.org for more information.

GROMACS is free software; you can redistribute it and/or modify it
under the terms of the GNU Lesser General Public License
as published by the Free Software Foundation; either version 2.1
of the License, or (at your option) any later version.

GROMACS:      gmx mdrun, VERSION 5.1.2
Executable:   /usr/local/gromacs/bin//gmx
Data prefix:  /usr/local/gromacs
Command line:
  gmx mdrun -deffnm nvteq_DSPC-34_acd22-66_0129

GROMACS version:    VERSION 5.1.2
Precision:          single
Memory model:       64 bit
MPI library:        thread_mpi
OpenMP support:     disabled
GPU support:        enabled
OpenCL support:     disabled
invsqrt routine:    gmx_software_invsqrt(x)
SIMD instructions:  SSE4.1
FFT library:        fftw-3.3.4-sse2
RDTSCP usage:       enabled
C++11 compilation:  disabled
TNG support:        enabled
Tracing support:    disabled
Built on:           Tue May 31 09:28:24 CDT 2016
Built by:           leonhaac@filey.vuse.vanderbilt.edu [CMAKE]
Build OS/arch:      Darwin 10.8.0 x86_64
Build CPU vendor:   GenuineIntel
Build CPU brand:    Intel(R) Xeon(R) CPU           X5650  @ 2.67GHz
Build CPU family:   6   Model: 44   Stepping: 2
Build CPU features: aes apic clfsh cmov cx8 cx16 htt lahf_lm mmx msr nonstop_tsc pcid pclmuldq pdcm pdpe1gb popcnt pse rdtscp sse2 sse3 sse4.1 sse4.2 ssse3
C compiler:         /Developer/usr/bin/cc GNU 4.2.1
C compiler flags:    -msse4.1    -Wextra -Wno-missing-field-initializers -Wno-sign-compare -Wpointer-arith -Wall -Wno-unused -Wunused-value -Wunused-parameter -Wno-unknown-pragmas  -O3 -DNDEBUG -funroll-all-loops  
C++ compiler:       /Developer/usr/bin/c++ GNU 4.2.1
C++ compiler flags:  -msse4.1    -Wextra -Wno-missing-field-initializers -Wpointer-arith -Wall -Wno-unused-function -Wno-unknown-pragmas  -O3 -DNDEBUG -funroll-all-loops  
Boost version:      1.55.0 (internal)
CUDA compiler:      /usr/local/cuda/bin/nvcc nvcc: NVIDIA (R) Cuda compiler driver;Copyright (c) 2005-2011 NVIDIA Corporation;Built on Fri_May_13_01:54:22_PDT_2011;Cuda compilation tools, release 4.0, V0.2.1221
CUDA compiler flags:-gencode;arch=compute_20,code=sm_20;-gencode;arch=compute_20,code=compute_20;-use_fast_math;-D__STRICT_ANSI__; ;-msse4.1;-Wextra;-Wno-missing-field-initializers;-Wpointer-arith;-Wall;-Wno-unused-function;-Wno-unknown-pragmas;-O3;-DNDEBUG;-funroll-all-loops;
CUDA driver:        0.0
CUDA runtime:       0.0


NOTE: Error occurred during GPU detection:
      no CUDA-capable device is detected
      Can not use GPU acceleration, will fall back to CPU kernels.


Running on 1 node with total 24 logical cores, 0 compatible GPUs
Hardware detected:
  CPU info:
    Vendor: GenuineIntel
    Brand:  Intel(R) Xeon(R) CPU           X5650  @ 2.67GHz
    Family:  6  model: 44  stepping:  2
    CPU features: aes apic clfsh cmov cx8 cx16 htt lahf_lm mmx msr nonstop_tsc pcid pclmuldq pdcm pdpe1gb popcnt pse rdtscp sse2 sse3 sse4.1 sse4.2 ssse3
    SIMD instructions most likely to fit this hardware: SSE4.1
    SIMD instructions selected at GROMACS compile time: SSE4.1


++++ PLEASE READ AND CITE THE FOLLOWING REFERENCE ++++
M. J. Abraham, T. Murtola, R. Schulz, S. Páll, J. C. Smith, B. Hess, E.
Lindahl
GROMACS: High performance molecular simulations through multi-level
parallelism from laptops to supercomputers
SoftwareX 1 (2015) pp. 19-25
-------- -------- --- Thank You --- -------- --------


++++ PLEASE READ AND CITE THE FOLLOWING REFERENCE ++++
S. Páll, M. J. Abraham, C. Kutzner, B. Hess, E. Lindahl
Tackling Exascale Software Challenges in Molecular Dynamics Simulations with
GROMACS
In S. Markidis & E. Laure (Eds.), Solving Software Challenges for Exascale 8759 (2015) pp. 3-27
-------- -------- --- Thank You --- -------- --------


++++ PLEASE READ AND CITE THE FOLLOWING REFERENCE ++++
S. Pronk, S. Páll, R. Schulz, P. Larsson, P. Bjelkmar, R. Apostolov, M. R.
Shirts, J. C. Smith, P. M. Kasson, D. van der Spoel, B. Hess, and E. Lindahl
GROMACS 4.5: a high-throughput and highly parallel open source molecular
simulation toolkit
Bioinformatics 29 (2013) pp. 845-54
-------- -------- --- Thank You --- -------- --------


++++ PLEASE READ AND CITE THE FOLLOWING REFERENCE ++++
B. Hess and C. Kutzner and D. van der Spoel and E. Lindahl
GROMACS 4: Algorithms for highly efficient, load-balanced, and scalable
molecular simulation
J. Chem. Theory Comput. 4 (2008) pp. 435-447
-------- -------- --- Thank You --- -------- --------


++++ PLEASE READ AND CITE THE FOLLOWING REFERENCE ++++
D. van der Spoel, E. Lindahl, B. Hess, G. Groenhof, A. E. Mark and H. J. C.
Berendsen
GROMACS: Fast, Flexible and Free
J. Comp. Chem. 26 (2005) pp. 1701-1719
-------- -------- --- Thank You --- -------- --------


++++ PLEASE READ AND CITE THE FOLLOWING REFERENCE ++++
E. Lindahl and B. Hess and D. van der Spoel
GROMACS 3.0: A package for molecular simulation and trajectory analysis
J. Mol. Mod. 7 (2001) pp. 306-317
-------- -------- --- Thank You --- -------- --------


++++ PLEASE READ AND CITE THE FOLLOWING REFERENCE ++++
H. J. C. Berendsen, D. van der Spoel and R. van Drunen
GROMACS: A message-passing parallel molecular dynamics implementation
Comp. Phys. Comm. 91 (1995) pp. 43-56
-------- -------- --- Thank You --- -------- --------

Changing nstlist from 10 to 40, rlist from 1.4 to 1.421

Input Parameters:
   integrator                     = md
   tinit                          = 0
   dt                             = 0.002
   nsteps                         = 50000
   init-step                      = 0
   simulation-part                = 1
   comm-mode                      = Linear
   nstcomm                        = 100
   bd-fric                        = 0
   ld-seed                        = 833348780
   emtol                          = 10
   emstep                         = 0.01
   niter                          = 20
   fcstep                         = 0
   nstcgsteep                     = 1000
   nbfgscorr                      = 10
   rtpi                           = 0.05
   nstxout                        = 500
   nstvout                        = 500
   nstfout                        = 0
   nstlog                         = 500
   nstcalcenergy                  = 100
   nstenergy                      = 500
   nstxout-compressed             = 0
   compressed-x-precision         = 1000
   cutoff-scheme                  = Verlet
   nstlist                        = 40
   ns-type                        = Grid
   pbc                            = xyz
   periodic-molecules             = FALSE
   verlet-buffer-tolerance        = 0.005
   rlist                          = 1.421
   rlistlong                      = 1.421
   nstcalclr                      = 10
   coulombtype                    = PME
   coulomb-modifier               = Potential-shift
   rcoulomb-switch                = 0
   rcoulomb                       = 1.4
   epsilon-r                      = 1
   epsilon-rf                     = inf
   vdw-type                       = Cut-off
   vdw-modifier                   = Potential-shift
   rvdw-switch                    = 0
   rvdw                           = 1.4
   DispCorr                       = EnerPres
   table-extension                = 1
   fourierspacing                 = 0.16
   fourier-nx                     = 28
   fourier-ny                     = 28
   fourier-nz                     = 72
   pme-order                      = 4
   ewald-rtol                     = 1e-05
   ewald-rtol-lj                  = 0.001
   lj-pme-comb-rule               = Geometric
   ewald-geometry                 = 0
   epsilon-surface                = 0
   implicit-solvent               = No
   gb-algorithm                   = Still
   nstgbradii                     = 1
   rgbradii                       = 1
   gb-epsilon-solvent             = 80
   gb-saltconc                    = 0
   gb-obc-alpha                   = 1
   gb-obc-beta                    = 0.8
   gb-obc-gamma                   = 4.85
   gb-dielectric-offset           = 0.009
   sa-algorithm                   = Ace-approximation
   sa-surface-tension             = 2.05016
   tcoupl                         = Nose-Hoover
   nsttcouple                     = 10
   nh-chain-length                = 1
   print-nose-hoover-chain-variables = FALSE
   pcoupl                         = No
   pcoupltype                     = Isotropic
   nstpcouple                     = -1
   tau-p                          = 1
   compressibility (3x3):
      compressibility[    0]={ 0.00000e+00,  0.00000e+00,  0.00000e+00}
      compressibility[    1]={ 0.00000e+00,  0.00000e+00,  0.00000e+00}
      compressibility[    2]={ 0.00000e+00,  0.00000e+00,  0.00000e+00}
   ref-p (3x3):
      ref-p[    0]={ 0.00000e+00,  0.00000e+00,  0.00000e+00}
      ref-p[    1]={ 0.00000e+00,  0.00000e+00,  0.00000e+00}
      ref-p[    2]={ 0.00000e+00,  0.00000e+00,  0.00000e+00}
   refcoord-scaling               = No
   posres-com (3):
      posres-com[0]= 0.00000e+00
      posres-com[1]= 0.00000e+00
      posres-com[2]= 0.00000e+00
   posres-comB (3):
      posres-comB[0]= 0.00000e+00
      posres-comB[1]= 0.00000e+00
      posres-comB[2]= 0.00000e+00
   QMMM                           = FALSE
   QMconstraints                  = 0
   QMMMscheme                     = 0
   MMChargeScaleFactor            = 1
qm-opts:
   ngQM                           = 0
   constraint-algorithm           = Lincs
   continuation                   = FALSE
   Shake-SOR                      = FALSE
   shake-tol                      = 0.0001
   lincs-order                    = 4
   lincs-iter                     = 1
   lincs-warnangle                = 30
   nwall                          = 0
   wall-type                      = 9-3
   wall-r-linpot                  = -1
   wall-atomtype[0]               = -1
   wall-atomtype[1]               = -1
   wall-density[0]                = 0
   wall-density[1]                = 0
   wall-ewald-zfac                = 3
   pull                           = FALSE
   rotation                       = FALSE
   interactiveMD                  = FALSE
   disre                          = No
   disre-weighting                = Conservative
   disre-mixed                    = FALSE
   dr-fc                          = 1000
   dr-tau                         = 0
   nstdisreout                    = 100
   orire-fc                       = 0
   orire-tau                      = 0
   nstorireout                    = 100
   free-energy                    = no
   cos-acceleration               = 0
   deform (3x3):
      deform[    0]={ 0.00000e+00,  0.00000e+00,  0.00000e+00}
      deform[    1]={ 0.00000e+00,  0.00000e+00,  0.00000e+00}
      deform[    2]={ 0.00000e+00,  0.00000e+00,  0.00000e+00}
   simulated-tempering            = FALSE
   E-x:
      n = 0
   E-xt:
      n = 0
   E-y:
      n = 0
   E-yt:
      n = 0
   E-z:
      n = 0
   E-zt:
      n = 0
   swapcoords                     = no
   adress                         = FALSE
   userint1                       = 0
   userint2                       = 0
   userint3                       = 0
   userint4                       = 0
   userreal1                      = 0
   userreal2                      = 0
   userreal3                      = 0
   userreal4                      = 0
grpopts:
   nrdf:     9078.89     15358.1
   ref-t:         305         305
   tau-t:         0.4         0.4
annealing:          No          No
annealing-npoints:           0           0
   acc:	           0           0           0
   nfreeze:           N           N           N
   energygrp-flags[  0]: 0


Initializing Domain Decomposition on 24 ranks
Dynamic load balancing: auto
Will sort the charge groups at every domain (re)decomposition
Initial maximum inter charge-group distances:
    two-body bonded interactions: 0.283 nm, Exclusion, atoms 525 527
  multi-body bonded interactions: 0.404 nm, Proper Dih., atoms 818 823
Minimum cell size due to bonded interactions: 0.445 nm
Maximum distance for 5 constraints, at 120 deg. angles, all-trans: 0.771 nm
Estimated maximum distance required for P-LINCS: 0.771 nm
This distance will limit the DD cell size, you can override this with -rcon
Guess for relative PME load: 0.09
Will use 20 particle-particle and 4 PME only ranks
This is a guess, check the performance at the end of the log file
Using 4 separate PME ranks, as guessed by mdrun
Scaling the initial minimum size with 1/0.8 (option -dds) = 1.25
Optimizing the DD grid for 20 cells with a minimum initial size of 0.964 nm
The maximum allowed number of cells is: X 4 Y 4 Z 11
Domain decomposition grid 4 x 1 x 5, separate PME ranks 4
PME domain decomposition: 4 x 1 x 1
Interleaving PP and PME ranks
This rank does only particle-particle work.

Domain decomposition rank 0, coordinates 0 0 0

Using 24 MPI threads
Will do PME sum in reciprocal space for electrostatic interactions.

++++ PLEASE READ AND CITE THE FOLLOWING REFERENCE ++++
U. Essmann, L. Perera, M. L. Berkowitz, T. Darden, H. Lee and L. G. Pedersen 
A smooth particle mesh Ewald method
J. Chem. Phys. 103 (1995) pp. 8577-8592
-------- -------- --- Thank You --- -------- --------

Will do ordinary reciprocal space Ewald sum.
Using a Gaussian width (1/beta) of 0.448228 nm for Ewald
Cut-off's:   NS: 1.421   Coulomb: 1.4   LJ: 1.4
Long Range LJ corr.: <C6> 1.6034e-03
System total charge: 0.000
Generated table with 1210 data points for Ewald.
Tabscale = 500 points/nm
Generated table with 1210 data points for LJ6.
Tabscale = 500 points/nm
Generated table with 1210 data points for LJ12.
Tabscale = 500 points/nm
Potential shift: LJ r^-12: -1.764e-02 r^-6: -1.328e-01, Ewald -1.000e-05
Initialized non-bonded Ewald correction tables, spacing: 1.10e-03 size: 1270


Using SSE4.1 4x4 non-bonded kernels

Using full Lennard-Jones parameter combination matrix

Removing pbc first time

Initializing Parallel LINear Constraint Solver

++++ PLEASE READ AND CITE THE FOLLOWING REFERENCE ++++
B. Hess
P-LINCS: A Parallel Linear Constraint Solver for molecular simulation
J. Chem. Theory Comput. 4 (2008) pp. 116-122
-------- -------- --- Thank You --- -------- --------

The number of constraints is 4348
There are inter charge-group constraints,
will communicate selected coordinates each lincs iteration

++++ PLEASE READ AND CITE THE FOLLOWING REFERENCE ++++
S. Miyamoto and P. A. Kollman
SETTLE: An Analytical Version of the SHAKE and RATTLE Algorithms for Rigid
Water Models
J. Comp. Chem. 13 (1992) pp. 952-962
-------- -------- --- Thank You --- -------- --------


Linking all bonded interactions to atoms

The initial number of communication pulses is: X 2 Z 1
The initial domain decomposition cell size is: X 1.02 nm Z 2.22 nm

The maximum allowed distance for charge groups involved in interactions is:
                 non-bonded interactions           1.421 nm
            two-body bonded interactions  (-rdd)   1.421 nm
          multi-body bonded interactions  (-rdd)   1.020 nm
  atoms separated by up to 5 constraints  (-rcon)  1.020 nm

When dynamic load balancing gets turned on, these settings will change to:
The maximum number of communication pulses is: X 2 Z 2
The minimum size for domain decomposition cells is 0.771 nm
The requested allowed shrink of DD cells (option -dds) is: 0.80
The allowed shrink of domain decomposition cells is: X 0.76 Z 0.35
The maximum allowed distance for charge groups involved in interactions is:
                 non-bonded interactions           1.421 nm
            two-body bonded interactions  (-rdd)   1.421 nm
          multi-body bonded interactions  (-rdd)   0.771 nm
  atoms separated by up to 5 constraints  (-rcon)  0.771 nm


Making 2D domain decomposition grid 4 x 1 x 5, home cell index 0 0 0

Center of mass motion removal mode is Linear
We have the following groups for center of mass motion removal:
  0:  rest
There are: 12156 Atoms
Atom distribution over 20 domains: av 607 stddev 292 min 323 max 1090

Constraining the starting coordinates (step 0)

Constraining the coordinates at t0-dt (step 0)
RMS relative constraint deviation after constraining: 0.00e+00
Initial temperature: 305.794 K

Started mdrun on rank 0 Fri Dec  9 12:26:16 2016
           Step           Time         Lambda
              0        0.00000        0.00000

   Energies (kJ/mol)
       G96Angle    Proper Dih.  Improper Dih.        LJ (SR)  Disper. corr.
    8.40515e+03    6.00146e+03    3.45224e+02   -8.09225e+02   -1.95360e+03
   Coulomb (SR)   Coul. recip.      Potential    Kinetic En.   Total Energy
   -1.74673e+05    6.94225e+03   -1.55741e+05    3.10769e+04   -1.24664e+05
  Conserved En.    Temperature Pres. DC (bar) Pressure (bar)   Constr. rmsd
   -1.24664e+05    3.05904e+02   -1.75452e+02    2.01760e+03    1.66957e-05

DD  step 39 load imb.: force 132.9%  pme mesh/force 0.357

At step 40 the performance loss due to force load imbalance is 40.1 %

NOTE: Turning on dynamic load balancing

           Step           Time         Lambda
            500        1.00000        0.00000

   Energies (kJ/mol)
       G96Angle    Proper Dih.  Improper Dih.        LJ (SR)  Disper. corr.
    8.23735e+03    6.27202e+03    3.78703e+02    4.21480e+02   -1.95360e+03
   Coulomb (SR)   Coul. recip.      Potential    Kinetic En.   Total Energy
   -1.72539e+05    1.55601e+03   -1.57627e+05    3.06102e+04   -1.27016e+05
  Conserved En.    Temperature Pres. DC (bar) Pressure (bar)   Constr. rmsd
   -1.24750e+05    3.01310e+02   -1.75452e+02    2.94944e+03    7.52188e-06

DD  step 999  vol min/aver 0.480  load imb.: force  6.5%  pme mesh/force 0.488

           Step           Time         Lambda
           1000        2.00000        0.00000

   Energies (kJ/mol)
       G96Angle    Proper Dih.  Improper Dih.        LJ (SR)  Disper. corr.
    8.13963e+03    6.13149e+03    3.96714e+02    3.37117e+02   -1.95360e+03
   Coulomb (SR)   Coul. recip.      Potential    Kinetic En.   Total Energy
   -1.76844e+05    1.21066e+03   -1.62582e+05    3.01969e+04   -1.32385e+05
  Conserved En.    Temperature Pres. DC (bar) Pressure (bar)   Constr. rmsd
   -1.24521e+05    2.97242e+02   -1.75452e+02    1.91036e+03    7.12089e-06

           Step           Time         Lambda
           1500        3.00000        0.00000

   Energies (kJ/mol)
       G96Angle    Proper Dih.  Improper Dih.        LJ (SR)  Disper. corr.
    8.29381e+03    6.15731e+03    3.94752e+02    1.15621e+03   -1.95360e+03
   Coulomb (SR)   Coul. recip.      Potential    Kinetic En.   Total Energy
   -1.80081e+05    9.21902e+02   -1.65111e+05    3.09132e+04   -1.34198e+05
  Conserved En.    Temperature Pres. DC (bar) Pressure (bar)   Constr. rmsd
   -1.24338e+05    3.04293e+02   -1.75452e+02    1.71673e+03    7.94226e-06

DD  step 1999  vol min/aver 0.428  load imb.: force  4.2%  pme mesh/force 0.511

           Step           Time         Lambda
           2000        4.00000        0.00000

   Energies (kJ/mol)
       G96Angle    Proper Dih.  Improper Dih.        LJ (SR)  Disper. corr.
    8.35854e+03    6.27313e+03    4.03336e+02    1.08243e+03   -1.95360e+03
   Coulomb (SR)   Coul. recip.      Potential    Kinetic En.   Total Energy
   -1.80744e+05    9.28645e+02   -1.65652e+05    3.07616e+04   -1.34890e+05
  Conserved En.    Temperature Pres. DC (bar) Pressure (bar)   Constr. rmsd
   -1.24359e+05    3.02801e+02   -1.75452e+02    1.94711e+03    7.57990e-06

           Step           Time         Lambda
           2500        5.00000        0.00000

   Energies (kJ/mol)
       G96Angle    Proper Dih.  Improper Dih.        LJ (SR)  Disper. corr.
    8.38612e+03    6.02611e+03    4.42703e+02    8.79026e+02   -1.95360e+03
   Coulomb (SR)   Coul. recip.      Potential    Kinetic En.   Total Energy
   -1.81192e+05    7.86721e+02   -1.66625e+05    3.08030e+04   -1.35822e+05
  Conserved En.    Temperature Pres. DC (bar) Pressure (bar)   Constr. rmsd
   -1.24400e+05    3.03208e+02   -1.75452e+02    2.03478e+03    7.41353e-06

DD  step 2999  vol min/aver 0.465  load imb.: force  6.4%  pme mesh/force 0.498

           Step           Time         Lambda
           3000        6.00000        0.00000

   Energies (kJ/mol)
       G96Angle    Proper Dih.  Improper Dih.        LJ (SR)  Disper. corr.
    8.30786e+03    6.04794e+03    4.52961e+02   -3.05423e+02   -1.95360e+03
   Coulomb (SR)   Coul. recip.      Potential    Kinetic En.   Total Energy
   -1.80179e+05    7.53756e+02   -1.66875e+05    3.10196e+04   -1.35856e+05
  Conserved En.    Temperature Pres. DC (bar) Pressure (bar)   Constr. rmsd
   -1.24367e+05    3.05340e+02   -1.75452e+02    1.07578e+03    7.07911e-06

           Step           Time         Lambda
           3500        7.00000        0.00000

   Energies (kJ/mol)
       G96Angle    Proper Dih.  Improper Dih.        LJ (SR)  Disper. corr.
    8.22486e+03    5.94181e+03    4.42574e+02   -1.22218e+03   -1.95360e+03
   Coulomb (SR)   Coul. recip.      Potential    Kinetic En.   Total Energy
   -1.79098e+05    7.43983e+02   -1.66921e+05    3.13827e+04   -1.35538e+05
  Conserved En.    Temperature Pres. DC (bar) Pressure (bar)   Constr. rmsd
   -1.24289e+05    3.08914e+02   -1.75452e+02    6.27241e+02    7.52425e-06

DD  step 3999  vol min/aver 0.508  load imb.: force  3.5%  pme mesh/force 0.493

           Step           Time         Lambda
           4000        8.00000        0.00000

   Energies (kJ/mol)
       G96Angle    Proper Dih.  Improper Dih.        LJ (SR)  Disper. corr.
    8.10461e+03    6.02291e+03    4.45523e+02   -2.11104e+03   -1.95360e+03
   Coulomb (SR)   Coul. recip.      Potential    Kinetic En.   Total Energy
   -1.78127e+05    7.62597e+02   -1.66856e+05    3.09614e+04   -1.35895e+05
  Conserved En.    Temperature Pres. DC (bar) Pressure (bar)   Constr. rmsd
   -1.24353e+05    3.04768e+02   -1.75452e+02    6.55278e+02    6.96245e-06

           Step           Time         Lambda
           4500        9.00000        0.00000

   Energies (kJ/mol)
       G96Angle    Proper Dih.  Improper Dih.        LJ (SR)  Disper. corr.
    8.46829e+03    6.06978e+03    4.01826e+02   -2.35141e+03   -1.95360e+03
   Coulomb (SR)   Coul. recip.      Potential    Kinetic En.   Total Energy
   -1.78270e+05    7.46196e+02   -1.66889e+05    3.06797e+04   -1.36209e+05
  Conserved En.    Temperature Pres. DC (bar) Pressure (bar)   Constr. rmsd
   -1.24417e+05    3.01995e+02   -1.75452e+02    2.32482e+02    8.04670e-06

DD  step 4999  vol min/aver 0.517  load imb.: force  5.7%  pme mesh/force 0.703

           Step           Time         Lambda
           5000       10.00000        0.00000

   Energies (kJ/mol)
       G96Angle    Proper Dih.  Improper Dih.        LJ (SR)  Disper. corr.
    8.04644e+03    6.05825e+03    4.64725e+02   -2.22388e+03   -1.95360e+03
   Coulomb (SR)   Coul. recip.      Potential    Kinetic En.   Total Energy
   -1.77849e+05    7.74853e+02   -1.66683e+05    3.13235e+04   -1.35359e+05
  Conserved En.    Temperature Pres. DC (bar) Pressure (bar)   Constr. rmsd
   -1.24429e+05    3.08331e+02   -1.75452e+02    1.77283e+02    7.44379e-06

           Step           Time         Lambda
           5500       11.00000        0.00000

   Energies (kJ/mol)
       G96Angle    Proper Dih.  Improper Dih.        LJ (SR)  Disper. corr.
    7.92547e+03    6.06218e+03    4.40565e+02   -2.12648e+03   -1.95360e+03
   Coulomb (SR)   Coul. recip.      Potential    Kinetic En.   Total Energy
   -1.78273e+05    7.20245e+02   -1.67205e+05    3.15061e+04   -1.35699e+05
  Conserved En.    Temperature Pres. DC (bar) Pressure (bar)   Constr. rmsd
   -1.24342e+05    3.10129e+02   -1.75452e+02    1.27160e+02    7.74101e-06

DD  step 5999  vol min/aver 0.503  load imb.: force  5.8%  pme mesh/force 0.487

           Step           Time         Lambda
           6000       12.00000        0.00000

   Energies (kJ/mol)
       G96Angle    Proper Dih.  Improper Dih.        LJ (SR)  Disper. corr.
    7.87655e+03    5.87852e+03    4.25157e+02   -1.75001e+03   -1.95360e+03
   Coulomb (SR)   Coul. recip.      Potential    Kinetic En.   Total Energy
   -1.79475e+05    7.23924e+02   -1.68274e+05    3.04341e+04   -1.37840e+05
  Conserved En.    Temperature Pres. DC (bar) Pressure (bar)   Constr. rmsd
   -1.24312e+05    2.99577e+02   -1.75452e+02    1.05815e+02    7.37354e-06

           Step           Time         Lambda
           6500       13.00000        0.00000

   Energies (kJ/mol)
       G96Angle    Proper Dih.  Improper Dih.        LJ (SR)  Disper. corr.
    8.38380e+03    5.79652e+03    4.49743e+02   -2.01046e+03   -1.95360e+03
   Coulomb (SR)   Coul. recip.      Potential    Kinetic En.   Total Energy
   -1.78955e+05    7.55041e+02   -1.67534e+05    3.11783e+04   -1.36356e+05
  Conserved En.    Temperature Pres. DC (bar) Pressure (bar)   Constr. rmsd
   -1.24277e+05    3.06903e+02   -1.75452e+02   -8.16551e+01    7.51848e-06

DD  step 6999  vol min/aver 0.492  load imb.: force  5.1%  pme mesh/force 0.502

           Step           Time         Lambda
           7000       14.00000        0.00000

   Energies (kJ/mol)
       G96Angle    Proper Dih.  Improper Dih.        LJ (SR)  Disper. corr.
    8.58783e+03    5.84676e+03    3.69533e+02   -2.41263e+03   -1.95360e+03
   Coulomb (SR)   Coul. recip.      Potential    Kinetic En.   Total Energy
   -1.78538e+05    7.07941e+02   -1.67392e+05    3.14516e+04   -1.35941e+05
  Conserved En.    Temperature Pres. DC (bar) Pressure (bar)   Constr. rmsd
   -1.24254e+05    3.09592e+02   -1.75452e+02   -1.86944e+02    7.77482e-06

           Step           Time         Lambda
           7500       15.00000        0.00000

   Energies (kJ/mol)
       G96Angle    Proper Dih.  Improper Dih.        LJ (SR)  Disper. corr.
    7.95866e+03    5.88456e+03    4.24814e+02   -2.15231e+03   -1.95360e+03
   Coulomb (SR)   Coul. recip.      Potential    Kinetic En.   Total Energy
   -1.78771e+05    6.85547e+02   -1.67924e+05    3.12228e+04   -1.36701e+05
  Conserved En.    Temperature Pres. DC (bar) Pressure (bar)   Constr. rmsd
   -1.24323e+05    3.07340e+02   -1.75452e+02    1.90417e+02    7.38435e-06

DD  step 7999  vol min/aver 0.500  load imb.: force  4.1%  pme mesh/force 0.472

           Step           Time         Lambda
           8000       16.00000        0.00000

   Energies (kJ/mol)
       G96Angle    Proper Dih.  Improper Dih.        LJ (SR)  Disper. corr.
    8.38005e+03    5.90208e+03    4.76120e+02   -2.54638e+03   -1.95360e+03
   Coulomb (SR)   Coul. recip.      Potential    Kinetic En.   Total Energy
   -1.78607e+05    6.59476e+02   -1.67690e+05    3.07512e+04   -1.36938e+05
  Conserved En.    Temperature Pres. DC (bar) Pressure (bar)   Constr. rmsd
   -1.24429e+05    3.02698e+02   -1.75452e+02    2.55181e+02    7.54790e-06

           Step           Time         Lambda
           8500       17.00000        0.00000

   Energies (kJ/mol)
       G96Angle    Proper Dih.  Improper Dih.        LJ (SR)  Disper. corr.
    8.12792e+03    5.97775e+03    4.48520e+02   -2.37524e+03   -1.95360e+03
   Coulomb (SR)   Coul. recip.      Potential    Kinetic En.   Total Energy
   -1.79014e+05    6.74233e+02   -1.68115e+05    3.07151e+04   -1.37399e+05
  Conserved En.    Temperature Pres. DC (bar) Pressure (bar)   Constr. rmsd
   -1.24338e+05    3.02343e+02   -1.75452e+02   -4.27258e+02    7.80926e-06

DD  step 8999  vol min/aver 0.472  load imb.: force  6.3%  pme mesh/force 0.463

           Step           Time         Lambda
           9000       18.00000        0.00000

   Energies (kJ/mol)
       G96Angle    Proper Dih.  Improper Dih.        LJ (SR)  Disper. corr.
    7.92683e+03    6.07275e+03    4.18565e+02   -3.14988e+03   -1.95360e+03
   Coulomb (SR)   Coul. recip.      Potential    Kinetic En.   Total Energy
   -1.77992e+05    6.54178e+02   -1.68023e+05    3.11570e+04   -1.36866e+05
  Conserved En.    Temperature Pres. DC (bar) Pressure (bar)   Constr. rmsd
   -1.24314e+05    3.06693e+02   -1.75452e+02   -7.15216e+02    7.90994e-06

           Step           Time         Lambda
           9500       19.00000        0.00000

   Energies (kJ/mol)
       G96Angle    Proper Dih.  Improper Dih.        LJ (SR)  Disper. corr.
    8.07133e+03    6.00568e+03    4.52794e+02   -2.54239e+03   -1.95360e+03
   Coulomb (SR)   Coul. recip.      Potential    Kinetic En.   Total Energy
   -1.79157e+05    6.72584e+02   -1.68450e+05    3.12561e+04   -1.37194e+05
  Conserved En.    Temperature Pres. DC (bar) Pressure (bar)   Constr. rmsd
   -1.24380e+05    3.07668e+02   -1.75452e+02   -1.23235e+02    7.26009e-06

DD  step 9999  vol min/aver 0.513  load imb.: force  4.4%  pme mesh/force 0.481

           Step           Time         Lambda
          10000       20.00000        0.00000

   Energies (kJ/mol)
       G96Angle    Proper Dih.  Improper Dih.        LJ (SR)  Disper. corr.
    8.27514e+03    6.05023e+03    4.55479e+02   -3.11219e+03   -1.95360e+03
   Coulomb (SR)   Coul. recip.      Potential    Kinetic En.   Total Energy
   -1.78119e+05    6.34473e+02   -1.67770e+05    3.05232e+04   -1.37246e+05
  Conserved En.    Temperature Pres. DC (bar) Pressure (bar)   Constr. rmsd
   -1.24308e+05    3.00454e+02   -1.75452e+02   -6.02773e+02    7.39431e-06

           Step           Time         Lambda
          10500       21.00000        0.00000

   Energies (kJ/mol)
       G96Angle    Proper Dih.  Improper Dih.        LJ (SR)  Disper. corr.
    7.88354e+03    5.83025e+03    4.71764e+02   -2.18144e+03   -1.95360e+03
   Coulomb (SR)   Coul. recip.      Potential    Kinetic En.   Total Energy
   -1.79616e+05    6.57654e+02   -1.68908e+05    3.18308e+04   -1.37077e+05
  Conserved En.    Temperature Pres. DC (bar) Pressure (bar)   Constr. rmsd
   -1.24351e+05    3.13326e+02   -1.75452e+02    1.48818e+01    7.28919e-06

DD  step 10999  vol min/aver 0.498  load imb.: force  4.1%  pme mesh/force 0.496

           Step           Time         Lambda
          11000       22.00000        0.00000

   Energies (kJ/mol)
       G96Angle    Proper Dih.  Improper Dih.        LJ (SR)  Disper. corr.
    7.88063e+03    5.92428e+03    4.30606e+02   -2.26981e+03   -1.95360e+03
   Coulomb (SR)   Coul. recip.      Potential    Kinetic En.   Total Energy
   -1.78865e+05    6.76078e+02   -1.68177e+05    3.11392e+04   -1.37037e+05
  Conserved En.    Temperature Pres. DC (bar) Pressure (bar)   Constr. rmsd
   -1.24339e+05    3.06518e+02   -1.75452e+02    3.26611e+02    6.98339e-06

           Step           Time         Lambda
          11500       23.00000        0.00000

   Energies (kJ/mol)
       G96Angle    Proper Dih.  Improper Dih.        LJ (SR)  Disper. corr.
    7.94226e+03    5.92989e+03    4.82169e+02   -2.47165e+03   -1.95360e+03
   Coulomb (SR)   Coul. recip.      Potential    Kinetic En.   Total Energy
   -1.79572e+05    5.86230e+02   -1.69056e+05    3.08804e+04   -1.38176e+05
  Conserved En.    Temperature Pres. DC (bar) Pressure (bar)   Constr. rmsd
   -1.24388e+05    3.03970e+02   -1.75452e+02   -4.08131e+02    6.98164e-06

DD  step 11999  vol min/aver 0.502  load imb.: force  7.7%  pme mesh/force 0.537

           Step           Time         Lambda
          12000       24.00000        0.00000

   Energies (kJ/mol)
       G96Angle    Proper Dih.  Improper Dih.        LJ (SR)  Disper. corr.
    8.12986e+03    6.04542e+03    4.24348e+02   -2.80979e+03   -1.95360e+03
   Coulomb (SR)   Coul. recip.      Potential    Kinetic En.   Total Energy
   -1.79507e+05    6.40268e+02   -1.69030e+05    3.07046e+04   -1.38326e+05
  Conserved En.    Temperature Pres. DC (bar) Pressure (bar)   Constr. rmsd
   -1.24338e+05    3.02239e+02   -1.75452e+02   -4.18173e+02    7.67706e-06

           Step           Time         Lambda
          12500       25.00000        0.00000

   Energies (kJ/mol)
       G96Angle    Proper Dih.  Improper Dih.        LJ (SR)  Disper. corr.
    8.16292e+03    5.91077e+03    4.15615e+02   -2.54632e+03   -1.95360e+03
   Coulomb (SR)   Coul. recip.      Potential    Kinetic En.   Total Energy
   -1.79538e+05    6.66322e+02   -1.68883e+05    3.09846e+04   -1.37898e+05
  Conserved En.    Temperature Pres. DC (bar) Pressure (bar)   Constr. rmsd
   -1.24494e+05    3.04996e+02   -1.75452e+02   -5.55678e+02    7.50834e-06

DD  step 12999  vol min/aver 0.515  load imb.: force  4.8%  pme mesh/force 0.517

           Step           Time         Lambda
          13000       26.00000        0.00000

   Energies (kJ/mol)
       G96Angle    Proper Dih.  Improper Dih.        LJ (SR)  Disper. corr.
    8.03739e+03    5.71714e+03    4.58555e+02   -2.55904e+03   -1.95360e+03
   Coulomb (SR)   Coul. recip.      Potential    Kinetic En.   Total Energy
   -1.78925e+05    6.64608e+02   -1.68560e+05    3.05818e+04   -1.37978e+05
  Conserved En.    Temperature Pres. DC (bar) Pressure (bar)   Constr. rmsd
   -1.24354e+05    3.01031e+02   -1.75452e+02   -4.89330e+02    7.73821e-06

           Step           Time         Lambda
          13500       27.00000        0.00000

   Energies (kJ/mol)
       G96Angle    Proper Dih.  Improper Dih.        LJ (SR)  Disper. corr.
    8.13506e+03    5.95841e+03    4.50984e+02   -2.59486e+03   -1.95360e+03
   Coulomb (SR)   Coul. recip.      Potential    Kinetic En.   Total Energy
   -1.79364e+05    6.66862e+02   -1.68701e+05    3.12176e+04   -1.37483e+05
  Conserved En.    Temperature Pres. DC (bar) Pressure (bar)   Constr. rmsd
   -1.24325e+05    3.07289e+02   -1.75452e+02   -5.91185e+02    7.16573e-06

DD  step 13999  vol min/aver 0.492  load imb.: force  4.1%  pme mesh/force 0.464

           Step           Time         Lambda
          14000       28.00000        0.00000

   Energies (kJ/mol)
       G96Angle    Proper Dih.  Improper Dih.        LJ (SR)  Disper. corr.
    8.24945e+03    5.95021e+03    3.94034e+02   -2.86376e+03   -1.95360e+03
   Coulomb (SR)   Coul. recip.      Potential    Kinetic En.   Total Energy
   -1.79475e+05    6.79451e+02   -1.69019e+05    3.09346e+04   -1.38084e+05
  Conserved En.    Temperature Pres. DC (bar) Pressure (bar)   Constr. rmsd
   -1.24187e+05    3.04504e+02   -1.75452e+02   -3.20930e+02    7.39775e-06

           Step           Time         Lambda
          14500       29.00000        0.00000

   Energies (kJ/mol)
       G96Angle    Proper Dih.  Improper Dih.        LJ (SR)  Disper. corr.
    8.13584e+03    5.61331e+03    4.71469e+02   -2.67787e+03   -1.95360e+03
   Coulomb (SR)   Coul. recip.      Potential    Kinetic En.   Total Energy
   -1.79526e+05    6.50956e+02   -1.69285e+05    3.05519e+04   -1.38734e+05
  Conserved En.    Temperature Pres. DC (bar) Pressure (bar)   Constr. rmsd
   -1.24326e+05    3.00736e+02   -1.75452e+02   -7.32449e+01    7.33823e-06

DD  step 14999  vol min/aver 0.513  load imb.: force  4.8%  pme mesh/force 0.501

           Step           Time         Lambda
          15000       30.00000        0.00000

   Energies (kJ/mol)
       G96Angle    Proper Dih.  Improper Dih.        LJ (SR)  Disper. corr.
    8.00295e+03    5.75461e+03    5.00913e+02   -1.75684e+03   -1.95360e+03
   Coulomb (SR)   Coul. recip.      Potential    Kinetic En.   Total Energy
   -1.79473e+05    6.03337e+02   -1.68322e+05    3.08125e+04   -1.37510e+05
  Conserved En.    Temperature Pres. DC (bar) Pressure (bar)   Constr. rmsd
   -1.24303e+05    3.03301e+02   -1.75452e+02    6.44942e+01    6.94091e-06

           Step           Time         Lambda
          15500       31.00000        0.00000

   Energies (kJ/mol)
       G96Angle    Proper Dih.  Improper Dih.        LJ (SR)  Disper. corr.
    7.93251e+03    5.65136e+03    4.84156e+02   -2.54414e+03   -1.95360e+03
   Coulomb (SR)   Coul. recip.      Potential    Kinetic En.   Total Energy
   -1.79043e+05    6.33551e+02   -1.68839e+05    3.12894e+04   -1.37550e+05
  Conserved En.    Temperature Pres. DC (bar) Pressure (bar)   Constr. rmsd
   -1.24404e+05    3.07996e+02   -1.75452e+02    3.19915e+01    6.82102e-06

DD  step 15999  vol min/aver 0.486  load imb.: force  5.3%  pme mesh/force 0.647

           Step           Time         Lambda
          16000       32.00000        0.00000

   Energies (kJ/mol)
       G96Angle    Proper Dih.  Improper Dih.        LJ (SR)  Disper. corr.
    7.99563e+03    5.74610e+03    4.49171e+02   -1.89117e+03   -1.95360e+03
   Coulomb (SR)   Coul. recip.      Potential    Kinetic En.   Total Energy
   -1.80034e+05    6.20572e+02   -1.69067e+05    3.07600e+04   -1.38307e+05
  Conserved En.    Temperature Pres. DC (bar) Pressure (bar)   Constr. rmsd
   -1.24334e+05    3.02785e+02   -1.75452e+02    2.14316e+01    7.28899e-06

           Step           Time         Lambda
          16500       33.00000        0.00000

   Energies (kJ/mol)
       G96Angle    Proper Dih.  Improper Dih.        LJ (SR)  Disper. corr.
    7.98078e+03    5.73184e+03    4.56243e+02   -3.09816e+03   -1.95360e+03
   Coulomb (SR)   Coul. recip.      Potential    Kinetic En.   Total Energy
   -1.79261e+05    6.24703e+02   -1.69519e+05    3.09096e+04   -1.38610e+05
  Conserved En.    Temperature Pres. DC (bar) Pressure (bar)   Constr. rmsd
   -1.24324e+05    3.04257e+02   -1.75452e+02   -5.34408e+02    7.66450e-06

DD  step 16999  vol min/aver 0.502  load imb.: force  5.6%  pme mesh/force 0.531

           Step           Time         Lambda
          17000       34.00000        0.00000

   Energies (kJ/mol)
       G96Angle    Proper Dih.  Improper Dih.        LJ (SR)  Disper. corr.
    7.83253e+03    5.85940e+03    4.46710e+02   -2.04931e+03   -1.95360e+03
   Coulomb (SR)   Coul. recip.      Potential    Kinetic En.   Total Energy
   -1.79869e+05    6.33548e+02   -1.69100e+05    3.08442e+04   -1.38256e+05
  Conserved En.    Temperature Pres. DC (bar) Pressure (bar)   Constr. rmsd
   -1.24225e+05    3.03614e+02   -1.75452e+02   -3.93533e+02    7.64031e-06

           Step           Time         Lambda
          17500       35.00000        0.00000

   Energies (kJ/mol)
       G96Angle    Proper Dih.  Improper Dih.        LJ (SR)  Disper. corr.
    7.87749e+03    5.91745e+03    4.94702e+02   -3.03944e+03   -1.95360e+03
   Coulomb (SR)   Coul. recip.      Potential    Kinetic En.   Total Energy
   -1.78994e+05    6.55908e+02   -1.69042e+05    3.13512e+04   -1.37691e+05
  Conserved En.    Temperature Pres. DC (bar) Pressure (bar)   Constr. rmsd
   -1.24377e+05    3.08604e+02   -1.75452e+02   -6.23075e+02    7.54687e-06

DD  step 17999  vol min/aver 0.505  load imb.: force  4.4%  pme mesh/force 0.534

           Step           Time         Lambda
          18000       36.00000        0.00000

   Energies (kJ/mol)
       G96Angle    Proper Dih.  Improper Dih.        LJ (SR)  Disper. corr.
    8.03073e+03    5.87117e+03    5.34059e+02   -2.55900e+03   -1.95360e+03
   Coulomb (SR)   Coul. recip.      Potential    Kinetic En.   Total Energy
   -1.79295e+05    6.57756e+02   -1.68714e+05    3.12641e+04   -1.37450e+05
  Conserved En.    Temperature Pres. DC (bar) Pressure (bar)   Constr. rmsd
   -1.24232e+05    3.07747e+02   -1.75452e+02    4.38904e+00    6.65829e-06

           Step           Time         Lambda
          18500       37.00000        0.00000

   Energies (kJ/mol)
       G96Angle    Proper Dih.  Improper Dih.        LJ (SR)  Disper. corr.
    8.01350e+03    5.88975e+03    3.96234e+02   -2.45503e+03   -1.95360e+03
   Coulomb (SR)   Coul. recip.      Potential    Kinetic En.   Total Energy
   -1.79809e+05    6.65452e+02   -1.69252e+05    3.13400e+04   -1.37912e+05
  Conserved En.    Temperature Pres. DC (bar) Pressure (bar)   Constr. rmsd
   -1.24274e+05    3.08494e+02   -1.75452e+02   -3.71675e+02    7.26785e-06

DD  step 18999  vol min/aver 0.509  load imb.: force  5.7%  pme mesh/force 0.581

           Step           Time         Lambda
          19000       38.00000        0.00000

   Energies (kJ/mol)
       G96Angle    Proper Dih.  Improper Dih.        LJ (SR)  Disper. corr.
    7.75214e+03    5.63480e+03    4.68951e+02   -1.52322e+03   -1.95360e+03
   Coulomb (SR)   Coul. recip.      Potential    Kinetic En.   Total Energy
   -1.81132e+05    6.39043e+02   -1.70114e+05    3.09860e+04   -1.39128e+05
  Conserved En.    Temperature Pres. DC (bar) Pressure (bar)   Constr. rmsd
   -1.24274e+05    3.05010e+02   -1.75452e+02   -1.41218e+02    7.47100e-06

           Step           Time         Lambda
          19500       39.00000        0.00000

   Energies (kJ/mol)
       G96Angle    Proper Dih.  Improper Dih.        LJ (SR)  Disper. corr.
    7.83666e+03    5.73543e+03    4.65965e+02   -2.61438e+03   -1.95360e+03
   Coulomb (SR)   Coul. recip.      Potential    Kinetic En.   Total Energy
   -1.79463e+05    6.96076e+02   -1.69297e+05    3.14091e+04   -1.37888e+05
  Conserved En.    Temperature Pres. DC (bar) Pressure (bar)   Constr. rmsd
   -1.24221e+05    3.09174e+02   -1.75452e+02   -8.82716e+01    7.50276e-06

DD  step 19999  vol min/aver 0.522  load imb.: force  4.5%  pme mesh/force 0.492

           Step           Time         Lambda
          20000       40.00000        0.00000

   Energies (kJ/mol)
       G96Angle    Proper Dih.  Improper Dih.        LJ (SR)  Disper. corr.
    7.80475e+03    5.62813e+03    4.62351e+02   -2.11370e+03   -1.95360e+03
   Coulomb (SR)   Coul. recip.      Potential    Kinetic En.   Total Energy
   -1.79693e+05    6.19792e+02   -1.69245e+05    3.11546e+04   -1.38091e+05
  Conserved En.    Temperature Pres. DC (bar) Pressure (bar)   Constr. rmsd
   -1.24289e+05    3.06670e+02   -1.75452e+02   -2.96022e+01    6.90980e-06

           Step           Time         Lambda
          20500       41.00000        0.00000

   Energies (kJ/mol)
       G96Angle    Proper Dih.  Improper Dih.        LJ (SR)  Disper. corr.
    7.67062e+03    5.38417e+03    4.46264e+02   -3.45203e+03   -1.95360e+03
   Coulomb (SR)   Coul. recip.      Potential    Kinetic En.   Total Energy
   -1.78495e+05    6.31861e+02   -1.69768e+05    3.10541e+04   -1.38714e+05
  Conserved En.    Temperature Pres. DC (bar) Pressure (bar)   Constr. rmsd
   -1.24292e+05    3.05680e+02   -1.75452e+02   -4.72545e+02    7.25793e-06

DD  step 20999  vol min/aver 0.526  load imb.: force  8.3%  pme mesh/force 0.516

           Step           Time         Lambda
          21000       42.00000        0.00000

   Energies (kJ/mol)
       G96Angle    Proper Dih.  Improper Dih.        LJ (SR)  Disper. corr.
    8.02525e+03    5.60765e+03    5.05573e+02   -2.48085e+03   -1.95360e+03
   Coulomb (SR)   Coul. recip.      Potential    Kinetic En.   Total Energy
   -1.79244e+05    5.95194e+02   -1.68944e+05    3.11841e+04   -1.37760e+05
  Conserved En.    Temperature Pres. DC (bar) Pressure (bar)   Constr. rmsd
   -1.24392e+05    3.06959e+02   -1.75452e+02   -1.46962e+02    7.02868e-06

           Step           Time         Lambda
          21500       43.00000        0.00000

   Energies (kJ/mol)
       G96Angle    Proper Dih.  Improper Dih.        LJ (SR)  Disper. corr.
    7.93755e+03    5.70151e+03    4.49218e+02   -3.25687e+03   -1.95360e+03
   Coulomb (SR)   Coul. recip.      Potential    Kinetic En.   Total Energy
   -1.77857e+05    6.14952e+02   -1.68364e+05    3.11911e+04   -1.37173e+05
  Conserved En.    Temperature Pres. DC (bar) Pressure (bar)   Constr. rmsd
   -1.24315e+05    3.07028e+02   -1.75452e+02   -2.97173e+01    7.87538e-06

DD  step 21999  vol min/aver 0.514  load imb.: force  4.7%  pme mesh/force 0.515

           Step           Time         Lambda
          22000       44.00000        0.00000

   Energies (kJ/mol)
       G96Angle    Proper Dih.  Improper Dih.        LJ (SR)  Disper. corr.
    8.24200e+03    5.68631e+03    4.84893e+02   -2.61340e+03   -1.95360e+03
   Coulomb (SR)   Coul. recip.      Potential    Kinetic En.   Total Energy
   -1.79819e+05    5.98283e+02   -1.69375e+05    3.06980e+04   -1.38677e+05
  Conserved En.    Temperature Pres. DC (bar) Pressure (bar)   Constr. rmsd
   -1.24311e+05    3.02175e+02   -1.75452e+02   -4.19248e+02    7.29736e-06

           Step           Time         Lambda
          22500       45.00000        0.00000

   Energies (kJ/mol)
       G96Angle    Proper Dih.  Improper Dih.        LJ (SR)  Disper. corr.
    8.10071e+03    5.72769e+03    5.04391e+02   -2.63477e+03   -1.95360e+03
   Coulomb (SR)   Coul. recip.      Potential    Kinetic En.   Total Energy
   -1.78814e+05    6.46527e+02   -1.68423e+05    3.14013e+04   -1.37022e+05
  Conserved En.    Temperature Pres. DC (bar) Pressure (bar)   Constr. rmsd
   -1.24275e+05    3.09097e+02   -1.75452e+02   -4.02174e+02    7.18672e-06

DD  step 22999  vol min/aver 0.472  load imb.: force  4.3%  pme mesh/force 0.506

           Step           Time         Lambda
          23000       46.00000        0.00000

   Energies (kJ/mol)
       G96Angle    Proper Dih.  Improper Dih.        LJ (SR)  Disper. corr.
    7.90520e+03    5.81734e+03    5.14257e+02   -3.02473e+03   -1.95360e+03
   Coulomb (SR)   Coul. recip.      Potential    Kinetic En.   Total Energy
   -1.79078e+05    6.33211e+02   -1.69187e+05    3.06884e+04   -1.38498e+05
  Conserved En.    Temperature Pres. DC (bar) Pressure (bar)   Constr. rmsd
   -1.24320e+05    3.02080e+02   -1.75452e+02   -7.09356e+02    7.27757e-06

           Step           Time         Lambda
          23500       47.00000        0.00000

   Energies (kJ/mol)
       G96Angle    Proper Dih.  Improper Dih.        LJ (SR)  Disper. corr.
    8.23401e+03    5.84359e+03    5.06113e+02   -2.58843e+03   -1.95360e+03
   Coulomb (SR)   Coul. recip.      Potential    Kinetic En.   Total Energy
   -1.79788e+05    6.02172e+02   -1.69144e+05    3.12442e+04   -1.37900e+05
  Conserved En.    Temperature Pres. DC (bar) Pressure (bar)   Constr. rmsd
   -1.24185e+05    3.07551e+02   -1.75452e+02   -4.62534e+02    6.79159e-06

DD  step 23999  vol min/aver 0.492  load imb.: force  6.2%  pme mesh/force 0.507

           Step           Time         Lambda
          24000       48.00000        0.00000

   Energies (kJ/mol)
       G96Angle    Proper Dih.  Improper Dih.        LJ (SR)  Disper. corr.
    8.05844e+03    5.83797e+03    5.11283e+02   -2.51287e+03   -1.95360e+03
   Coulomb (SR)   Coul. recip.      Potential    Kinetic En.   Total Energy
   -1.80163e+05    6.44645e+02   -1.69577e+05    3.12587e+04   -1.38319e+05
  Conserved En.    Temperature Pres. DC (bar) Pressure (bar)   Constr. rmsd
   -1.24252e+05    3.07694e+02   -1.75452e+02   -5.50799e+02    7.65625e-06

           Step           Time         Lambda
          24500       49.00000        0.00000

   Energies (kJ/mol)
       G96Angle    Proper Dih.  Improper Dih.        LJ (SR)  Disper. corr.
    7.55901e+03    5.60054e+03    5.07790e+02   -1.44670e+03   -1.95360e+03
   Coulomb (SR)   Coul. recip.      Potential    Kinetic En.   Total Energy
   -1.81511e+05    6.10492e+02   -1.70633e+05    3.08507e+04   -1.39783e+05
  Conserved En.    Temperature Pres. DC (bar) Pressure (bar)   Constr. rmsd
   -1.24367e+05    3.03678e+02   -1.75452e+02    3.07657e+02    6.87720e-06

DD  step 24999  vol min/aver 0.510  load imb.: force  5.0%  pme mesh/force 0.515

           Step           Time         Lambda
          25000       50.00000        0.00000

   Energies (kJ/mol)
       G96Angle    Proper Dih.  Improper Dih.        LJ (SR)  Disper. corr.
    8.06441e+03    5.70922e+03    5.14515e+02   -2.66349e+03   -1.95360e+03
   Coulomb (SR)   Coul. recip.      Potential    Kinetic En.   Total Energy
   -1.79665e+05    5.94311e+02   -1.69400e+05    3.06368e+04   -1.38763e+05
  Conserved En.    Temperature Pres. DC (bar) Pressure (bar)   Constr. rmsd
   -1.24249e+05    3.01572e+02   -1.75452e+02   -2.77432e+02    7.21913e-06

           Step           Time         Lambda
          25500       51.00000        0.00000

   Energies (kJ/mol)
       G96Angle    Proper Dih.  Improper Dih.        LJ (SR)  Disper. corr.
    7.97005e+03    5.67207e+03    4.85950e+02   -3.29017e+03   -1.95360e+03
   Coulomb (SR)   Coul. recip.      Potential    Kinetic En.   Total Energy
   -1.79103e+05    5.71544e+02   -1.69647e+05    3.12418e+04   -1.38406e+05
  Conserved En.    Temperature Pres. DC (bar) Pressure (bar)   Constr. rmsd
   -1.24148e+05    3.07528e+02   -1.75452e+02   -9.37354e+02    7.30927e-06

DD  step 25999  vol min/aver 0.509  load imb.: force  4.7%  pme mesh/force 0.545

           Step           Time         Lambda
          26000       52.00000        0.00000

   Energies (kJ/mol)
       G96Angle    Proper Dih.  Improper Dih.        LJ (SR)  Disper. corr.
    7.90922e+03    5.85091e+03    4.97515e+02   -2.32167e+03   -1.95360e+03
   Coulomb (SR)   Coul. recip.      Potential    Kinetic En.   Total Energy
   -1.79851e+05    6.02153e+02   -1.69267e+05    3.09092e+04   -1.38358e+05
  Conserved En.    Temperature Pres. DC (bar) Pressure (bar)   Constr. rmsd
   -1.24281e+05    3.04254e+02   -1.75452e+02   -1.37956e+02    6.92797e-06

           Step           Time         Lambda
          26500       53.00000        0.00000

   Energies (kJ/mol)
       G96Angle    Proper Dih.  Improper Dih.        LJ (SR)  Disper. corr.
    7.83303e+03    5.60969e+03    4.86962e+02   -3.12040e+03   -1.95360e+03
   Coulomb (SR)   Coul. recip.      Potential    Kinetic En.   Total Energy
   -1.79540e+05    6.24740e+02   -1.70060e+05    3.13922e+04   -1.38668e+05
  Conserved En.    Temperature Pres. DC (bar) Pressure (bar)   Constr. rmsd
   -1.24307e+05    3.09008e+02   -1.75452e+02   -6.75146e+02    6.89170e-06

DD  step 26999  vol min/aver 0.506  load imb.: force  4.9%  pme mesh/force 0.480

           Step           Time         Lambda
          27000       54.00000        0.00000

   Energies (kJ/mol)
       G96Angle    Proper Dih.  Improper Dih.        LJ (SR)  Disper. corr.
    8.01734e+03    5.83045e+03    4.50892e+02   -2.11916e+03   -1.95360e+03
   Coulomb (SR)   Coul. recip.      Potential    Kinetic En.   Total Energy
   -1.80265e+05    5.86544e+02   -1.69452e+05    3.06858e+04   -1.38766e+05
  Conserved En.    Temperature Pres. DC (bar) Pressure (bar)   Constr. rmsd
   -1.24255e+05    3.02054e+02   -1.75452e+02   -2.09476e+02    7.26661e-06

           Step           Time         Lambda
          27500       55.00000        0.00000

   Energies (kJ/mol)
       G96Angle    Proper Dih.  Improper Dih.        LJ (SR)  Disper. corr.
    7.94203e+03    5.72983e+03    4.84753e+02   -2.73051e+03   -1.95360e+03
   Coulomb (SR)   Coul. recip.      Potential    Kinetic En.   Total Energy
   -1.79824e+05    5.90087e+02   -1.69761e+05    3.10412e+04   -1.38720e+05
  Conserved En.    Temperature Pres. DC (bar) Pressure (bar)   Constr. rmsd
   -1.24322e+05    3.05553e+02   -1.75452e+02   -5.51299e+02    7.43573e-06

DD  step 27999  vol min/aver 0.493  load imb.: force  3.6%  pme mesh/force 0.502

           Step           Time         Lambda
          28000       56.00000        0.00000

   Energies (kJ/mol)
       G96Angle    Proper Dih.  Improper Dih.        LJ (SR)  Disper. corr.
    7.88689e+03    5.71389e+03    4.82076e+02   -2.61766e+03   -1.95360e+03
   Coulomb (SR)   Coul. recip.      Potential    Kinetic En.   Total Energy
   -1.79522e+05    5.77480e+02   -1.69433e+05    3.11755e+04   -1.38258e+05
  Conserved En.    Temperature Pres. DC (bar) Pressure (bar)   Constr. rmsd
   -1.24170e+05    3.06875e+02   -1.75452e+02   -5.87129e+02    7.59995e-06

           Step           Time         Lambda
          28500       57.00000        0.00000

   Energies (kJ/mol)
       G96Angle    Proper Dih.  Improper Dih.        LJ (SR)  Disper. corr.
    7.79345e+03    5.57359e+03    5.10370e+02   -2.42099e+03   -1.95360e+03
   Coulomb (SR)   Coul. recip.      Potential    Kinetic En.   Total Energy
   -1.79826e+05    6.03747e+02   -1.69719e+05    3.07951e+04   -1.38924e+05
  Conserved En.    Temperature Pres. DC (bar) Pressure (bar)   Constr. rmsd
   -1.24303e+05    3.03130e+02   -1.75452e+02   -4.83266e+02    6.86829e-06

DD  step 28999  vol min/aver 0.496  load imb.: force  5.9%  pme mesh/force 0.516

           Step           Time         Lambda
          29000       58.00000        0.00000

   Energies (kJ/mol)
       G96Angle    Proper Dih.  Improper Dih.        LJ (SR)  Disper. corr.
    7.85130e+03    5.71704e+03    5.25398e+02   -3.35238e+03   -1.95360e+03
   Coulomb (SR)   Coul. recip.      Potential    Kinetic En.   Total Energy
   -1.79169e+05    5.57390e+02   -1.69824e+05    3.12083e+04   -1.38616e+05
  Conserved En.    Temperature Pres. DC (bar) Pressure (bar)   Constr. rmsd
   -1.24239e+05    3.07198e+02   -1.75452e+02   -1.68205e+02    7.04262e-06

           Step           Time         Lambda
          29500       59.00000        0.00000

   Energies (kJ/mol)
       G96Angle    Proper Dih.  Improper Dih.        LJ (SR)  Disper. corr.
    7.85896e+03    5.79749e+03    4.61915e+02   -2.28675e+03   -1.95360e+03
   Coulomb (SR)   Coul. recip.      Potential    Kinetic En.   Total Energy
   -1.79855e+05    6.06664e+02   -1.69370e+05    3.04683e+04   -1.38902e+05
  Conserved En.    Temperature Pres. DC (bar) Pressure (bar)   Constr. rmsd
   -1.24232e+05    2.99914e+02   -1.75452e+02   -1.29513e+02    7.23941e-06

DD  step 29999  vol min/aver 0.494  load imb.: force  3.7%  pme mesh/force 0.503

           Step           Time         Lambda
          30000       60.00000        0.00000

   Energies (kJ/mol)
       G96Angle    Proper Dih.  Improper Dih.        LJ (SR)  Disper. corr.
    7.74120e+03    5.65346e+03    5.25293e+02   -3.01150e+03   -1.95360e+03
   Coulomb (SR)   Coul. recip.      Potential    Kinetic En.   Total Energy
   -1.79450e+05    5.90843e+02   -1.69904e+05    3.06020e+04   -1.39302e+05
  Conserved En.    Temperature Pres. DC (bar) Pressure (bar)   Constr. rmsd
   -1.24292e+05    3.01230e+02   -1.75452e+02   -6.62157e+02    6.92824e-06

           Step           Time         Lambda
          30500       61.00000        0.00000

   Energies (kJ/mol)
       G96Angle    Proper Dih.  Improper Dih.        LJ (SR)  Disper. corr.
    7.83665e+03    5.70857e+03    4.91136e+02   -2.44719e+03   -1.95360e+03
   Coulomb (SR)   Coul. recip.      Potential    Kinetic En.   Total Energy
   -1.79882e+05    5.95203e+02   -1.69651e+05    3.08018e+04   -1.38849e+05
  Conserved En.    Temperature Pres. DC (bar) Pressure (bar)   Constr. rmsd
   -1.24154e+05    3.03197e+02   -1.75452e+02   -4.48167e+02    7.11216e-06

DD  step 30999  vol min/aver 0.499  load imb.: force  4.9%  pme mesh/force 0.511

           Step           Time         Lambda
          31000       62.00000        0.00000

   Energies (kJ/mol)
       G96Angle    Proper Dih.  Improper Dih.        LJ (SR)  Disper. corr.
    7.74004e+03    5.65555e+03    5.12762e+02   -2.56341e+03   -1.95360e+03
   Coulomb (SR)   Coul. recip.      Potential    Kinetic En.   Total Energy
   -1.80009e+05    5.93731e+02   -1.70024e+05    3.09729e+04   -1.39052e+05
  Conserved En.    Temperature Pres. DC (bar) Pressure (bar)   Constr. rmsd
   -1.24244e+05    3.04880e+02   -1.75452e+02   -2.69529e+02    6.82352e-06

           Step           Time         Lambda
          31500       63.00000        0.00000

   Energies (kJ/mol)
       G96Angle    Proper Dih.  Improper Dih.        LJ (SR)  Disper. corr.
    7.69179e+03    5.77908e+03    4.01816e+02   -2.47424e+03   -1.95360e+03
   Coulomb (SR)   Coul. recip.      Potential    Kinetic En.   Total Energy
   -1.79963e+05    5.98441e+02   -1.69920e+05    3.08676e+04   -1.39052e+05
  Conserved En.    Temperature Pres. DC (bar) Pressure (bar)   Constr. rmsd
   -1.24133e+05    3.03844e+02   -1.75452e+02   -7.99415e+02    7.54308e-06

DD  step 31999  vol min/aver 0.517  load imb.: force  5.1%  pme mesh/force 0.455

           Step           Time         Lambda
          32000       64.00000        0.00000

   Energies (kJ/mol)
       G96Angle    Proper Dih.  Improper Dih.        LJ (SR)  Disper. corr.
    7.77545e+03    5.64316e+03    5.12077e+02   -2.43854e+03   -1.95360e+03
   Coulomb (SR)   Coul. recip.      Potential    Kinetic En.   Total Energy
   -1.79603e+05    6.04314e+02   -1.69460e+05    2.99936e+04   -1.39466e+05
  Conserved En.    Temperature Pres. DC (bar) Pressure (bar)   Constr. rmsd
   -1.24224e+05    2.95241e+02   -1.75452e+02   -2.63887e+02    6.91602e-06

           Step           Time         Lambda
          32500       65.00000        0.00000

   Energies (kJ/mol)
       G96Angle    Proper Dih.  Improper Dih.        LJ (SR)  Disper. corr.
    7.69712e+03    5.81828e+03    4.59334e+02   -2.61583e+03   -1.95360e+03
   Coulomb (SR)   Coul. recip.      Potential    Kinetic En.   Total Energy
   -1.79560e+05    5.74811e+02   -1.69580e+05    3.10649e+04   -1.38515e+05
  Conserved En.    Temperature Pres. DC (bar) Pressure (bar)   Constr. rmsd
   -1.24155e+05    3.05786e+02   -1.75452e+02   -4.14433e+02    7.24715e-06

DD  step 32999  vol min/aver 0.516  load imb.: force  4.4%  pme mesh/force 0.525

           Step           Time         Lambda
          33000       66.00000        0.00000

   Energies (kJ/mol)
       G96Angle    Proper Dih.  Improper Dih.        LJ (SR)  Disper. corr.
    7.92821e+03    5.72654e+03    4.71472e+02   -2.33663e+03   -1.95360e+03
   Coulomb (SR)   Coul. recip.      Potential    Kinetic En.   Total Energy
   -1.80697e+05    5.85325e+02   -1.70276e+05    3.08129e+04   -1.39463e+05
  Conserved En.    Temperature Pres. DC (bar) Pressure (bar)   Constr. rmsd
   -1.24358e+05    3.03306e+02   -1.75452e+02   -4.42321e+02    7.23400e-06

           Step           Time         Lambda
          33500       67.00000        0.00000

   Energies (kJ/mol)
       G96Angle    Proper Dih.  Improper Dih.        LJ (SR)  Disper. corr.
    7.61114e+03    5.67835e+03    4.31201e+02   -2.77909e+03   -1.95360e+03
   Coulomb (SR)   Coul. recip.      Potential    Kinetic En.   Total Energy
   -1.79550e+05    5.97777e+02   -1.69965e+05    3.17230e+04   -1.38242e+05
  Conserved En.    Temperature Pres. DC (bar) Pressure (bar)   Constr. rmsd
   -1.24295e+05    3.12264e+02   -1.75452e+02   -3.06059e+02    6.89384e-06

DD  step 33999  vol min/aver 0.536  load imb.: force  5.2%  pme mesh/force 0.479

           Step           Time         Lambda
          34000       68.00000        0.00000

   Energies (kJ/mol)
       G96Angle    Proper Dih.  Improper Dih.        LJ (SR)  Disper. corr.
    7.66576e+03    5.84390e+03    4.45938e+02   -2.11830e+03   -1.95360e+03
   Coulomb (SR)   Coul. recip.      Potential    Kinetic En.   Total Energy
   -1.80620e+05    6.15284e+02   -1.70121e+05    3.11743e+04   -1.38947e+05
  Conserved En.    Temperature Pres. DC (bar) Pressure (bar)   Constr. rmsd
   -1.24165e+05    3.06863e+02   -1.75452e+02   -1.56812e+02    7.56880e-06

           Step           Time         Lambda
          34500       69.00000        0.00000

   Energies (kJ/mol)
       G96Angle    Proper Dih.  Improper Dih.        LJ (SR)  Disper. corr.
    7.53890e+03    5.71587e+03    4.78363e+02   -2.48002e+03   -1.95360e+03
   Coulomb (SR)   Coul. recip.      Potential    Kinetic En.   Total Energy
   -1.80108e+05    5.34801e+02   -1.70274e+05    3.09064e+04   -1.39367e+05
  Conserved En.    Temperature Pres. DC (bar) Pressure (bar)   Constr. rmsd
   -1.24304e+05    3.04226e+02   -1.75452e+02   -2.13963e+02    7.02864e-06

DD  step 34999  vol min/aver 0.509  load imb.: force  3.7%  pme mesh/force 0.515

           Step           Time         Lambda
          35000       70.00000        0.00000

   Energies (kJ/mol)
       G96Angle    Proper Dih.  Improper Dih.        LJ (SR)  Disper. corr.
    7.60519e+03    5.79302e+03    4.90753e+02   -2.29196e+03   -1.95360e+03
   Coulomb (SR)   Coul. recip.      Potential    Kinetic En.   Total Energy
   -1.80671e+05    6.07175e+02   -1.70420e+05    3.11429e+04   -1.39277e+05
  Conserved En.    Temperature Pres. DC (bar) Pressure (bar)   Constr. rmsd
   -1.24184e+05    3.06554e+02   -1.75452e+02   -4.69027e+02    6.72405e-06

           Step           Time         Lambda
          35500       71.00000        0.00000

   Energies (kJ/mol)
       G96Angle    Proper Dih.  Improper Dih.        LJ (SR)  Disper. corr.
    7.74597e+03    5.77516e+03    4.70298e+02   -2.68325e+03   -1.95360e+03
   Coulomb (SR)   Coul. recip.      Potential    Kinetic En.   Total Energy
   -1.79766e+05    5.59629e+02   -1.69852e+05    3.08835e+04   -1.38968e+05
  Conserved En.    Temperature Pres. DC (bar) Pressure (bar)   Constr. rmsd
   -1.24287e+05    3.04000e+02   -1.75452e+02   -3.12046e+02    7.22959e-06

DD  step 35999  vol min/aver 0.513  load imb.: force  3.7%  pme mesh/force 0.502

           Step           Time         Lambda
          36000       72.00000        0.00000

   Energies (kJ/mol)
       G96Angle    Proper Dih.  Improper Dih.        LJ (SR)  Disper. corr.
    7.84296e+03    5.52655e+03    4.93941e+02   -2.90778e+03   -1.95360e+03
   Coulomb (SR)   Coul. recip.      Potential    Kinetic En.   Total Energy
   -1.80621e+05    5.82148e+02   -1.71037e+05    3.08521e+04   -1.40185e+05
  Conserved En.    Temperature Pres. DC (bar) Pressure (bar)   Constr. rmsd
   -1.24236e+05    3.03691e+02   -1.75452e+02   -8.46125e+02    6.59872e-06

           Step           Time         Lambda
          36500       73.00000        0.00000

   Energies (kJ/mol)
       G96Angle    Proper Dih.  Improper Dih.        LJ (SR)  Disper. corr.
    7.79481e+03    5.62016e+03    4.47554e+02   -2.52992e+03   -1.95360e+03
   Coulomb (SR)   Coul. recip.      Potential    Kinetic En.   Total Energy
   -1.79646e+05    5.94794e+02   -1.69672e+05    3.10851e+04   -1.38587e+05
  Conserved En.    Temperature Pres. DC (bar) Pressure (bar)   Constr. rmsd
   -1.24231e+05    3.05985e+02   -1.75452e+02   -8.48703e+01    6.89753e-06

DD  step 36999  vol min/aver 0.531  load imb.: force  5.5%  pme mesh/force 0.492

           Step           Time         Lambda
          37000       74.00000        0.00000

   Energies (kJ/mol)
       G96Angle    Proper Dih.  Improper Dih.        LJ (SR)  Disper. corr.
    7.71799e+03    5.80352e+03    5.05541e+02   -2.32575e+03   -1.95360e+03
   Coulomb (SR)   Coul. recip.      Potential    Kinetic En.   Total Energy
   -1.80206e+05    5.82198e+02   -1.69876e+05    3.10937e+04   -1.38783e+05
  Conserved En.    Temperature Pres. DC (bar) Pressure (bar)   Constr. rmsd
   -1.24128e+05    3.06070e+02   -1.75452e+02   -3.92607e+02    7.16313e-06

           Step           Time         Lambda
          37500       75.00000        0.00000

   Energies (kJ/mol)
       G96Angle    Proper Dih.  Improper Dih.        LJ (SR)  Disper. corr.
    7.90987e+03    5.67131e+03    4.60978e+02   -2.26605e+03   -1.95360e+03
   Coulomb (SR)   Coul. recip.      Potential    Kinetic En.   Total Energy
   -1.79991e+05    5.65965e+02   -1.69602e+05    3.10616e+04   -1.38541e+05
  Conserved En.    Temperature Pres. DC (bar) Pressure (bar)   Constr. rmsd
   -1.24197e+05    3.05754e+02   -1.75452e+02    7.96270e+01    7.05839e-06

DD  step 37999  vol min/aver 0.526  load imb.: force  4.4%  pme mesh/force 0.516

           Step           Time         Lambda
          38000       76.00000        0.00000

   Energies (kJ/mol)
       G96Angle    Proper Dih.  Improper Dih.        LJ (SR)  Disper. corr.
    7.91102e+03    5.69758e+03    4.23062e+02   -2.47892e+03   -1.95360e+03
   Coulomb (SR)   Coul. recip.      Potential    Kinetic En.   Total Energy
   -1.79970e+05    5.80667e+02   -1.69790e+05    3.03085e+04   -1.39482e+05
  Conserved En.    Temperature Pres. DC (bar) Pressure (bar)   Constr. rmsd
   -1.24217e+05    2.98341e+02   -1.75452e+02   -1.52631e+02    7.11909e-06

           Step           Time         Lambda
          38500       77.00000        0.00000

   Energies (kJ/mol)
       G96Angle    Proper Dih.  Improper Dih.        LJ (SR)  Disper. corr.
    8.03684e+03    5.85731e+03    4.55601e+02   -2.67401e+03   -1.95360e+03
   Coulomb (SR)   Coul. recip.      Potential    Kinetic En.   Total Energy
   -1.80031e+05    5.70478e+02   -1.69738e+05    3.08816e+04   -1.38857e+05
  Conserved En.    Temperature Pres. DC (bar) Pressure (bar)   Constr. rmsd
   -1.24156e+05    3.03982e+02   -1.75452e+02   -4.91276e+02    7.49236e-06

DD  step 38999  vol min/aver 0.522  load imb.: force  3.7%  pme mesh/force 0.542

           Step           Time         Lambda
          39000       78.00000        0.00000

   Energies (kJ/mol)
       G96Angle    Proper Dih.  Improper Dih.        LJ (SR)  Disper. corr.
    8.11222e+03    5.42521e+03    3.67210e+02   -2.56658e+03   -1.95360e+03
   Coulomb (SR)   Coul. recip.      Potential    Kinetic En.   Total Energy
   -1.80527e+05    5.50810e+02   -1.70592e+05    3.07932e+04   -1.39799e+05
  Conserved En.    Temperature Pres. DC (bar) Pressure (bar)   Constr. rmsd
   -1.24218e+05    3.03112e+02   -1.75452e+02   -5.46976e+02    7.73183e-06

           Step           Time         Lambda
          39500       79.00000        0.00000

   Energies (kJ/mol)
       G96Angle    Proper Dih.  Improper Dih.        LJ (SR)  Disper. corr.
    8.13919e+03    5.70850e+03    4.44688e+02   -2.68046e+03   -1.95360e+03
   Coulomb (SR)   Coul. recip.      Potential    Kinetic En.   Total Energy
   -1.79998e+05    5.64681e+02   -1.69775e+05    3.07678e+04   -1.39007e+05
  Conserved En.    Temperature Pres. DC (bar) Pressure (bar)   Constr. rmsd
   -1.24178e+05    3.02862e+02   -1.75452e+02   -6.58597e+02    7.51013e-06

DD  step 39999  vol min/aver 0.473  load imb.: force  4.6%  pme mesh/force 0.526

           Step           Time         Lambda
          40000       80.00000        0.00000

   Energies (kJ/mol)
       G96Angle    Proper Dih.  Improper Dih.        LJ (SR)  Disper. corr.
    7.81643e+03    5.76341e+03    4.41242e+02   -2.43044e+03   -1.95360e+03
   Coulomb (SR)   Coul. recip.      Potential    Kinetic En.   Total Energy
   -1.80941e+05    5.58246e+02   -1.70745e+05    3.08693e+04   -1.39876e+05
  Conserved En.    Temperature Pres. DC (bar) Pressure (bar)   Constr. rmsd
   -1.24210e+05    3.03861e+02   -1.75452e+02   -3.32226e+02    7.07056e-06

           Step           Time         Lambda
          40500       81.00000        0.00000

   Energies (kJ/mol)
       G96Angle    Proper Dih.  Improper Dih.        LJ (SR)  Disper. corr.
    7.76336e+03    5.75794e+03    4.51300e+02   -2.35944e+03   -1.95360e+03
   Coulomb (SR)   Coul. recip.      Potential    Kinetic En.   Total Energy
   -1.80102e+05    6.14857e+02   -1.69827e+05    3.11679e+04   -1.38659e+05
  Conserved En.    Temperature Pres. DC (bar) Pressure (bar)   Constr. rmsd
   -1.24173e+05    3.06800e+02   -1.75452e+02   -3.27851e+02    6.84135e-06

DD  step 40999  vol min/aver 0.515  load imb.: force  3.8%  pme mesh/force 0.476

           Step           Time         Lambda
          41000       82.00000        0.00000

   Energies (kJ/mol)
       G96Angle    Proper Dih.  Improper Dih.        LJ (SR)  Disper. corr.
    7.80735e+03    5.82822e+03    4.90067e+02   -2.86036e+03   -1.95360e+03
   Coulomb (SR)   Coul. recip.      Potential    Kinetic En.   Total Energy
   -1.80037e+05    5.54609e+02   -1.70171e+05    3.08221e+04   -1.39348e+05
  Conserved En.    Temperature Pres. DC (bar) Pressure (bar)   Constr. rmsd
   -1.24133e+05    3.03397e+02   -1.75452e+02   -5.93672e+02    7.17528e-06

           Step           Time         Lambda
          41500       83.00000        0.00000

   Energies (kJ/mol)
       G96Angle    Proper Dih.  Improper Dih.        LJ (SR)  Disper. corr.
    7.53172e+03    5.74270e+03    4.47548e+02   -2.95137e+03   -1.95360e+03
   Coulomb (SR)   Coul. recip.      Potential    Kinetic En.   Total Energy
   -1.79468e+05    5.33905e+02   -1.70117e+05    3.14800e+04   -1.38637e+05
  Conserved En.    Temperature Pres. DC (bar) Pressure (bar)   Constr. rmsd
   -1.24200e+05    3.09872e+02   -1.75452e+02   -3.17805e+02    7.18781e-06

DD  step 41999  vol min/aver 0.505  load imb.: force  4.8%  pme mesh/force 0.512

           Step           Time         Lambda
          42000       84.00000        0.00000

   Energies (kJ/mol)
       G96Angle    Proper Dih.  Improper Dih.        LJ (SR)  Disper. corr.
    7.93068e+03    5.58062e+03    4.42912e+02   -2.46460e+03   -1.95360e+03
   Coulomb (SR)   Coul. recip.      Potential    Kinetic En.   Total Energy
   -1.79915e+05    5.81340e+02   -1.69798e+05    3.15135e+04   -1.38284e+05
  Conserved En.    Temperature Pres. DC (bar) Pressure (bar)   Constr. rmsd
   -1.24166e+05    3.10202e+02   -1.75452e+02   -3.58509e+02    7.23475e-06

           Step           Time         Lambda
          42500       85.00000        0.00000

   Energies (kJ/mol)
       G96Angle    Proper Dih.  Improper Dih.        LJ (SR)  Disper. corr.
    7.80323e+03    5.70197e+03    5.11404e+02   -2.69139e+03   -1.95360e+03
   Coulomb (SR)   Coul. recip.      Potential    Kinetic En.   Total Energy
   -1.79842e+05    5.67375e+02   -1.69903e+05    3.09559e+04   -1.38947e+05
  Conserved En.    Temperature Pres. DC (bar) Pressure (bar)   Constr. rmsd
   -1.24216e+05    3.04713e+02   -1.75452e+02   -4.76188e+02    7.09835e-06

DD  step 42999  vol min/aver 0.505  load imb.: force  3.5%  pme mesh/force 0.479

           Step           Time         Lambda
          43000       86.00000        0.00000

   Energies (kJ/mol)
       G96Angle    Proper Dih.  Improper Dih.        LJ (SR)  Disper. corr.
    7.78524e+03    5.61581e+03    4.34745e+02   -2.17947e+03   -1.95360e+03
   Coulomb (SR)   Coul. recip.      Potential    Kinetic En.   Total Energy
   -1.80600e+05    5.46628e+02   -1.70351e+05    3.09539e+04   -1.39397e+05
  Conserved En.    Temperature Pres. DC (bar) Pressure (bar)   Constr. rmsd
   -1.24091e+05    3.04694e+02   -1.75452e+02   -3.57985e+02    7.25632e-06

           Step           Time         Lambda
          43500       87.00000        0.00000

   Energies (kJ/mol)
       G96Angle    Proper Dih.  Improper Dih.        LJ (SR)  Disper. corr.
    7.85184e+03    5.72517e+03    5.14972e+02   -2.46884e+03   -1.95360e+03
   Coulomb (SR)   Coul. recip.      Potential    Kinetic En.   Total Energy
   -1.80441e+05    5.83273e+02   -1.70188e+05    3.07092e+04   -1.39479e+05
  Conserved En.    Temperature Pres. DC (bar) Pressure (bar)   Constr. rmsd
   -1.24257e+05    3.02285e+02   -1.75452e+02   -5.17679e+02    7.46125e-06

DD  step 43999  vol min/aver 0.507  load imb.: force  4.1%  pme mesh/force 0.515

           Step           Time         Lambda
          44000       88.00000        0.00000

   Energies (kJ/mol)
       G96Angle    Proper Dih.  Improper Dih.        LJ (SR)  Disper. corr.
    7.47758e+03    5.50097e+03    4.28016e+02   -1.62166e+03   -1.95360e+03
   Coulomb (SR)   Coul. recip.      Potential    Kinetic En.   Total Energy
   -1.81432e+05    5.86976e+02   -1.71014e+05    3.12740e+04   -1.39740e+05
  Conserved En.    Temperature Pres. DC (bar) Pressure (bar)   Constr. rmsd
   -1.24120e+05    3.07844e+02   -1.75452e+02   -2.49850e+02    7.14266e-06

           Step           Time         Lambda
          44500       89.00000        0.00000

   Energies (kJ/mol)
       G96Angle    Proper Dih.  Improper Dih.        LJ (SR)  Disper. corr.
    7.97896e+03    5.52440e+03    4.64681e+02   -1.68527e+03   -1.95360e+03
   Coulomb (SR)   Coul. recip.      Potential    Kinetic En.   Total Energy
   -1.81228e+05    5.68950e+02   -1.70330e+05    3.09949e+04   -1.39335e+05
  Conserved En.    Temperature Pres. DC (bar) Pressure (bar)   Constr. rmsd
   -1.24131e+05    3.05097e+02   -1.75452e+02   -3.47698e+02    7.67128e-06

DD  step 44999  vol min/aver 0.506  load imb.: force  3.5%  pme mesh/force 0.520

           Step           Time         Lambda
          45000       90.00000        0.00000

   Energies (kJ/mol)
       G96Angle    Proper Dih.  Improper Dih.        LJ (SR)  Disper. corr.
    7.63371e+03    5.57809e+03    4.54351e+02   -2.40932e+03   -1.95360e+03
   Coulomb (SR)   Coul. recip.      Potential    Kinetic En.   Total Energy
   -1.79359e+05    5.37806e+02   -1.69518e+05    3.10301e+04   -1.38487e+05
  Conserved En.    Temperature Pres. DC (bar) Pressure (bar)   Constr. rmsd
   -1.24140e+05    3.05444e+02   -1.75452e+02   -5.63494e+01    6.52934e-06

           Step           Time         Lambda
          45500       91.00000        0.00000

   Energies (kJ/mol)
       G96Angle    Proper Dih.  Improper Dih.        LJ (SR)  Disper. corr.
    7.72719e+03    5.57139e+03    5.02774e+02   -2.57494e+03   -1.95360e+03
   Coulomb (SR)   Coul. recip.      Potential    Kinetic En.   Total Energy
   -1.80254e+05    5.85913e+02   -1.70395e+05    3.07123e+04   -1.39683e+05
  Conserved En.    Temperature Pres. DC (bar) Pressure (bar)   Constr. rmsd
   -1.24264e+05    3.02315e+02   -1.75452e+02   -5.59090e+02    7.52990e-06

DD  step 45999  vol min/aver 0.498  load imb.: force  3.7%  pme mesh/force 0.474

           Step           Time         Lambda
          46000       92.00000        0.00000

   Energies (kJ/mol)
       G96Angle    Proper Dih.  Improper Dih.        LJ (SR)  Disper. corr.
    7.63177e+03    5.62027e+03    5.28225e+02   -2.66828e+03   -1.95360e+03
   Coulomb (SR)   Coul. recip.      Potential    Kinetic En.   Total Energy
   -1.80651e+05    5.32621e+02   -1.70960e+05    3.15357e+04   -1.39424e+05
  Conserved En.    Temperature Pres. DC (bar) Pressure (bar)   Constr. rmsd
   -1.24129e+05    3.10421e+02   -1.75452e+02   -1.84584e+02    6.88546e-06

           Step           Time         Lambda
          46500       93.00000        0.00000

   Energies (kJ/mol)
       G96Angle    Proper Dih.  Improper Dih.        LJ (SR)  Disper. corr.
    7.75326e+03    5.79335e+03    4.66324e+02   -2.23628e+03   -1.95360e+03
   Coulomb (SR)   Coul. recip.      Potential    Kinetic En.   Total Energy
   -1.81056e+05    5.47325e+02   -1.70686e+05    3.15993e+04   -1.39087e+05
  Conserved En.    Temperature Pres. DC (bar) Pressure (bar)   Constr. rmsd
   -1.24187e+05    3.11047e+02   -1.75452e+02   -2.54393e+02    8.06360e-06

DD  step 46999  vol min/aver 0.512  load imb.: force  3.2%  pme mesh/force 0.487

           Step           Time         Lambda
          47000       94.00000        0.00000

   Energies (kJ/mol)
       G96Angle    Proper Dih.  Improper Dih.        LJ (SR)  Disper. corr.
    8.02596e+03    5.46991e+03    3.97227e+02   -2.92936e+03   -1.95360e+03
   Coulomb (SR)   Coul. recip.      Potential    Kinetic En.   Total Energy
   -1.79606e+05    5.53479e+02   -1.70042e+05    3.12154e+04   -1.38827e+05
  Conserved En.    Temperature Pres. DC (bar) Pressure (bar)   Constr. rmsd
   -1.24212e+05    3.07267e+02   -1.75452e+02   -2.54693e+02    7.48734e-06

           Step           Time         Lambda
          47500       95.00000        0.00000

   Energies (kJ/mol)
       G96Angle    Proper Dih.  Improper Dih.        LJ (SR)  Disper. corr.
    7.95495e+03    5.45766e+03    4.51071e+02   -2.07150e+03   -1.95360e+03
   Coulomb (SR)   Coul. recip.      Potential    Kinetic En.   Total Energy
   -1.81078e+05    5.46077e+02   -1.70694e+05    3.06342e+04   -1.40059e+05
  Conserved En.    Temperature Pres. DC (bar) Pressure (bar)   Constr. rmsd
   -1.24152e+05    3.01546e+02   -1.75452e+02   -2.96160e+02    6.87688e-06

DD  step 47999  vol min/aver 0.503  load imb.: force  6.4%  pme mesh/force 0.533

           Step           Time         Lambda
          48000       96.00000        0.00000

   Energies (kJ/mol)
       G96Angle    Proper Dih.  Improper Dih.        LJ (SR)  Disper. corr.
    7.84794e+03    5.44344e+03    5.07767e+02   -2.64515e+03   -1.95360e+03
   Coulomb (SR)   Coul. recip.      Potential    Kinetic En.   Total Energy
   -1.80016e+05    5.19522e+02   -1.70296e+05    3.09398e+04   -1.39357e+05
  Conserved En.    Temperature Pres. DC (bar) Pressure (bar)   Constr. rmsd
   -1.24154e+05    3.04554e+02   -1.75452e+02   -3.84171e+02    6.94846e-06

           Step           Time         Lambda
          48500       97.00000        0.00000

   Energies (kJ/mol)
       G96Angle    Proper Dih.  Improper Dih.        LJ (SR)  Disper. corr.
    7.86819e+03    5.67871e+03    4.00916e+02   -2.53479e+03   -1.95360e+03
   Coulomb (SR)   Coul. recip.      Potential    Kinetic En.   Total Energy
   -1.79884e+05    5.44504e+02   -1.69881e+05    3.09039e+04   -1.38977e+05
  Conserved En.    Temperature Pres. DC (bar) Pressure (bar)   Constr. rmsd
   -1.24149e+05    3.04201e+02   -1.75452e+02   -4.64428e+02    7.45948e-06

DD  step 48999  vol min/aver 0.510  load imb.: force  3.5%  pme mesh/force 0.521

           Step           Time         Lambda
          49000       98.00000        0.00000

   Energies (kJ/mol)
       G96Angle    Proper Dih.  Improper Dih.        LJ (SR)  Disper. corr.
    7.79343e+03    5.70372e+03    4.33291e+02   -2.11193e+03   -1.95360e+03
   Coulomb (SR)   Coul. recip.      Potential    Kinetic En.   Total Energy
   -1.80706e+05    5.31184e+02   -1.70310e+05    3.06293e+04   -1.39681e+05
  Conserved En.    Temperature Pres. DC (bar) Pressure (bar)   Constr. rmsd
   -1.24195e+05    3.01499e+02   -1.75452e+02   -2.19207e+02    7.18147e-06

           Step           Time         Lambda
          49500       99.00000        0.00000

   Energies (kJ/mol)
       G96Angle    Proper Dih.  Improper Dih.        LJ (SR)  Disper. corr.
    7.84514e+03    5.59669e+03    4.88048e+02   -2.49162e+03   -1.95360e+03
   Coulomb (SR)   Coul. recip.      Potential    Kinetic En.   Total Energy
   -1.80438e+05    5.26745e+02   -1.70427e+05    3.12568e+04   -1.39170e+05
  Conserved En.    Temperature Pres. DC (bar) Pressure (bar)   Constr. rmsd
   -1.24098e+05    3.07675e+02   -1.75452e+02   -5.25306e+02    6.76327e-06

DD  step 49999  vol min/aver 0.509  load imb.: force  6.7%  pme mesh/force 0.523

           Step           Time         Lambda
          50000      100.00000        0.00000

Writing checkpoint, step 50000 at Fri Dec  9 12:31:30 2016


   Energies (kJ/mol)
       G96Angle    Proper Dih.  Improper Dih.        LJ (SR)  Disper. corr.
    8.06503e+03    5.55903e+03    3.67782e+02   -2.34036e+03   -1.95360e+03
   Coulomb (SR)   Coul. recip.      Potential    Kinetic En.   Total Energy
   -1.80909e+05    5.64941e+02   -1.70646e+05    3.11352e+04   -1.39511e+05
  Conserved En.    Temperature Pres. DC (bar) Pressure (bar)   Constr. rmsd
   -1.24003e+05    3.06478e+02   -1.75452e+02   -3.97847e+02    7.48748e-06

	<======  ###############  ==>
	<====  A V E R A G E S  ====>
	<==  ###############  ======>

	Statistics over 50001 steps using 501 frames

   Energies (kJ/mol)
       G96Angle    Proper Dih.  Improper Dih.        LJ (SR)  Disper. corr.
    7.96212e+03    5.77615e+03    4.54294e+02   -2.23515e+03   -1.95360e+03
   Coulomb (SR)   Coul. recip.      Potential    Kinetic En.   Total Energy
   -1.79567e+05    6.63739e+02   -1.68900e+05    3.09978e+04   -1.37902e+05
  Conserved En.    Temperature Pres. DC (bar) Pressure (bar)   Constr. rmsd
   -1.24272e+05    3.05126e+02   -1.75452e+02   -1.10064e+02    0.00000e+00

   Total Virial (kJ/mol)
    9.99021e+03    4.54319e+01    5.99269e+01
    4.53192e+01    1.05757e+04    4.42550e+00
    6.04515e+01    5.11783e+00    1.22714e+04

   Pressure (bar)
    1.61389e+02   -9.33533e+00   -1.46869e+01
   -9.31510e+00    3.95266e+01    4.75188e+00
   -1.47811e+01    4.62761e+00   -5.31109e+02

    T-non-Water        T-Water
    3.05253e+02    3.05050e+02


	M E G A - F L O P S   A C C O U N T I N G

 NB=Group-cutoff nonbonded kernels    NxN=N-by-N cluster Verlet kernels
 RF=Reaction-Field  VdW=Van der Waals  QSTab=quadratic-spline table
 W3=SPC/TIP3p  W4=TIP4p (single or pairs)
 V&F=Potential and force  V=Potential only  F=Force only

 Computing:                               M-Number         M-Flops  % Flops
-----------------------------------------------------------------------------
 Pair Search distance check            7693.571518       69242.144     0.4
 NxN QSTab Elec. + LJ [F]            232541.995792     9534221.827    49.5
 NxN QSTab Elec. + LJ [V&F]            2353.683448      138867.323     0.7
 NxN LJ [F]                           63866.414688     2107591.685    10.9
 NxN LJ [V&F]                           646.089472       27781.847     0.1
 NxN QSTab Elec. [F]                 177073.201152     6020488.839    31.3
 NxN QSTab Elec. [V&F]                 1791.996840       73471.870     0.4
 Calc Weights                          1823.436468       65643.713     0.3
 Spread Q Bspline                     38899.977984       77799.956     0.4
 Gather F Bspline                     38899.977984      233399.868     1.2
 3D-FFT                               89102.882022      712823.056     3.7
 Solve PME                               39.200784        2508.850     0.0
 Reset In Box                            15.207156          45.621     0.0
 CG-CoM                                  15.219312          45.658     0.0
 Angles                                 235.004700       39480.790     0.2
 Propers                                200.004000       45800.916     0.2
 Impropers                               10.800216        2246.445     0.0
 Virial                                   6.541056         117.739     0.0
 Stop-CM                                  6.102312          61.023     0.0
 Calc-Ekin                              121.584312        3282.776     0.0
 Lincs                                  321.118371       19267.102     0.1
 Lincs-Mat                             4206.367692       16825.471     0.1
 Constraint-V                          1085.395468        8683.164     0.0
 Constraint-Vir                           7.657019         183.768     0.0
 Settle                                 147.727319       47715.924     0.2
-----------------------------------------------------------------------------
 Total                                                19247597.377   100.0
-----------------------------------------------------------------------------


    D O M A I N   D E C O M P O S I T I O N   S T A T I S T I C S

 av. #atoms communicated per step for force:  2 x 37735.7
 av. #atoms communicated per step for LINCS:  2 x 3556.4

 Average load imbalance: 5.1 %
 Part of the total run time spent waiting due to load imbalance: 3.2 %
 Steps where the load balancing was limited by -rdd, -rcon and/or -dds: X 0 % Z 0 %
 Average PME mesh/force load: 0.516
 Part of the total run time spent waiting due to PP/PME imbalance: 6.0 %

NOTE: 6.0 % performance was lost because the PME ranks
      had less work to do than the PP ranks.
      You might want to decrease the number of PME ranks
      or decrease the cut-off and the grid spacing.


     R E A L   C Y C L E   A N D   T I M E   A C C O U N T I N G

On 20 MPI ranks doing PP, and
on 4 MPI ranks doing PME

 Computing:          Num   Num      Call    Wall time         Giga-Cycles
                     Ranks Threads  Count      (s)         total sum    %
-----------------------------------------------------------------------------
 Domain decomp.        20    1       1251      10.359        551.051   2.7
 DD comm. load         20    1       1250       0.181          9.621   0.0
 DD comm. bounds       20    1       1250       0.329         17.488   0.1
 Send X to PME         20    1      50001       4.492        238.954   1.2
 Neighbor search       20    1       1251       4.405        234.307   1.2
 Comm. coord.          20    1      48750      24.204       1287.567   6.4
 Force                 20    1      50001     202.358      10764.795  53.6
 Wait + Comm. F        20    1      50001      28.628       1522.910   7.6
 PME mesh *             4    1      50001     120.355       1280.503   6.4
 PME wait for PP *                            194.054       2064.609  10.3
 Wait + Recv. PME F    20    1      50001       0.347         18.448   0.1
 NB X/F buffer ops.    20    1     147501       1.809         96.216   0.5
 Write traj.           20    1        101       0.187          9.928   0.0
 Update                20    1      50001       3.119        165.915   0.8
 Constraints           20    1      50001      30.057       1598.916   8.0
 Comm. energies        20    1       5001       3.368        179.183   0.9
 Rest                                           0.577         30.713   0.2
-----------------------------------------------------------------------------
 Total                                        314.418      20071.215 100.0
-----------------------------------------------------------------------------
(*) Note that with separate PME ranks, the walltime column actually sums to
    twice the total reported, but the cycle count total and % are correct.
-----------------------------------------------------------------------------
 Breakdown of PME mesh computation
-----------------------------------------------------------------------------
 PME redist. X/F        4    1     100002      29.753        316.556   1.6
 PME spread/gather      4    1     100002      58.181        619.005   3.1
 PME 3D-FFT             4    1     100002      21.247        226.052   1.1
 PME 3D-FFT Comm.       4    1     100002       4.743         50.466   0.3
 PME solve Elec         4    1      50001       6.343         67.484   0.3
-----------------------------------------------------------------------------

               Core t (s)   Wall t (s)        (%)
       Time:     7546.020      314.418     2400.0
                 (ns/day)    (hour/ns)
Performance:       27.480        0.873
Finished mdrun on rank 0 Fri Dec  9 12:31:30 2016
