Log file opened on Fri Dec  9 11:24:41 2016
Host: filey.vuse.vanderbilt.edu  pid: 97652  rank ID: 0  number of ranks:  1
                   :-) GROMACS - gmx mdrun, VERSION 5.1.2 (-:

                            GROMACS is written by:
     Emile Apol      Rossen Apostolov  Herman J.C. Berendsen    Par Bjelkmar   
 Aldert van Buuren   Rudi van Drunen     Anton Feenstra   Sebastian Fritsch 
  Gerrit Groenhof   Christoph Junghans   Anca Hamuraru    Vincent Hindriksen
 Dimitrios Karkoulis    Peter Kasson        Jiri Kraus      Carsten Kutzner  
    Per Larsson      Justin A. Lemkul   Magnus Lundborg   Pieter Meulenhoff 
   Erik Marklund      Teemu Murtola       Szilard Pall       Sander Pronk   
   Roland Schulz     Alexey Shvetsov     Michael Shirts     Alfons Sijbers  
   Peter Tieleman    Teemu Virolainen  Christian Wennberg    Maarten Wolf   
                           and the project leaders:
        Mark Abraham, Berk Hess, Erik Lindahl, and David van der Spoel

Copyright (c) 1991-2000, University of Groningen, The Netherlands.
Copyright (c) 2001-2015, The GROMACS development team at
Uppsala University, Stockholm University and
the Royal Institute of Technology, Sweden.
check out http://www.gromacs.org for more information.

GROMACS is free software; you can redistribute it and/or modify it
under the terms of the GNU Lesser General Public License
as published by the Free Software Foundation; either version 2.1
of the License, or (at your option) any later version.

GROMACS:      gmx mdrun, VERSION 5.1.2
Executable:   /usr/local/gromacs/bin//gmx
Data prefix:  /usr/local/gromacs
Command line:
  gmx mdrun -deffnm nvteq_DSPC-50_alc22-25_acd22-25_0129

GROMACS version:    VERSION 5.1.2
Precision:          single
Memory model:       64 bit
MPI library:        thread_mpi
OpenMP support:     disabled
GPU support:        enabled
OpenCL support:     disabled
invsqrt routine:    gmx_software_invsqrt(x)
SIMD instructions:  SSE4.1
FFT library:        fftw-3.3.4-sse2
RDTSCP usage:       enabled
C++11 compilation:  disabled
TNG support:        enabled
Tracing support:    disabled
Built on:           Tue May 31 09:28:24 CDT 2016
Built by:           leonhaac@filey.vuse.vanderbilt.edu [CMAKE]
Build OS/arch:      Darwin 10.8.0 x86_64
Build CPU vendor:   GenuineIntel
Build CPU brand:    Intel(R) Xeon(R) CPU           X5650  @ 2.67GHz
Build CPU family:   6   Model: 44   Stepping: 2
Build CPU features: aes apic clfsh cmov cx8 cx16 htt lahf_lm mmx msr nonstop_tsc pcid pclmuldq pdcm pdpe1gb popcnt pse rdtscp sse2 sse3 sse4.1 sse4.2 ssse3
C compiler:         /Developer/usr/bin/cc GNU 4.2.1
C compiler flags:    -msse4.1    -Wextra -Wno-missing-field-initializers -Wno-sign-compare -Wpointer-arith -Wall -Wno-unused -Wunused-value -Wunused-parameter -Wno-unknown-pragmas  -O3 -DNDEBUG -funroll-all-loops  
C++ compiler:       /Developer/usr/bin/c++ GNU 4.2.1
C++ compiler flags:  -msse4.1    -Wextra -Wno-missing-field-initializers -Wpointer-arith -Wall -Wno-unused-function -Wno-unknown-pragmas  -O3 -DNDEBUG -funroll-all-loops  
Boost version:      1.55.0 (internal)
CUDA compiler:      /usr/local/cuda/bin/nvcc nvcc: NVIDIA (R) Cuda compiler driver;Copyright (c) 2005-2011 NVIDIA Corporation;Built on Fri_May_13_01:54:22_PDT_2011;Cuda compilation tools, release 4.0, V0.2.1221
CUDA compiler flags:-gencode;arch=compute_20,code=sm_20;-gencode;arch=compute_20,code=compute_20;-use_fast_math;-D__STRICT_ANSI__; ;-msse4.1;-Wextra;-Wno-missing-field-initializers;-Wpointer-arith;-Wall;-Wno-unused-function;-Wno-unknown-pragmas;-O3;-DNDEBUG;-funroll-all-loops;
CUDA driver:        0.0
CUDA runtime:       0.0


NOTE: Error occurred during GPU detection:
      no CUDA-capable device is detected
      Can not use GPU acceleration, will fall back to CPU kernels.


Running on 1 node with total 24 logical cores, 0 compatible GPUs
Hardware detected:
  CPU info:
    Vendor: GenuineIntel
    Brand:  Intel(R) Xeon(R) CPU           X5650  @ 2.67GHz
    Family:  6  model: 44  stepping:  2
    CPU features: aes apic clfsh cmov cx8 cx16 htt lahf_lm mmx msr nonstop_tsc pcid pclmuldq pdcm pdpe1gb popcnt pse rdtscp sse2 sse3 sse4.1 sse4.2 ssse3
    SIMD instructions most likely to fit this hardware: SSE4.1
    SIMD instructions selected at GROMACS compile time: SSE4.1


++++ PLEASE READ AND CITE THE FOLLOWING REFERENCE ++++
M. J. Abraham, T. Murtola, R. Schulz, S. Páll, J. C. Smith, B. Hess, E.
Lindahl
GROMACS: High performance molecular simulations through multi-level
parallelism from laptops to supercomputers
SoftwareX 1 (2015) pp. 19-25
-------- -------- --- Thank You --- -------- --------


++++ PLEASE READ AND CITE THE FOLLOWING REFERENCE ++++
S. Páll, M. J. Abraham, C. Kutzner, B. Hess, E. Lindahl
Tackling Exascale Software Challenges in Molecular Dynamics Simulations with
GROMACS
In S. Markidis & E. Laure (Eds.), Solving Software Challenges for Exascale 8759 (2015) pp. 3-27
-------- -------- --- Thank You --- -------- --------


++++ PLEASE READ AND CITE THE FOLLOWING REFERENCE ++++
S. Pronk, S. Páll, R. Schulz, P. Larsson, P. Bjelkmar, R. Apostolov, M. R.
Shirts, J. C. Smith, P. M. Kasson, D. van der Spoel, B. Hess, and E. Lindahl
GROMACS 4.5: a high-throughput and highly parallel open source molecular
simulation toolkit
Bioinformatics 29 (2013) pp. 845-54
-------- -------- --- Thank You --- -------- --------


++++ PLEASE READ AND CITE THE FOLLOWING REFERENCE ++++
B. Hess and C. Kutzner and D. van der Spoel and E. Lindahl
GROMACS 4: Algorithms for highly efficient, load-balanced, and scalable
molecular simulation
J. Chem. Theory Comput. 4 (2008) pp. 435-447
-------- -------- --- Thank You --- -------- --------


++++ PLEASE READ AND CITE THE FOLLOWING REFERENCE ++++
D. van der Spoel, E. Lindahl, B. Hess, G. Groenhof, A. E. Mark and H. J. C.
Berendsen
GROMACS: Fast, Flexible and Free
J. Comp. Chem. 26 (2005) pp. 1701-1719
-------- -------- --- Thank You --- -------- --------


++++ PLEASE READ AND CITE THE FOLLOWING REFERENCE ++++
E. Lindahl and B. Hess and D. van der Spoel
GROMACS 3.0: A package for molecular simulation and trajectory analysis
J. Mol. Mod. 7 (2001) pp. 306-317
-------- -------- --- Thank You --- -------- --------


++++ PLEASE READ AND CITE THE FOLLOWING REFERENCE ++++
H. J. C. Berendsen, D. van der Spoel and R. van Drunen
GROMACS: A message-passing parallel molecular dynamics implementation
Comp. Phys. Comm. 91 (1995) pp. 43-56
-------- -------- --- Thank You --- -------- --------

Changing nstlist from 10 to 40, rlist from 1.4 to 1.417

Input Parameters:
   integrator                     = md
   tinit                          = 0
   dt                             = 0.002
   nsteps                         = 50000
   init-step                      = 0
   simulation-part                = 1
   comm-mode                      = Linear
   nstcomm                        = 100
   bd-fric                        = 0
   ld-seed                        = 2633302483
   emtol                          = 10
   emstep                         = 0.01
   niter                          = 20
   fcstep                         = 0
   nstcgsteep                     = 1000
   nbfgscorr                      = 10
   rtpi                           = 0.05
   nstxout                        = 500
   nstvout                        = 500
   nstfout                        = 0
   nstlog                         = 500
   nstcalcenergy                  = 100
   nstenergy                      = 500
   nstxout-compressed             = 0
   compressed-x-precision         = 1000
   cutoff-scheme                  = Verlet
   nstlist                        = 40
   ns-type                        = Grid
   pbc                            = xyz
   periodic-molecules             = FALSE
   verlet-buffer-tolerance        = 0.005
   rlist                          = 1.417
   rlistlong                      = 1.417
   nstcalclr                      = 10
   coulombtype                    = PME
   coulomb-modifier               = Potential-shift
   rcoulomb-switch                = 0
   rcoulomb                       = 1.4
   epsilon-r                      = 1
   epsilon-rf                     = inf
   vdw-type                       = Cut-off
   vdw-modifier                   = Potential-shift
   rvdw-switch                    = 0
   rvdw                           = 1.4
   DispCorr                       = EnerPres
   table-extension                = 1
   fourierspacing                 = 0.16
   fourier-nx                     = 28
   fourier-ny                     = 28
   fourier-nz                     = 72
   pme-order                      = 4
   ewald-rtol                     = 1e-05
   ewald-rtol-lj                  = 0.001
   lj-pme-comb-rule               = Geometric
   ewald-geometry                 = 0
   epsilon-surface                = 0
   implicit-solvent               = No
   gb-algorithm                   = Still
   nstgbradii                     = 1
   rgbradii                       = 1
   gb-epsilon-solvent             = 80
   gb-saltconc                    = 0
   gb-obc-alpha                   = 1
   gb-obc-beta                    = 0.8
   gb-obc-gamma                   = 4.85
   gb-dielectric-offset           = 0.009
   sa-algorithm                   = Ace-approximation
   sa-surface-tension             = 2.05016
   tcoupl                         = Nose-Hoover
   nsttcouple                     = 10
   nh-chain-length                = 1
   print-nose-hoover-chain-variables = FALSE
   pcoupl                         = No
   pcoupltype                     = Isotropic
   nstpcouple                     = -1
   tau-p                          = 1
   compressibility (3x3):
      compressibility[    0]={ 0.00000e+00,  0.00000e+00,  0.00000e+00}
      compressibility[    1]={ 0.00000e+00,  0.00000e+00,  0.00000e+00}
      compressibility[    2]={ 0.00000e+00,  0.00000e+00,  0.00000e+00}
   ref-p (3x3):
      ref-p[    0]={ 0.00000e+00,  0.00000e+00,  0.00000e+00}
      ref-p[    1]={ 0.00000e+00,  0.00000e+00,  0.00000e+00}
      ref-p[    2]={ 0.00000e+00,  0.00000e+00,  0.00000e+00}
   refcoord-scaling               = No
   posres-com (3):
      posres-com[0]= 0.00000e+00
      posres-com[1]= 0.00000e+00
      posres-com[2]= 0.00000e+00
   posres-comB (3):
      posres-comB[0]= 0.00000e+00
      posres-comB[1]= 0.00000e+00
      posres-comB[2]= 0.00000e+00
   QMMM                           = FALSE
   QMconstraints                  = 0
   QMMMscheme                     = 0
   MMChargeScaleFactor            = 1
qm-opts:
   ngQM                           = 0
   constraint-algorithm           = Lincs
   continuation                   = FALSE
   Shake-SOR                      = FALSE
   shake-tol                      = 0.0001
   lincs-order                    = 4
   lincs-iter                     = 1
   lincs-warnangle                = 30
   nwall                          = 0
   wall-type                      = 9-3
   wall-r-linpot                  = -1
   wall-atomtype[0]               = -1
   wall-atomtype[1]               = -1
   wall-density[0]                = 0
   wall-density[1]                = 0
   wall-ewald-zfac                = 3
   pull                           = FALSE
   rotation                       = FALSE
   interactiveMD                  = FALSE
   disre                          = No
   disre-weighting                = Conservative
   disre-mixed                    = FALSE
   dr-fc                          = 1000
   dr-tau                         = 0
   nstdisreout                    = 100
   orire-fc                       = 0
   orire-tau                      = 0
   nstorireout                    = 100
   free-energy                    = no
   cos-acceleration               = 0
   deform (3x3):
      deform[    0]={ 0.00000e+00,  0.00000e+00,  0.00000e+00}
      deform[    1]={ 0.00000e+00,  0.00000e+00,  0.00000e+00}
      deform[    2]={ 0.00000e+00,  0.00000e+00,  0.00000e+00}
   simulated-tempering            = FALSE
   E-x:
      n = 0
   E-xt:
      n = 0
   E-y:
      n = 0
   E-yt:
      n = 0
   E-z:
      n = 0
   E-zt:
      n = 0
   swapcoords                     = no
   adress                         = FALSE
   userint1                       = 0
   userint2                       = 0
   userint3                       = 0
   userint4                       = 0
   userreal1                      = 0
   userreal2                      = 0
   userreal3                      = 0
   userreal4                      = 0
grpopts:
   nrdf:     10174.8     15358.2
   ref-t:         305         305
   tau-t:         0.4         0.4
annealing:          No          No
annealing-npoints:           0           0
   acc:	           0           0           0
   nfreeze:           N           N           N
   energygrp-flags[  0]: 0


Initializing Domain Decomposition on 24 ranks
Dynamic load balancing: auto
Will sort the charge groups at every domain (re)decomposition
Initial maximum inter charge-group distances:
    two-body bonded interactions: 0.281 nm, Exclusion, atoms 3028 3030
  multi-body bonded interactions: 0.406 nm, Proper Dih., atoms 3441 3444
Minimum cell size due to bonded interactions: 0.447 nm
Maximum distance for 5 constraints, at 120 deg. angles, all-trans: 0.771 nm
Estimated maximum distance required for P-LINCS: 0.771 nm
This distance will limit the DD cell size, you can override this with -rcon
Guess for relative PME load: 0.09
Will use 20 particle-particle and 4 PME only ranks
This is a guess, check the performance at the end of the log file
Using 4 separate PME ranks, as guessed by mdrun
Scaling the initial minimum size with 1/0.8 (option -dds) = 1.25
Optimizing the DD grid for 20 cells with a minimum initial size of 0.964 nm
The maximum allowed number of cells is: X 4 Y 4 Z 10
Domain decomposition grid 4 x 1 x 5, separate PME ranks 4
PME domain decomposition: 4 x 1 x 1
Interleaving PP and PME ranks
This rank does only particle-particle work.

Domain decomposition rank 0, coordinates 0 0 0

Using 24 MPI threads
Will do PME sum in reciprocal space for electrostatic interactions.

++++ PLEASE READ AND CITE THE FOLLOWING REFERENCE ++++
U. Essmann, L. Perera, M. L. Berkowitz, T. Darden, H. Lee and L. G. Pedersen 
A smooth particle mesh Ewald method
J. Chem. Phys. 103 (1995) pp. 8577-8592
-------- -------- --- Thank You --- -------- --------

Will do ordinary reciprocal space Ewald sum.
Using a Gaussian width (1/beta) of 0.448228 nm for Ewald
Cut-off's:   NS: 1.417   Coulomb: 1.4   LJ: 1.4
Long Range LJ corr.: <C6> 1.7642e-03
System total charge: 0.000
Generated table with 1208 data points for Ewald.
Tabscale = 500 points/nm
Generated table with 1208 data points for LJ6.
Tabscale = 500 points/nm
Generated table with 1208 data points for LJ12.
Tabscale = 500 points/nm
Potential shift: LJ r^-12: -1.764e-02 r^-6: -1.328e-01, Ewald -1.000e-05
Initialized non-bonded Ewald correction tables, spacing: 1.10e-03 size: 1270


Using SSE4.1 4x4 non-bonded kernels

Using full Lennard-Jones parameter combination matrix

Removing pbc first time

Initializing Parallel LINear Constraint Solver

++++ PLEASE READ AND CITE THE FOLLOWING REFERENCE ++++
B. Hess
P-LINCS: A Parallel Linear Constraint Solver for molecular simulation
J. Chem. Theory Comput. 4 (2008) pp. 116-122
-------- -------- --- Thank You --- -------- --------

The number of constraints is 4896
There are inter charge-group constraints,
will communicate selected coordinates each lincs iteration

++++ PLEASE READ AND CITE THE FOLLOWING REFERENCE ++++
S. Miyamoto and P. A. Kollman
SETTLE: An Analytical Version of the SHAKE and RATTLE Algorithms for Rigid
Water Models
J. Comp. Chem. 13 (1992) pp. 952-962
-------- -------- --- Thank You --- -------- --------


Linking all bonded interactions to atoms

The initial number of communication pulses is: X 2 Z 1
The initial domain decomposition cell size is: X 1.10 nm Z 2.10 nm

The maximum allowed distance for charge groups involved in interactions is:
                 non-bonded interactions           1.417 nm
            two-body bonded interactions  (-rdd)   1.417 nm
          multi-body bonded interactions  (-rdd)   1.095 nm
  atoms separated by up to 5 constraints  (-rcon)  1.095 nm

When dynamic load balancing gets turned on, these settings will change to:
The maximum number of communication pulses is: X 2 Z 2
The minimum size for domain decomposition cells is 0.771 nm
The requested allowed shrink of DD cells (option -dds) is: 0.80
The allowed shrink of domain decomposition cells is: X 0.70 Z 0.37
The maximum allowed distance for charge groups involved in interactions is:
                 non-bonded interactions           1.417 nm
            two-body bonded interactions  (-rdd)   1.417 nm
          multi-body bonded interactions  (-rdd)   0.771 nm
  atoms separated by up to 5 constraints  (-rcon)  0.771 nm


Making 2D domain decomposition grid 4 x 1 x 5, home cell index 0 0 0

Center of mass motion removal mode is Linear
We have the following groups for center of mass motion removal:
  0:  rest
There are: 12704 Atoms
Atom distribution over 20 domains: av 635 stddev 284 min 367 max 1119

Constraining the starting coordinates (step 0)

Constraining the coordinates at t0-dt (step 0)
RMS relative constraint deviation after constraining: 0.00e+00
Initial temperature: 306.565 K

Started mdrun on rank 0 Fri Dec  9 11:24:42 2016
           Step           Time         Lambda
              0        0.00000        0.00000

   Energies (kJ/mol)
       G96Angle    Proper Dih.  Improper Dih.        LJ (SR)  Disper. corr.
    1.10800e+04    6.47490e+03    3.08548e+02   -1.24848e+03   -2.15374e+03
   Coulomb (SR)   Coul. recip.      Potential    Kinetic En.   Total Energy
   -1.86885e+05    8.84608e+03   -1.63577e+05    3.25408e+04   -1.31036e+05
  Conserved En.    Temperature Pres. DC (bar) Pressure (bar)   Constr. rmsd
   -1.31036e+05    3.06565e+02   -1.77456e+02    1.59755e+03    1.91130e-05

DD  step 39 load imb.: force 123.1%  pme mesh/force 0.324

At step 40 the performance loss due to force load imbalance is 39.3 %

NOTE: Turning on dynamic load balancing

           Step           Time         Lambda
            500        1.00000        0.00000

   Energies (kJ/mol)
       G96Angle    Proper Dih.  Improper Dih.        LJ (SR)  Disper. corr.
    9.69603e+03    7.22501e+03    3.13377e+02   -6.29751e+02   -2.15374e+03
   Coulomb (SR)   Coul. recip.      Potential    Kinetic En.   Total Energy
   -1.88297e+05    1.64827e+03   -1.72197e+05    3.09783e+04   -1.41219e+05
  Conserved En.    Temperature Pres. DC (bar) Pressure (bar)   Constr. rmsd
   -1.31026e+05    2.91845e+02   -1.77456e+02    1.98973e+03    7.93159e-06

DD  step 999  vol min/aver 0.456  load imb.: force  3.0%  pme mesh/force 0.554

           Step           Time         Lambda
           1000        2.00000        0.00000

   Energies (kJ/mol)
       G96Angle    Proper Dih.  Improper Dih.        LJ (SR)  Disper. corr.
    1.02762e+04    7.16889e+03    4.18595e+02   -2.77906e+02   -2.15374e+03
   Coulomb (SR)   Coul. recip.      Potential    Kinetic En.   Total Energy
   -1.93849e+05    1.17636e+03   -1.77240e+05    3.28210e+04   -1.44419e+05
  Conserved En.    Temperature Pres. DC (bar) Pressure (bar)   Constr. rmsd
   -1.30769e+05    3.09205e+02   -1.77456e+02    1.19828e+03    8.35551e-06

           Step           Time         Lambda
           1500        3.00000        0.00000

   Energies (kJ/mol)
       G96Angle    Proper Dih.  Improper Dih.        LJ (SR)  Disper. corr.
    1.03897e+04    7.20371e+03    4.38764e+02   -3.50287e+02   -2.15374e+03
   Coulomb (SR)   Coul. recip.      Potential    Kinetic En.   Total Energy
   -1.95445e+05    1.07791e+03   -1.78839e+05    3.28770e+04   -1.45962e+05
  Conserved En.    Temperature Pres. DC (bar) Pressure (bar)   Constr. rmsd
   -1.30613e+05    3.09732e+02   -1.77456e+02    1.49661e+03    8.17921e-06

DD  step 1999  vol min/aver 0.419  load imb.: force  6.1%  pme mesh/force 0.498

           Step           Time         Lambda
           2000        4.00000        0.00000

   Energies (kJ/mol)
       G96Angle    Proper Dih.  Improper Dih.        LJ (SR)  Disper. corr.
    1.05316e+04    7.26184e+03    4.05865e+02    8.87847e+02   -2.15374e+03
   Coulomb (SR)   Coul. recip.      Potential    Kinetic En.   Total Energy
   -1.97161e+05    1.02390e+03   -1.79204e+05    3.20928e+04   -1.47111e+05
  Conserved En.    Temperature Pres. DC (bar) Pressure (bar)   Constr. rmsd
   -1.30796e+05    3.02344e+02   -1.77456e+02    1.66947e+03    8.85030e-06

           Step           Time         Lambda
           2500        5.00000        0.00000

   Energies (kJ/mol)
       G96Angle    Proper Dih.  Improper Dih.        LJ (SR)  Disper. corr.
    1.07530e+04    7.14616e+03    4.09035e+02   -3.27293e+02   -2.15374e+03
   Coulomb (SR)   Coul. recip.      Potential    Kinetic En.   Total Energy
   -1.96410e+05    9.75114e+02   -1.79607e+05    3.23048e+04   -1.47303e+05
  Conserved En.    Temperature Pres. DC (bar) Pressure (bar)   Constr. rmsd
   -1.30698e+05    3.04342e+02   -1.77456e+02    1.09680e+03    8.71800e-06

DD  step 2999  vol min/aver 0.428  load imb.: force  5.5%  pme mesh/force 0.559

           Step           Time         Lambda
           3000        6.00000        0.00000

   Energies (kJ/mol)
       G96Angle    Proper Dih.  Improper Dih.        LJ (SR)  Disper. corr.
    1.06279e+04    7.11866e+03    4.28046e+02   -7.88074e+02   -2.15374e+03
   Coulomb (SR)   Coul. recip.      Potential    Kinetic En.   Total Energy
   -1.96233e+05    9.69284e+02   -1.80030e+05    3.20026e+04   -1.48028e+05
  Conserved En.    Temperature Pres. DC (bar) Pressure (bar)   Constr. rmsd
   -1.30764e+05    3.01494e+02   -1.77456e+02    1.06798e+03    8.40185e-06

           Step           Time         Lambda
           3500        7.00000        0.00000

   Energies (kJ/mol)
       G96Angle    Proper Dih.  Improper Dih.        LJ (SR)  Disper. corr.
    1.06646e+04    6.85706e+03    4.27938e+02   -1.94945e+03   -2.15374e+03
   Coulomb (SR)   Coul. recip.      Potential    Kinetic En.   Total Energy
   -1.95040e+05    9.61281e+02   -1.80232e+05    3.22492e+04   -1.47983e+05
  Conserved En.    Temperature Pres. DC (bar) Pressure (bar)   Constr. rmsd
   -1.30738e+05    3.03818e+02   -1.77456e+02    4.90040e+02    8.27738e-06

DD  step 3999  vol min/aver 0.473  load imb.: force  6.3%  pme mesh/force 0.528

           Step           Time         Lambda
           4000        8.00000        0.00000

   Energies (kJ/mol)
       G96Angle    Proper Dih.  Improper Dih.        LJ (SR)  Disper. corr.
    1.05319e+04    6.93502e+03    4.51197e+02   -1.70511e+03   -2.15374e+03
   Coulomb (SR)   Coul. recip.      Potential    Kinetic En.   Total Energy
   -1.95367e+05    8.89247e+02   -1.80419e+05    3.22750e+04   -1.48144e+05
  Conserved En.    Temperature Pres. DC (bar) Pressure (bar)   Constr. rmsd
   -1.30635e+05    3.04060e+02   -1.77456e+02    5.09625e+02    8.15796e-06

           Step           Time         Lambda
           4500        9.00000        0.00000

   Energies (kJ/mol)
       G96Angle    Proper Dih.  Improper Dih.        LJ (SR)  Disper. corr.
    1.05155e+04    6.94353e+03    4.94539e+02   -2.66377e+03   -2.15374e+03
   Coulomb (SR)   Coul. recip.      Potential    Kinetic En.   Total Energy
   -1.94235e+05    8.76032e+02   -1.80223e+05    3.26150e+04   -1.47608e+05
  Conserved En.    Temperature Pres. DC (bar) Pressure (bar)   Constr. rmsd
   -1.30681e+05    3.07263e+02   -1.77456e+02    2.89628e+02    8.73921e-06

DD  step 4999  vol min/aver 0.498  load imb.: force  5.1%  pme mesh/force 0.531

           Step           Time         Lambda
           5000       10.00000        0.00000

   Energies (kJ/mol)
       G96Angle    Proper Dih.  Improper Dih.        LJ (SR)  Disper. corr.
    1.06267e+04    7.20952e+03    4.83142e+02   -2.80387e+03   -2.15374e+03
   Coulomb (SR)   Coul. recip.      Potential    Kinetic En.   Total Energy
   -1.94912e+05    8.90947e+02   -1.80659e+05    3.21984e+04   -1.48461e+05
  Conserved En.    Temperature Pres. DC (bar) Pressure (bar)   Constr. rmsd
   -1.30725e+05    3.03339e+02   -1.77456e+02   -4.35478e+02    9.16599e-06

           Step           Time         Lambda
           5500       11.00000        0.00000

   Energies (kJ/mol)
       G96Angle    Proper Dih.  Improper Dih.        LJ (SR)  Disper. corr.
    1.05446e+04    7.09160e+03    4.52121e+02   -3.07712e+03   -2.15374e+03
   Coulomb (SR)   Coul. recip.      Potential    Kinetic En.   Total Energy
   -1.93915e+05    9.07479e+02   -1.80150e+05    3.27896e+04   -1.47360e+05
  Conserved En.    Temperature Pres. DC (bar) Pressure (bar)   Constr. rmsd
   -1.30759e+05    3.08909e+02   -1.77456e+02    1.41530e+02    8.67327e-06

DD  step 5999  vol min/aver 0.476  load imb.: force  4.2%  pme mesh/force 0.546

           Step           Time         Lambda
           6000       12.00000        0.00000

   Energies (kJ/mol)
       G96Angle    Proper Dih.  Improper Dih.        LJ (SR)  Disper. corr.
    1.03603e+04    7.05106e+03    4.74620e+02   -3.08740e+03   -2.15374e+03
   Coulomb (SR)   Coul. recip.      Potential    Kinetic En.   Total Energy
   -1.94203e+05    8.48809e+02   -1.80709e+05    3.18305e+04   -1.48878e+05
  Conserved En.    Temperature Pres. DC (bar) Pressure (bar)   Constr. rmsd
   -1.30687e+05    2.99873e+02   -1.77456e+02   -5.85066e+02    8.50821e-06

           Step           Time         Lambda
           6500       13.00000        0.00000

   Energies (kJ/mol)
       G96Angle    Proper Dih.  Improper Dih.        LJ (SR)  Disper. corr.
    1.01765e+04    6.68288e+03    4.42662e+02   -2.63017e+03   -2.15374e+03
   Coulomb (SR)   Coul. recip.      Potential    Kinetic En.   Total Energy
   -1.94832e+05    8.53633e+02   -1.81460e+05    3.23916e+04   -1.49069e+05
  Conserved En.    Temperature Pres. DC (bar) Pressure (bar)   Constr. rmsd
   -1.30756e+05    3.05159e+02   -1.77456e+02   -1.31219e+02    8.56113e-06

DD  step 6999  vol min/aver 0.480  load imb.: force  4.4%  pme mesh/force 0.550

           Step           Time         Lambda
           7000       14.00000        0.00000

   Energies (kJ/mol)
       G96Angle    Proper Dih.  Improper Dih.        LJ (SR)  Disper. corr.
    1.01860e+04    6.69588e+03    3.88253e+02   -2.58477e+03   -2.15374e+03
   Coulomb (SR)   Coul. recip.      Potential    Kinetic En.   Total Energy
   -1.94896e+05    8.58315e+02   -1.81506e+05    3.29995e+04   -1.48506e+05
  Conserved En.    Temperature Pres. DC (bar) Pressure (bar)   Constr. rmsd
   -1.30668e+05    3.10886e+02   -1.77456e+02   -6.49030e+00    8.61050e-06

           Step           Time         Lambda
           7500       15.00000        0.00000

   Energies (kJ/mol)
       G96Angle    Proper Dih.  Improper Dih.        LJ (SR)  Disper. corr.
    1.00289e+04    6.68962e+03    4.63898e+02   -2.48877e+03   -2.15374e+03
   Coulomb (SR)   Coul. recip.      Potential    Kinetic En.   Total Energy
   -1.95692e+05    8.29390e+02   -1.82323e+05    3.22930e+04   -1.50030e+05
  Conserved En.    Temperature Pres. DC (bar) Pressure (bar)   Constr. rmsd
   -1.30707e+05    3.04230e+02   -1.77456e+02   -1.84990e+01    7.97825e-06

DD  step 7999  vol min/aver 0.478  load imb.: force  3.8%  pme mesh/force 0.549

           Step           Time         Lambda
           8000       16.00000        0.00000

   Energies (kJ/mol)
       G96Angle    Proper Dih.  Improper Dih.        LJ (SR)  Disper. corr.
    1.00069e+04    6.88700e+03    5.16508e+02   -2.80057e+03   -2.15374e+03
   Coulomb (SR)   Coul. recip.      Potential    Kinetic En.   Total Energy
   -1.94639e+05    8.19106e+02   -1.81364e+05    3.25520e+04   -1.48812e+05
  Conserved En.    Temperature Pres. DC (bar) Pressure (bar)   Constr. rmsd
   -1.30696e+05    3.06671e+02   -1.77456e+02   -2.63705e+02    8.24113e-06

           Step           Time         Lambda
           8500       17.00000        0.00000

   Energies (kJ/mol)
       G96Angle    Proper Dih.  Improper Dih.        LJ (SR)  Disper. corr.
    1.00777e+04    6.88948e+03    4.54524e+02   -2.61728e+03   -2.15374e+03
   Coulomb (SR)   Coul. recip.      Potential    Kinetic En.   Total Energy
   -1.95132e+05    7.72231e+02   -1.81709e+05    3.25120e+04   -1.49197e+05
  Conserved En.    Temperature Pres. DC (bar) Pressure (bar)   Constr. rmsd
   -1.30623e+05    3.06294e+02   -1.77456e+02   -2.94829e+02    8.50889e-06

DD  step 8999  vol min/aver 0.487  load imb.: force  4.8%  pme mesh/force 0.530

           Step           Time         Lambda
           9000       18.00000        0.00000

   Energies (kJ/mol)
       G96Angle    Proper Dih.  Improper Dih.        LJ (SR)  Disper. corr.
    1.00658e+04    6.80699e+03    4.37271e+02   -1.92262e+03   -2.15374e+03
   Coulomb (SR)   Coul. recip.      Potential    Kinetic En.   Total Energy
   -1.96699e+05    8.08011e+02   -1.82658e+05    3.22228e+04   -1.50435e+05
  Conserved En.    Temperature Pres. DC (bar) Pressure (bar)   Constr. rmsd
   -1.30685e+05    3.03569e+02   -1.77456e+02    2.28413e+02    8.42826e-06

           Step           Time         Lambda
           9500       19.00000        0.00000

   Energies (kJ/mol)
       G96Angle    Proper Dih.  Improper Dih.        LJ (SR)  Disper. corr.
    9.97299e+03    6.81439e+03    4.33183e+02   -2.74910e+03   -2.15374e+03
   Coulomb (SR)   Coul. recip.      Potential    Kinetic En.   Total Energy
   -1.95432e+05    7.94272e+02   -1.82320e+05    3.22596e+04   -1.50060e+05
  Conserved En.    Temperature Pres. DC (bar) Pressure (bar)   Constr. rmsd
   -1.30670e+05    3.03916e+02   -1.77456e+02    6.10115e+00    8.19563e-06

DD  step 9999  vol min/aver 0.481  load imb.: force  3.6%  pme mesh/force 0.535

           Step           Time         Lambda
          10000       20.00000        0.00000

   Energies (kJ/mol)
       G96Angle    Proper Dih.  Improper Dih.        LJ (SR)  Disper. corr.
    9.87100e+03    6.74296e+03    4.90405e+02   -2.89870e+03   -2.15374e+03
   Coulomb (SR)   Coul. recip.      Potential    Kinetic En.   Total Energy
   -1.95469e+05    8.08498e+02   -1.82609e+05    3.18853e+04   -1.50724e+05
  Conserved En.    Temperature Pres. DC (bar) Pressure (bar)   Constr. rmsd
   -1.30643e+05    3.00389e+02   -1.77456e+02   -1.66189e+02    8.36296e-06

           Step           Time         Lambda
          10500       21.00000        0.00000

   Energies (kJ/mol)
       G96Angle    Proper Dih.  Improper Dih.        LJ (SR)  Disper. corr.
    1.00367e+04    6.81209e+03    4.32414e+02   -1.83190e+03   -2.15374e+03
   Coulomb (SR)   Coul. recip.      Potential    Kinetic En.   Total Energy
   -1.96888e+05    7.97383e+02   -1.82795e+05    3.23883e+04   -1.50407e+05
  Conserved En.    Temperature Pres. DC (bar) Pressure (bar)   Constr. rmsd
   -1.30699e+05    3.05128e+02   -1.77456e+02    1.87839e+02    8.76829e-06

DD  step 10999  vol min/aver 0.473  load imb.: force  2.5%  pme mesh/force 0.534

           Step           Time         Lambda
          11000       22.00000        0.00000

   Energies (kJ/mol)
       G96Angle    Proper Dih.  Improper Dih.        LJ (SR)  Disper. corr.
    1.02201e+04    6.66804e+03    5.13851e+02   -2.78576e+03   -2.15374e+03
   Coulomb (SR)   Coul. recip.      Potential    Kinetic En.   Total Energy
   -1.95445e+05    8.06509e+02   -1.82176e+05    3.29078e+04   -1.49269e+05
  Conserved En.    Temperature Pres. DC (bar) Pressure (bar)   Constr. rmsd
   -1.30593e+05    3.10022e+02   -1.77456e+02   -3.98934e+02    8.31270e-06

           Step           Time         Lambda
          11500       23.00000        0.00000

   Energies (kJ/mol)
       G96Angle    Proper Dih.  Improper Dih.        LJ (SR)  Disper. corr.
    9.81742e+03    6.81685e+03    4.89658e+02   -2.33352e+03   -2.15374e+03
   Coulomb (SR)   Coul. recip.      Potential    Kinetic En.   Total Energy
   -1.96181e+05    7.79575e+02   -1.82765e+05    3.20418e+04   -1.50723e+05
  Conserved En.    Temperature Pres. DC (bar) Pressure (bar)   Constr. rmsd
   -1.30761e+05    3.01863e+02   -1.77456e+02    6.62174e+01    8.03125e-06

DD  step 11999  vol min/aver 0.478  load imb.: force  4.6%  pme mesh/force 0.600

           Step           Time         Lambda
          12000       24.00000        0.00000

   Energies (kJ/mol)
       G96Angle    Proper Dih.  Improper Dih.        LJ (SR)  Disper. corr.
    1.04612e+04    6.66639e+03    4.52913e+02   -2.68529e+03   -2.15374e+03
   Coulomb (SR)   Coul. recip.      Potential    Kinetic En.   Total Energy
   -1.96307e+05    8.02732e+02   -1.82763e+05    3.27540e+04   -1.50009e+05
  Conserved En.    Temperature Pres. DC (bar) Pressure (bar)   Constr. rmsd
   -1.30606e+05    3.08573e+02   -1.77456e+02   -5.15088e+02    9.13164e-06

           Step           Time         Lambda
          12500       25.00000        0.00000

   Energies (kJ/mol)
       G96Angle    Proper Dih.  Improper Dih.        LJ (SR)  Disper. corr.
    1.02534e+04    6.73845e+03    4.81865e+02   -2.66051e+03   -2.15374e+03
   Coulomb (SR)   Coul. recip.      Potential    Kinetic En.   Total Energy
   -1.96186e+05    8.10881e+02   -1.82715e+05    3.26396e+04   -1.50076e+05
  Conserved En.    Temperature Pres. DC (bar) Pressure (bar)   Constr. rmsd
   -1.30728e+05    3.07495e+02   -1.77456e+02    1.41178e+01    8.29855e-06

DD  step 12999  vol min/aver 0.474  load imb.: force  4.9%  pme mesh/force 0.550

           Step           Time         Lambda
          13000       26.00000        0.00000

   Energies (kJ/mol)
       G96Angle    Proper Dih.  Improper Dih.        LJ (SR)  Disper. corr.
    1.00087e+04    6.70367e+03    4.97302e+02   -2.30911e+03   -2.15374e+03
   Coulomb (SR)   Coul. recip.      Potential    Kinetic En.   Total Energy
   -1.95804e+05    8.08492e+02   -1.82249e+05    3.22836e+04   -1.49965e+05
  Conserved En.    Temperature Pres. DC (bar) Pressure (bar)   Constr. rmsd
   -1.30612e+05    3.04141e+02   -1.77456e+02    3.52557e+02    7.82758e-06

           Step           Time         Lambda
          13500       27.00000        0.00000

   Energies (kJ/mol)
       G96Angle    Proper Dih.  Improper Dih.        LJ (SR)  Disper. corr.
    1.02908e+04    6.79197e+03    5.11343e+02   -2.45259e+03   -2.15374e+03
   Coulomb (SR)   Coul. recip.      Potential    Kinetic En.   Total Energy
   -1.96594e+05    8.61501e+02   -1.82745e+05    3.24711e+04   -1.50274e+05
  Conserved En.    Temperature Pres. DC (bar) Pressure (bar)   Constr. rmsd
   -1.30543e+05    3.05908e+02   -1.77456e+02   -9.51790e+01    8.80446e-06

DD  step 13999  vol min/aver 0.474  load imb.: force  5.1%  pme mesh/force 0.544

           Step           Time         Lambda
          14000       28.00000        0.00000

   Energies (kJ/mol)
       G96Angle    Proper Dih.  Improper Dih.        LJ (SR)  Disper. corr.
    1.01206e+04    6.71346e+03    4.24631e+02   -3.25059e+03   -2.15374e+03
   Coulomb (SR)   Coul. recip.      Potential    Kinetic En.   Total Energy
   -1.95473e+05    7.53219e+02   -1.82865e+05    3.25736e+04   -1.50292e+05
  Conserved En.    Temperature Pres. DC (bar) Pressure (bar)   Constr. rmsd
   -1.30611e+05    3.06874e+02   -1.77456e+02   -1.94847e+02    8.03149e-06

           Step           Time         Lambda
          14500       29.00000        0.00000

   Energies (kJ/mol)
       G96Angle    Proper Dih.  Improper Dih.        LJ (SR)  Disper. corr.
    1.00177e+04    6.81178e+03    5.02366e+02   -3.00180e+03   -2.15374e+03
   Coulomb (SR)   Coul. recip.      Potential    Kinetic En.   Total Energy
   -1.95659e+05    8.26207e+02   -1.82657e+05    3.27342e+04   -1.49923e+05
  Conserved En.    Temperature Pres. DC (bar) Pressure (bar)   Constr. rmsd
   -1.30622e+05    3.08387e+02   -1.77456e+02   -3.62169e+01    7.68646e-06

DD  step 14999  vol min/aver 0.487  load imb.: force  4.4%  pme mesh/force 0.533

           Step           Time         Lambda
          15000       30.00000        0.00000

   Energies (kJ/mol)
       G96Angle    Proper Dih.  Improper Dih.        LJ (SR)  Disper. corr.
    1.01176e+04    6.57836e+03    5.41212e+02   -2.22172e+03   -2.15374e+03
   Coulomb (SR)   Coul. recip.      Potential    Kinetic En.   Total Energy
   -1.96757e+05    8.29867e+02   -1.83065e+05    3.28896e+04   -1.50176e+05
  Conserved En.    Temperature Pres. DC (bar) Pressure (bar)   Constr. rmsd
   -1.30517e+05    3.09851e+02   -1.77456e+02   -3.74937e+00    8.74280e-06

           Step           Time         Lambda
          15500       31.00000        0.00000

   Energies (kJ/mol)
       G96Angle    Proper Dih.  Improper Dih.        LJ (SR)  Disper. corr.
    1.01729e+04    6.66275e+03    4.30782e+02   -2.67209e+03   -2.15374e+03
   Coulomb (SR)   Coul. recip.      Potential    Kinetic En.   Total Energy
   -1.96458e+05    8.28625e+02   -1.83189e+05    3.21016e+04   -1.51087e+05
  Conserved En.    Temperature Pres. DC (bar) Pressure (bar)   Constr. rmsd
   -1.30649e+05    3.02427e+02   -1.77456e+02   -3.16468e+02    8.13080e-06

DD  step 15999  vol min/aver 0.454  load imb.: force  4.5%  pme mesh/force 0.547

           Step           Time         Lambda
          16000       32.00000        0.00000

   Energies (kJ/mol)
       G96Angle    Proper Dih.  Improper Dih.        LJ (SR)  Disper. corr.
    1.00108e+04    6.51320e+03    4.67113e+02   -2.14549e+03   -2.15374e+03
   Coulomb (SR)   Coul. recip.      Potential    Kinetic En.   Total Energy
   -1.96283e+05    8.08075e+02   -1.82783e+05    3.24987e+04   -1.50284e+05
  Conserved En.    Temperature Pres. DC (bar) Pressure (bar)   Constr. rmsd
   -1.30613e+05    3.06168e+02   -1.77456e+02    2.26594e+02    8.65396e-06

           Step           Time         Lambda
          16500       33.00000        0.00000

   Energies (kJ/mol)
       G96Angle    Proper Dih.  Improper Dih.        LJ (SR)  Disper. corr.
    1.01160e+04    6.77769e+03    4.84180e+02   -2.81182e+03   -2.15374e+03
   Coulomb (SR)   Coul. recip.      Potential    Kinetic En.   Total Energy
   -1.96260e+05    7.72795e+02   -1.83075e+05    3.22262e+04   -1.50849e+05
  Conserved En.    Temperature Pres. DC (bar) Pressure (bar)   Constr. rmsd
   -1.30593e+05    3.03601e+02   -1.77456e+02   -3.11520e+02    8.51980e-06

DD  step 16999  vol min/aver 0.463  load imb.: force  4.2%  pme mesh/force 0.518

           Step           Time         Lambda
          17000       34.00000        0.00000

   Energies (kJ/mol)
       G96Angle    Proper Dih.  Improper Dih.        LJ (SR)  Disper. corr.
    1.02347e+04    6.80889e+03    4.69608e+02   -3.01530e+03   -2.15374e+03
   Coulomb (SR)   Coul. recip.      Potential    Kinetic En.   Total Energy
   -1.95981e+05    7.87350e+02   -1.82850e+05    3.25581e+04   -1.50292e+05
  Conserved En.    Temperature Pres. DC (bar) Pressure (bar)   Constr. rmsd
   -1.30659e+05    3.06728e+02   -1.77456e+02   -5.80692e+02    8.69042e-06

           Step           Time         Lambda
          17500       35.00000        0.00000

   Energies (kJ/mol)
       G96Angle    Proper Dih.  Improper Dih.        LJ (SR)  Disper. corr.
    9.99687e+03    6.77200e+03    4.74496e+02   -2.62341e+03   -2.15374e+03
   Coulomb (SR)   Coul. recip.      Potential    Kinetic En.   Total Energy
   -1.96556e+05    7.84557e+02   -1.83306e+05    3.23888e+04   -1.50917e+05
  Conserved En.    Temperature Pres. DC (bar) Pressure (bar)   Constr. rmsd
   -1.30675e+05    3.05133e+02   -1.77456e+02   -2.89023e+02    8.59377e-06

DD  step 17999  vol min/aver 0.493  load imb.: force  3.6%  pme mesh/force 0.533

           Step           Time         Lambda
          18000       36.00000        0.00000

   Energies (kJ/mol)
       G96Angle    Proper Dih.  Improper Dih.        LJ (SR)  Disper. corr.
    1.00095e+04    6.70997e+03    5.26054e+02   -2.84001e+03   -2.15374e+03
   Coulomb (SR)   Coul. recip.      Potential    Kinetic En.   Total Energy
   -1.96270e+05    7.75287e+02   -1.83243e+05    3.22215e+04   -1.51022e+05
  Conserved En.    Temperature Pres. DC (bar) Pressure (bar)   Constr. rmsd
   -1.30661e+05    3.03557e+02   -1.77456e+02   -3.84964e+02    8.03474e-06

           Step           Time         Lambda
          18500       37.00000        0.00000

   Energies (kJ/mol)
       G96Angle    Proper Dih.  Improper Dih.        LJ (SR)  Disper. corr.
    9.68854e+03    6.71122e+03    5.21672e+02   -3.24255e+03   -2.15374e+03
   Coulomb (SR)   Coul. recip.      Potential    Kinetic En.   Total Energy
   -1.95696e+05    8.05972e+02   -1.83365e+05    3.23770e+04   -1.50988e+05
  Conserved En.    Temperature Pres. DC (bar) Pressure (bar)   Constr. rmsd
   -1.30642e+05    3.05022e+02   -1.77456e+02   -3.17331e+02    8.00850e-06

DD  step 18999  vol min/aver 0.485  load imb.: force  3.1%  pme mesh/force 0.642

           Step           Time         Lambda
          19000       38.00000        0.00000

   Energies (kJ/mol)
       G96Angle    Proper Dih.  Improper Dih.        LJ (SR)  Disper. corr.
    1.01355e+04    6.58546e+03    4.83015e+02   -2.61875e+03   -2.15374e+03
   Coulomb (SR)   Coul. recip.      Potential    Kinetic En.   Total Energy
   -1.95969e+05    7.74779e+02   -1.82762e+05    3.20117e+04   -1.50751e+05
  Conserved En.    Temperature Pres. DC (bar) Pressure (bar)   Constr. rmsd
   -1.30649e+05    3.01580e+02   -1.77456e+02   -4.73750e+02    8.32196e-06

           Step           Time         Lambda
          19500       39.00000        0.00000

   Energies (kJ/mol)
       G96Angle    Proper Dih.  Improper Dih.        LJ (SR)  Disper. corr.
    1.05386e+04    6.65675e+03    5.47363e+02   -3.08265e+03   -2.15374e+03
   Coulomb (SR)   Coul. recip.      Potential    Kinetic En.   Total Energy
   -1.96163e+05    7.74148e+02   -1.82882e+05    3.28209e+04   -1.50062e+05
  Conserved En.    Temperature Pres. DC (bar) Pressure (bar)   Constr. rmsd
   -1.30684e+05    3.09204e+02   -1.77456e+02   -4.23189e+02    8.59810e-06

DD  step 19999  vol min/aver 0.460  load imb.: force  4.4%  pme mesh/force 0.527

           Step           Time         Lambda
          20000       40.00000        0.00000

   Energies (kJ/mol)
       G96Angle    Proper Dih.  Improper Dih.        LJ (SR)  Disper. corr.
    9.97099e+03    6.51113e+03    5.22325e+02   -2.51170e+03   -2.15374e+03
   Coulomb (SR)   Coul. recip.      Potential    Kinetic En.   Total Energy
   -1.96254e+05    7.55068e+02   -1.83160e+05    3.23138e+04   -1.50846e+05
  Conserved En.    Temperature Pres. DC (bar) Pressure (bar)   Constr. rmsd
   -1.30591e+05    3.04426e+02   -1.77456e+02   -2.92553e+02    8.23364e-06

           Step           Time         Lambda
          20500       41.00000        0.00000

   Energies (kJ/mol)
       G96Angle    Proper Dih.  Improper Dih.        LJ (SR)  Disper. corr.
    1.01582e+04    6.42672e+03    4.91487e+02   -3.00966e+03   -2.15374e+03
   Coulomb (SR)   Coul. recip.      Potential    Kinetic En.   Total Energy
   -1.95772e+05    7.47316e+02   -1.83111e+05    3.23912e+04   -1.50720e+05
  Conserved En.    Temperature Pres. DC (bar) Pressure (bar)   Constr. rmsd
   -1.30711e+05    3.05156e+02   -1.77456e+02   -1.89884e+02    8.91065e-06

DD  step 20999  vol min/aver 0.471  load imb.: force  5.2%  pme mesh/force 0.546

           Step           Time         Lambda
          21000       42.00000        0.00000

   Energies (kJ/mol)
       G96Angle    Proper Dih.  Improper Dih.        LJ (SR)  Disper. corr.
    9.76665e+03    6.75620e+03    4.92362e+02   -2.82259e+03   -2.15374e+03
   Coulomb (SR)   Coul. recip.      Potential    Kinetic En.   Total Energy
   -1.96015e+05    7.39021e+02   -1.83237e+05    3.27009e+04   -1.50536e+05
  Conserved En.    Temperature Pres. DC (bar) Pressure (bar)   Constr. rmsd
   -1.30563e+05    3.08073e+02   -1.77456e+02   -2.03153e+02    8.41958e-06

           Step           Time         Lambda
          21500       43.00000        0.00000

   Energies (kJ/mol)
       G96Angle    Proper Dih.  Improper Dih.        LJ (SR)  Disper. corr.
    9.94175e+03    6.62269e+03    4.47100e+02   -2.54534e+03   -2.15374e+03
   Coulomb (SR)   Coul. recip.      Potential    Kinetic En.   Total Energy
   -1.96294e+05    7.51797e+02   -1.83230e+05    3.27416e+04   -1.50488e+05
  Conserved En.    Temperature Pres. DC (bar) Pressure (bar)   Constr. rmsd
   -1.30565e+05    3.08457e+02   -1.77456e+02   -2.64226e+02    8.61548e-06

DD  step 21999  vol min/aver 0.476  load imb.: force  3.5%  pme mesh/force 0.543

           Step           Time         Lambda
          22000       44.00000        0.00000

   Energies (kJ/mol)
       G96Angle    Proper Dih.  Improper Dih.        LJ (SR)  Disper. corr.
    9.76807e+03    6.62330e+03    4.34768e+02   -2.79725e+03   -2.15374e+03
   Coulomb (SR)   Coul. recip.      Potential    Kinetic En.   Total Energy
   -1.96476e+05    7.26072e+02   -1.83874e+05    3.25775e+04   -1.51297e+05
  Conserved En.    Temperature Pres. DC (bar) Pressure (bar)   Constr. rmsd
   -1.30623e+05    3.06910e+02   -1.77456e+02   -2.28980e+02    8.00308e-06

           Step           Time         Lambda
          22500       45.00000        0.00000

   Energies (kJ/mol)
       G96Angle    Proper Dih.  Improper Dih.        LJ (SR)  Disper. corr.
    9.86568e+03    6.50290e+03    4.85400e+02   -2.55137e+03   -2.15374e+03
   Coulomb (SR)   Coul. recip.      Potential    Kinetic En.   Total Energy
   -1.96675e+05    7.62614e+02   -1.83764e+05    3.20605e+04   -1.51703e+05
  Conserved En.    Temperature Pres. DC (bar) Pressure (bar)   Constr. rmsd
   -1.30629e+05    3.02040e+02   -1.77456e+02   -6.09839e+01    7.61001e-06

DD  step 22999  vol min/aver 0.476  load imb.: force  4.8%  pme mesh/force 0.532

           Step           Time         Lambda
          23000       46.00000        0.00000

   Energies (kJ/mol)
       G96Angle    Proper Dih.  Improper Dih.        LJ (SR)  Disper. corr.
    9.84766e+03    6.54193e+03    5.06239e+02   -2.33542e+03   -2.15374e+03
   Coulomb (SR)   Coul. recip.      Potential    Kinetic En.   Total Energy
   -1.97234e+05    7.51564e+02   -1.84076e+05    3.28043e+04   -1.51271e+05
  Conserved En.    Temperature Pres. DC (bar) Pressure (bar)   Constr. rmsd
   -1.30563e+05    3.09047e+02   -1.77456e+02   -3.39910e+02    8.08232e-06

           Step           Time         Lambda
          23500       47.00000        0.00000

   Energies (kJ/mol)
       G96Angle    Proper Dih.  Improper Dih.        LJ (SR)  Disper. corr.
    9.95547e+03    6.62579e+03    4.56776e+02   -2.80355e+03   -2.15374e+03
   Coulomb (SR)   Coul. recip.      Potential    Kinetic En.   Total Energy
   -1.96562e+05    7.08244e+02   -1.83773e+05    3.21729e+04   -1.51600e+05
  Conserved En.    Temperature Pres. DC (bar) Pressure (bar)   Constr. rmsd
   -1.30562e+05    3.03099e+02   -1.77456e+02   -4.87331e+02    8.29081e-06

DD  step 23999  vol min/aver 0.480  load imb.: force  4.0%  pme mesh/force 0.540

           Step           Time         Lambda
          24000       48.00000        0.00000

   Energies (kJ/mol)
       G96Angle    Proper Dih.  Improper Dih.        LJ (SR)  Disper. corr.
    9.99463e+03    6.56626e+03    4.75565e+02   -3.37636e+03   -2.15374e+03
   Coulomb (SR)   Coul. recip.      Potential    Kinetic En.   Total Energy
   -1.95480e+05    7.52736e+02   -1.83221e+05    3.19572e+04   -1.51264e+05
  Conserved En.    Temperature Pres. DC (bar) Pressure (bar)   Constr. rmsd
   -1.30702e+05    3.01067e+02   -1.77456e+02   -3.61427e+02    7.75374e-06

           Step           Time         Lambda
          24500       49.00000        0.00000

   Energies (kJ/mol)
       G96Angle    Proper Dih.  Improper Dih.        LJ (SR)  Disper. corr.
    1.01015e+04    6.59851e+03    4.11862e+02   -3.23027e+03   -2.15374e+03
   Coulomb (SR)   Coul. recip.      Potential    Kinetic En.   Total Energy
   -1.95137e+05    6.89781e+02   -1.82720e+05    3.26583e+04   -1.50061e+05
  Conserved En.    Temperature Pres. DC (bar) Pressure (bar)   Constr. rmsd
   -1.30572e+05    3.07672e+02   -1.77456e+02   -1.07139e+02    8.39994e-06

DD  step 24999  vol min/aver 0.478  load imb.: force  3.6%  pme mesh/force 0.604

           Step           Time         Lambda
          25000       50.00000        0.00000

   Energies (kJ/mol)
       G96Angle    Proper Dih.  Improper Dih.        LJ (SR)  Disper. corr.
    9.94200e+03    6.65253e+03    4.91636e+02   -2.86664e+03   -2.15374e+03
   Coulomb (SR)   Coul. recip.      Potential    Kinetic En.   Total Energy
   -1.96100e+05    7.77634e+02   -1.83257e+05    3.20128e+04   -1.51244e+05
  Conserved En.    Temperature Pres. DC (bar) Pressure (bar)   Constr. rmsd
   -1.30533e+05    3.01591e+02   -1.77456e+02   -2.59861e+02    8.16638e-06

           Step           Time         Lambda
          25500       51.00000        0.00000

   Energies (kJ/mol)
       G96Angle    Proper Dih.  Improper Dih.        LJ (SR)  Disper. corr.
    1.00688e+04    6.65431e+03    4.77795e+02   -3.00554e+03   -2.15374e+03
   Coulomb (SR)   Coul. recip.      Potential    Kinetic En.   Total Energy
   -1.96571e+05    7.33521e+02   -1.83796e+05    3.22151e+04   -1.51581e+05
  Conserved En.    Temperature Pres. DC (bar) Pressure (bar)   Constr. rmsd
   -1.30654e+05    3.03496e+02   -1.77456e+02    2.11080e+01    8.39342e-06

DD  step 25999  vol min/aver 0.487  load imb.: force  3.5%  pme mesh/force 0.564

           Step           Time         Lambda
          26000       52.00000        0.00000

   Energies (kJ/mol)
       G96Angle    Proper Dih.  Improper Dih.        LJ (SR)  Disper. corr.
    1.00698e+04    6.43047e+03    4.55819e+02   -2.56204e+03   -2.15374e+03
   Coulomb (SR)   Coul. recip.      Potential    Kinetic En.   Total Energy
   -1.96194e+05    7.74673e+02   -1.83179e+05    3.22827e+04   -1.50897e+05
  Conserved En.    Temperature Pres. DC (bar) Pressure (bar)   Constr. rmsd
   -1.30530e+05    3.04133e+02   -1.77456e+02   -1.80887e+02    7.77125e-06

           Step           Time         Lambda
          26500       53.00000        0.00000

   Energies (kJ/mol)
       G96Angle    Proper Dih.  Improper Dih.        LJ (SR)  Disper. corr.
    1.03549e+04    6.61843e+03    4.82602e+02   -2.65990e+03   -2.15374e+03
   Coulomb (SR)   Coul. recip.      Potential    Kinetic En.   Total Energy
   -1.96358e+05    7.85300e+02   -1.82930e+05    3.28785e+04   -1.50052e+05
  Conserved En.    Temperature Pres. DC (bar) Pressure (bar)   Constr. rmsd
   -1.30655e+05    3.09746e+02   -1.77456e+02   -3.53797e+02    8.58819e-06

DD  step 26999  vol min/aver 0.480  load imb.: force  4.2%  pme mesh/force 0.519

           Step           Time         Lambda
          27000       54.00000        0.00000

   Energies (kJ/mol)
       G96Angle    Proper Dih.  Improper Dih.        LJ (SR)  Disper. corr.
    1.01610e+04    6.64662e+03    4.52819e+02   -2.70327e+03   -2.15374e+03
   Coulomb (SR)   Coul. recip.      Potential    Kinetic En.   Total Energy
   -1.96359e+05    7.28991e+02   -1.83226e+05    3.25796e+04   -1.50647e+05
  Conserved En.    Temperature Pres. DC (bar) Pressure (bar)   Constr. rmsd
   -1.30517e+05    3.06931e+02   -1.77456e+02   -3.67198e+02    8.00103e-06

           Step           Time         Lambda
          27500       55.00000        0.00000

   Energies (kJ/mol)
       G96Angle    Proper Dih.  Improper Dih.        LJ (SR)  Disper. corr.
    1.02653e+04    6.52792e+03    4.78618e+02   -2.99148e+03   -2.15374e+03
   Coulomb (SR)   Coul. recip.      Potential    Kinetic En.   Total Energy
   -1.96104e+05    7.67210e+02   -1.83211e+05    3.25036e+04   -1.50707e+05
  Conserved En.    Temperature Pres. DC (bar) Pressure (bar)   Constr. rmsd
   -1.30558e+05    3.06214e+02   -1.77456e+02   -4.35913e+02    8.18927e-06

DD  step 27999  vol min/aver 0.468  load imb.: force  3.5%  pme mesh/force 0.533

           Step           Time         Lambda
          28000       56.00000        0.00000

   Energies (kJ/mol)
       G96Angle    Proper Dih.  Improper Dih.        LJ (SR)  Disper. corr.
    1.03063e+04    6.42859e+03    4.87860e+02   -2.83323e+03   -2.15374e+03
   Coulomb (SR)   Coul. recip.      Potential    Kinetic En.   Total Energy
   -1.96713e+05    7.16667e+02   -1.83760e+05    3.26527e+04   -1.51108e+05
  Conserved En.    Temperature Pres. DC (bar) Pressure (bar)   Constr. rmsd
   -1.30757e+05    3.07619e+02   -1.77456e+02   -4.98243e+02    8.18920e-06

           Step           Time         Lambda
          28500       57.00000        0.00000

   Energies (kJ/mol)
       G96Angle    Proper Dih.  Improper Dih.        LJ (SR)  Disper. corr.
    9.77665e+03    6.64627e+03    4.32253e+02   -2.68196e+03   -2.15374e+03
   Coulomb (SR)   Coul. recip.      Potential    Kinetic En.   Total Energy
   -1.96926e+05    7.42315e+02   -1.84165e+05    3.22918e+04   -1.51873e+05
  Conserved En.    Temperature Pres. DC (bar) Pressure (bar)   Constr. rmsd
   -1.30467e+05    3.04219e+02   -1.77456e+02   -1.42865e+02    8.11833e-06

DD  step 28999  vol min/aver 0.488  load imb.: force  3.9%  pme mesh/force 0.521

           Step           Time         Lambda
          29000       58.00000        0.00000

   Energies (kJ/mol)
       G96Angle    Proper Dih.  Improper Dih.        LJ (SR)  Disper. corr.
    9.84438e+03    6.70342e+03    4.92574e+02   -2.56850e+03   -2.15374e+03
   Coulomb (SR)   Coul. recip.      Potential    Kinetic En.   Total Energy
   -1.96096e+05    6.56420e+02   -1.83121e+05    3.27052e+04   -1.50416e+05
  Conserved En.    Temperature Pres. DC (bar) Pressure (bar)   Constr. rmsd
   -1.30548e+05    3.08114e+02   -1.77456e+02   -1.77444e+02    8.66503e-06

           Step           Time         Lambda
          29500       59.00000        0.00000

   Energies (kJ/mol)
       G96Angle    Proper Dih.  Improper Dih.        LJ (SR)  Disper. corr.
    1.00445e+04    6.64778e+03    4.45787e+02   -3.09387e+03   -2.15374e+03
   Coulomb (SR)   Coul. recip.      Potential    Kinetic En.   Total Energy
   -1.95928e+05    6.93102e+02   -1.83344e+05    3.21732e+04   -1.51171e+05
  Conserved En.    Temperature Pres. DC (bar) Pressure (bar)   Constr. rmsd
   -1.30568e+05    3.03101e+02   -1.77456e+02   -3.11132e+02    8.47188e-06

DD  step 29999  vol min/aver 0.480  load imb.: force  6.0%  pme mesh/force 0.544

           Step           Time         Lambda
          30000       60.00000        0.00000

   Energies (kJ/mol)
       G96Angle    Proper Dih.  Improper Dih.        LJ (SR)  Disper. corr.
    9.99837e+03    6.33771e+03    4.67714e+02   -2.99437e+03   -2.15374e+03
   Coulomb (SR)   Coul. recip.      Potential    Kinetic En.   Total Energy
   -1.95289e+05    7.68710e+02   -1.82865e+05    3.21873e+04   -1.50677e+05
  Conserved En.    Temperature Pres. DC (bar) Pressure (bar)   Constr. rmsd
   -1.30549e+05    3.03235e+02   -1.77456e+02   -3.28546e+02    7.69066e-06

           Step           Time         Lambda
          30500       61.00000        0.00000

   Energies (kJ/mol)
       G96Angle    Proper Dih.  Improper Dih.        LJ (SR)  Disper. corr.
    9.92404e+03    6.53970e+03    4.94801e+02   -2.98127e+03   -2.15374e+03
   Coulomb (SR)   Coul. recip.      Potential    Kinetic En.   Total Energy
   -1.96170e+05    7.66307e+02   -1.83580e+05    3.20093e+04   -1.51571e+05
  Conserved En.    Temperature Pres. DC (bar) Pressure (bar)   Constr. rmsd
   -1.30595e+05    3.01557e+02   -1.77456e+02   -4.89293e+02    8.06497e-06

DD  step 30999  vol min/aver 0.475  load imb.: force  5.3%  pme mesh/force 0.534

           Step           Time         Lambda
          31000       62.00000        0.00000

   Energies (kJ/mol)
       G96Angle    Proper Dih.  Improper Dih.        LJ (SR)  Disper. corr.
    9.93891e+03    6.61020e+03    4.83444e+02   -4.09579e+03   -2.15374e+03
   Coulomb (SR)   Coul. recip.      Potential    Kinetic En.   Total Energy
   -1.94898e+05    7.34087e+02   -1.83381e+05    3.25234e+04   -1.50858e+05
  Conserved En.    Temperature Pres. DC (bar) Pressure (bar)   Constr. rmsd
   -1.30730e+05    3.06401e+02   -1.77456e+02   -6.06580e+02    8.00376e-06

           Step           Time         Lambda
          31500       63.00000        0.00000

   Energies (kJ/mol)
       G96Angle    Proper Dih.  Improper Dih.        LJ (SR)  Disper. corr.
    9.87755e+03    6.62012e+03    5.16867e+02   -2.73881e+03   -2.15374e+03
   Coulomb (SR)   Coul. recip.      Potential    Kinetic En.   Total Energy
   -1.96189e+05    7.00649e+02   -1.83367e+05    3.24995e+04   -1.50867e+05
  Conserved En.    Temperature Pres. DC (bar) Pressure (bar)   Constr. rmsd
   -1.30550e+05    3.06176e+02   -1.77456e+02   -1.86341e+02    8.16017e-06

DD  step 31999  vol min/aver 0.479  load imb.: force  6.3%  pme mesh/force 0.549

           Step           Time         Lambda
          32000       64.00000        0.00000

   Energies (kJ/mol)
       G96Angle    Proper Dih.  Improper Dih.        LJ (SR)  Disper. corr.
    9.97204e+03    6.45566e+03    4.30879e+02   -2.86068e+03   -2.15374e+03
   Coulomb (SR)   Coul. recip.      Potential    Kinetic En.   Total Energy
   -1.96540e+05    6.68714e+02   -1.84027e+05    3.23942e+04   -1.51633e+05
  Conserved En.    Temperature Pres. DC (bar) Pressure (bar)   Constr. rmsd
   -1.30514e+05    3.05183e+02   -1.77456e+02   -4.96384e+02    8.19032e-06

           Step           Time         Lambda
          32500       65.00000        0.00000

   Energies (kJ/mol)
       G96Angle    Proper Dih.  Improper Dih.        LJ (SR)  Disper. corr.
    1.00134e+04    6.42081e+03    5.06644e+02   -3.33776e+03   -2.15374e+03
   Coulomb (SR)   Coul. recip.      Potential    Kinetic En.   Total Energy
   -1.95640e+05    6.99587e+02   -1.83491e+05    3.24896e+04   -1.51002e+05
  Conserved En.    Temperature Pres. DC (bar) Pressure (bar)   Constr. rmsd
   -1.30583e+05    3.06083e+02   -1.77456e+02   -4.32525e+02    8.37405e-06

DD  step 32999  vol min/aver 0.488  load imb.: force  4.5%  pme mesh/force 0.538

           Step           Time         Lambda
          33000       66.00000        0.00000

   Energies (kJ/mol)
       G96Angle    Proper Dih.  Improper Dih.        LJ (SR)  Disper. corr.
    9.72861e+03    6.37481e+03    4.61784e+02   -3.35272e+03   -2.15374e+03
   Coulomb (SR)   Coul. recip.      Potential    Kinetic En.   Total Energy
   -1.95871e+05    7.07723e+02   -1.84105e+05    3.23104e+04   -1.51794e+05
  Conserved En.    Temperature Pres. DC (bar) Pressure (bar)   Constr. rmsd
   -1.30508e+05    3.04394e+02   -1.77456e+02   -4.55456e+02    8.27869e-06

           Step           Time         Lambda
          33500       67.00000        0.00000

   Energies (kJ/mol)
       G96Angle    Proper Dih.  Improper Dih.        LJ (SR)  Disper. corr.
    9.87847e+03    6.49884e+03    4.95647e+02   -3.28245e+03   -2.15374e+03
   Coulomb (SR)   Coul. recip.      Potential    Kinetic En.   Total Energy
   -1.95895e+05    6.88756e+02   -1.83770e+05    3.26300e+04   -1.51140e+05
  Conserved En.    Temperature Pres. DC (bar) Pressure (bar)   Constr. rmsd
   -1.30678e+05    3.07405e+02   -1.77456e+02   -5.89863e+02    7.90155e-06

DD  step 33999  vol min/aver 0.475  load imb.: force  3.6%  pme mesh/force 0.545

           Step           Time         Lambda
          34000       68.00000        0.00000

   Energies (kJ/mol)
       G96Angle    Proper Dih.  Improper Dih.        LJ (SR)  Disper. corr.
    9.68781e+03    6.36724e+03    4.62132e+02   -3.02198e+03   -2.15374e+03
   Coulomb (SR)   Coul. recip.      Potential    Kinetic En.   Total Energy
   -1.96300e+05    6.95641e+02   -1.84263e+05    3.23064e+04   -1.51956e+05
  Conserved En.    Temperature Pres. DC (bar) Pressure (bar)   Constr. rmsd
   -1.30558e+05    3.04357e+02   -1.77456e+02   -3.50812e+02    8.05334e-06

           Step           Time         Lambda
          34500       69.00000        0.00000

   Energies (kJ/mol)
       G96Angle    Proper Dih.  Improper Dih.        LJ (SR)  Disper. corr.
    9.73765e+03    6.56103e+03    4.68320e+02   -2.37602e+03   -2.15374e+03
   Coulomb (SR)   Coul. recip.      Potential    Kinetic En.   Total Energy
   -1.96240e+05    6.94430e+02   -1.83309e+05    3.25736e+04   -1.50735e+05
  Conserved En.    Temperature Pres. DC (bar) Pressure (bar)   Constr. rmsd
   -1.30422e+05    3.06874e+02   -1.77456e+02    3.92647e+01    7.70749e-06

DD  step 34999  vol min/aver 0.468  load imb.: force  3.7%  pme mesh/force 0.617

           Step           Time         Lambda
          35000       70.00000        0.00000

   Energies (kJ/mol)
       G96Angle    Proper Dih.  Improper Dih.        LJ (SR)  Disper. corr.
    9.93032e+03    6.46741e+03    4.81460e+02   -3.40509e+03   -2.15374e+03
   Coulomb (SR)   Coul. recip.      Potential    Kinetic En.   Total Energy
   -1.95341e+05    7.22322e+02   -1.83298e+05    3.18810e+04   -1.51417e+05
  Conserved En.    Temperature Pres. DC (bar) Pressure (bar)   Constr. rmsd
   -1.30698e+05    3.00349e+02   -1.77456e+02   -6.48588e+02    8.17367e-06

           Step           Time         Lambda
          35500       71.00000        0.00000

   Energies (kJ/mol)
       G96Angle    Proper Dih.  Improper Dih.        LJ (SR)  Disper. corr.
    9.92939e+03    6.38188e+03    4.71764e+02   -3.11183e+03   -2.15374e+03
   Coulomb (SR)   Coul. recip.      Potential    Kinetic En.   Total Energy
   -1.95990e+05    7.43715e+02   -1.83729e+05    3.18124e+04   -1.51916e+05
  Conserved En.    Temperature Pres. DC (bar) Pressure (bar)   Constr. rmsd
   -1.30674e+05    2.99703e+02   -1.77456e+02   -4.57978e+02    7.89147e-06

DD  step 35999  vol min/aver 0.493  load imb.: force  4.7%  pme mesh/force 0.533

           Step           Time         Lambda
          36000       72.00000        0.00000

   Energies (kJ/mol)
       G96Angle    Proper Dih.  Improper Dih.        LJ (SR)  Disper. corr.
    9.83496e+03    6.59388e+03    4.34048e+02   -3.43284e+03   -2.15374e+03
   Coulomb (SR)   Coul. recip.      Potential    Kinetic En.   Total Energy
   -1.96665e+05    7.51772e+02   -1.84637e+05    3.24724e+04   -1.52165e+05
  Conserved En.    Temperature Pres. DC (bar) Pressure (bar)   Constr. rmsd
   -1.30602e+05    3.05920e+02   -1.77456e+02   -8.65488e+02    8.42172e-06

           Step           Time         Lambda
          36500       73.00000        0.00000

   Energies (kJ/mol)
       G96Angle    Proper Dih.  Improper Dih.        LJ (SR)  Disper. corr.
    1.03297e+04    6.53525e+03    5.01540e+02   -3.45483e+03   -2.15374e+03
   Coulomb (SR)   Coul. recip.      Potential    Kinetic En.   Total Energy
   -1.95739e+05    7.48451e+02   -1.83232e+05    3.30318e+04   -1.50200e+05
  Conserved En.    Temperature Pres. DC (bar) Pressure (bar)   Constr. rmsd
   -1.30558e+05    3.11190e+02   -1.77456e+02   -6.63701e+02    8.28562e-06

DD  step 36999  vol min/aver 0.482  load imb.: force  3.3%  pme mesh/force 0.541

           Step           Time         Lambda
          37000       74.00000        0.00000

   Energies (kJ/mol)
       G96Angle    Proper Dih.  Improper Dih.        LJ (SR)  Disper. corr.
    9.88600e+03    6.23977e+03    4.61679e+02   -3.26188e+03   -2.15374e+03
   Coulomb (SR)   Coul. recip.      Potential    Kinetic En.   Total Energy
   -1.96246e+05    7.63686e+02   -1.84310e+05    3.22887e+04   -1.52022e+05
  Conserved En.    Temperature Pres. DC (bar) Pressure (bar)   Constr. rmsd
   -1.30503e+05    3.04189e+02   -1.77456e+02   -6.48234e+02    8.68478e-06

           Step           Time         Lambda
          37500       75.00000        0.00000

   Energies (kJ/mol)
       G96Angle    Proper Dih.  Improper Dih.        LJ (SR)  Disper. corr.
    9.95801e+03    6.36866e+03    4.35491e+02   -3.12524e+03   -2.15374e+03
   Coulomb (SR)   Coul. recip.      Potential    Kinetic En.   Total Energy
   -1.95806e+05    7.04210e+02   -1.83619e+05    3.18854e+04   -1.51733e+05
  Conserved En.    Temperature Pres. DC (bar) Pressure (bar)   Constr. rmsd
   -1.30425e+05    3.00390e+02   -1.77456e+02   -2.43648e+02    7.45002e-06

DD  step 37999  vol min/aver 0.483  load imb.: force  2.3%  pme mesh/force 0.544

           Step           Time         Lambda
          38000       76.00000        0.00000

   Energies (kJ/mol)
       G96Angle    Proper Dih.  Improper Dih.        LJ (SR)  Disper. corr.
    9.88162e+03    6.41021e+03    4.76571e+02   -2.85685e+03   -2.15374e+03
   Coulomb (SR)   Coul. recip.      Potential    Kinetic En.   Total Energy
   -1.96855e+05    7.00621e+02   -1.84397e+05    3.25844e+04   -1.51812e+05
  Conserved En.    Temperature Pres. DC (bar) Pressure (bar)   Constr. rmsd
   -1.30634e+05    3.06975e+02   -1.77456e+02   -3.78560e+02    8.25496e-06

           Step           Time         Lambda
          38500       77.00000        0.00000

   Energies (kJ/mol)
       G96Angle    Proper Dih.  Improper Dih.        LJ (SR)  Disper. corr.
    9.99955e+03    6.36071e+03    4.96200e+02   -2.63326e+03   -2.15374e+03
   Coulomb (SR)   Coul. recip.      Potential    Kinetic En.   Total Energy
   -1.97176e+05    7.31202e+02   -1.84375e+05    3.22882e+04   -1.52087e+05
  Conserved En.    Temperature Pres. DC (bar) Pressure (bar)   Constr. rmsd
   -1.30458e+05    3.04185e+02   -1.77456e+02   -2.77498e+02    8.44801e-06

DD  step 38999  vol min/aver 0.483  load imb.: force  4.5%  pme mesh/force 0.528

           Step           Time         Lambda
          39000       78.00000        0.00000

   Energies (kJ/mol)
       G96Angle    Proper Dih.  Improper Dih.        LJ (SR)  Disper. corr.
    9.78857e+03    6.51180e+03    5.03888e+02   -3.53310e+03   -2.15374e+03
   Coulomb (SR)   Coul. recip.      Potential    Kinetic En.   Total Energy
   -1.95821e+05    7.28545e+02   -1.83975e+05    3.24709e+04   -1.51505e+05
  Conserved En.    Temperature Pres. DC (bar) Pressure (bar)   Constr. rmsd
   -1.30470e+05    3.05906e+02   -1.77456e+02   -4.07313e+02    8.27101e-06

           Step           Time         Lambda
          39500       79.00000        0.00000

   Energies (kJ/mol)
       G96Angle    Proper Dih.  Improper Dih.        LJ (SR)  Disper. corr.
    9.99346e+03    6.56257e+03    3.94254e+02   -3.03285e+03   -2.15374e+03
   Coulomb (SR)   Coul. recip.      Potential    Kinetic En.   Total Energy
   -1.96259e+05    7.36882e+02   -1.83758e+05    3.16243e+04   -1.52134e+05
  Conserved En.    Temperature Pres. DC (bar) Pressure (bar)   Constr. rmsd
   -1.30519e+05    2.97931e+02   -1.77456e+02   -3.77406e+02    8.15462e-06

DD  step 39999  vol min/aver 0.493  load imb.: force  3.2%  pme mesh/force 0.537

           Step           Time         Lambda
          40000       80.00000        0.00000

   Energies (kJ/mol)
       G96Angle    Proper Dih.  Improper Dih.        LJ (SR)  Disper. corr.
    9.83173e+03    6.44338e+03    4.72367e+02   -2.86936e+03   -2.15374e+03
   Coulomb (SR)   Coul. recip.      Potential    Kinetic En.   Total Energy
   -1.96263e+05    7.00196e+02   -1.83838e+05    3.22100e+04   -1.51628e+05
  Conserved En.    Temperature Pres. DC (bar) Pressure (bar)   Constr. rmsd
   -1.30492e+05    3.03449e+02   -1.77456e+02   -2.38981e+02    7.96682e-06

           Step           Time         Lambda
          40500       81.00000        0.00000

   Energies (kJ/mol)
       G96Angle    Proper Dih.  Improper Dih.        LJ (SR)  Disper. corr.
    9.69149e+03    6.61632e+03    4.25558e+02   -3.59371e+03   -2.15374e+03
   Coulomb (SR)   Coul. recip.      Potential    Kinetic En.   Total Energy
   -1.96191e+05    7.29251e+02   -1.84476e+05    3.23320e+04   -1.52144e+05
  Conserved En.    Temperature Pres. DC (bar) Pressure (bar)   Constr. rmsd
   -1.30626e+05    3.04597e+02   -1.77456e+02   -4.94762e+02    8.01017e-06

DD  step 40999  vol min/aver 0.494  load imb.: force  3.3%  pme mesh/force 0.550

           Step           Time         Lambda
          41000       82.00000        0.00000

   Energies (kJ/mol)
       G96Angle    Proper Dih.  Improper Dih.        LJ (SR)  Disper. corr.
    9.72076e+03    6.55833e+03    4.36340e+02   -3.02438e+03   -2.15374e+03
   Coulomb (SR)   Coul. recip.      Potential    Kinetic En.   Total Energy
   -1.95797e+05    7.07241e+02   -1.83553e+05    3.24435e+04   -1.51109e+05
  Conserved En.    Temperature Pres. DC (bar) Pressure (bar)   Constr. rmsd
   -1.30474e+05    3.05649e+02   -1.77456e+02   -4.21446e+02    8.44911e-06

           Step           Time         Lambda
          41500       83.00000        0.00000

   Energies (kJ/mol)
       G96Angle    Proper Dih.  Improper Dih.        LJ (SR)  Disper. corr.
    9.93954e+03    6.67947e+03    5.16555e+02   -2.53559e+03   -2.15374e+03
   Coulomb (SR)   Coul. recip.      Potential    Kinetic En.   Total Energy
   -1.97518e+05    7.49728e+02   -1.84322e+05    3.21675e+04   -1.52154e+05
  Conserved En.    Temperature Pres. DC (bar) Pressure (bar)   Constr. rmsd
   -1.30524e+05    3.03048e+02   -1.77456e+02   -5.48960e+02    8.00281e-06

DD  step 41999  vol min/aver 0.481  load imb.: force  4.7%  pme mesh/force 0.541

           Step           Time         Lambda
          42000       84.00000        0.00000

   Energies (kJ/mol)
       G96Angle    Proper Dih.  Improper Dih.        LJ (SR)  Disper. corr.
    9.97261e+03    6.48854e+03    4.62256e+02   -3.31129e+03   -2.15374e+03
   Coulomb (SR)   Coul. recip.      Potential    Kinetic En.   Total Energy
   -1.95418e+05    7.17077e+02   -1.83242e+05    3.23771e+04   -1.50865e+05
  Conserved En.    Temperature Pres. DC (bar) Pressure (bar)   Constr. rmsd
   -1.30591e+05    3.05022e+02   -1.77456e+02   -4.89599e+02    8.25668e-06

           Step           Time         Lambda
          42500       85.00000        0.00000

   Energies (kJ/mol)
       G96Angle    Proper Dih.  Improper Dih.        LJ (SR)  Disper. corr.
    9.95278e+03    6.56633e+03    4.38963e+02   -2.89523e+03   -2.15374e+03
   Coulomb (SR)   Coul. recip.      Potential    Kinetic En.   Total Energy
   -1.96370e+05    7.17894e+02   -1.83743e+05    3.23896e+04   -1.51353e+05
  Conserved En.    Temperature Pres. DC (bar) Pressure (bar)   Constr. rmsd
   -1.30492e+05    3.05140e+02   -1.77456e+02   -3.66660e+02    8.21655e-06

DD  step 42999  vol min/aver 0.484  load imb.: force  5.6%  pme mesh/force 0.536

           Step           Time         Lambda
          43000       86.00000        0.00000

   Energies (kJ/mol)
       G96Angle    Proper Dih.  Improper Dih.        LJ (SR)  Disper. corr.
    9.86516e+03    6.47149e+03    4.84935e+02   -3.32861e+03   -2.15374e+03
   Coulomb (SR)   Coul. recip.      Potential    Kinetic En.   Total Energy
   -1.95522e+05    6.72831e+02   -1.83510e+05    3.24159e+04   -1.51094e+05
  Conserved En.    Temperature Pres. DC (bar) Pressure (bar)   Constr. rmsd
   -1.30510e+05    3.05388e+02   -1.77456e+02   -3.16040e+02    7.69182e-06

           Step           Time         Lambda
          43500       87.00000        0.00000

   Energies (kJ/mol)
       G96Angle    Proper Dih.  Improper Dih.        LJ (SR)  Disper. corr.
    9.78915e+03    6.59181e+03    4.76649e+02   -2.35315e+03   -2.15374e+03
   Coulomb (SR)   Coul. recip.      Potential    Kinetic En.   Total Energy
   -1.97208e+05    6.93611e+02   -1.84164e+05    3.22522e+04   -1.51912e+05
  Conserved En.    Temperature Pres. DC (bar) Pressure (bar)   Constr. rmsd
   -1.30479e+05    3.03846e+02   -1.77456e+02   -5.80597e+01    7.65759e-06

DD  step 43999  vol min/aver 0.467  load imb.: force  3.6%  pme mesh/force 0.525

           Step           Time         Lambda
          44000       88.00000        0.00000

   Energies (kJ/mol)
       G96Angle    Proper Dih.  Improper Dih.        LJ (SR)  Disper. corr.
    9.83127e+03    6.60429e+03    4.61491e+02   -2.93749e+03   -2.15374e+03
   Coulomb (SR)   Coul. recip.      Potential    Kinetic En.   Total Energy
   -1.96195e+05    7.03043e+02   -1.83686e+05    3.19652e+04   -1.51721e+05
  Conserved En.    Temperature Pres. DC (bar) Pressure (bar)   Constr. rmsd
   -1.30434e+05    3.01142e+02   -1.77456e+02   -2.56610e+02    7.59040e-06

           Step           Time         Lambda
          44500       89.00000        0.00000

   Energies (kJ/mol)
       G96Angle    Proper Dih.  Improper Dih.        LJ (SR)  Disper. corr.
    1.00482e+04    6.33261e+03    3.93536e+02   -2.38497e+03   -2.15374e+03
   Coulomb (SR)   Coul. recip.      Potential    Kinetic En.   Total Energy
   -1.97294e+05    7.40503e+02   -1.84318e+05    3.26917e+04   -1.51626e+05
  Conserved En.    Temperature Pres. DC (bar) Pressure (bar)   Constr. rmsd
   -1.30512e+05    3.07987e+02   -1.77456e+02   -2.95886e+02    7.92894e-06

DD  step 44999  vol min/aver 0.484  load imb.: force  2.3%  pme mesh/force 0.538

           Step           Time         Lambda
          45000       90.00000        0.00000

   Energies (kJ/mol)
       G96Angle    Proper Dih.  Improper Dih.        LJ (SR)  Disper. corr.
    9.90934e+03    6.43380e+03    4.27545e+02   -2.03934e+03   -2.15374e+03
   Coulomb (SR)   Coul. recip.      Potential    Kinetic En.   Total Energy
   -1.97228e+05    6.64668e+02   -1.83985e+05    3.18555e+04   -1.52130e+05
  Conserved En.    Temperature Pres. DC (bar) Pressure (bar)   Constr. rmsd
   -1.30515e+05    3.00108e+02   -1.77456e+02   -4.31813e+01    8.22674e-06

           Step           Time         Lambda
          45500       91.00000        0.00000

   Energies (kJ/mol)
       G96Angle    Proper Dih.  Improper Dih.        LJ (SR)  Disper. corr.
    1.00067e+04    6.73126e+03    5.02061e+02   -2.85104e+03   -2.15374e+03
   Coulomb (SR)   Coul. recip.      Potential    Kinetic En.   Total Energy
   -1.97400e+05    6.96580e+02   -1.84468e+05    3.20335e+04   -1.52435e+05
  Conserved En.    Temperature Pres. DC (bar) Pressure (bar)   Constr. rmsd
   -1.30454e+05    3.01785e+02   -1.77456e+02   -3.62758e+02    7.98086e-06

DD  step 45999  vol min/aver 0.480  load imb.: force  8.3%  pme mesh/force 0.527

           Step           Time         Lambda
          46000       92.00000        0.00000

   Energies (kJ/mol)
       G96Angle    Proper Dih.  Improper Dih.        LJ (SR)  Disper. corr.
    9.85406e+03    6.41574e+03    4.50130e+02   -2.51335e+03   -2.15374e+03
   Coulomb (SR)   Coul. recip.      Potential    Kinetic En.   Total Energy
   -1.96307e+05    7.17012e+02   -1.83537e+05    3.20408e+04   -1.51496e+05
  Conserved En.    Temperature Pres. DC (bar) Pressure (bar)   Constr. rmsd
   -1.30571e+05    3.01855e+02   -1.77456e+02   -5.68629e+01    7.96398e-06

           Step           Time         Lambda
          46500       93.00000        0.00000

   Energies (kJ/mol)
       G96Angle    Proper Dih.  Improper Dih.        LJ (SR)  Disper. corr.
    1.00083e+04    6.51224e+03    5.02495e+02   -3.29447e+03   -2.15374e+03
   Coulomb (SR)   Coul. recip.      Potential    Kinetic En.   Total Energy
   -1.96297e+05    7.07970e+02   -1.84014e+05    3.21903e+04   -1.51824e+05
  Conserved En.    Temperature Pres. DC (bar) Pressure (bar)   Constr. rmsd
   -1.30481e+05    3.03262e+02   -1.77456e+02   -6.30430e+02    8.06801e-06

DD  step 46999  vol min/aver 0.477  load imb.: force  5.7%  pme mesh/force 0.552

           Step           Time         Lambda
          47000       94.00000        0.00000

   Energies (kJ/mol)
       G96Angle    Proper Dih.  Improper Dih.        LJ (SR)  Disper. corr.
    1.01185e+04    6.56657e+03    4.94804e+02   -3.77976e+03   -2.15374e+03
   Coulomb (SR)   Coul. recip.      Potential    Kinetic En.   Total Energy
   -1.95378e+05    6.43991e+02   -1.83487e+05    3.19566e+04   -1.51531e+05
  Conserved En.    Temperature Pres. DC (bar) Pressure (bar)   Constr. rmsd
   -1.30546e+05    3.01061e+02   -1.77456e+02   -8.72599e+02    8.05160e-06

           Step           Time         Lambda
          47500       95.00000        0.00000

   Energies (kJ/mol)
       G96Angle    Proper Dih.  Improper Dih.        LJ (SR)  Disper. corr.
    1.02033e+04    6.29646e+03    4.11154e+02   -2.76202e+03   -2.15374e+03
   Coulomb (SR)   Coul. recip.      Potential    Kinetic En.   Total Energy
   -1.97090e+05    6.76366e+02   -1.84418e+05    3.29208e+04   -1.51498e+05
  Conserved En.    Temperature Pres. DC (bar) Pressure (bar)   Constr. rmsd
   -1.30427e+05    3.10144e+02   -1.77456e+02   -3.15042e+02    8.11203e-06

DD  step 47999  vol min/aver 0.499  load imb.: force  4.7%  pme mesh/force 0.534

           Step           Time         Lambda
          48000       96.00000        0.00000

   Energies (kJ/mol)
       G96Angle    Proper Dih.  Improper Dih.        LJ (SR)  Disper. corr.
    9.81747e+03    6.46805e+03    4.62644e+02   -3.28489e+03   -2.15374e+03
   Coulomb (SR)   Coul. recip.      Potential    Kinetic En.   Total Energy
   -1.95908e+05    6.80455e+02   -1.83918e+05    3.19998e+04   -1.51918e+05
  Conserved En.    Temperature Pres. DC (bar) Pressure (bar)   Constr. rmsd
   -1.30487e+05    3.01468e+02   -1.77456e+02   -5.55637e+02    7.97802e-06

           Step           Time         Lambda
          48500       97.00000        0.00000

   Energies (kJ/mol)
       G96Angle    Proper Dih.  Improper Dih.        LJ (SR)  Disper. corr.
    9.89924e+03    6.58942e+03    4.59519e+02   -3.04233e+03   -2.15374e+03
   Coulomb (SR)   Coul. recip.      Potential    Kinetic En.   Total Energy
   -1.96128e+05    6.98448e+02   -1.83677e+05    3.23345e+04   -1.51343e+05
  Conserved En.    Temperature Pres. DC (bar) Pressure (bar)   Constr. rmsd
   -1.30437e+05    3.04621e+02   -1.77456e+02   -3.07127e+02    8.14236e-06

DD  step 48999  vol min/aver 0.493  load imb.: force  4.9%  pme mesh/force 0.541

           Step           Time         Lambda
          49000       98.00000        0.00000

   Energies (kJ/mol)
       G96Angle    Proper Dih.  Improper Dih.        LJ (SR)  Disper. corr.
    9.76607e+03    6.42019e+03    5.10481e+02   -3.17446e+03   -2.15374e+03
   Coulomb (SR)   Coul. recip.      Potential    Kinetic En.   Total Energy
   -1.96519e+05    6.76343e+02   -1.84474e+05    3.21415e+04   -1.52332e+05
  Conserved En.    Temperature Pres. DC (bar) Pressure (bar)   Constr. rmsd
   -1.30515e+05    3.02803e+02   -1.77456e+02   -5.03190e+02    8.03324e-06

           Step           Time         Lambda
          49500       99.00000        0.00000

   Energies (kJ/mol)
       G96Angle    Proper Dih.  Improper Dih.        LJ (SR)  Disper. corr.
    9.79526e+03    6.36769e+03    5.17725e+02   -3.65614e+03   -2.15374e+03
   Coulomb (SR)   Coul. recip.      Potential    Kinetic En.   Total Energy
   -1.95803e+05    6.84286e+02   -1.84248e+05    3.23971e+04   -1.51850e+05
  Conserved En.    Temperature Pres. DC (bar) Pressure (bar)   Constr. rmsd
   -1.30467e+05    3.05211e+02   -1.77456e+02   -5.22639e+02    7.84159e-06

DD  step 49999  vol min/aver 0.485  load imb.: force  4.9%  pme mesh/force 0.519

           Step           Time         Lambda
          50000      100.00000        0.00000

Writing checkpoint, step 50000 at Fri Dec  9 11:30:29 2016


   Energies (kJ/mol)
       G96Angle    Proper Dih.  Improper Dih.        LJ (SR)  Disper. corr.
    9.77844e+03    6.42014e+03    5.08436e+02   -2.77370e+03   -2.15374e+03
   Coulomb (SR)   Coul. recip.      Potential    Kinetic En.   Total Energy
   -1.96983e+05    6.89284e+02   -1.84514e+05    3.18585e+04   -1.52655e+05
  Conserved En.    Temperature Pres. DC (bar) Pressure (bar)   Constr. rmsd
   -1.30454e+05    3.00137e+02   -1.77456e+02   -3.66575e+02    8.46772e-06

	<======  ###############  ==>
	<====  A V E R A G E S  ====>
	<==  ###############  ======>

	Statistics over 50001 steps using 501 frames

   Energies (kJ/mol)
       G96Angle    Proper Dih.  Improper Dih.        LJ (SR)  Disper. corr.
    1.00735e+04    6.63787e+03    4.63700e+02   -2.66676e+03   -2.15374e+03
   Coulomb (SR)   Coul. recip.      Potential    Kinetic En.   Total Energy
   -1.95871e+05    8.08592e+02   -1.82708e+05    3.23860e+04   -1.50322e+05
  Conserved En.    Temperature Pres. DC (bar) Pressure (bar)   Constr. rmsd
   -1.30605e+05    3.05107e+02   -1.77456e+02   -1.25436e+02    0.00000e+00

   Total Virial (kJ/mol)
    1.09653e+04   -3.19632e+02   -4.02870e+01
   -3.19882e+02    1.10699e+04    4.29200e+01
   -4.13414e+01    4.31063e+01    1.26360e+04

   Pressure (bar)
    6.28975e+01    6.13946e+01   -2.47604e+00
    6.14359e+01    4.63948e+01   -1.96340e+01
   -2.30239e+00   -1.96647e+01   -4.85602e+02

    T-non-Water        T-Water
    3.05203e+02    3.05043e+02


	M E G A - F L O P S   A C C O U N T I N G

 NB=Group-cutoff nonbonded kernels    NxN=N-by-N cluster Verlet kernels
 RF=Reaction-Field  VdW=Van der Waals  QSTab=quadratic-spline table
 W3=SPC/TIP3p  W4=TIP4p (single or pairs)
 V&F=Potential and force  V=Potential only  F=Force only

 Computing:                               M-Number         M-Flops  % Flops
-----------------------------------------------------------------------------
 Pair Search distance check            7887.202176       70984.820     0.4
 NxN QSTab Elec. + LJ [F]            244906.104280    10041150.275    50.5
 NxN QSTab Elec. + LJ [V&F]            2478.561024      146235.100     0.7
 NxN LJ [F]                           66884.166432     2207177.492    11.1
 NxN LJ [V&F]                           676.747744       29100.153     0.1
 NxN QSTab Elec. [F]                 176651.370232     6006146.588    30.2
 NxN QSTab Elec. [V&F]                 1787.638736       73293.188     0.4
 Calc Weights                          1905.638112       68602.972     0.3
 Spread Q Bspline                     40653.613056       81307.226     0.4
 Gather F Bspline                     40653.613056      243921.678     1.2
 3D-FFT                               89102.882022      712823.056     3.6
 Solve PME                               39.200784        2508.850     0.0
 Reset In Box                            15.892704          47.678     0.0
 CG-CoM                                  15.905408          47.716     0.0
 Angles                                 268.805376       45159.303     0.2
 Propers                                220.804416       50564.211     0.3
 Impropers                               11.200224        2329.647     0.0
 Virial                                   6.815604         122.681     0.0
 Stop-CM                                  6.377408          63.774     0.0
 Calc-Ekin                              127.065408        3430.766     0.0
 Lincs                                  364.512410       21870.745     0.1
 Lincs-Mat                             4811.403336       19245.613     0.1
 Constraint-V                          1172.450631        9379.605     0.0
 Constraint-Vir                           8.094583         194.270     0.0
 Settle                                 147.816591       47744.759     0.2
-----------------------------------------------------------------------------
 Total                                                19883452.168   100.0
-----------------------------------------------------------------------------


    D O M A I N   D E C O M P O S I T I O N   S T A T I S T I C S

 av. #atoms communicated per step for force:  2 x 39096.7
 av. #atoms communicated per step for LINCS:  2 x 3912.7

 Average load imbalance: 4.7 %
 Part of the total run time spent waiting due to load imbalance: 2.7 %
 Steps where the load balancing was limited by -rdd, -rcon and/or -dds: X 0 % Z 0 %
 Average PME mesh/force load: 0.548
 Part of the total run time spent waiting due to PP/PME imbalance: 5.3 %

NOTE: 5.3 % performance was lost because the PME ranks
      had less work to do than the PP ranks.
      You might want to decrease the number of PME ranks
      or decrease the cut-off and the grid spacing.


     R E A L   C Y C L E   A N D   T I M E   A C C O U N T I N G

On 20 MPI ranks doing PP, and
on 4 MPI ranks doing PME

 Computing:          Num   Num      Call    Wall time         Giga-Cycles
                     Ranks Threads  Count      (s)         total sum    %
-----------------------------------------------------------------------------
 Domain decomp.        20    1       1251      10.503        558.712   2.5
 DD comm. load         20    1       1250       0.238         12.645   0.1
 DD comm. bounds       20    1       1250       0.421         22.409   0.1
 Send X to PME         20    1      50001       6.829        363.296   1.6
 Neighbor search       20    1       1251       4.609        245.173   1.1
 Comm. coord.          20    1      48750      34.295       1824.387   8.2
 Force                 20    1      50001     206.229      10970.766  49.5
 Wait + Comm. F        20    1      50001      33.144       1763.158   8.0
 PME mesh *             4    1      50001     132.660       1411.418   6.4
 PME wait for PP *                            214.194       2278.890  10.3
 Wait + Recv. PME F    20    1      50001       0.361         19.198   0.1
 NB X/F buffer ops.    20    1     147501       1.919        102.109   0.5
 Write traj.           20    1        101       0.188         10.016   0.0
 Update                20    1      50001       3.217        171.131   0.8
 Constraints           20    1      50001      39.839       2119.306   9.6
 Comm. energies        20    1       5001       4.463        237.400   1.1
 Rest                                           0.606         32.247   0.1
-----------------------------------------------------------------------------
 Total                                        346.862      22142.345 100.0
-----------------------------------------------------------------------------
(*) Note that with separate PME ranks, the walltime column actually sums to
    twice the total reported, but the cycle count total and % are correct.
-----------------------------------------------------------------------------
 Breakdown of PME mesh computation
-----------------------------------------------------------------------------
 PME redist. X/F        4    1     100002      41.112        437.406   2.0
 PME spread/gather      4    1     100002      59.807        636.307   2.9
 PME 3D-FFT             4    1     100002      20.835        221.669   1.0
 PME 3D-FFT Comm.       4    1     100002       4.563         48.549   0.2
 PME solve Elec         4    1      50001       6.253         66.526   0.3
-----------------------------------------------------------------------------

               Core t (s)   Wall t (s)        (%)
       Time:     8324.677      346.862     2400.0
                 (ns/day)    (hour/ns)
Performance:       24.910        0.963
Finished mdrun on rank 0 Fri Dec  9 11:30:29 2016
