Log file opened on Fri Dec  9 11:48:03 2016
Host: filey.vuse.vanderbilt.edu  pid: 97826  rank ID: 0  number of ranks:  1
                   :-) GROMACS - gmx mdrun, VERSION 5.1.2 (-:

                            GROMACS is written by:
     Emile Apol      Rossen Apostolov  Herman J.C. Berendsen    Par Bjelkmar   
 Aldert van Buuren   Rudi van Drunen     Anton Feenstra   Sebastian Fritsch 
  Gerrit Groenhof   Christoph Junghans   Anca Hamuraru    Vincent Hindriksen
 Dimitrios Karkoulis    Peter Kasson        Jiri Kraus      Carsten Kutzner  
    Per Larsson      Justin A. Lemkul   Magnus Lundborg   Pieter Meulenhoff 
   Erik Marklund      Teemu Murtola       Szilard Pall       Sander Pronk   
   Roland Schulz     Alexey Shvetsov     Michael Shirts     Alfons Sijbers  
   Peter Tieleman    Teemu Virolainen  Christian Wennberg    Maarten Wolf   
                           and the project leaders:
        Mark Abraham, Berk Hess, Erik Lindahl, and David van der Spoel

Copyright (c) 1991-2000, University of Groningen, The Netherlands.
Copyright (c) 2001-2015, The GROMACS development team at
Uppsala University, Stockholm University and
the Royal Institute of Technology, Sweden.
check out http://www.gromacs.org for more information.

GROMACS is free software; you can redistribute it and/or modify it
under the terms of the GNU Lesser General Public License
as published by the Free Software Foundation; either version 2.1
of the License, or (at your option) any later version.

GROMACS:      gmx mdrun, VERSION 5.1.2
Executable:   /usr/local/gromacs/bin//gmx
Data prefix:  /usr/local/gromacs
Command line:
  gmx mdrun -deffnm nvteq_DSPC-50_alc12-25_acd22-25_0129

GROMACS version:    VERSION 5.1.2
Precision:          single
Memory model:       64 bit
MPI library:        thread_mpi
OpenMP support:     disabled
GPU support:        enabled
OpenCL support:     disabled
invsqrt routine:    gmx_software_invsqrt(x)
SIMD instructions:  SSE4.1
FFT library:        fftw-3.3.4-sse2
RDTSCP usage:       enabled
C++11 compilation:  disabled
TNG support:        enabled
Tracing support:    disabled
Built on:           Tue May 31 09:28:24 CDT 2016
Built by:           leonhaac@filey.vuse.vanderbilt.edu [CMAKE]
Build OS/arch:      Darwin 10.8.0 x86_64
Build CPU vendor:   GenuineIntel
Build CPU brand:    Intel(R) Xeon(R) CPU           X5650  @ 2.67GHz
Build CPU family:   6   Model: 44   Stepping: 2
Build CPU features: aes apic clfsh cmov cx8 cx16 htt lahf_lm mmx msr nonstop_tsc pcid pclmuldq pdcm pdpe1gb popcnt pse rdtscp sse2 sse3 sse4.1 sse4.2 ssse3
C compiler:         /Developer/usr/bin/cc GNU 4.2.1
C compiler flags:    -msse4.1    -Wextra -Wno-missing-field-initializers -Wno-sign-compare -Wpointer-arith -Wall -Wno-unused -Wunused-value -Wunused-parameter -Wno-unknown-pragmas  -O3 -DNDEBUG -funroll-all-loops  
C++ compiler:       /Developer/usr/bin/c++ GNU 4.2.1
C++ compiler flags:  -msse4.1    -Wextra -Wno-missing-field-initializers -Wpointer-arith -Wall -Wno-unused-function -Wno-unknown-pragmas  -O3 -DNDEBUG -funroll-all-loops  
Boost version:      1.55.0 (internal)
CUDA compiler:      /usr/local/cuda/bin/nvcc nvcc: NVIDIA (R) Cuda compiler driver;Copyright (c) 2005-2011 NVIDIA Corporation;Built on Fri_May_13_01:54:22_PDT_2011;Cuda compilation tools, release 4.0, V0.2.1221
CUDA compiler flags:-gencode;arch=compute_20,code=sm_20;-gencode;arch=compute_20,code=compute_20;-use_fast_math;-D__STRICT_ANSI__; ;-msse4.1;-Wextra;-Wno-missing-field-initializers;-Wpointer-arith;-Wall;-Wno-unused-function;-Wno-unknown-pragmas;-O3;-DNDEBUG;-funroll-all-loops;
CUDA driver:        0.0
CUDA runtime:       0.0


NOTE: Error occurred during GPU detection:
      no CUDA-capable device is detected
      Can not use GPU acceleration, will fall back to CPU kernels.


Running on 1 node with total 24 logical cores, 0 compatible GPUs
Hardware detected:
  CPU info:
    Vendor: GenuineIntel
    Brand:  Intel(R) Xeon(R) CPU           X5650  @ 2.67GHz
    Family:  6  model: 44  stepping:  2
    CPU features: aes apic clfsh cmov cx8 cx16 htt lahf_lm mmx msr nonstop_tsc pcid pclmuldq pdcm pdpe1gb popcnt pse rdtscp sse2 sse3 sse4.1 sse4.2 ssse3
    SIMD instructions most likely to fit this hardware: SSE4.1
    SIMD instructions selected at GROMACS compile time: SSE4.1


++++ PLEASE READ AND CITE THE FOLLOWING REFERENCE ++++
M. J. Abraham, T. Murtola, R. Schulz, S. Páll, J. C. Smith, B. Hess, E.
Lindahl
GROMACS: High performance molecular simulations through multi-level
parallelism from laptops to supercomputers
SoftwareX 1 (2015) pp. 19-25
-------- -------- --- Thank You --- -------- --------


++++ PLEASE READ AND CITE THE FOLLOWING REFERENCE ++++
S. Páll, M. J. Abraham, C. Kutzner, B. Hess, E. Lindahl
Tackling Exascale Software Challenges in Molecular Dynamics Simulations with
GROMACS
In S. Markidis & E. Laure (Eds.), Solving Software Challenges for Exascale 8759 (2015) pp. 3-27
-------- -------- --- Thank You --- -------- --------


++++ PLEASE READ AND CITE THE FOLLOWING REFERENCE ++++
S. Pronk, S. Páll, R. Schulz, P. Larsson, P. Bjelkmar, R. Apostolov, M. R.
Shirts, J. C. Smith, P. M. Kasson, D. van der Spoel, B. Hess, and E. Lindahl
GROMACS 4.5: a high-throughput and highly parallel open source molecular
simulation toolkit
Bioinformatics 29 (2013) pp. 845-54
-------- -------- --- Thank You --- -------- --------


++++ PLEASE READ AND CITE THE FOLLOWING REFERENCE ++++
B. Hess and C. Kutzner and D. van der Spoel and E. Lindahl
GROMACS 4: Algorithms for highly efficient, load-balanced, and scalable
molecular simulation
J. Chem. Theory Comput. 4 (2008) pp. 435-447
-------- -------- --- Thank You --- -------- --------


++++ PLEASE READ AND CITE THE FOLLOWING REFERENCE ++++
D. van der Spoel, E. Lindahl, B. Hess, G. Groenhof, A. E. Mark and H. J. C.
Berendsen
GROMACS: Fast, Flexible and Free
J. Comp. Chem. 26 (2005) pp. 1701-1719
-------- -------- --- Thank You --- -------- --------


++++ PLEASE READ AND CITE THE FOLLOWING REFERENCE ++++
E. Lindahl and B. Hess and D. van der Spoel
GROMACS 3.0: A package for molecular simulation and trajectory analysis
J. Mol. Mod. 7 (2001) pp. 306-317
-------- -------- --- Thank You --- -------- --------


++++ PLEASE READ AND CITE THE FOLLOWING REFERENCE ++++
H. J. C. Berendsen, D. van der Spoel and R. van Drunen
GROMACS: A message-passing parallel molecular dynamics implementation
Comp. Phys. Comm. 91 (1995) pp. 43-56
-------- -------- --- Thank You --- -------- --------

Changing nstlist from 10 to 40, rlist from 1.4 to 1.417

Input Parameters:
   integrator                     = md
   tinit                          = 0
   dt                             = 0.002
   nsteps                         = 50000
   init-step                      = 0
   simulation-part                = 1
   comm-mode                      = Linear
   nstcomm                        = 100
   bd-fric                        = 0
   ld-seed                        = 682423214
   emtol                          = 10
   emstep                         = 0.01
   niter                          = 20
   fcstep                         = 0
   nstcgsteep                     = 1000
   nbfgscorr                      = 10
   rtpi                           = 0.05
   nstxout                        = 500
   nstvout                        = 500
   nstfout                        = 0
   nstlog                         = 500
   nstcalcenergy                  = 100
   nstenergy                      = 500
   nstxout-compressed             = 0
   compressed-x-precision         = 1000
   cutoff-scheme                  = Verlet
   nstlist                        = 40
   ns-type                        = Grid
   pbc                            = xyz
   periodic-molecules             = FALSE
   verlet-buffer-tolerance        = 0.005
   rlist                          = 1.417
   rlistlong                      = 1.417
   nstcalclr                      = 10
   coulombtype                    = PME
   coulomb-modifier               = Potential-shift
   rcoulomb-switch                = 0
   rcoulomb                       = 1.4
   epsilon-r                      = 1
   epsilon-rf                     = inf
   vdw-type                       = Cut-off
   vdw-modifier                   = Potential-shift
   rvdw-switch                    = 0
   rvdw                           = 1.4
   DispCorr                       = EnerPres
   table-extension                = 1
   fourierspacing                 = 0.16
   fourier-nx                     = 28
   fourier-ny                     = 28
   fourier-nz                     = 72
   pme-order                      = 4
   ewald-rtol                     = 1e-05
   ewald-rtol-lj                  = 0.001
   lj-pme-comb-rule               = Geometric
   ewald-geometry                 = 0
   epsilon-surface                = 0
   implicit-solvent               = No
   gb-algorithm                   = Still
   nstgbradii                     = 1
   rgbradii                       = 1
   gb-epsilon-solvent             = 80
   gb-saltconc                    = 0
   gb-obc-alpha                   = 1
   gb-obc-beta                    = 0.8
   gb-obc-gamma                   = 4.85
   gb-dielectric-offset           = 0.009
   sa-algorithm                   = Ace-approximation
   sa-surface-tension             = 2.05016
   tcoupl                         = Nose-Hoover
   nsttcouple                     = 10
   nh-chain-length                = 1
   print-nose-hoover-chain-variables = FALSE
   pcoupl                         = No
   pcoupltype                     = Isotropic
   nstpcouple                     = -1
   tau-p                          = 1
   compressibility (3x3):
      compressibility[    0]={ 0.00000e+00,  0.00000e+00,  0.00000e+00}
      compressibility[    1]={ 0.00000e+00,  0.00000e+00,  0.00000e+00}
      compressibility[    2]={ 0.00000e+00,  0.00000e+00,  0.00000e+00}
   ref-p (3x3):
      ref-p[    0]={ 0.00000e+00,  0.00000e+00,  0.00000e+00}
      ref-p[    1]={ 0.00000e+00,  0.00000e+00,  0.00000e+00}
      ref-p[    2]={ 0.00000e+00,  0.00000e+00,  0.00000e+00}
   refcoord-scaling               = No
   posres-com (3):
      posres-com[0]= 0.00000e+00
      posres-com[1]= 0.00000e+00
      posres-com[2]= 0.00000e+00
   posres-comB (3):
      posres-comB[0]= 0.00000e+00
      posres-comB[1]= 0.00000e+00
      posres-comB[2]= 0.00000e+00
   QMMM                           = FALSE
   QMconstraints                  = 0
   QMMMscheme                     = 0
   MMChargeScaleFactor            = 1
qm-opts:
   ngQM                           = 0
   constraint-algorithm           = Lincs
   continuation                   = FALSE
   Shake-SOR                      = FALSE
   shake-tol                      = 0.0001
   lincs-order                    = 4
   lincs-iter                     = 1
   lincs-warnangle                = 30
   nwall                          = 0
   wall-type                      = 9-3
   wall-r-linpot                  = -1
   wall-atomtype[0]               = -1
   wall-atomtype[1]               = -1
   wall-density[0]                = 0
   wall-density[1]                = 0
   wall-ewald-zfac                = 3
   pull                           = FALSE
   rotation                       = FALSE
   interactiveMD                  = FALSE
   disre                          = No
   disre-weighting                = Conservative
   disre-mixed                    = FALSE
   dr-fc                          = 1000
   dr-tau                         = 0
   nstdisreout                    = 100
   orire-fc                       = 0
   orire-tau                      = 0
   nstorireout                    = 100
   free-energy                    = no
   cos-acceleration               = 0
   deform (3x3):
      deform[    0]={ 0.00000e+00,  0.00000e+00,  0.00000e+00}
      deform[    1]={ 0.00000e+00,  0.00000e+00,  0.00000e+00}
      deform[    2]={ 0.00000e+00,  0.00000e+00,  0.00000e+00}
   simulated-tempering            = FALSE
   E-x:
      n = 0
   E-xt:
      n = 0
   E-y:
      n = 0
   E-yt:
      n = 0
   E-z:
      n = 0
   E-zt:
      n = 0
   swapcoords                     = no
   adress                         = FALSE
   userint1                       = 0
   userint2                       = 0
   userint3                       = 0
   userint4                       = 0
   userreal1                      = 0
   userreal2                      = 0
   userreal3                      = 0
   userreal4                      = 0
grpopts:
   nrdf:     10174.8     15358.2
   ref-t:         305         305
   tau-t:         0.4         0.4
annealing:          No          No
annealing-npoints:           0           0
   acc:	           0           0           0
   nfreeze:           N           N           N
   energygrp-flags[  0]: 0


Initializing Domain Decomposition on 24 ranks
Dynamic load balancing: auto
Will sort the charge groups at every domain (re)decomposition
Initial maximum inter charge-group distances:
    two-body bonded interactions: 0.282 nm, Exclusion, atoms 873 875
  multi-body bonded interactions: 0.406 nm, Proper Dih., atoms 3441 3444
Minimum cell size due to bonded interactions: 0.447 nm
Maximum distance for 5 constraints, at 120 deg. angles, all-trans: 0.771 nm
Estimated maximum distance required for P-LINCS: 0.771 nm
This distance will limit the DD cell size, you can override this with -rcon
Guess for relative PME load: 0.09
Will use 20 particle-particle and 4 PME only ranks
This is a guess, check the performance at the end of the log file
Using 4 separate PME ranks, as guessed by mdrun
Scaling the initial minimum size with 1/0.8 (option -dds) = 1.25
Optimizing the DD grid for 20 cells with a minimum initial size of 0.964 nm
The maximum allowed number of cells is: X 4 Y 4 Z 10
Domain decomposition grid 4 x 1 x 5, separate PME ranks 4
PME domain decomposition: 4 x 1 x 1
Interleaving PP and PME ranks
This rank does only particle-particle work.

Domain decomposition rank 0, coordinates 0 0 0

Using 24 MPI threads
Will do PME sum in reciprocal space for electrostatic interactions.

++++ PLEASE READ AND CITE THE FOLLOWING REFERENCE ++++
U. Essmann, L. Perera, M. L. Berkowitz, T. Darden, H. Lee and L. G. Pedersen 
A smooth particle mesh Ewald method
J. Chem. Phys. 103 (1995) pp. 8577-8592
-------- -------- --- Thank You --- -------- --------

Will do ordinary reciprocal space Ewald sum.
Using a Gaussian width (1/beta) of 0.448228 nm for Ewald
Cut-off's:   NS: 1.417   Coulomb: 1.4   LJ: 1.4
Long Range LJ corr.: <C6> 1.7642e-03
System total charge: 0.000
Generated table with 1208 data points for Ewald.
Tabscale = 500 points/nm
Generated table with 1208 data points for LJ6.
Tabscale = 500 points/nm
Generated table with 1208 data points for LJ12.
Tabscale = 500 points/nm
Potential shift: LJ r^-12: -1.764e-02 r^-6: -1.328e-01, Ewald -1.000e-05
Initialized non-bonded Ewald correction tables, spacing: 1.10e-03 size: 1270


Using SSE4.1 4x4 non-bonded kernels

Using full Lennard-Jones parameter combination matrix

Removing pbc first time

Initializing Parallel LINear Constraint Solver

++++ PLEASE READ AND CITE THE FOLLOWING REFERENCE ++++
B. Hess
P-LINCS: A Parallel Linear Constraint Solver for molecular simulation
J. Chem. Theory Comput. 4 (2008) pp. 116-122
-------- -------- --- Thank You --- -------- --------

The number of constraints is 4896
There are inter charge-group constraints,
will communicate selected coordinates each lincs iteration

++++ PLEASE READ AND CITE THE FOLLOWING REFERENCE ++++
S. Miyamoto and P. A. Kollman
SETTLE: An Analytical Version of the SHAKE and RATTLE Algorithms for Rigid
Water Models
J. Comp. Chem. 13 (1992) pp. 952-962
-------- -------- --- Thank You --- -------- --------


Linking all bonded interactions to atoms

The initial number of communication pulses is: X 2 Z 1
The initial domain decomposition cell size is: X 1.10 nm Z 2.10 nm

The maximum allowed distance for charge groups involved in interactions is:
                 non-bonded interactions           1.417 nm
            two-body bonded interactions  (-rdd)   1.417 nm
          multi-body bonded interactions  (-rdd)   1.095 nm
  atoms separated by up to 5 constraints  (-rcon)  1.095 nm

When dynamic load balancing gets turned on, these settings will change to:
The maximum number of communication pulses is: X 2 Z 2
The minimum size for domain decomposition cells is 0.771 nm
The requested allowed shrink of DD cells (option -dds) is: 0.80
The allowed shrink of domain decomposition cells is: X 0.70 Z 0.37
The maximum allowed distance for charge groups involved in interactions is:
                 non-bonded interactions           1.417 nm
            two-body bonded interactions  (-rdd)   1.417 nm
          multi-body bonded interactions  (-rdd)   0.771 nm
  atoms separated by up to 5 constraints  (-rcon)  0.771 nm


Making 2D domain decomposition grid 4 x 1 x 5, home cell index 0 0 0

Center of mass motion removal mode is Linear
We have the following groups for center of mass motion removal:
  0:  rest
There are: 12704 Atoms
Atom distribution over 20 domains: av 635 stddev 284 min 371 max 1121

Constraining the starting coordinates (step 0)

Constraining the coordinates at t0-dt (step 0)
RMS relative constraint deviation after constraining: 0.00e+00
Initial temperature: 304.576 K

Started mdrun on rank 0 Fri Dec  9 11:48:03 2016
           Step           Time         Lambda
              0        0.00000        0.00000

   Energies (kJ/mol)
       G96Angle    Proper Dih.  Improper Dih.        LJ (SR)  Disper. corr.
    1.08393e+04    6.36630e+03    3.09638e+02   -3.84685e+02   -2.15374e+03
   Coulomb (SR)   Coul. recip.      Potential    Kinetic En.   Total Energy
   -1.90666e+05    8.11106e+03   -1.67578e+05    3.23327e+04   -1.35245e+05
  Conserved En.    Temperature Pres. DC (bar) Pressure (bar)   Constr. rmsd
   -1.35245e+05    3.04604e+02   -1.77456e+02    1.41905e+03    1.87428e-05

DD  step 39 load imb.: force 118.3%  pme mesh/force 0.468

At step 40 the performance loss due to force load imbalance is 34.1 %

NOTE: Turning on dynamic load balancing

           Step           Time         Lambda
            500        1.00000        0.00000

   Energies (kJ/mol)
       G96Angle    Proper Dih.  Improper Dih.        LJ (SR)  Disper. corr.
    1.00845e+04    6.97941e+03    3.62291e+02   -1.43955e+03   -2.15374e+03
   Coulomb (SR)   Coul. recip.      Potential    Kinetic En.   Total Energy
   -1.87185e+05    1.82684e+03   -1.71525e+05    3.10338e+04   -1.40491e+05
  Conserved En.    Temperature Pres. DC (bar) Pressure (bar)   Constr. rmsd
   -1.35370e+05    2.92368e+02   -1.77456e+02    1.68137e+03    7.84722e-06

DD  step 999  vol min/aver 0.467  load imb.: force  5.3%  pme mesh/force 0.794

           Step           Time         Lambda
           1000        2.00000        0.00000

   Energies (kJ/mol)
       G96Angle    Proper Dih.  Improper Dih.        LJ (SR)  Disper. corr.
    1.02822e+04    7.11729e+03    4.12626e+02    2.42625e+02   -2.15374e+03
   Coulomb (SR)   Coul. recip.      Potential    Kinetic En.   Total Energy
   -1.94304e+05    1.25682e+03   -1.77147e+05    3.26713e+04   -1.44475e+05
  Conserved En.    Temperature Pres. DC (bar) Pressure (bar)   Constr. rmsd
   -1.35085e+05    3.07794e+02   -1.77456e+02    1.37090e+03    8.41180e-06

           Step           Time         Lambda
           1500        3.00000        0.00000

   Energies (kJ/mol)
       G96Angle    Proper Dih.  Improper Dih.        LJ (SR)  Disper. corr.
    1.08622e+04    7.13265e+03    4.57839e+02   -2.48596e+02   -2.15374e+03
   Coulomb (SR)   Coul. recip.      Potential    Kinetic En.   Total Energy
   -1.95676e+05    9.73614e+02   -1.78652e+05    3.23498e+04   -1.46302e+05
  Conserved En.    Temperature Pres. DC (bar) Pressure (bar)   Constr. rmsd
   -1.34933e+05    3.04765e+02   -1.77456e+02    9.39612e+02    8.20867e-06

DD  step 1999  vol min/aver 0.418  load imb.: force  5.3%  pme mesh/force 0.777

           Step           Time         Lambda
           2000        4.00000        0.00000

   Energies (kJ/mol)
       G96Angle    Proper Dih.  Improper Dih.        LJ (SR)  Disper. corr.
    1.04236e+04    7.19739e+03    4.11541e+02    3.95525e+02   -2.15374e+03
   Coulomb (SR)   Coul. recip.      Potential    Kinetic En.   Total Energy
   -1.97242e+05    9.16707e+02   -1.80051e+05    3.21308e+04   -1.47920e+05
  Conserved En.    Temperature Pres. DC (bar) Pressure (bar)   Constr. rmsd
   -1.34974e+05    3.02702e+02   -1.77456e+02    1.49703e+03    8.89638e-06

           Step           Time         Lambda
           2500        5.00000        0.00000

   Energies (kJ/mol)
       G96Angle    Proper Dih.  Improper Dih.        LJ (SR)  Disper. corr.
    1.06158e+04    7.09788e+03    4.37665e+02    1.12427e+02   -2.15374e+03
   Coulomb (SR)   Coul. recip.      Potential    Kinetic En.   Total Energy
   -1.98021e+05    8.52356e+02   -1.81059e+05    3.19582e+04   -1.49101e+05
  Conserved En.    Temperature Pres. DC (bar) Pressure (bar)   Constr. rmsd
   -1.34960e+05    3.01076e+02   -1.77456e+02    1.12689e+03    8.87156e-06

DD  step 2999  vol min/aver 0.439  load imb.: force  3.3%  pme mesh/force 0.785

           Step           Time         Lambda
           3000        6.00000        0.00000

   Energies (kJ/mol)
       G96Angle    Proper Dih.  Improper Dih.        LJ (SR)  Disper. corr.
    1.07060e+04    7.07639e+03    4.52660e+02   -1.80492e+03   -2.15374e+03
   Coulomb (SR)   Coul. recip.      Potential    Kinetic En.   Total Energy
   -1.96112e+05    8.57245e+02   -1.80979e+05    3.20417e+04   -1.48937e+05
  Conserved En.    Temperature Pres. DC (bar) Pressure (bar)   Constr. rmsd
   -1.35014e+05    3.01863e+02   -1.77456e+02    3.39493e+02    9.17703e-06

           Step           Time         Lambda
           3500        7.00000        0.00000

   Energies (kJ/mol)
       G96Angle    Proper Dih.  Improper Dih.        LJ (SR)  Disper. corr.
    1.05351e+04    6.89987e+03    4.89109e+02   -2.31022e+03   -2.15374e+03
   Coulomb (SR)   Coul. recip.      Potential    Kinetic En.   Total Energy
   -1.95286e+05    8.15245e+02   -1.81011e+05    3.22702e+04   -1.48741e+05
  Conserved En.    Temperature Pres. DC (bar) Pressure (bar)   Constr. rmsd
   -1.34864e+05    3.04015e+02   -1.77456e+02    1.10374e+02    8.19656e-06

DD  step 3999  vol min/aver 0.481  load imb.: force  6.6%  pme mesh/force 0.800

           Step           Time         Lambda
           4000        8.00000        0.00000

   Energies (kJ/mol)
       G96Angle    Proper Dih.  Improper Dih.        LJ (SR)  Disper. corr.
    1.04352e+04    6.80535e+03    4.45464e+02   -2.13531e+03   -2.15374e+03
   Coulomb (SR)   Coul. recip.      Potential    Kinetic En.   Total Energy
   -1.95487e+05    8.78578e+02   -1.81211e+05    3.28075e+04   -1.48404e+05
  Conserved En.    Temperature Pres. DC (bar) Pressure (bar)   Constr. rmsd
   -1.34922e+05    3.09078e+02   -1.77456e+02    2.31409e+02    8.97379e-06

           Step           Time         Lambda
           4500        9.00000        0.00000

   Energies (kJ/mol)
       G96Angle    Proper Dih.  Improper Dih.        LJ (SR)  Disper. corr.
    1.05508e+04    6.86060e+03    4.45339e+02   -2.77273e+03   -2.15374e+03
   Coulomb (SR)   Coul. recip.      Potential    Kinetic En.   Total Energy
   -1.94212e+05    8.52194e+02   -1.80429e+05    3.25777e+04   -1.47852e+05
  Conserved En.    Temperature Pres. DC (bar) Pressure (bar)   Constr. rmsd
   -1.34900e+05    3.06913e+02   -1.77456e+02   -3.28882e+02    8.64814e-06

DD  step 4999  vol min/aver 0.491  load imb.: force  5.1%  pme mesh/force 0.799

           Step           Time         Lambda
           5000       10.00000        0.00000

   Energies (kJ/mol)
       G96Angle    Proper Dih.  Improper Dih.        LJ (SR)  Disper. corr.
    1.04791e+04    6.82109e+03    4.74245e+02   -3.15839e+03   -2.15374e+03
   Coulomb (SR)   Coul. recip.      Potential    Kinetic En.   Total Energy
   -1.93450e+05    8.34849e+02   -1.80153e+05    3.23519e+04   -1.47801e+05
  Conserved En.    Temperature Pres. DC (bar) Pressure (bar)   Constr. rmsd
   -1.34908e+05    3.04785e+02   -1.77456e+02   -8.37063e+01    8.74886e-06

           Step           Time         Lambda
           5500       11.00000        0.00000

   Energies (kJ/mol)
       G96Angle    Proper Dih.  Improper Dih.        LJ (SR)  Disper. corr.
    1.04625e+04    7.14841e+03    4.76283e+02   -2.94671e+03   -2.15374e+03
   Coulomb (SR)   Coul. recip.      Potential    Kinetic En.   Total Energy
   -1.94557e+05    8.01281e+02   -1.80769e+05    3.19156e+04   -1.48853e+05
  Conserved En.    Temperature Pres. DC (bar) Pressure (bar)   Constr. rmsd
   -1.35127e+05    3.00675e+02   -1.77456e+02   -1.19506e+02    8.45487e-06

DD  step 5999  vol min/aver 0.499  load imb.: force  3.6%  pme mesh/force 0.755

           Step           Time         Lambda
           6000       12.00000        0.00000

   Energies (kJ/mol)
       G96Angle    Proper Dih.  Improper Dih.        LJ (SR)  Disper. corr.
    1.03768e+04    6.86587e+03    5.04740e+02   -2.83416e+03   -2.15374e+03
   Coulomb (SR)   Coul. recip.      Potential    Kinetic En.   Total Energy
   -1.94540e+05    8.28315e+02   -1.80952e+05    3.27063e+04   -1.48246e+05
  Conserved En.    Temperature Pres. DC (bar) Pressure (bar)   Constr. rmsd
   -1.34949e+05    3.08124e+02   -1.77456e+02   -9.97929e+00    8.70149e-06

           Step           Time         Lambda
           6500       13.00000        0.00000

   Energies (kJ/mol)
       G96Angle    Proper Dih.  Improper Dih.        LJ (SR)  Disper. corr.
    1.06019e+04    6.90194e+03    4.60880e+02   -2.01501e+03   -2.15374e+03
   Coulomb (SR)   Coul. recip.      Potential    Kinetic En.   Total Energy
   -1.95283e+05    7.97458e+02   -1.80689e+05    3.20130e+04   -1.48676e+05
  Conserved En.    Temperature Pres. DC (bar) Pressure (bar)   Constr. rmsd
   -1.35051e+05    3.01593e+02   -1.77456e+02    4.89187e+01    8.75952e-06

DD  step 6999  vol min/aver 0.480  load imb.: force  6.8%  pme mesh/force 0.573

           Step           Time         Lambda
           7000       14.00000        0.00000

   Energies (kJ/mol)
       G96Angle    Proper Dih.  Improper Dih.        LJ (SR)  Disper. corr.
    1.00451e+04    6.77197e+03    5.04007e+02   -2.30939e+03   -2.15374e+03
   Coulomb (SR)   Coul. recip.      Potential    Kinetic En.   Total Energy
   -1.95266e+05    7.91976e+02   -1.81616e+05    3.20997e+04   -1.49516e+05
  Conserved En.    Temperature Pres. DC (bar) Pressure (bar)   Constr. rmsd
   -1.35010e+05    3.02409e+02   -1.77456e+02   -2.00471e+02    8.10611e-06

           Step           Time         Lambda
           7500       15.00000        0.00000

   Energies (kJ/mol)
       G96Angle    Proper Dih.  Improper Dih.        LJ (SR)  Disper. corr.
    1.04567e+04    6.81837e+03    4.67862e+02   -2.87068e+03   -2.15374e+03
   Coulomb (SR)   Coul. recip.      Potential    Kinetic En.   Total Energy
   -1.95116e+05    8.54136e+02   -1.81544e+05    3.27564e+04   -1.48787e+05
  Conserved En.    Temperature Pres. DC (bar) Pressure (bar)   Constr. rmsd
   -1.34879e+05    3.08596e+02   -1.77456e+02   -7.86686e+01    8.30919e-06

DD  step 7999  vol min/aver 0.480  load imb.: force  4.9%  pme mesh/force 0.539

           Step           Time         Lambda
           8000       16.00000        0.00000

   Energies (kJ/mol)
       G96Angle    Proper Dih.  Improper Dih.        LJ (SR)  Disper. corr.
    1.02361e+04    6.90946e+03    4.49160e+02   -2.11592e+03   -2.15374e+03
   Coulomb (SR)   Coul. recip.      Potential    Kinetic En.   Total Energy
   -1.96111e+05    7.73387e+02   -1.82012e+05    3.23747e+04   -1.49638e+05
  Conserved En.    Temperature Pres. DC (bar) Pressure (bar)   Constr. rmsd
   -1.35016e+05    3.05000e+02   -1.77456e+02    7.91573e+01    9.27809e-06

           Step           Time         Lambda
           8500       17.00000        0.00000

   Energies (kJ/mol)
       G96Angle    Proper Dih.  Improper Dih.        LJ (SR)  Disper. corr.
    1.01451e+04    6.75873e+03    4.33945e+02   -2.90209e+03   -2.15374e+03
   Coulomb (SR)   Coul. recip.      Potential    Kinetic En.   Total Energy
   -1.94742e+05    7.58848e+02   -1.81701e+05    3.26117e+04   -1.49090e+05
  Conserved En.    Temperature Pres. DC (bar) Pressure (bar)   Constr. rmsd
   -1.34995e+05    3.07233e+02   -1.77456e+02   -3.33421e+02    8.59399e-06

DD  step 8999  vol min/aver 0.472  load imb.: force  3.0%  pme mesh/force 0.530

           Step           Time         Lambda
           9000       18.00000        0.00000

   Energies (kJ/mol)
       G96Angle    Proper Dih.  Improper Dih.        LJ (SR)  Disper. corr.
    1.01771e+04    6.57638e+03    4.36050e+02   -2.32116e+03   -2.15374e+03
   Coulomb (SR)   Coul. recip.      Potential    Kinetic En.   Total Energy
   -1.96378e+05    7.41656e+02   -1.82922e+05    3.25542e+04   -1.50368e+05
  Conserved En.    Temperature Pres. DC (bar) Pressure (bar)   Constr. rmsd
   -1.34897e+05    3.06691e+02   -1.77456e+02    2.05414e+01    8.05571e-06

           Step           Time         Lambda
           9500       19.00000        0.00000

   Energies (kJ/mol)
       G96Angle    Proper Dih.  Improper Dih.        LJ (SR)  Disper. corr.
    9.94066e+03    6.71507e+03    4.69497e+02   -3.00245e+03   -2.15374e+03
   Coulomb (SR)   Coul. recip.      Potential    Kinetic En.   Total Energy
   -1.94873e+05    7.81776e+02   -1.82122e+05    3.19776e+04   -1.50145e+05
  Conserved En.    Temperature Pres. DC (bar) Pressure (bar)   Constr. rmsd
   -1.34919e+05    3.01259e+02   -1.77456e+02   -2.22932e+02    7.80055e-06

DD  step 9999  vol min/aver 0.459  load imb.: force  4.7%  pme mesh/force 0.560

           Step           Time         Lambda
          10000       20.00000        0.00000

   Energies (kJ/mol)
       G96Angle    Proper Dih.  Improper Dih.        LJ (SR)  Disper. corr.
    1.01867e+04    6.75647e+03    4.94486e+02   -2.45526e+03   -2.15374e+03
   Coulomb (SR)   Coul. recip.      Potential    Kinetic En.   Total Energy
   -1.94968e+05    7.38008e+02   -1.81401e+05    3.25904e+04   -1.48811e+05
  Conserved En.    Temperature Pres. DC (bar) Pressure (bar)   Constr. rmsd
   -1.34965e+05    3.07032e+02   -1.77456e+02    8.08784e+01    8.20218e-06

           Step           Time         Lambda
          10500       21.00000        0.00000

   Energies (kJ/mol)
       G96Angle    Proper Dih.  Improper Dih.        LJ (SR)  Disper. corr.
    1.04337e+04    6.61270e+03    4.98833e+02   -2.91646e+03   -2.15374e+03
   Coulomb (SR)   Coul. recip.      Potential    Kinetic En.   Total Energy
   -1.95156e+05    7.83851e+02   -1.81897e+05    3.25702e+04   -1.49327e+05
  Conserved En.    Temperature Pres. DC (bar) Pressure (bar)   Constr. rmsd
   -1.34957e+05    3.06841e+02   -1.77456e+02   -3.54311e+02    8.89594e-06

DD  step 10999  vol min/aver 0.485  load imb.: force  4.3%  pme mesh/force 0.557

           Step           Time         Lambda
          11000       22.00000        0.00000

   Energies (kJ/mol)
       G96Angle    Proper Dih.  Improper Dih.        LJ (SR)  Disper. corr.
    9.92629e+03    6.75108e+03    4.80005e+02   -2.38241e+03   -2.15374e+03
   Coulomb (SR)   Coul. recip.      Potential    Kinetic En.   Total Energy
   -1.96049e+05    7.98558e+02   -1.82630e+05    3.22349e+04   -1.50395e+05
  Conserved En.    Temperature Pres. DC (bar) Pressure (bar)   Constr. rmsd
   -1.34956e+05    3.03683e+02   -1.77456e+02    3.02491e+02    8.35726e-06

           Step           Time         Lambda
          11500       23.00000        0.00000

   Energies (kJ/mol)
       G96Angle    Proper Dih.  Improper Dih.        LJ (SR)  Disper. corr.
    1.03816e+04    6.68755e+03    5.19556e+02   -3.33024e+03   -2.15374e+03
   Coulomb (SR)   Coul. recip.      Potential    Kinetic En.   Total Energy
   -1.95087e+05    7.42594e+02   -1.82239e+05    3.25027e+04   -1.49737e+05
  Conserved En.    Temperature Pres. DC (bar) Pressure (bar)   Constr. rmsd
   -1.34893e+05    3.06205e+02   -1.77456e+02   -3.70340e+02    8.68249e-06

DD  step 11999  vol min/aver 0.500  load imb.: force  4.6%  pme mesh/force 0.543

           Step           Time         Lambda
          12000       24.00000        0.00000

   Energies (kJ/mol)
       G96Angle    Proper Dih.  Improper Dih.        LJ (SR)  Disper. corr.
    1.02075e+04    6.69510e+03    5.08790e+02   -3.18336e+03   -2.15374e+03
   Coulomb (SR)   Coul. recip.      Potential    Kinetic En.   Total Energy
   -1.94804e+05    8.06668e+02   -1.81923e+05    3.19091e+04   -1.50014e+05
  Conserved En.    Temperature Pres. DC (bar) Pressure (bar)   Constr. rmsd
   -1.35008e+05    3.00614e+02   -1.77456e+02   -1.31382e+02    8.08442e-06

           Step           Time         Lambda
          12500       25.00000        0.00000

   Energies (kJ/mol)
       G96Angle    Proper Dih.  Improper Dih.        LJ (SR)  Disper. corr.
    1.02532e+04    6.46779e+03    4.56528e+02   -3.10842e+03   -2.15374e+03
   Coulomb (SR)   Coul. recip.      Potential    Kinetic En.   Total Energy
   -1.94766e+05    7.81527e+02   -1.82069e+05    3.21006e+04   -1.49968e+05
  Conserved En.    Temperature Pres. DC (bar) Pressure (bar)   Constr. rmsd
   -1.34959e+05    3.02418e+02   -1.77456e+02   -5.63682e+02    8.11420e-06

DD  step 12999  vol min/aver 0.473  load imb.: force  5.0%  pme mesh/force 0.523

           Step           Time         Lambda
          13000       26.00000        0.00000

   Energies (kJ/mol)
       G96Angle    Proper Dih.  Improper Dih.        LJ (SR)  Disper. corr.
    9.93797e+03    6.84489e+03    5.27510e+02   -3.57478e+03   -2.15374e+03
   Coulomb (SR)   Coul. recip.      Potential    Kinetic En.   Total Energy
   -1.94597e+05    7.93566e+02   -1.82221e+05    3.21869e+04   -1.50034e+05
  Conserved En.    Temperature Pres. DC (bar) Pressure (bar)   Constr. rmsd
   -1.34932e+05    3.03231e+02   -1.77456e+02   -4.08264e+02    8.47504e-06

           Step           Time         Lambda
          13500       27.00000        0.00000

   Energies (kJ/mol)
       G96Angle    Proper Dih.  Improper Dih.        LJ (SR)  Disper. corr.
    1.00559e+04    6.72457e+03    5.92640e+02   -3.40359e+03   -2.15374e+03
   Coulomb (SR)   Coul. recip.      Potential    Kinetic En.   Total Energy
   -1.95515e+05    7.43186e+02   -1.82956e+05    3.24521e+04   -1.50504e+05
  Conserved En.    Temperature Pres. DC (bar) Pressure (bar)   Constr. rmsd
   -1.34851e+05    3.05729e+02   -1.77456e+02   -5.03092e+02    8.11197e-06

DD  step 13999  vol min/aver 0.495  load imb.: force  2.4%  pme mesh/force 0.536

           Step           Time         Lambda
          14000       28.00000        0.00000

   Energies (kJ/mol)
       G96Angle    Proper Dih.  Improper Dih.        LJ (SR)  Disper. corr.
    1.00067e+04    6.67288e+03    4.76345e+02   -2.97458e+03   -2.15374e+03
   Coulomb (SR)   Coul. recip.      Potential    Kinetic En.   Total Energy
   -1.95213e+05    7.57977e+02   -1.82428e+05    3.22292e+04   -1.50199e+05
  Conserved En.    Temperature Pres. DC (bar) Pressure (bar)   Constr. rmsd
   -1.34996e+05    3.03629e+02   -1.77456e+02   -1.99128e+02    7.79433e-06

           Step           Time         Lambda
          14500       29.00000        0.00000

   Energies (kJ/mol)
       G96Angle    Proper Dih.  Improper Dih.        LJ (SR)  Disper. corr.
    9.94898e+03    6.72185e+03    4.22344e+02   -3.68876e+03   -2.15374e+03
   Coulomb (SR)   Coul. recip.      Potential    Kinetic En.   Total Energy
   -1.95138e+05    7.61495e+02   -1.83126e+05    3.22252e+04   -1.50901e+05
  Conserved En.    Temperature Pres. DC (bar) Pressure (bar)   Constr. rmsd
   -1.34981e+05    3.03592e+02   -1.77456e+02   -4.44742e+02    7.83139e-06

DD  step 14999  vol min/aver 0.480  load imb.: force  4.1%  pme mesh/force 0.533

           Step           Time         Lambda
          15000       30.00000        0.00000

   Energies (kJ/mol)
       G96Angle    Proper Dih.  Improper Dih.        LJ (SR)  Disper. corr.
    9.95766e+03    6.74379e+03    4.80095e+02   -3.17912e+03   -2.15374e+03
   Coulomb (SR)   Coul. recip.      Potential    Kinetic En.   Total Energy
   -1.95391e+05    7.48534e+02   -1.82793e+05    3.29160e+04   -1.49877e+05
  Conserved En.    Temperature Pres. DC (bar) Pressure (bar)   Constr. rmsd
   -1.34852e+05    3.10100e+02   -1.77456e+02    1.24988e+02    8.17586e-06

           Step           Time         Lambda
          15500       31.00000        0.00000

   Energies (kJ/mol)
       G96Angle    Proper Dih.  Improper Dih.        LJ (SR)  Disper. corr.
    9.84462e+03    6.85935e+03    5.06309e+02   -3.04160e+03   -2.15374e+03
   Coulomb (SR)   Coul. recip.      Potential    Kinetic En.   Total Energy
   -1.95988e+05    7.08731e+02   -1.83264e+05    3.19669e+04   -1.51297e+05
  Conserved En.    Temperature Pres. DC (bar) Pressure (bar)   Constr. rmsd
   -1.34926e+05    3.01158e+02   -1.77456e+02   -3.77339e+02    8.01720e-06

DD  step 15999  vol min/aver 0.479  load imb.: force  3.6%  pme mesh/force 0.666

           Step           Time         Lambda
          16000       32.00000        0.00000

   Energies (kJ/mol)
       G96Angle    Proper Dih.  Improper Dih.        LJ (SR)  Disper. corr.
    9.91428e+03    6.62704e+03    5.32101e+02   -3.12564e+03   -2.15374e+03
   Coulomb (SR)   Coul. recip.      Potential    Kinetic En.   Total Energy
   -1.95968e+05    7.59831e+02   -1.83414e+05    3.23752e+04   -1.51039e+05
  Conserved En.    Temperature Pres. DC (bar) Pressure (bar)   Constr. rmsd
   -1.34955e+05    3.05004e+02   -1.77456e+02   -1.53799e+02    8.52647e-06

           Step           Time         Lambda
          16500       33.00000        0.00000

   Energies (kJ/mol)
       G96Angle    Proper Dih.  Improper Dih.        LJ (SR)  Disper. corr.
    9.87760e+03    6.71755e+03    4.62565e+02   -3.30497e+03   -2.15374e+03
   Coulomb (SR)   Coul. recip.      Potential    Kinetic En.   Total Energy
   -1.95961e+05    7.40417e+02   -1.83621e+05    3.24587e+04   -1.51163e+05
  Conserved En.    Temperature Pres. DC (bar) Pressure (bar)   Constr. rmsd
   -1.34930e+05    3.05791e+02   -1.77456e+02   -3.76160e+02    7.77528e-06

DD  step 16999  vol min/aver 0.505  load imb.: force  2.5%  pme mesh/force 0.550

           Step           Time         Lambda
          17000       34.00000        0.00000

   Energies (kJ/mol)
       G96Angle    Proper Dih.  Improper Dih.        LJ (SR)  Disper. corr.
    9.85334e+03    6.81419e+03    5.07173e+02   -3.33084e+03   -2.15374e+03
   Coulomb (SR)   Coul. recip.      Potential    Kinetic En.   Total Energy
   -1.95634e+05    6.89395e+02   -1.83254e+05    3.24893e+04   -1.50765e+05
  Conserved En.    Temperature Pres. DC (bar) Pressure (bar)   Constr. rmsd
   -1.34855e+05    3.06080e+02   -1.77456e+02   -6.75084e+02    8.51059e-06

           Step           Time         Lambda
          17500       35.00000        0.00000

   Energies (kJ/mol)
       G96Angle    Proper Dih.  Improper Dih.        LJ (SR)  Disper. corr.
    9.89432e+03    6.66472e+03    4.90341e+02   -3.24969e+03   -2.15374e+03
   Coulomb (SR)   Coul. recip.      Potential    Kinetic En.   Total Energy
   -1.95826e+05    7.55607e+02   -1.83424e+05    3.20015e+04   -1.51423e+05
  Conserved En.    Temperature Pres. DC (bar) Pressure (bar)   Constr. rmsd
   -1.34881e+05    3.01484e+02   -1.77456e+02   -4.33232e+02    7.89442e-06

DD  step 17999  vol min/aver 0.497  load imb.: force  4.7%  pme mesh/force 0.569

           Step           Time         Lambda
          18000       36.00000        0.00000

   Energies (kJ/mol)
       G96Angle    Proper Dih.  Improper Dih.        LJ (SR)  Disper. corr.
    1.01476e+04    6.69933e+03    4.49991e+02   -2.73534e+03   -2.15374e+03
   Coulomb (SR)   Coul. recip.      Potential    Kinetic En.   Total Energy
   -1.96426e+05    7.40698e+02   -1.83277e+05    3.28742e+04   -1.50403e+05
  Conserved En.    Temperature Pres. DC (bar) Pressure (bar)   Constr. rmsd
   -1.34922e+05    3.09706e+02   -1.77456e+02   -4.08060e+02    8.22302e-06

           Step           Time         Lambda
          18500       37.00000        0.00000

   Energies (kJ/mol)
       G96Angle    Proper Dih.  Improper Dih.        LJ (SR)  Disper. corr.
    1.00446e+04    6.52581e+03    4.57172e+02   -2.89911e+03   -2.15374e+03
   Coulomb (SR)   Coul. recip.      Potential    Kinetic En.   Total Energy
   -1.95530e+05    7.44158e+02   -1.82811e+05    3.22496e+04   -1.50561e+05
  Conserved En.    Temperature Pres. DC (bar) Pressure (bar)   Constr. rmsd
   -1.34913e+05    3.03822e+02   -1.77456e+02   -3.44860e+02    8.24785e-06

DD  step 18999  vol min/aver 0.488  load imb.: force  4.2%  pme mesh/force 0.542

           Step           Time         Lambda
          19000       38.00000        0.00000

   Energies (kJ/mol)
       G96Angle    Proper Dih.  Improper Dih.        LJ (SR)  Disper. corr.
    9.92080e+03    6.73442e+03    4.63440e+02   -3.23728e+03   -2.15374e+03
   Coulomb (SR)   Coul. recip.      Potential    Kinetic En.   Total Energy
   -1.95305e+05    7.79333e+02   -1.82798e+05    3.21452e+04   -1.50652e+05
  Conserved En.    Temperature Pres. DC (bar) Pressure (bar)   Constr. rmsd
   -1.34958e+05    3.02838e+02   -1.77456e+02   -7.71380e+02    8.42572e-06

           Step           Time         Lambda
          19500       39.00000        0.00000

   Energies (kJ/mol)
       G96Angle    Proper Dih.  Improper Dih.        LJ (SR)  Disper. corr.
    9.91099e+03    6.53242e+03    4.78697e+02   -3.48923e+03   -2.15374e+03
   Coulomb (SR)   Coul. recip.      Potential    Kinetic En.   Total Energy
   -1.95334e+05    7.17102e+02   -1.83338e+05    3.26146e+04   -1.50723e+05
  Conserved En.    Temperature Pres. DC (bar) Pressure (bar)   Constr. rmsd
   -1.35021e+05    3.07260e+02   -1.77456e+02   -7.03663e+02    8.21879e-06

DD  step 19999  vol min/aver 0.470  load imb.: force  3.6%  pme mesh/force 0.530

           Step           Time         Lambda
          20000       40.00000        0.00000

   Energies (kJ/mol)
       G96Angle    Proper Dih.  Improper Dih.        LJ (SR)  Disper. corr.
    9.87728e+03    6.52655e+03    4.13433e+02   -3.00117e+03   -2.15374e+03
   Coulomb (SR)   Coul. recip.      Potential    Kinetic En.   Total Energy
   -1.96694e+05    6.63405e+02   -1.84369e+05    3.18583e+04   -1.52510e+05
  Conserved En.    Temperature Pres. DC (bar) Pressure (bar)   Constr. rmsd
   -1.34842e+05    3.00135e+02   -1.77456e+02   -4.98504e+02    7.72643e-06

           Step           Time         Lambda
          20500       41.00000        0.00000

   Energies (kJ/mol)
       G96Angle    Proper Dih.  Improper Dih.        LJ (SR)  Disper. corr.
    1.00379e+04    6.81312e+03    5.12977e+02   -3.12626e+03   -2.15374e+03
   Coulomb (SR)   Coul. recip.      Potential    Kinetic En.   Total Energy
   -1.96289e+05    6.81503e+02   -1.83523e+05    3.26793e+04   -1.50844e+05
  Conserved En.    Temperature Pres. DC (bar) Pressure (bar)   Constr. rmsd
   -1.34950e+05    3.07870e+02   -1.77456e+02   -5.36470e+02    8.33924e-06

DD  step 20999  vol min/aver 0.471  load imb.: force  3.6%  pme mesh/force 0.509

           Step           Time         Lambda
          21000       42.00000        0.00000

   Energies (kJ/mol)
       G96Angle    Proper Dih.  Improper Dih.        LJ (SR)  Disper. corr.
    1.00153e+04    6.48571e+03    4.24059e+02   -2.70040e+03   -2.15374e+03
   Coulomb (SR)   Coul. recip.      Potential    Kinetic En.   Total Energy
   -1.96387e+05    6.85342e+02   -1.83630e+05    3.23652e+04   -1.51265e+05
  Conserved En.    Temperature Pres. DC (bar) Pressure (bar)   Constr. rmsd
   -1.34760e+05    3.04910e+02   -1.77456e+02   -6.95130e+02    7.91681e-06

           Step           Time         Lambda
          21500       43.00000        0.00000

   Energies (kJ/mol)
       G96Angle    Proper Dih.  Improper Dih.        LJ (SR)  Disper. corr.
    9.90904e+03    6.68558e+03    4.41918e+02   -2.75637e+03   -2.15374e+03
   Coulomb (SR)   Coul. recip.      Potential    Kinetic En.   Total Energy
   -1.96324e+05    7.68897e+02   -1.83428e+05    3.24975e+04   -1.50931e+05
  Conserved En.    Temperature Pres. DC (bar) Pressure (bar)   Constr. rmsd
   -1.34986e+05    3.06157e+02   -1.77456e+02   -6.16902e+02    8.69029e-06

DD  step 21999  vol min/aver 0.470  load imb.: force  4.4%  pme mesh/force 0.619

           Step           Time         Lambda
          22000       44.00000        0.00000

   Energies (kJ/mol)
       G96Angle    Proper Dih.  Improper Dih.        LJ (SR)  Disper. corr.
    9.75075e+03    6.67413e+03    4.08264e+02   -3.18930e+03   -2.15374e+03
   Coulomb (SR)   Coul. recip.      Potential    Kinetic En.   Total Energy
   -1.95035e+05    7.38001e+02   -1.82807e+05    3.22724e+04   -1.50534e+05
  Conserved En.    Temperature Pres. DC (bar) Pressure (bar)   Constr. rmsd
   -1.34961e+05    3.04036e+02   -1.77456e+02   -2.73988e+02    8.17243e-06

           Step           Time         Lambda
          22500       45.00000        0.00000

   Energies (kJ/mol)
       G96Angle    Proper Dih.  Improper Dih.        LJ (SR)  Disper. corr.
    1.00745e+04    6.74741e+03    4.46923e+02   -3.32922e+03   -2.15374e+03
   Coulomb (SR)   Coul. recip.      Potential    Kinetic En.   Total Energy
   -1.95780e+05    7.51609e+02   -1.83243e+05    3.25972e+04   -1.50646e+05
  Conserved En.    Temperature Pres. DC (bar) Pressure (bar)   Constr. rmsd
   -1.34933e+05    3.07096e+02   -1.77456e+02   -4.51538e+02    8.43588e-06

DD  step 22999  vol min/aver 0.471  load imb.: force  4.7%  pme mesh/force 0.559

           Step           Time         Lambda
          23000       46.00000        0.00000

   Energies (kJ/mol)
       G96Angle    Proper Dih.  Improper Dih.        LJ (SR)  Disper. corr.
    9.80387e+03    6.69194e+03    4.66492e+02   -3.05057e+03   -2.15374e+03
   Coulomb (SR)   Coul. recip.      Potential    Kinetic En.   Total Energy
   -1.96373e+05    7.56544e+02   -1.83858e+05    3.24716e+04   -1.51387e+05
  Conserved En.    Temperature Pres. DC (bar) Pressure (bar)   Constr. rmsd
   -1.34928e+05    3.05913e+02   -1.77456e+02   -4.35825e+02    7.98875e-06

           Step           Time         Lambda
          23500       47.00000        0.00000

   Energies (kJ/mol)
       G96Angle    Proper Dih.  Improper Dih.        LJ (SR)  Disper. corr.
    9.98552e+03    6.54677e+03    4.20258e+02   -2.69139e+03   -2.15374e+03
   Coulomb (SR)   Coul. recip.      Potential    Kinetic En.   Total Energy
   -1.96694e+05    7.22559e+02   -1.83864e+05    3.23867e+04   -1.51478e+05
  Conserved En.    Temperature Pres. DC (bar) Pressure (bar)   Constr. rmsd
   -1.34839e+05    3.05113e+02   -1.77456e+02   -7.84110e+02    8.76985e-06

DD  step 23999  vol min/aver 0.475  load imb.: force  4.0%  pme mesh/force 0.521

           Step           Time         Lambda
          24000       48.00000        0.00000

   Energies (kJ/mol)
       G96Angle    Proper Dih.  Improper Dih.        LJ (SR)  Disper. corr.
    1.00806e+04    6.42475e+03    4.56842e+02   -3.20765e+03   -2.15374e+03
   Coulomb (SR)   Coul. recip.      Potential    Kinetic En.   Total Energy
   -1.96006e+05    6.83733e+02   -1.83721e+05    3.22034e+04   -1.51518e+05
  Conserved En.    Temperature Pres. DC (bar) Pressure (bar)   Constr. rmsd
   -1.34879e+05    3.03386e+02   -1.77456e+02   -3.03242e+02    8.23637e-06

           Step           Time         Lambda
          24500       49.00000        0.00000

   Energies (kJ/mol)
       G96Angle    Proper Dih.  Improper Dih.        LJ (SR)  Disper. corr.
    9.83816e+03    6.74659e+03    4.79896e+02   -2.94808e+03   -2.15374e+03
   Coulomb (SR)   Coul. recip.      Potential    Kinetic En.   Total Energy
   -1.96595e+05    6.78331e+02   -1.83954e+05    3.26509e+04   -1.51303e+05
  Conserved En.    Temperature Pres. DC (bar) Pressure (bar)   Constr. rmsd
   -1.34835e+05    3.07602e+02   -1.77456e+02   -6.01758e+02    7.61704e-06

DD  step 24999  vol min/aver 0.487  load imb.: force  4.7%  pme mesh/force 0.529

           Step           Time         Lambda
          25000       50.00000        0.00000

   Energies (kJ/mol)
       G96Angle    Proper Dih.  Improper Dih.        LJ (SR)  Disper. corr.
    1.00712e+04    6.52002e+03    4.76500e+02   -3.69762e+03   -2.15374e+03
   Coulomb (SR)   Coul. recip.      Potential    Kinetic En.   Total Energy
   -1.95693e+05    7.50878e+02   -1.83726e+05    3.25204e+04   -1.51205e+05
  Conserved En.    Temperature Pres. DC (bar) Pressure (bar)   Constr. rmsd
   -1.34928e+05    3.06372e+02   -1.77456e+02   -9.83381e+02    8.56608e-06

           Step           Time         Lambda
          25500       51.00000        0.00000

   Energies (kJ/mol)
       G96Angle    Proper Dih.  Improper Dih.        LJ (SR)  Disper. corr.
    9.96609e+03    6.69441e+03    4.76684e+02   -3.46968e+03   -2.15374e+03
   Coulomb (SR)   Coul. recip.      Potential    Kinetic En.   Total Energy
   -1.95853e+05    6.63454e+02   -1.83676e+05    3.25408e+04   -1.51135e+05
  Conserved En.    Temperature Pres. DC (bar) Pressure (bar)   Constr. rmsd
   -1.34896e+05    3.06565e+02   -1.77456e+02   -4.90740e+02    7.58333e-06

DD  step 25999  vol min/aver 0.506  load imb.: force  4.2%  pme mesh/force 0.552

           Step           Time         Lambda
          26000       52.00000        0.00000

   Energies (kJ/mol)
       G96Angle    Proper Dih.  Improper Dih.        LJ (SR)  Disper. corr.
    9.89897e+03    6.51418e+03    4.86779e+02   -3.43108e+03   -2.15374e+03
   Coulomb (SR)   Coul. recip.      Potential    Kinetic En.   Total Energy
   -1.96209e+05    6.70944e+02   -1.84223e+05    3.26135e+04   -1.51609e+05
  Conserved En.    Temperature Pres. DC (bar) Pressure (bar)   Constr. rmsd
   -1.34974e+05    3.07249e+02   -1.77456e+02   -7.40838e+02    7.63593e-06

           Step           Time         Lambda
          26500       53.00000        0.00000

   Energies (kJ/mol)
       G96Angle    Proper Dih.  Improper Dih.        LJ (SR)  Disper. corr.
    1.00151e+04    6.81815e+03    4.56502e+02   -2.62172e+03   -2.15374e+03
   Coulomb (SR)   Coul. recip.      Potential    Kinetic En.   Total Energy
   -1.96785e+05    6.61353e+02   -1.83609e+05    3.26615e+04   -1.50948e+05
  Conserved En.    Temperature Pres. DC (bar) Pressure (bar)   Constr. rmsd
   -1.34964e+05    3.07701e+02   -1.77456e+02   -4.21091e+02    7.84196e-06

DD  step 26999  vol min/aver 0.502  load imb.: force  7.3%  pme mesh/force 0.526

           Step           Time         Lambda
          27000       54.00000        0.00000

   Energies (kJ/mol)
       G96Angle    Proper Dih.  Improper Dih.        LJ (SR)  Disper. corr.
    9.84888e+03    6.66382e+03    4.84739e+02   -3.80758e+03   -2.15374e+03
   Coulomb (SR)   Coul. recip.      Potential    Kinetic En.   Total Energy
   -1.95368e+05    6.84547e+02   -1.83647e+05    3.22460e+04   -1.51401e+05
  Conserved En.    Temperature Pres. DC (bar) Pressure (bar)   Constr. rmsd
   -1.34930e+05    3.03788e+02   -1.77456e+02   -8.73349e+02    8.32195e-06

           Step           Time         Lambda
          27500       55.00000        0.00000

   Energies (kJ/mol)
       G96Angle    Proper Dih.  Improper Dih.        LJ (SR)  Disper. corr.
    1.00271e+04    6.62349e+03    4.63962e+02   -3.88621e+03   -2.15374e+03
   Coulomb (SR)   Coul. recip.      Potential    Kinetic En.   Total Energy
   -1.95229e+05    6.88324e+02   -1.83466e+05    3.23561e+04   -1.51110e+05
  Conserved En.    Temperature Pres. DC (bar) Pressure (bar)   Constr. rmsd
   -1.34982e+05    3.04825e+02   -1.77456e+02   -3.20122e+02    7.92636e-06

DD  step 27999  vol min/aver 0.517  load imb.: force  2.7%  pme mesh/force 0.547

           Step           Time         Lambda
          28000       56.00000        0.00000

   Energies (kJ/mol)
       G96Angle    Proper Dih.  Improper Dih.        LJ (SR)  Disper. corr.
    9.90141e+03    6.52842e+03    4.80638e+02   -3.18350e+03   -2.15374e+03
   Coulomb (SR)   Coul. recip.      Potential    Kinetic En.   Total Energy
   -1.96286e+05    6.73441e+02   -1.84039e+05    3.22518e+04   -1.51787e+05
  Conserved En.    Temperature Pres. DC (bar) Pressure (bar)   Constr. rmsd
   -1.34871e+05    3.03842e+02   -1.77456e+02   -6.52844e+02    8.67474e-06

           Step           Time         Lambda
          28500       57.00000        0.00000

   Energies (kJ/mol)
       G96Angle    Proper Dih.  Improper Dih.        LJ (SR)  Disper. corr.
    9.83767e+03    6.61887e+03    4.38187e+02   -2.66626e+03   -2.15374e+03
   Coulomb (SR)   Coul. recip.      Potential    Kinetic En.   Total Energy
   -1.97007e+05    7.20489e+02   -1.84212e+05    3.18880e+04   -1.52324e+05
  Conserved En.    Temperature Pres. DC (bar) Pressure (bar)   Constr. rmsd
   -1.34865e+05    3.00414e+02   -1.77456e+02   -4.65254e+02    8.48280e-06

DD  step 28999  vol min/aver 0.495  load imb.: force  3.6%  pme mesh/force 0.531

           Step           Time         Lambda
          29000       58.00000        0.00000

   Energies (kJ/mol)
       G96Angle    Proper Dih.  Improper Dih.        LJ (SR)  Disper. corr.
    1.04344e+04    6.60815e+03    4.44992e+02   -3.74872e+03   -2.15374e+03
   Coulomb (SR)   Coul. recip.      Potential    Kinetic En.   Total Energy
   -1.96076e+05    6.70546e+02   -1.83820e+05    3.23963e+04   -1.51424e+05
  Conserved En.    Temperature Pres. DC (bar) Pressure (bar)   Constr. rmsd
   -1.34961e+05    3.05203e+02   -1.77456e+02   -5.44072e+02    8.37919e-06

           Step           Time         Lambda
          29500       59.00000        0.00000

   Energies (kJ/mol)
       G96Angle    Proper Dih.  Improper Dih.        LJ (SR)  Disper. corr.
    9.63822e+03    6.57149e+03    4.47030e+02   -3.69942e+03   -2.15374e+03
   Coulomb (SR)   Coul. recip.      Potential    Kinetic En.   Total Energy
   -1.96079e+05    6.82681e+02   -1.84593e+05    3.23264e+04   -1.52267e+05
  Conserved En.    Temperature Pres. DC (bar) Pressure (bar)   Constr. rmsd
   -1.34909e+05    3.04545e+02   -1.77456e+02   -9.73131e+02    8.47142e-06

DD  step 29999  vol min/aver 0.467  load imb.: force  4.6%  pme mesh/force 0.537

           Step           Time         Lambda
          30000       60.00000        0.00000

   Energies (kJ/mol)
       G96Angle    Proper Dih.  Improper Dih.        LJ (SR)  Disper. corr.
    9.92052e+03    6.58578e+03    4.65131e+02   -2.43024e+03   -2.15374e+03
   Coulomb (SR)   Coul. recip.      Potential    Kinetic En.   Total Energy
   -1.97000e+05    7.13373e+02   -1.83900e+05    3.23197e+04   -1.51580e+05
  Conserved En.    Temperature Pres. DC (bar) Pressure (bar)   Constr. rmsd
   -1.34932e+05    3.04482e+02   -1.77456e+02    1.55619e+02    8.03657e-06

           Step           Time         Lambda
          30500       61.00000        0.00000

   Energies (kJ/mol)
       G96Angle    Proper Dih.  Improper Dih.        LJ (SR)  Disper. corr.
    1.00368e+04    6.58945e+03    4.62468e+02   -3.07238e+03   -2.15374e+03
   Coulomb (SR)   Coul. recip.      Potential    Kinetic En.   Total Energy
   -1.96021e+05    7.01702e+02   -1.83456e+05    3.19514e+04   -1.51505e+05
  Conserved En.    Temperature Pres. DC (bar) Pressure (bar)   Constr. rmsd
   -1.34902e+05    3.01012e+02   -1.77456e+02   -7.64805e+02    8.41306e-06

DD  step 30999  vol min/aver 0.495  load imb.: force  2.4%  pme mesh/force 0.532

           Step           Time         Lambda
          31000       62.00000        0.00000

   Energies (kJ/mol)
       G96Angle    Proper Dih.  Improper Dih.        LJ (SR)  Disper. corr.
    9.89442e+03    6.59104e+03    4.73926e+02   -3.57092e+03   -2.15374e+03
   Coulomb (SR)   Coul. recip.      Potential    Kinetic En.   Total Energy
   -1.96182e+05    6.74540e+02   -1.84272e+05    3.20981e+04   -1.52174e+05
  Conserved En.    Temperature Pres. DC (bar) Pressure (bar)   Constr. rmsd
   -1.34890e+05    3.02394e+02   -1.77456e+02   -7.47425e+02    7.80429e-06

           Step           Time         Lambda
          31500       63.00000        0.00000

   Energies (kJ/mol)
       G96Angle    Proper Dih.  Improper Dih.        LJ (SR)  Disper. corr.
    9.63590e+03    6.63702e+03    4.67281e+02   -3.30373e+03   -2.15374e+03
   Coulomb (SR)   Coul. recip.      Potential    Kinetic En.   Total Energy
   -1.96029e+05    7.02278e+02   -1.84044e+05    3.25448e+04   -1.51499e+05
  Conserved En.    Temperature Pres. DC (bar) Pressure (bar)   Constr. rmsd
   -1.34815e+05    3.06603e+02   -1.77456e+02   -3.98710e+02    8.61675e-06

DD  step 31999  vol min/aver 0.486  load imb.: force  4.3%  pme mesh/force 0.542

           Step           Time         Lambda
          32000       64.00000        0.00000

   Energies (kJ/mol)
       G96Angle    Proper Dih.  Improper Dih.        LJ (SR)  Disper. corr.
    9.84985e+03    6.52351e+03    4.75382e+02   -2.70004e+03   -2.15374e+03
   Coulomb (SR)   Coul. recip.      Potential    Kinetic En.   Total Energy
   -1.96979e+05    7.14542e+02   -1.84270e+05    3.24705e+04   -1.51799e+05
  Conserved En.    Temperature Pres. DC (bar) Pressure (bar)   Constr. rmsd
   -1.34881e+05    3.05902e+02   -1.77456e+02   -4.75209e+02    8.04770e-06

           Step           Time         Lambda
          32500       65.00000        0.00000

   Energies (kJ/mol)
       G96Angle    Proper Dih.  Improper Dih.        LJ (SR)  Disper. corr.
    9.90608e+03    6.63325e+03    5.15835e+02   -3.34993e+03   -2.15374e+03
   Coulomb (SR)   Coul. recip.      Potential    Kinetic En.   Total Energy
   -1.95878e+05    6.76966e+02   -1.83649e+05    3.24860e+04   -1.51163e+05
  Conserved En.    Temperature Pres. DC (bar) Pressure (bar)   Constr. rmsd
   -1.34802e+05    3.06048e+02   -1.77456e+02   -7.24696e+02    7.85162e-06

DD  step 32999  vol min/aver 0.495  load imb.: force  4.3%  pme mesh/force 0.563

           Step           Time         Lambda
          33000       66.00000        0.00000

   Energies (kJ/mol)
       G96Angle    Proper Dih.  Improper Dih.        LJ (SR)  Disper. corr.
    9.88592e+03    6.64879e+03    4.65453e+02   -3.48351e+03   -2.15374e+03
   Coulomb (SR)   Coul. recip.      Potential    Kinetic En.   Total Energy
   -1.95794e+05    6.47017e+02   -1.83784e+05    3.22976e+04   -1.51486e+05
  Conserved En.    Temperature Pres. DC (bar) Pressure (bar)   Constr. rmsd
   -1.34827e+05    3.04274e+02   -1.77456e+02   -3.94501e+02    8.68243e-06

           Step           Time         Lambda
          33500       67.00000        0.00000

   Energies (kJ/mol)
       G96Angle    Proper Dih.  Improper Dih.        LJ (SR)  Disper. corr.
    9.88462e+03    6.80401e+03    3.52737e+02   -3.58142e+03   -2.15374e+03
   Coulomb (SR)   Coul. recip.      Potential    Kinetic En.   Total Energy
   -1.95502e+05    6.77338e+02   -1.83519e+05    3.21367e+04   -1.51382e+05
  Conserved En.    Temperature Pres. DC (bar) Pressure (bar)   Constr. rmsd
   -1.34734e+05    3.02758e+02   -1.77456e+02   -7.03243e+02    8.45892e-06

DD  step 33999  vol min/aver 0.471  load imb.: force  5.7%  pme mesh/force 0.524

           Step           Time         Lambda
          34000       68.00000        0.00000

   Energies (kJ/mol)
       G96Angle    Proper Dih.  Improper Dih.        LJ (SR)  Disper. corr.
    9.76278e+03    6.57530e+03    4.96452e+02   -2.98557e+03   -2.15374e+03
   Coulomb (SR)   Coul. recip.      Potential    Kinetic En.   Total Energy
   -1.96651e+05    6.55000e+02   -1.84301e+05    3.23571e+04   -1.51944e+05
  Conserved En.    Temperature Pres. DC (bar) Pressure (bar)   Constr. rmsd
   -1.34884e+05    3.04834e+02   -1.77456e+02   -2.76172e+02    7.62305e-06

           Step           Time         Lambda
          34500       69.00000        0.00000

   Energies (kJ/mol)
       G96Angle    Proper Dih.  Improper Dih.        LJ (SR)  Disper. corr.
    9.90449e+03    6.54809e+03    4.62867e+02   -3.05674e+03   -2.15374e+03
   Coulomb (SR)   Coul. recip.      Potential    Kinetic En.   Total Energy
   -1.96485e+05    7.07306e+02   -1.84072e+05    3.21722e+04   -1.51900e+05
  Conserved En.    Temperature Pres. DC (bar) Pressure (bar)   Constr. rmsd
   -1.34858e+05    3.03093e+02   -1.77456e+02   -5.42726e+02    8.28834e-06

DD  step 34999  vol min/aver 0.475  load imb.: force  4.1%  pme mesh/force 0.523

           Step           Time         Lambda
          35000       70.00000        0.00000

   Energies (kJ/mol)
       G96Angle    Proper Dih.  Improper Dih.        LJ (SR)  Disper. corr.
    1.00272e+04    6.58717e+03    4.09320e+02   -3.36358e+03   -2.15374e+03
   Coulomb (SR)   Coul. recip.      Potential    Kinetic En.   Total Energy
   -1.95545e+05    6.71983e+02   -1.83367e+05    3.21024e+04   -1.51265e+05
  Conserved En.    Temperature Pres. DC (bar) Pressure (bar)   Constr. rmsd
   -1.34806e+05    3.02434e+02   -1.77456e+02   -7.45661e+02    8.10848e-06

           Step           Time         Lambda
          35500       71.00000        0.00000

   Energies (kJ/mol)
       G96Angle    Proper Dih.  Improper Dih.        LJ (SR)  Disper. corr.
    9.75047e+03    6.34969e+03    4.21338e+02   -3.41636e+03   -2.15374e+03
   Coulomb (SR)   Coul. recip.      Potential    Kinetic En.   Total Energy
   -1.96012e+05    6.82605e+02   -1.84378e+05    3.22441e+04   -1.52134e+05
  Conserved En.    Temperature Pres. DC (bar) Pressure (bar)   Constr. rmsd
   -1.34897e+05    3.03769e+02   -1.77456e+02   -6.20704e+02    8.68833e-06

DD  step 35999  vol min/aver 0.499  load imb.: force  3.8%  pme mesh/force 0.557

           Step           Time         Lambda
          36000       72.00000        0.00000

   Energies (kJ/mol)
       G96Angle    Proper Dih.  Improper Dih.        LJ (SR)  Disper. corr.
    9.73510e+03    6.40828e+03    4.08542e+02   -2.80996e+03   -2.15374e+03
   Coulomb (SR)   Coul. recip.      Potential    Kinetic En.   Total Energy
   -1.96780e+05    7.11304e+02   -1.84481e+05    3.21736e+04   -1.52307e+05
  Conserved En.    Temperature Pres. DC (bar) Pressure (bar)   Constr. rmsd
   -1.34793e+05    3.03106e+02   -1.77456e+02   -2.24632e+02    7.63036e-06

           Step           Time         Lambda
          36500       73.00000        0.00000

   Energies (kJ/mol)
       G96Angle    Proper Dih.  Improper Dih.        LJ (SR)  Disper. corr.
    9.86147e+03    6.65185e+03    4.50683e+02   -3.81108e+03   -2.15374e+03
   Coulomb (SR)   Coul. recip.      Potential    Kinetic En.   Total Energy
   -1.95366e+05    6.42452e+02   -1.83724e+05    3.24830e+04   -1.51241e+05
  Conserved En.    Temperature Pres. DC (bar) Pressure (bar)   Constr. rmsd
   -1.34898e+05    3.06020e+02   -1.77456e+02   -4.90303e+02    7.70547e-06

DD  step 36999  vol min/aver 0.501  load imb.: force  5.1%  pme mesh/force 0.546

           Step           Time         Lambda
          37000       74.00000        0.00000

   Energies (kJ/mol)
       G96Angle    Proper Dih.  Improper Dih.        LJ (SR)  Disper. corr.
    9.77525e+03    6.64839e+03    4.64606e+02   -3.47470e+03   -2.15374e+03
   Coulomb (SR)   Coul. recip.      Potential    Kinetic En.   Total Energy
   -1.96156e+05    6.95599e+02   -1.84200e+05    3.24390e+04   -1.51761e+05
  Conserved En.    Temperature Pres. DC (bar) Pressure (bar)   Constr. rmsd
   -1.34756e+05    3.05605e+02   -1.77456e+02   -7.98846e+02    7.81448e-06

           Step           Time         Lambda
          37500       75.00000        0.00000

   Energies (kJ/mol)
       G96Angle    Proper Dih.  Improper Dih.        LJ (SR)  Disper. corr.
    1.00429e+04    6.44485e+03    3.88222e+02   -4.19757e+03   -2.15374e+03
   Coulomb (SR)   Coul. recip.      Potential    Kinetic En.   Total Energy
   -1.95278e+05    6.69669e+02   -1.84084e+05    3.23905e+04   -1.51693e+05
  Conserved En.    Temperature Pres. DC (bar) Pressure (bar)   Constr. rmsd
   -1.34878e+05    3.05148e+02   -1.77456e+02   -1.09084e+03    8.34773e-06

DD  step 37999  vol min/aver 0.499  load imb.: force  6.7%  pme mesh/force 0.550

           Step           Time         Lambda
          38000       76.00000        0.00000

   Energies (kJ/mol)
       G96Angle    Proper Dih.  Improper Dih.        LJ (SR)  Disper. corr.
    9.71368e+03    6.33401e+03    4.45015e+02   -3.65012e+03   -2.15374e+03
   Coulomb (SR)   Coul. recip.      Potential    Kinetic En.   Total Energy
   -1.95347e+05    6.88606e+02   -1.83970e+05    3.21505e+04   -1.51819e+05
  Conserved En.    Temperature Pres. DC (bar) Pressure (bar)   Constr. rmsd
   -1.34751e+05    3.02888e+02   -1.77456e+02   -5.71597e+02    7.96303e-06

           Step           Time         Lambda
          38500       77.00000        0.00000

   Energies (kJ/mol)
       G96Angle    Proper Dih.  Improper Dih.        LJ (SR)  Disper. corr.
    9.75212e+03    6.49328e+03    4.47157e+02   -3.91696e+03   -2.15374e+03
   Coulomb (SR)   Coul. recip.      Potential    Kinetic En.   Total Energy
   -1.95395e+05    7.07811e+02   -1.84065e+05    3.25714e+04   -1.51494e+05
  Conserved En.    Temperature Pres. DC (bar) Pressure (bar)   Constr. rmsd
   -1.34904e+05    3.06853e+02   -1.77456e+02   -1.01314e+03    8.15876e-06

DD  step 38999  vol min/aver 0.483  load imb.: force  4.9%  pme mesh/force 0.544

           Step           Time         Lambda
          39000       78.00000        0.00000

   Energies (kJ/mol)
       G96Angle    Proper Dih.  Improper Dih.        LJ (SR)  Disper. corr.
    1.00060e+04    6.34179e+03    4.07037e+02   -3.63602e+03   -2.15374e+03
   Coulomb (SR)   Coul. recip.      Potential    Kinetic En.   Total Energy
   -1.96096e+05    6.93860e+02   -1.84437e+05    3.19253e+04   -1.52512e+05
  Conserved En.    Temperature Pres. DC (bar) Pressure (bar)   Constr. rmsd
   -1.34829e+05    3.00766e+02   -1.77456e+02   -7.49296e+02    8.06929e-06

           Step           Time         Lambda
          39500       79.00000        0.00000

   Energies (kJ/mol)
       G96Angle    Proper Dih.  Improper Dih.        LJ (SR)  Disper. corr.
    9.69284e+03    6.57332e+03    4.03357e+02   -2.95188e+03   -2.15374e+03
   Coulomb (SR)   Coul. recip.      Potential    Kinetic En.   Total Energy
   -1.96560e+05    7.02743e+02   -1.84294e+05    3.23566e+04   -1.51937e+05
  Conserved En.    Temperature Pres. DC (bar) Pressure (bar)   Constr. rmsd
   -1.34812e+05    3.04829e+02   -1.77456e+02   -1.36702e+02    8.00467e-06

DD  step 39999  vol min/aver 0.488  load imb.: force  3.7%  pme mesh/force 0.611

           Step           Time         Lambda
          40000       80.00000        0.00000

   Energies (kJ/mol)
       G96Angle    Proper Dih.  Improper Dih.        LJ (SR)  Disper. corr.
    9.93912e+03    6.42920e+03    4.59503e+02   -2.87833e+03   -2.15374e+03
   Coulomb (SR)   Coul. recip.      Potential    Kinetic En.   Total Energy
   -1.97164e+05    6.72791e+02   -1.84695e+05    3.26692e+04   -1.52026e+05
  Conserved En.    Temperature Pres. DC (bar) Pressure (bar)   Constr. rmsd
   -1.34973e+05    3.07775e+02   -1.77456e+02   -7.19350e+02    8.53698e-06

           Step           Time         Lambda
          40500       81.00000        0.00000

   Energies (kJ/mol)
       G96Angle    Proper Dih.  Improper Dih.        LJ (SR)  Disper. corr.
    9.92112e+03    6.52885e+03    4.09661e+02   -3.31062e+03   -2.15374e+03
   Coulomb (SR)   Coul. recip.      Potential    Kinetic En.   Total Energy
   -1.96201e+05    6.60901e+02   -1.84145e+05    3.22181e+04   -1.51927e+05
  Conserved En.    Temperature Pres. DC (bar) Pressure (bar)   Constr. rmsd
   -1.34926e+05    3.03525e+02   -1.77456e+02   -6.73502e+02    8.44031e-06

DD  step 40999  vol min/aver 0.493  load imb.: force  6.2%  pme mesh/force 0.544

           Step           Time         Lambda
          41000       82.00000        0.00000

   Energies (kJ/mol)
       G96Angle    Proper Dih.  Improper Dih.        LJ (SR)  Disper. corr.
    9.86454e+03    6.54059e+03    4.28631e+02   -2.49933e+03   -2.15374e+03
   Coulomb (SR)   Coul. recip.      Potential    Kinetic En.   Total Energy
   -1.96966e+05    7.01740e+02   -1.84083e+05    3.26507e+04   -1.51433e+05
  Conserved En.    Temperature Pres. DC (bar) Pressure (bar)   Constr. rmsd
   -1.34769e+05    3.07600e+02   -1.77456e+02   -2.99099e+02    8.45127e-06

           Step           Time         Lambda
          41500       83.00000        0.00000

   Energies (kJ/mol)
       G96Angle    Proper Dih.  Improper Dih.        LJ (SR)  Disper. corr.
    9.82531e+03    6.55530e+03    4.09673e+02   -3.21780e+03   -2.15374e+03
   Coulomb (SR)   Coul. recip.      Potential    Kinetic En.   Total Energy
   -1.96283e+05    6.87112e+02   -1.84177e+05    3.21397e+04   -1.52037e+05
  Conserved En.    Temperature Pres. DC (bar) Pressure (bar)   Constr. rmsd
   -1.34776e+05    3.02786e+02   -1.77456e+02   -4.83042e+02    8.10839e-06

DD  step 41999  vol min/aver 0.493  load imb.: force  3.8%  pme mesh/force 0.512

           Step           Time         Lambda
          42000       84.00000        0.00000

   Energies (kJ/mol)
       G96Angle    Proper Dih.  Improper Dih.        LJ (SR)  Disper. corr.
    9.78764e+03    6.40084e+03    3.91020e+02   -3.01565e+03   -2.15374e+03
   Coulomb (SR)   Coul. recip.      Potential    Kinetic En.   Total Energy
   -1.96275e+05    7.26903e+02   -1.84138e+05    3.21353e+04   -1.52003e+05
  Conserved En.    Temperature Pres. DC (bar) Pressure (bar)   Constr. rmsd
   -1.34750e+05    3.02745e+02   -1.77456e+02   -3.19289e+02    8.06708e-06

           Step           Time         Lambda
          42500       85.00000        0.00000

   Energies (kJ/mol)
       G96Angle    Proper Dih.  Improper Dih.        LJ (SR)  Disper. corr.
    9.63848e+03    6.54404e+03    4.40140e+02   -2.55413e+03   -2.15374e+03
   Coulomb (SR)   Coul. recip.      Potential    Kinetic En.   Total Energy
   -1.97195e+05    7.31151e+02   -1.84549e+05    3.23944e+04   -1.52154e+05
  Conserved En.    Temperature Pres. DC (bar) Pressure (bar)   Constr. rmsd
   -1.34895e+05    3.05186e+02   -1.77456e+02   -3.58685e+02    7.95655e-06

DD  step 42999  vol min/aver 0.491  load imb.: force  3.9%  pme mesh/force 0.554

           Step           Time         Lambda
          43000       86.00000        0.00000

   Energies (kJ/mol)
       G96Angle    Proper Dih.  Improper Dih.        LJ (SR)  Disper. corr.
    9.65531e+03    6.31149e+03    4.43819e+02   -3.63947e+03   -2.15374e+03
   Coulomb (SR)   Coul. recip.      Potential    Kinetic En.   Total Energy
   -1.95826e+05    6.77116e+02   -1.84531e+05    3.27675e+04   -1.51764e+05
  Conserved En.    Temperature Pres. DC (bar) Pressure (bar)   Constr. rmsd
   -1.34789e+05    3.08701e+02   -1.77456e+02   -7.63550e+02    8.17187e-06

           Step           Time         Lambda
          43500       87.00000        0.00000

   Energies (kJ/mol)
       G96Angle    Proper Dih.  Improper Dih.        LJ (SR)  Disper. corr.
    9.54822e+03    6.58202e+03    4.89969e+02   -2.50476e+03   -2.15374e+03
   Coulomb (SR)   Coul. recip.      Potential    Kinetic En.   Total Energy
   -1.97255e+05    6.98582e+02   -1.84594e+05    3.21159e+04   -1.52479e+05
  Conserved En.    Temperature Pres. DC (bar) Pressure (bar)   Constr. rmsd
   -1.34808e+05    3.02562e+02   -1.77456e+02   -4.34348e+02    8.40656e-06

DD  step 43999  vol min/aver 0.504  load imb.: force  4.1%  pme mesh/force 0.537

           Step           Time         Lambda
          44000       88.00000        0.00000

   Energies (kJ/mol)
       G96Angle    Proper Dih.  Improper Dih.        LJ (SR)  Disper. corr.
    9.82409e+03    6.40001e+03    4.28989e+02   -3.23167e+03   -2.15374e+03
   Coulomb (SR)   Coul. recip.      Potential    Kinetic En.   Total Energy
   -1.96604e+05    7.07686e+02   -1.84629e+05    3.24694e+04   -1.52159e+05
  Conserved En.    Temperature Pres. DC (bar) Pressure (bar)   Constr. rmsd
   -1.34821e+05    3.05892e+02   -1.77456e+02   -7.16940e+02    8.57651e-06

           Step           Time         Lambda
          44500       89.00000        0.00000

   Energies (kJ/mol)
       G96Angle    Proper Dih.  Improper Dih.        LJ (SR)  Disper. corr.
    9.74301e+03    6.48015e+03    4.25660e+02   -3.10636e+03   -2.15374e+03
   Coulomb (SR)   Coul. recip.      Potential    Kinetic En.   Total Energy
   -1.96833e+05    7.09574e+02   -1.84734e+05    3.24296e+04   -1.52305e+05
  Conserved En.    Temperature Pres. DC (bar) Pressure (bar)   Constr. rmsd
   -1.34909e+05    3.05517e+02   -1.77456e+02   -6.48967e+02    7.71183e-06

DD  step 44999  vol min/aver 0.508  load imb.: force  3.1%  pme mesh/force 0.538

           Step           Time         Lambda
          45000       90.00000        0.00000

   Energies (kJ/mol)
       G96Angle    Proper Dih.  Improper Dih.        LJ (SR)  Disper. corr.
    9.83179e+03    6.38519e+03    4.67341e+02   -2.63315e+03   -2.15374e+03
   Coulomb (SR)   Coul. recip.      Potential    Kinetic En.   Total Energy
   -1.97050e+05    6.85384e+02   -1.84467e+05    3.22231e+04   -1.52244e+05
  Conserved En.    Temperature Pres. DC (bar) Pressure (bar)   Constr. rmsd
   -1.34910e+05    3.03572e+02   -1.77456e+02   -1.18012e+02    8.13554e-06

           Step           Time         Lambda
          45500       91.00000        0.00000

   Energies (kJ/mol)
       G96Angle    Proper Dih.  Improper Dih.        LJ (SR)  Disper. corr.
    9.63503e+03    6.38426e+03    4.53930e+02   -2.25855e+03   -2.15374e+03
   Coulomb (SR)   Coul. recip.      Potential    Kinetic En.   Total Energy
   -1.97189e+05    6.98908e+02   -1.84429e+05    3.21447e+04   -1.52284e+05
  Conserved En.    Temperature Pres. DC (bar) Pressure (bar)   Constr. rmsd
   -1.34776e+05    3.02833e+02   -1.77456e+02   -1.65935e+02    7.54704e-06

DD  step 45999  vol min/aver 0.496  load imb.: force  3.2%  pme mesh/force 0.594

           Step           Time         Lambda
          46000       92.00000        0.00000

   Energies (kJ/mol)
       G96Angle    Proper Dih.  Improper Dih.        LJ (SR)  Disper. corr.
    9.59147e+03    6.56527e+03    4.83872e+02   -3.76617e+03   -2.15374e+03
   Coulomb (SR)   Coul. recip.      Potential    Kinetic En.   Total Energy
   -1.95271e+05    7.05170e+02   -1.83845e+05    3.22169e+04   -1.51629e+05
  Conserved En.    Temperature Pres. DC (bar) Pressure (bar)   Constr. rmsd
   -1.34770e+05    3.03513e+02   -1.77456e+02   -7.95268e+02    8.25838e-06

           Step           Time         Lambda
          46500       93.00000        0.00000

   Energies (kJ/mol)
       G96Angle    Proper Dih.  Improper Dih.        LJ (SR)  Disper. corr.
    9.96069e+03    6.34801e+03    3.85851e+02   -3.79779e+03   -2.15374e+03
   Coulomb (SR)   Coul. recip.      Potential    Kinetic En.   Total Energy
   -1.95685e+05    6.93749e+02   -1.84248e+05    3.18357e+04   -1.52412e+05
  Conserved En.    Temperature Pres. DC (bar) Pressure (bar)   Constr. rmsd
   -1.34816e+05    2.99922e+02   -1.77456e+02   -5.43243e+02    8.01442e-06

DD  step 46999  vol min/aver 0.500  load imb.: force  3.5%  pme mesh/force 0.541

           Step           Time         Lambda
          47000       94.00000        0.00000

   Energies (kJ/mol)
       G96Angle    Proper Dih.  Improper Dih.        LJ (SR)  Disper. corr.
    9.88323e+03    6.43970e+03    4.86514e+02   -2.75140e+03   -2.15374e+03
   Coulomb (SR)   Coul. recip.      Potential    Kinetic En.   Total Energy
   -1.96981e+05    6.64779e+02   -1.84412e+05    3.27135e+04   -1.51698e+05
  Conserved En.    Temperature Pres. DC (bar) Pressure (bar)   Constr. rmsd
   -1.34834e+05    3.08191e+02   -1.77456e+02   -4.93043e+02    8.21855e-06

           Step           Time         Lambda
          47500       95.00000        0.00000

   Energies (kJ/mol)
       G96Angle    Proper Dih.  Improper Dih.        LJ (SR)  Disper. corr.
    9.60059e+03    6.48470e+03    4.86218e+02   -3.75396e+03   -2.15374e+03
   Coulomb (SR)   Coul. recip.      Potential    Kinetic En.   Total Energy
   -1.96072e+05    7.09875e+02   -1.84699e+05    3.18208e+04   -1.52878e+05
  Conserved En.    Temperature Pres. DC (bar) Pressure (bar)   Constr. rmsd
   -1.34867e+05    2.99782e+02   -1.77456e+02   -8.41091e+02    7.92704e-06

DD  step 47999  vol min/aver 0.477  load imb.: force  5.2%  pme mesh/force 0.588

           Step           Time         Lambda
          48000       96.00000        0.00000

   Energies (kJ/mol)
       G96Angle    Proper Dih.  Improper Dih.        LJ (SR)  Disper. corr.
    9.50758e+03    6.33162e+03    4.21285e+02   -3.03405e+03   -2.15374e+03
   Coulomb (SR)   Coul. recip.      Potential    Kinetic En.   Total Energy
   -1.96320e+05    6.63805e+02   -1.84583e+05    3.20048e+04   -1.52579e+05
  Conserved En.    Temperature Pres. DC (bar) Pressure (bar)   Constr. rmsd
   -1.34766e+05    3.01516e+02   -1.77456e+02   -2.21704e+02    7.82352e-06

           Step           Time         Lambda
          48500       97.00000        0.00000

   Energies (kJ/mol)
       G96Angle    Proper Dih.  Improper Dih.        LJ (SR)  Disper. corr.
    9.76126e+03    6.65568e+03    4.47374e+02   -3.58918e+03   -2.15374e+03
   Coulomb (SR)   Coul. recip.      Potential    Kinetic En.   Total Energy
   -1.96293e+05    6.67029e+02   -1.84505e+05    3.24567e+04   -1.52048e+05
  Conserved En.    Temperature Pres. DC (bar) Pressure (bar)   Constr. rmsd
   -1.34836e+05    3.05773e+02   -1.77456e+02   -8.13081e+02    7.79614e-06

DD  step 48999  vol min/aver 0.491  load imb.: force  4.7%  pme mesh/force 0.749

           Step           Time         Lambda
          49000       98.00000        0.00000

   Energies (kJ/mol)
       G96Angle    Proper Dih.  Improper Dih.        LJ (SR)  Disper. corr.
    9.60154e+03    6.34734e+03    4.62892e+02   -2.92059e+03   -2.15374e+03
   Coulomb (SR)   Coul. recip.      Potential    Kinetic En.   Total Energy
   -1.96328e+05    6.42317e+02   -1.84349e+05    3.18018e+04   -1.52547e+05
  Conserved En.    Temperature Pres. DC (bar) Pressure (bar)   Constr. rmsd
   -1.34803e+05    2.99602e+02   -1.77456e+02   -5.18668e+02    8.38972e-06

           Step           Time         Lambda
          49500       99.00000        0.00000

   Energies (kJ/mol)
       G96Angle    Proper Dih.  Improper Dih.        LJ (SR)  Disper. corr.
    1.00326e+04    6.25001e+03    4.53912e+02   -2.95253e+03   -2.15374e+03
   Coulomb (SR)   Coul. recip.      Potential    Kinetic En.   Total Energy
   -1.96925e+05    6.89773e+02   -1.84605e+05    3.25833e+04   -1.52021e+05
  Conserved En.    Temperature Pres. DC (bar) Pressure (bar)   Constr. rmsd
   -1.34783e+05    3.06965e+02   -1.77456e+02   -3.94678e+02    7.94687e-06

DD  step 49999  vol min/aver 0.488  load imb.: force  3.6%  pme mesh/force 0.532

           Step           Time         Lambda
          50000      100.00000        0.00000

Writing checkpoint, step 50000 at Fri Dec  9 11:53:57 2016


   Energies (kJ/mol)
       G96Angle    Proper Dih.  Improper Dih.        LJ (SR)  Disper. corr.
    9.92510e+03    6.46533e+03    4.63428e+02   -3.28218e+03   -2.15374e+03
   Coulomb (SR)   Coul. recip.      Potential    Kinetic En.   Total Energy
   -1.96007e+05    6.49935e+02   -1.83939e+05    3.22389e+04   -1.51701e+05
  Conserved En.    Temperature Pres. DC (bar) Pressure (bar)   Constr. rmsd
   -1.34904e+05    3.03720e+02   -1.77456e+02   -3.29495e+02    7.83212e-06

	<======  ###############  ==>
	<====  A V E R A G E S  ====>
	<==  ###############  ======>

	Statistics over 50001 steps using 501 frames

   Energies (kJ/mol)
       G96Angle    Proper Dih.  Improper Dih.        LJ (SR)  Disper. corr.
    9.97985e+03    6.62850e+03    4.59009e+02   -2.93373e+03   -2.15374e+03
   Coulomb (SR)   Coul. recip.      Potential    Kinetic En.   Total Energy
   -1.95687e+05    7.78989e+02   -1.82929e+05    3.23893e+04   -1.50539e+05
  Conserved En.    Temperature Pres. DC (bar) Pressure (bar)   Constr. rmsd
   -1.34905e+05    3.05138e+02   -1.77456e+02   -2.93512e+02    0.00000e+00

   Total Virial (kJ/mol)
    1.16917e+04    3.25112e+02    4.73891e+01
    3.25206e+02    1.24908e+04    1.28424e+02
    4.75103e+01    1.28467e+02    1.35539e+04

   Pressure (bar)
   -4.19719e+01   -5.91056e+01   -4.55795e+00
   -5.91211e+01   -2.03337e+02   -3.76521e+00
   -4.57791e+00   -3.77233e+00   -6.35227e+02

    T-non-Water        T-Water
    3.05098e+02    3.05164e+02


	M E G A - F L O P S   A C C O U N T I N G

 NB=Group-cutoff nonbonded kernels    NxN=N-by-N cluster Verlet kernels
 RF=Reaction-Field  VdW=Van der Waals  QSTab=quadratic-spline table
 W3=SPC/TIP3p  W4=TIP4p (single or pairs)
 V&F=Potential and force  V=Potential only  F=Force only

 Computing:                               M-Number         M-Flops  % Flops
-----------------------------------------------------------------------------
 Pair Search distance check            7863.616410       70772.548     0.4
 NxN QSTab Elec. + LJ [F]            242438.249280     9939968.220    50.3
 NxN QSTab Elec. + LJ [V&F]            2453.723248      144769.672     0.7
 NxN LJ [F]                           66857.535312     2206298.665    11.2
 NxN LJ [V&F]                           676.424704       29086.262     0.1
 NxN QSTab Elec. [F]                 175879.519488     5979903.663    30.3
 NxN QSTab Elec. [V&F]                 1779.844736       72973.634     0.4
 Calc Weights                          1905.638112       68602.972     0.3
 Spread Q Bspline                     40653.613056       81307.226     0.4
 Gather F Bspline                     40653.613056      243921.678     1.2
 3D-FFT                               89102.882022      712823.056     3.6
 Solve PME                               39.200784        2508.850     0.0
 Reset In Box                            15.892704          47.678     0.0
 CG-CoM                                  15.905408          47.716     0.0
 Angles                                 268.805376       45159.303     0.2
 Propers                                220.804416       50564.211     0.3
 Impropers                               11.200224        2329.647     0.0
 Virial                                   6.815604         122.681     0.0
 Stop-CM                                  6.377408          63.774     0.0
 Calc-Ekin                              127.065408        3430.766     0.0
 Lincs                                  360.754599       21645.276     0.1
 Lincs-Mat                             4765.222224       19060.889     0.1
 Constraint-V                          1164.884913        9319.079     0.0
 Constraint-Vir                           8.057207         193.373     0.0
 Settle                                 147.799861       47739.355     0.2
-----------------------------------------------------------------------------
 Total                                                19752660.196   100.0
-----------------------------------------------------------------------------


    D O M A I N   D E C O M P O S I T I O N   S T A T I S T I C S

 av. #atoms communicated per step for force:  2 x 38929.9
 av. #atoms communicated per step for LINCS:  2 x 3830.1

 Average load imbalance: 4.6 %
 Part of the total run time spent waiting due to load imbalance: 2.6 %
 Steps where the load balancing was limited by -rdd, -rcon and/or -dds: X 0 % Z 0 %
 Average PME mesh/force load: 0.580
 Part of the total run time spent waiting due to PP/PME imbalance: 4.8 %


     R E A L   C Y C L E   A N D   T I M E   A C C O U N T I N G

On 20 MPI ranks doing PP, and
on 4 MPI ranks doing PME

 Computing:          Num   Num      Call    Wall time         Giga-Cycles
                     Ranks Threads  Count      (s)         total sum    %
-----------------------------------------------------------------------------
 Domain decomp.        20    1       1251      11.554        614.613   2.7
 DD comm. load         20    1       1250       0.261         13.882   0.1
 DD comm. bounds       20    1       1250       0.470         25.001   0.1
 Send X to PME         20    1      50001       7.395        393.415   1.7
 Neighbor search       20    1       1251       4.588        244.070   1.1
 Comm. coord.          20    1      48750      36.668       1950.610   8.6
 Force                 20    1      50001     204.146      10859.945  48.0
 Wait + Comm. F        20    1      50001      35.473       1887.078   8.3
 PME mesh *             4    1      50001     140.661       1496.545   6.6
 PME wait for PP *                            213.443       2270.895  10.0
 Wait + Recv. PME F    20    1      50001       0.370         19.691   0.1
 NB X/F buffer ops.    20    1     147501       1.931        102.742   0.5
 Write traj.           20    1        101       0.197         10.468   0.0
 Update                20    1      50001       3.214        170.999   0.8
 Constraints           20    1      50001      42.498       2260.755  10.0
 Comm. energies        20    1       5001       4.732        251.750   1.1
 Rest                                           0.613         32.596   0.1
-----------------------------------------------------------------------------
 Total                                        354.111      22605.137 100.0
-----------------------------------------------------------------------------
(*) Note that with separate PME ranks, the walltime column actually sums to
    twice the total reported, but the cycle count total and % are correct.
-----------------------------------------------------------------------------
 Breakdown of PME mesh computation
-----------------------------------------------------------------------------
 PME redist. X/F        4    1     100002      45.334        482.328   2.1
 PME spread/gather      4    1     100002      61.620        655.594   2.9
 PME 3D-FFT             4    1     100002      20.852        221.847   1.0
 PME 3D-FFT Comm.       4    1     100002       6.502         69.174   0.3
 PME solve Elec         4    1      50001       6.261         66.612   0.3
-----------------------------------------------------------------------------

               Core t (s)   Wall t (s)        (%)
       Time:     8498.673      354.111     2400.0
                 (ns/day)    (hour/ns)
Performance:       24.400        0.984
Finished mdrun on rank 0 Fri Dec  9 11:53:57 2016
