Log file opened on Fri Dec  9 14:54:29 2016
Host: filey.vuse.vanderbilt.edu  pid: 99296  rank ID: 0  number of ranks:  1
                   :-) GROMACS - gmx mdrun, VERSION 5.1.2 (-:

                            GROMACS is written by:
     Emile Apol      Rossen Apostolov  Herman J.C. Berendsen    Par Bjelkmar   
 Aldert van Buuren   Rudi van Drunen     Anton Feenstra   Sebastian Fritsch 
  Gerrit Groenhof   Christoph Junghans   Anca Hamuraru    Vincent Hindriksen
 Dimitrios Karkoulis    Peter Kasson        Jiri Kraus      Carsten Kutzner  
    Per Larsson      Justin A. Lemkul   Magnus Lundborg   Pieter Meulenhoff 
   Erik Marklund      Teemu Murtola       Szilard Pall       Sander Pronk   
   Roland Schulz     Alexey Shvetsov     Michael Shirts     Alfons Sijbers  
   Peter Tieleman    Teemu Virolainen  Christian Wennberg    Maarten Wolf   
                           and the project leaders:
        Mark Abraham, Berk Hess, Erik Lindahl, and David van der Spoel

Copyright (c) 1991-2000, University of Groningen, The Netherlands.
Copyright (c) 2001-2015, The GROMACS development team at
Uppsala University, Stockholm University and
the Royal Institute of Technology, Sweden.
check out http://www.gromacs.org for more information.

GROMACS is free software; you can redistribute it and/or modify it
under the terms of the GNU Lesser General Public License
as published by the Free Software Foundation; either version 2.1
of the License, or (at your option) any later version.

GROMACS:      gmx mdrun, VERSION 5.1.2
Executable:   /usr/local/gromacs/bin//gmx
Data prefix:  /usr/local/gromacs
Command line:
  gmx mdrun -deffnm nvteq_DSPC-34_alc22-33_acd22-33_1209

GROMACS version:    VERSION 5.1.2
Precision:          single
Memory model:       64 bit
MPI library:        thread_mpi
OpenMP support:     disabled
GPU support:        enabled
OpenCL support:     disabled
invsqrt routine:    gmx_software_invsqrt(x)
SIMD instructions:  SSE4.1
FFT library:        fftw-3.3.4-sse2
RDTSCP usage:       enabled
C++11 compilation:  disabled
TNG support:        enabled
Tracing support:    disabled
Built on:           Tue May 31 09:28:24 CDT 2016
Built by:           leonhaac@filey.vuse.vanderbilt.edu [CMAKE]
Build OS/arch:      Darwin 10.8.0 x86_64
Build CPU vendor:   GenuineIntel
Build CPU brand:    Intel(R) Xeon(R) CPU           X5650  @ 2.67GHz
Build CPU family:   6   Model: 44   Stepping: 2
Build CPU features: aes apic clfsh cmov cx8 cx16 htt lahf_lm mmx msr nonstop_tsc pcid pclmuldq pdcm pdpe1gb popcnt pse rdtscp sse2 sse3 sse4.1 sse4.2 ssse3
C compiler:         /Developer/usr/bin/cc GNU 4.2.1
C compiler flags:    -msse4.1    -Wextra -Wno-missing-field-initializers -Wno-sign-compare -Wpointer-arith -Wall -Wno-unused -Wunused-value -Wunused-parameter -Wno-unknown-pragmas  -O3 -DNDEBUG -funroll-all-loops  
C++ compiler:       /Developer/usr/bin/c++ GNU 4.2.1
C++ compiler flags:  -msse4.1    -Wextra -Wno-missing-field-initializers -Wpointer-arith -Wall -Wno-unused-function -Wno-unknown-pragmas  -O3 -DNDEBUG -funroll-all-loops  
Boost version:      1.55.0 (internal)
CUDA compiler:      /usr/local/cuda/bin/nvcc nvcc: NVIDIA (R) Cuda compiler driver;Copyright (c) 2005-2011 NVIDIA Corporation;Built on Fri_May_13_01:54:22_PDT_2011;Cuda compilation tools, release 4.0, V0.2.1221
CUDA compiler flags:-gencode;arch=compute_20,code=sm_20;-gencode;arch=compute_20,code=compute_20;-use_fast_math;-D__STRICT_ANSI__; ;-msse4.1;-Wextra;-Wno-missing-field-initializers;-Wpointer-arith;-Wall;-Wno-unused-function;-Wno-unknown-pragmas;-O3;-DNDEBUG;-funroll-all-loops;
CUDA driver:        0.0
CUDA runtime:       0.0


NOTE: Error occurred during GPU detection:
      no CUDA-capable device is detected
      Can not use GPU acceleration, will fall back to CPU kernels.


Running on 1 node with total 24 logical cores, 0 compatible GPUs
Hardware detected:
  CPU info:
    Vendor: GenuineIntel
    Brand:  Intel(R) Xeon(R) CPU           X5650  @ 2.67GHz
    Family:  6  model: 44  stepping:  2
    CPU features: aes apic clfsh cmov cx8 cx16 htt lahf_lm mmx msr nonstop_tsc pcid pclmuldq pdcm pdpe1gb popcnt pse rdtscp sse2 sse3 sse4.1 sse4.2 ssse3
    SIMD instructions most likely to fit this hardware: SSE4.1
    SIMD instructions selected at GROMACS compile time: SSE4.1


++++ PLEASE READ AND CITE THE FOLLOWING REFERENCE ++++
M. J. Abraham, T. Murtola, R. Schulz, S. Páll, J. C. Smith, B. Hess, E.
Lindahl
GROMACS: High performance molecular simulations through multi-level
parallelism from laptops to supercomputers
SoftwareX 1 (2015) pp. 19-25
-------- -------- --- Thank You --- -------- --------


++++ PLEASE READ AND CITE THE FOLLOWING REFERENCE ++++
S. Páll, M. J. Abraham, C. Kutzner, B. Hess, E. Lindahl
Tackling Exascale Software Challenges in Molecular Dynamics Simulations with
GROMACS
In S. Markidis & E. Laure (Eds.), Solving Software Challenges for Exascale 8759 (2015) pp. 3-27
-------- -------- --- Thank You --- -------- --------


++++ PLEASE READ AND CITE THE FOLLOWING REFERENCE ++++
S. Pronk, S. Páll, R. Schulz, P. Larsson, P. Bjelkmar, R. Apostolov, M. R.
Shirts, J. C. Smith, P. M. Kasson, D. van der Spoel, B. Hess, and E. Lindahl
GROMACS 4.5: a high-throughput and highly parallel open source molecular
simulation toolkit
Bioinformatics 29 (2013) pp. 845-54
-------- -------- --- Thank You --- -------- --------


++++ PLEASE READ AND CITE THE FOLLOWING REFERENCE ++++
B. Hess and C. Kutzner and D. van der Spoel and E. Lindahl
GROMACS 4: Algorithms for highly efficient, load-balanced, and scalable
molecular simulation
J. Chem. Theory Comput. 4 (2008) pp. 435-447
-------- -------- --- Thank You --- -------- --------


++++ PLEASE READ AND CITE THE FOLLOWING REFERENCE ++++
D. van der Spoel, E. Lindahl, B. Hess, G. Groenhof, A. E. Mark and H. J. C.
Berendsen
GROMACS: Fast, Flexible and Free
J. Comp. Chem. 26 (2005) pp. 1701-1719
-------- -------- --- Thank You --- -------- --------


++++ PLEASE READ AND CITE THE FOLLOWING REFERENCE ++++
E. Lindahl and B. Hess and D. van der Spoel
GROMACS 3.0: A package for molecular simulation and trajectory analysis
J. Mol. Mod. 7 (2001) pp. 306-317
-------- -------- --- Thank You --- -------- --------


++++ PLEASE READ AND CITE THE FOLLOWING REFERENCE ++++
H. J. C. Berendsen, D. van der Spoel and R. van Drunen
GROMACS: A message-passing parallel molecular dynamics implementation
Comp. Phys. Comm. 91 (1995) pp. 43-56
-------- -------- --- Thank You --- -------- --------

Changing nstlist from 10 to 40, rlist from 1.4 to 1.425

Input Parameters:
   integrator                     = md
   tinit                          = 0
   dt                             = 0.002
   nsteps                         = 50000
   init-step                      = 0
   simulation-part                = 1
   comm-mode                      = Linear
   nstcomm                        = 100
   bd-fric                        = 0
   ld-seed                        = 4227999989
   emtol                          = 10
   emstep                         = 0.01
   niter                          = 20
   fcstep                         = 0
   nstcgsteep                     = 1000
   nbfgscorr                      = 10
   rtpi                           = 0.05
   nstxout                        = 500
   nstvout                        = 500
   nstfout                        = 0
   nstlog                         = 500
   nstcalcenergy                  = 100
   nstenergy                      = 500
   nstxout-compressed             = 0
   compressed-x-precision         = 1000
   cutoff-scheme                  = Verlet
   nstlist                        = 40
   ns-type                        = Grid
   pbc                            = xyz
   periodic-molecules             = FALSE
   verlet-buffer-tolerance        = 0.005
   rlist                          = 1.425
   rlistlong                      = 1.425
   nstcalclr                      = 10
   coulombtype                    = PME
   coulomb-modifier               = Potential-shift
   rcoulomb-switch                = 0
   rcoulomb                       = 1.4
   epsilon-r                      = 1
   epsilon-rf                     = inf
   vdw-type                       = Cut-off
   vdw-modifier                   = Potential-shift
   rvdw-switch                    = 0
   rvdw                           = 1.4
   DispCorr                       = EnerPres
   table-extension                = 1
   fourierspacing                 = 0.16
   fourier-nx                     = 24
   fourier-ny                     = 24
   fourier-nz                     = 80
   pme-order                      = 4
   ewald-rtol                     = 1e-05
   ewald-rtol-lj                  = 0.001
   lj-pme-comb-rule               = Geometric
   ewald-geometry                 = 0
   epsilon-surface                = 0
   implicit-solvent               = No
   gb-algorithm                   = Still
   nstgbradii                     = 1
   rgbradii                       = 1
   gb-epsilon-solvent             = 80
   gb-saltconc                    = 0
   gb-obc-alpha                   = 1
   gb-obc-beta                    = 0.8
   gb-obc-gamma                   = 4.85
   gb-dielectric-offset           = 0.009
   sa-algorithm                   = Ace-approximation
   sa-surface-tension             = 2.05016
   tcoupl                         = Nose-Hoover
   nsttcouple                     = 10
   nh-chain-length                = 1
   print-nose-hoover-chain-variables = FALSE
   pcoupl                         = No
   pcoupltype                     = Isotropic
   nstpcouple                     = -1
   tau-p                          = 1
   compressibility (3x3):
      compressibility[    0]={ 0.00000e+00,  0.00000e+00,  0.00000e+00}
      compressibility[    1]={ 0.00000e+00,  0.00000e+00,  0.00000e+00}
      compressibility[    2]={ 0.00000e+00,  0.00000e+00,  0.00000e+00}
   ref-p (3x3):
      ref-p[    0]={ 0.00000e+00,  0.00000e+00,  0.00000e+00}
      ref-p[    1]={ 0.00000e+00,  0.00000e+00,  0.00000e+00}
      ref-p[    2]={ 0.00000e+00,  0.00000e+00,  0.00000e+00}
   refcoord-scaling               = No
   posres-com (3):
      posres-com[0]= 0.00000e+00
      posres-com[1]= 0.00000e+00
      posres-com[2]= 0.00000e+00
   posres-comB (3):
      posres-comB[0]= 0.00000e+00
      posres-comB[1]= 0.00000e+00
      posres-comB[2]= 0.00000e+00
   QMMM                           = FALSE
   QMconstraints                  = 0
   QMMMscheme                     = 0
   MMChargeScaleFactor            = 1
qm-opts:
   ngQM                           = 0
   constraint-algorithm           = Lincs
   continuation                   = FALSE
   Shake-SOR                      = FALSE
   shake-tol                      = 0.0001
   lincs-order                    = 4
   lincs-iter                     = 1
   lincs-warnangle                = 30
   nwall                          = 0
   wall-type                      = 9-3
   wall-r-linpot                  = -1
   wall-atomtype[0]               = -1
   wall-atomtype[1]               = -1
   wall-density[0]                = 0
   wall-density[1]                = 0
   wall-ewald-zfac                = 3
   pull                           = FALSE
   rotation                       = FALSE
   interactiveMD                  = FALSE
   disre                          = No
   disre-weighting                = Conservative
   disre-mixed                    = FALSE
   dr-fc                          = 1000
   dr-tau                         = 0
   nstdisreout                    = 100
   orire-fc                       = 0
   orire-tau                      = 0
   nstorireout                    = 100
   free-energy                    = no
   cos-acceleration               = 0
   deform (3x3):
      deform[    0]={ 0.00000e+00,  0.00000e+00,  0.00000e+00}
      deform[    1]={ 0.00000e+00,  0.00000e+00,  0.00000e+00}
      deform[    2]={ 0.00000e+00,  0.00000e+00,  0.00000e+00}
   simulated-tempering            = FALSE
   E-x:
      n = 0
   E-xt:
      n = 0
   E-y:
      n = 0
   E-yt:
      n = 0
   E-z:
      n = 0
   E-zt:
      n = 0
   swapcoords                     = no
   adress                         = FALSE
   userint1                       = 0
   userint2                       = 0
   userint3                       = 0
   userint4                       = 0
   userreal1                      = 0
   userreal2                      = 0
   userreal3                      = 0
   userreal4                      = 0
grpopts:
   nrdf:     8994.89     15358.1
   ref-t:         305         305
   tau-t:         0.4         0.4
annealing:          No          No
annealing-npoints:           0           0
   acc:	           0           0           0
   nfreeze:           N           N           N
   energygrp-flags[  0]: 0


Initializing Domain Decomposition on 24 ranks
Dynamic load balancing: auto
Will sort the charge groups at every domain (re)decomposition
Initial maximum inter charge-group distances:
    two-body bonded interactions: 0.284 nm, Exclusion, atoms 1084 1086
  multi-body bonded interactions: 0.402 nm, Proper Dih., atoms 760 763
Minimum cell size due to bonded interactions: 0.443 nm
Maximum distance for 5 constraints, at 120 deg. angles, all-trans: 0.771 nm
Estimated maximum distance required for P-LINCS: 0.771 nm
This distance will limit the DD cell size, you can override this with -rcon
Guess for relative PME load: 0.08
Will use 20 particle-particle and 4 PME only ranks
This is a guess, check the performance at the end of the log file
Using 4 separate PME ranks, as guessed by mdrun
Scaling the initial minimum size with 1/0.8 (option -dds) = 1.25
Optimizing the DD grid for 20 cells with a minimum initial size of 0.964 nm
The maximum allowed number of cells is: X 3 Y 3 Z 12
Domain decomposition grid 2 x 1 x 10, separate PME ranks 4
PME domain decomposition: 4 x 1 x 1
Interleaving PP and PME ranks
This rank does only particle-particle work.

Domain decomposition rank 0, coordinates 0 0 0

Using 24 MPI threads
Will do PME sum in reciprocal space for electrostatic interactions.

++++ PLEASE READ AND CITE THE FOLLOWING REFERENCE ++++
U. Essmann, L. Perera, M. L. Berkowitz, T. Darden, H. Lee and L. G. Pedersen 
A smooth particle mesh Ewald method
J. Chem. Phys. 103 (1995) pp. 8577-8592
-------- -------- --- Thank You --- -------- --------

Will do ordinary reciprocal space Ewald sum.
Using a Gaussian width (1/beta) of 0.448228 nm for Ewald
Cut-off's:   NS: 1.425   Coulomb: 1.4   LJ: 1.4
Long Range LJ corr.: <C6> 1.6119e-03
System total charge: 0.000
Generated table with 1212 data points for Ewald.
Tabscale = 500 points/nm
Generated table with 1212 data points for LJ6.
Tabscale = 500 points/nm
Generated table with 1212 data points for LJ12.
Tabscale = 500 points/nm
Potential shift: LJ r^-12: -1.764e-02 r^-6: -1.328e-01, Ewald -1.000e-05
Initialized non-bonded Ewald correction tables, spacing: 1.10e-03 size: 1270


Using SSE4.1 4x4 non-bonded kernels

Using full Lennard-Jones parameter combination matrix

Removing pbc first time

Initializing Parallel LINear Constraint Solver

++++ PLEASE READ AND CITE THE FOLLOWING REFERENCE ++++
B. Hess
P-LINCS: A Parallel Linear Constraint Solver for molecular simulation
J. Chem. Theory Comput. 4 (2008) pp. 116-122
-------- -------- --- Thank You --- -------- --------

The number of constraints is 4306
There are inter charge-group constraints,
will communicate selected coordinates each lincs iteration

++++ PLEASE READ AND CITE THE FOLLOWING REFERENCE ++++
S. Miyamoto and P. A. Kollman
SETTLE: An Analytical Version of the SHAKE and RATTLE Algorithms for Rigid
Water Models
J. Comp. Chem. 13 (1992) pp. 952-962
-------- -------- --- Thank You --- -------- --------


Linking all bonded interactions to atoms

The initial number of communication pulses is: X 1 Z 2
The initial domain decomposition cell size is: X 1.88 nm Z 1.20 nm

The maximum allowed distance for charge groups involved in interactions is:
                 non-bonded interactions           1.425 nm
            two-body bonded interactions  (-rdd)   1.425 nm
          multi-body bonded interactions  (-rdd)   1.196 nm
  atoms separated by up to 5 constraints  (-rcon)  1.196 nm

When dynamic load balancing gets turned on, these settings will change to:
The maximum number of communication pulses is: X 1 Z 2
The minimum size for domain decomposition cells is 0.799 nm
The requested allowed shrink of DD cells (option -dds) is: 0.80
The allowed shrink of domain decomposition cells is: X 0.76 Z 0.67
The maximum allowed distance for charge groups involved in interactions is:
                 non-bonded interactions           1.425 nm
            two-body bonded interactions  (-rdd)   1.425 nm
          multi-body bonded interactions  (-rdd)   0.799 nm
  atoms separated by up to 5 constraints  (-rcon)  0.799 nm


Making 2D domain decomposition grid 2 x 1 x 10, home cell index 0 0 0

Center of mass motion removal mode is Linear
We have the following groups for center of mass motion removal:
  0:  rest
There are: 12114 Atoms
Atom distribution over 20 domains: av 605 stddev 204 min 410 max 868

Constraining the starting coordinates (step 0)

Constraining the coordinates at t0-dt (step 0)
RMS relative constraint deviation after constraining: 0.00e+00
Initial temperature: 304.913 K

Started mdrun on rank 0 Fri Dec  9 14:54:30 2016
           Step           Time         Lambda
              0        0.00000        0.00000

   Energies (kJ/mol)
       G96Angle    Proper Dih.  Improper Dih.        LJ (SR)  Disper. corr.
    9.31064e+03    6.03585e+03    3.01733e+02    7.72605e+03   -2.14348e+03
   Coulomb (SR)   Coul. recip.      Potential    Kinetic En.   Total Energy
   -1.69654e+05    5.59608e+03   -1.42827e+05    3.08771e+04   -1.11950e+05
  Conserved En.    Temperature Pres. DC (bar) Pressure (bar)   Constr. rmsd
   -1.11950e+05    3.04986e+02   -2.11538e+02    1.26713e+04    1.70469e-05

DD  step 39 load imb.: force 74.9%  pme mesh/force 0.373

At step 40 the performance loss due to force load imbalance is 29.0 %

NOTE: Turning on dynamic load balancing

           Step           Time         Lambda
            500        1.00000        0.00000

   Energies (kJ/mol)
       G96Angle    Proper Dih.  Improper Dih.        LJ (SR)  Disper. corr.
    8.64175e+03    5.68187e+03    3.31329e+02    7.67348e+03   -2.14348e+03
   Coulomb (SR)   Coul. recip.      Potential    Kinetic En.   Total Energy
   -1.73529e+05    2.20029e+03   -1.51144e+05    3.02410e+04   -1.20903e+05
  Conserved En.    Temperature Pres. DC (bar) Pressure (bar)   Constr. rmsd
   -1.11885e+05    2.98703e+02   -2.11538e+02    9.66345e+03    7.73175e-06

DD  load balancing is limited by minimum cell size in dimension Z
DD  step 999  vol min/aver 0.667! load imb.: force 28.4%  pme mesh/force 0.366

           Step           Time         Lambda
           1000        2.00000        0.00000

   Energies (kJ/mol)
       G96Angle    Proper Dih.  Improper Dih.        LJ (SR)  Disper. corr.
    8.83749e+03    5.82389e+03    3.52453e+02    7.15699e+03   -2.14348e+03
   Coulomb (SR)   Coul. recip.      Potential    Kinetic En.   Total Energy
   -1.77337e+05    1.69961e+03   -1.55610e+05    3.10739e+04   -1.24536e+05
  Conserved En.    Temperature Pres. DC (bar) Pressure (bar)   Constr. rmsd
   -1.11771e+05    3.06930e+02   -2.11538e+02    8.53422e+03    7.56288e-06

           Step           Time         Lambda
           1500        3.00000        0.00000

   Energies (kJ/mol)
       G96Angle    Proper Dih.  Improper Dih.        LJ (SR)  Disper. corr.
    8.41194e+03    5.74383e+03    3.81014e+02    6.70866e+03   -2.14348e+03
   Coulomb (SR)   Coul. recip.      Potential    Kinetic En.   Total Energy
   -1.78687e+05    1.34713e+03   -1.58238e+05    3.17287e+04   -1.26509e+05
  Conserved En.    Temperature Pres. DC (bar) Pressure (bar)   Constr. rmsd
   -1.11551e+05    3.13398e+02   -2.11538e+02    8.34854e+03    7.69666e-06

DD  load balancing is limited by minimum cell size in dimension Z
DD  step 1999  vol min/aver 0.667! load imb.: force 34.0%  pme mesh/force 0.371

           Step           Time         Lambda
           2000        4.00000        0.00000

   Energies (kJ/mol)
       G96Angle    Proper Dih.  Improper Dih.        LJ (SR)  Disper. corr.
    8.34328e+03    5.67778e+03    3.75540e+02    4.80686e+03   -2.14348e+03
   Coulomb (SR)   Coul. recip.      Potential    Kinetic En.   Total Energy
   -1.78218e+05    1.15702e+03   -1.60001e+05    3.06231e+04   -1.29378e+05
  Conserved En.    Temperature Pres. DC (bar) Pressure (bar)   Constr. rmsd
   -1.11541e+05    3.02477e+02   -2.11538e+02    7.27162e+03    7.39896e-06

           Step           Time         Lambda
           2500        5.00000        0.00000

   Energies (kJ/mol)
       G96Angle    Proper Dih.  Improper Dih.        LJ (SR)  Disper. corr.
    8.60116e+03    5.73434e+03    3.47981e+02    3.23710e+03   -2.14348e+03
   Coulomb (SR)   Coul. recip.      Potential    Kinetic En.   Total Energy
   -1.77568e+05    1.04561e+03   -1.60745e+05    3.07401e+04   -1.30005e+05
  Conserved En.    Temperature Pres. DC (bar) Pressure (bar)   Constr. rmsd
   -1.11645e+05    3.03633e+02   -2.11538e+02    6.20844e+03    8.46960e-06

DD  load balancing is limited by minimum cell size in dimension Z
DD  step 2999  vol min/aver 0.663! load imb.: force 34.0%  pme mesh/force 0.369

           Step           Time         Lambda
           3000        6.00000        0.00000

   Energies (kJ/mol)
       G96Angle    Proper Dih.  Improper Dih.        LJ (SR)  Disper. corr.
    8.29456e+03    5.82375e+03    3.22168e+02    2.99738e+03   -2.14348e+03
   Coulomb (SR)   Coul. recip.      Potential    Kinetic En.   Total Energy
   -1.78006e+05    9.71027e+02   -1.61740e+05    3.12364e+04   -1.30504e+05
  Conserved En.    Temperature Pres. DC (bar) Pressure (bar)   Constr. rmsd
   -1.11647e+05    3.08535e+02   -2.11538e+02    5.74467e+03    8.21327e-06

           Step           Time         Lambda
           3500        7.00000        0.00000

   Energies (kJ/mol)
       G96Angle    Proper Dih.  Improper Dih.        LJ (SR)  Disper. corr.
    8.70663e+03    5.97827e+03    3.33545e+02    2.40675e+03   -2.14348e+03
   Coulomb (SR)   Coul. recip.      Potential    Kinetic En.   Total Energy
   -1.78188e+05    8.64158e+02   -1.62042e+05    3.07180e+04   -1.31324e+05
  Conserved En.    Temperature Pres. DC (bar) Pressure (bar)   Constr. rmsd
   -1.11648e+05    3.03415e+02   -2.11538e+02    5.33798e+03    8.48513e-06

DD  load balancing is limited by minimum cell size in dimension Z
DD  step 3999  vol min/aver 0.667! load imb.: force 25.7%  pme mesh/force 0.387

           Step           Time         Lambda
           4000        8.00000        0.00000

   Energies (kJ/mol)
       G96Angle    Proper Dih.  Improper Dih.        LJ (SR)  Disper. corr.
    8.60066e+03    5.92629e+03    3.49224e+02    2.34954e+03   -2.14348e+03
   Coulomb (SR)   Coul. recip.      Potential    Kinetic En.   Total Energy
   -1.78419e+05    8.95483e+02   -1.62442e+05    3.10207e+04   -1.31421e+05
  Conserved En.    Temperature Pres. DC (bar) Pressure (bar)   Constr. rmsd
   -1.11551e+05    3.06405e+02   -2.11538e+02    5.02023e+03    8.29084e-06

           Step           Time         Lambda
           4500        9.00000        0.00000

   Energies (kJ/mol)
       G96Angle    Proper Dih.  Improper Dih.        LJ (SR)  Disper. corr.
    8.58503e+03    5.86569e+03    2.89271e+02    2.87195e+03   -2.14348e+03
   Coulomb (SR)   Coul. recip.      Potential    Kinetic En.   Total Energy
   -1.79247e+05    8.69652e+02   -1.62909e+05    3.10128e+04   -1.31896e+05
  Conserved En.    Temperature Pres. DC (bar) Pressure (bar)   Constr. rmsd
   -1.11670e+05    3.06326e+02   -2.11538e+02    5.25944e+03    8.00528e-06

DD  load balancing is limited by minimum cell size in dimension Z
DD  step 4999  vol min/aver 0.661! load imb.: force 31.2%  pme mesh/force 0.386

           Step           Time         Lambda
           5000       10.00000        0.00000

   Energies (kJ/mol)
       G96Angle    Proper Dih.  Improper Dih.        LJ (SR)  Disper. corr.
    8.30841e+03    5.65727e+03    3.12554e+02    1.39473e+03   -2.14348e+03
   Coulomb (SR)   Coul. recip.      Potential    Kinetic En.   Total Energy
   -1.77927e+05    8.44065e+02   -1.63554e+05    3.09241e+04   -1.32630e+05
  Conserved En.    Temperature Pres. DC (bar) Pressure (bar)   Constr. rmsd
   -1.11601e+05    3.05450e+02   -2.11538e+02    4.97040e+03    8.17897e-06

           Step           Time         Lambda
           5500       11.00000        0.00000

   Energies (kJ/mol)
       G96Angle    Proper Dih.  Improper Dih.        LJ (SR)  Disper. corr.
    8.50142e+03    5.85402e+03    3.22551e+02    2.35689e+03   -2.14348e+03
   Coulomb (SR)   Coul. recip.      Potential    Kinetic En.   Total Energy
   -1.79301e+05    8.60901e+02   -1.63549e+05    3.11457e+04   -1.32403e+05
  Conserved En.    Temperature Pres. DC (bar) Pressure (bar)   Constr. rmsd
   -1.11573e+05    3.07639e+02   -2.11538e+02    4.93055e+03    7.75216e-06

DD  load balancing is limited by minimum cell size in dimension Z
DD  step 5999  vol min/aver 0.668! load imb.: force 27.3%  pme mesh/force 0.371

           Step           Time         Lambda
           6000       12.00000        0.00000

   Energies (kJ/mol)
       G96Angle    Proper Dih.  Improper Dih.        LJ (SR)  Disper. corr.
    8.53755e+03    5.79896e+03    2.98985e+02    2.20049e+03   -2.14348e+03
   Coulomb (SR)   Coul. recip.      Potential    Kinetic En.   Total Energy
   -1.79453e+05    9.16700e+02   -1.63844e+05    3.09550e+04   -1.32889e+05
  Conserved En.    Temperature Pres. DC (bar) Pressure (bar)   Constr. rmsd
   -1.11546e+05    3.05755e+02   -2.11538e+02    4.61057e+03    8.01828e-06

           Step           Time         Lambda
           6500       13.00000        0.00000

   Energies (kJ/mol)
       G96Angle    Proper Dih.  Improper Dih.        LJ (SR)  Disper. corr.
    8.15785e+03    5.87454e+03    3.34114e+02    1.09167e+03   -2.14348e+03
   Coulomb (SR)   Coul. recip.      Potential    Kinetic En.   Total Energy
   -1.78247e+05    8.26029e+02   -1.64106e+05    3.08374e+04   -1.33268e+05
  Conserved En.    Temperature Pres. DC (bar) Pressure (bar)   Constr. rmsd
   -1.11581e+05    3.04594e+02   -2.11538e+02    4.71656e+03    8.22679e-06

DD  load balancing is limited by minimum cell size in dimension Z
DD  step 6999  vol min/aver 0.664! load imb.: force 26.5%  pme mesh/force 0.395

           Step           Time         Lambda
           7000       14.00000        0.00000

   Energies (kJ/mol)
       G96Angle    Proper Dih.  Improper Dih.        LJ (SR)  Disper. corr.
    8.56979e+03    5.84070e+03    3.84734e+02    1.62006e+03   -2.14348e+03
   Coulomb (SR)   Coul. recip.      Potential    Kinetic En.   Total Energy
   -1.79163e+05    7.71682e+02   -1.64119e+05    3.06928e+04   -1.33427e+05
  Conserved En.    Temperature Pres. DC (bar) Pressure (bar)   Constr. rmsd
   -1.11570e+05    3.03165e+02   -2.11538e+02    4.70655e+03    7.20909e-06

           Step           Time         Lambda
           7500       15.00000        0.00000

   Energies (kJ/mol)
       G96Angle    Proper Dih.  Improper Dih.        LJ (SR)  Disper. corr.
    8.13443e+03    5.71414e+03    3.93565e+02    1.56768e+03   -2.14348e+03
   Coulomb (SR)   Coul. recip.      Potential    Kinetic En.   Total Energy
   -1.79786e+05    8.10677e+02   -1.65309e+05    3.05169e+04   -1.34792e+05
  Conserved En.    Temperature Pres. DC (bar) Pressure (bar)   Constr. rmsd
   -1.11566e+05    3.01428e+02   -2.11538e+02    4.26544e+03    7.69738e-06

DD  load balancing is limited by minimum cell size in dimension Z
DD  step 7999  vol min/aver 0.663! load imb.: force 28.1%  pme mesh/force 0.394

           Step           Time         Lambda
           8000       16.00000        0.00000

   Energies (kJ/mol)
       G96Angle    Proper Dih.  Improper Dih.        LJ (SR)  Disper. corr.
    8.31174e+03    5.83631e+03    3.57020e+02    1.71064e+03   -2.14348e+03
   Coulomb (SR)   Coul. recip.      Potential    Kinetic En.   Total Energy
   -1.79969e+05    8.09011e+02   -1.65088e+05    3.07541e+04   -1.34334e+05
  Conserved En.    Temperature Pres. DC (bar) Pressure (bar)   Constr. rmsd
   -1.11509e+05    3.03771e+02   -2.11538e+02    4.37809e+03    8.43815e-06

           Step           Time         Lambda
           8500       17.00000        0.00000

   Energies (kJ/mol)
       G96Angle    Proper Dih.  Improper Dih.        LJ (SR)  Disper. corr.
    8.53538e+03    5.79530e+03    3.22560e+02    6.14924e+02   -2.14348e+03
   Coulomb (SR)   Coul. recip.      Potential    Kinetic En.   Total Energy
   -1.78076e+05    8.25021e+02   -1.64126e+05    3.11686e+04   -1.32958e+05
  Conserved En.    Temperature Pres. DC (bar) Pressure (bar)   Constr. rmsd
   -1.11481e+05    3.07866e+02   -2.11538e+02    4.14626e+03    7.80451e-06

DD  load balancing is limited by minimum cell size in dimension Z
DD  step 8999  vol min/aver 0.668! load imb.: force 24.0%  pme mesh/force 0.369

           Step           Time         Lambda
           9000       18.00000        0.00000

   Energies (kJ/mol)
       G96Angle    Proper Dih.  Improper Dih.        LJ (SR)  Disper. corr.
    8.17681e+03    5.91700e+03    3.56395e+02    1.95494e+03   -2.14348e+03
   Coulomb (SR)   Coul. recip.      Potential    Kinetic En.   Total Energy
   -1.80159e+05    8.02566e+02   -1.65095e+05    3.11657e+04   -1.33929e+05
  Conserved En.    Temperature Pres. DC (bar) Pressure (bar)   Constr. rmsd
   -1.11525e+05    3.07837e+02   -2.11538e+02    4.74457e+03    7.01339e-06

           Step           Time         Lambda
           9500       19.00000        0.00000

   Energies (kJ/mol)
       G96Angle    Proper Dih.  Improper Dih.        LJ (SR)  Disper. corr.
    8.43626e+03    5.84149e+03    3.62110e+02    6.88973e+02   -2.14348e+03
   Coulomb (SR)   Coul. recip.      Potential    Kinetic En.   Total Energy
   -1.78676e+05    8.29597e+02   -1.64661e+05    3.13608e+04   -1.33300e+05
  Conserved En.    Temperature Pres. DC (bar) Pressure (bar)   Constr. rmsd
   -1.11435e+05    3.09764e+02   -2.11538e+02    4.04393e+03    7.20537e-06

DD  load balancing is limited by minimum cell size in dimension Z
DD  step 9999  vol min/aver 0.661! load imb.: force 27.5%  pme mesh/force 0.382

           Step           Time         Lambda
          10000       20.00000        0.00000

   Energies (kJ/mol)
       G96Angle    Proper Dih.  Improper Dih.        LJ (SR)  Disper. corr.
    8.18742e+03    5.73836e+03    4.05515e+02    1.83040e+03   -2.14348e+03
   Coulomb (SR)   Coul. recip.      Potential    Kinetic En.   Total Energy
   -1.80052e+05    7.36824e+02   -1.65297e+05    3.08494e+04   -1.34448e+05
  Conserved En.    Temperature Pres. DC (bar) Pressure (bar)   Constr. rmsd
   -1.11482e+05    3.04713e+02   -2.11538e+02    4.46017e+03    7.11445e-06

           Step           Time         Lambda
          10500       21.00000        0.00000

   Energies (kJ/mol)
       G96Angle    Proper Dih.  Improper Dih.        LJ (SR)  Disper. corr.
    8.44880e+03    5.77909e+03    4.14319e+02    7.51321e+02   -2.14348e+03
   Coulomb (SR)   Coul. recip.      Potential    Kinetic En.   Total Energy
   -1.78806e+05    7.69148e+02   -1.64787e+05    3.01399e+04   -1.34647e+05
  Conserved En.    Temperature Pres. DC (bar) Pressure (bar)   Constr. rmsd
   -1.11507e+05    2.97704e+02   -2.11538e+02    4.38744e+03    7.47917e-06

DD  load balancing is limited by minimum cell size in dimension Z
DD  step 10999  vol min/aver 0.664! load imb.: force 27.8%  pme mesh/force 0.375

           Step           Time         Lambda
          11000       22.00000        0.00000

   Energies (kJ/mol)
       G96Angle    Proper Dih.  Improper Dih.        LJ (SR)  Disper. corr.
    8.00398e+03    5.64952e+03    3.43933e+02    1.23006e+03   -2.14348e+03
   Coulomb (SR)   Coul. recip.      Potential    Kinetic En.   Total Energy
   -1.79724e+05    7.40145e+02   -1.65900e+05    3.07230e+04   -1.35177e+05
  Conserved En.    Temperature Pres. DC (bar) Pressure (bar)   Constr. rmsd
   -1.11520e+05    3.03464e+02   -2.11538e+02    4.34163e+03    7.26110e-06

           Step           Time         Lambda
          11500       23.00000        0.00000

   Energies (kJ/mol)
       G96Angle    Proper Dih.  Improper Dih.        LJ (SR)  Disper. corr.
    8.37102e+03    5.76907e+03    3.64814e+02    5.69656e+02   -2.14348e+03
   Coulomb (SR)   Coul. recip.      Potential    Kinetic En.   Total Energy
   -1.78638e+05    7.49197e+02   -1.64957e+05    3.05306e+04   -1.34427e+05
  Conserved En.    Temperature Pres. DC (bar) Pressure (bar)   Constr. rmsd
   -1.11574e+05    3.01563e+02   -2.11538e+02    4.06035e+03    7.76542e-06

DD  load balancing is limited by minimum cell size in dimension Z
DD  step 11999  vol min/aver 0.665! load imb.: force 26.4%  pme mesh/force 0.386

           Step           Time         Lambda
          12000       24.00000        0.00000

   Energies (kJ/mol)
       G96Angle    Proper Dih.  Improper Dih.        LJ (SR)  Disper. corr.
    8.18725e+03    5.72372e+03    3.57662e+02    4.16883e+02   -2.14348e+03
   Coulomb (SR)   Coul. recip.      Potential    Kinetic En.   Total Energy
   -1.78844e+05    7.39597e+02   -1.65562e+05    3.06603e+04   -1.34902e+05
  Conserved En.    Temperature Pres. DC (bar) Pressure (bar)   Constr. rmsd
   -1.11495e+05    3.02844e+02   -2.11538e+02    4.01845e+03    7.74524e-06

           Step           Time         Lambda
          12500       25.00000        0.00000

   Energies (kJ/mol)
       G96Angle    Proper Dih.  Improper Dih.        LJ (SR)  Disper. corr.
    8.37208e+03    5.62378e+03    3.34280e+02    1.34132e+03   -2.14348e+03
   Coulomb (SR)   Coul. recip.      Potential    Kinetic En.   Total Energy
   -1.80398e+05    7.51919e+02   -1.66118e+05    3.08454e+04   -1.35273e+05
  Conserved En.    Temperature Pres. DC (bar) Pressure (bar)   Constr. rmsd
   -1.11492e+05    3.04673e+02   -2.11538e+02    4.10690e+03    7.64717e-06

DD  load balancing is limited by minimum cell size in dimension Z
DD  step 12999  vol min/aver 0.655! load imb.: force 27.1%  pme mesh/force 0.394

           Step           Time         Lambda
          13000       26.00000        0.00000

   Energies (kJ/mol)
       G96Angle    Proper Dih.  Improper Dih.        LJ (SR)  Disper. corr.
    8.16950e+03    5.70399e+03    3.46534e+02    5.87752e+02   -2.14348e+03
   Coulomb (SR)   Coul. recip.      Potential    Kinetic En.   Total Energy
   -1.79083e+05    7.52543e+02   -1.65666e+05    3.08494e+04   -1.34817e+05
  Conserved En.    Temperature Pres. DC (bar) Pressure (bar)   Constr. rmsd
   -1.11512e+05    3.04713e+02   -2.11538e+02    4.06243e+03    7.71340e-06

           Step           Time         Lambda
          13500       27.00000        0.00000

   Energies (kJ/mol)
       G96Angle    Proper Dih.  Improper Dih.        LJ (SR)  Disper. corr.
    8.22877e+03    5.77880e+03    3.08574e+02    4.01601e+02   -2.14348e+03
   Coulomb (SR)   Coul. recip.      Potential    Kinetic En.   Total Energy
   -1.78866e+05    6.81201e+02   -1.65611e+05    3.07945e+04   -1.34816e+05
  Conserved En.    Temperature Pres. DC (bar) Pressure (bar)   Constr. rmsd
   -1.11578e+05    3.04170e+02   -2.11538e+02    3.90490e+03    7.87003e-06

DD  load balancing is limited by minimum cell size in dimension Z
DD  step 13999  vol min/aver 0.664! load imb.: force 26.6%  pme mesh/force 0.383

           Step           Time         Lambda
          14000       28.00000        0.00000

   Energies (kJ/mol)
       G96Angle    Proper Dih.  Improper Dih.        LJ (SR)  Disper. corr.
    8.22990e+03    5.44397e+03    3.23775e+02    9.38890e+02   -2.14348e+03
   Coulomb (SR)   Coul. recip.      Potential    Kinetic En.   Total Energy
   -1.79214e+05    7.31798e+02   -1.65689e+05    3.12790e+04   -1.34410e+05
  Conserved En.    Temperature Pres. DC (bar) Pressure (bar)   Constr. rmsd
   -1.11488e+05    3.08956e+02   -2.11538e+02    4.02874e+03    7.33413e-06

           Step           Time         Lambda
          14500       29.00000        0.00000

   Energies (kJ/mol)
       G96Angle    Proper Dih.  Improper Dih.        LJ (SR)  Disper. corr.
    8.17632e+03    5.46828e+03    4.14787e+02    4.65371e+02   -2.14348e+03
   Coulomb (SR)   Coul. recip.      Potential    Kinetic En.   Total Energy
   -1.79348e+05    7.09861e+02   -1.66257e+05    3.14045e+04   -1.34853e+05
  Conserved En.    Temperature Pres. DC (bar) Pressure (bar)   Constr. rmsd
   -1.11493e+05    3.10196e+02   -2.11538e+02    3.83450e+03    7.37161e-06

DD  load balancing is limited by minimum cell size in dimension Z
DD  step 14999  vol min/aver 0.663! load imb.: force 25.6%  pme mesh/force 0.621

           Step           Time         Lambda
          15000       30.00000        0.00000

   Energies (kJ/mol)
       G96Angle    Proper Dih.  Improper Dih.        LJ (SR)  Disper. corr.
    8.08978e+03    5.52864e+03    4.22182e+02    6.37506e+02   -2.14348e+03
   Coulomb (SR)   Coul. recip.      Potential    Kinetic En.   Total Energy
   -1.80094e+05    7.02133e+02   -1.66857e+05    3.02843e+04   -1.36573e+05
  Conserved En.    Temperature Pres. DC (bar) Pressure (bar)   Constr. rmsd
   -1.11479e+05    2.99131e+02   -2.11538e+02    3.69129e+03    7.79605e-06

           Step           Time         Lambda
          15500       31.00000        0.00000

   Energies (kJ/mol)
       G96Angle    Proper Dih.  Improper Dih.        LJ (SR)  Disper. corr.
    8.44999e+03    5.49618e+03    4.11912e+02    7.42363e+02   -2.14348e+03
   Coulomb (SR)   Coul. recip.      Potential    Kinetic En.   Total Energy
   -1.79844e+05    6.97105e+02   -1.66190e+05    3.05066e+04   -1.35684e+05
  Conserved En.    Temperature Pres. DC (bar) Pressure (bar)   Constr. rmsd
   -1.11516e+05    3.01326e+02   -2.11538e+02    4.22275e+03    7.28873e-06

DD  load balancing is limited by minimum cell size in dimension Z
DD  step 15999  vol min/aver 0.664! load imb.: force 27.2%  pme mesh/force 0.508

           Step           Time         Lambda
          16000       32.00000        0.00000

   Energies (kJ/mol)
       G96Angle    Proper Dih.  Improper Dih.        LJ (SR)  Disper. corr.
    7.93386e+03    5.66634e+03    4.01920e+02    1.01206e+03   -2.14348e+03
   Coulomb (SR)   Coul. recip.      Potential    Kinetic En.   Total Energy
   -1.79821e+05    6.81125e+02   -1.66269e+05    3.09496e+04   -1.35319e+05
  Conserved En.    Temperature Pres. DC (bar) Pressure (bar)   Constr. rmsd
   -1.11512e+05    3.05703e+02   -2.11538e+02    3.85889e+03    7.05993e-06

           Step           Time         Lambda
          16500       33.00000        0.00000

   Energies (kJ/mol)
       G96Angle    Proper Dih.  Improper Dih.        LJ (SR)  Disper. corr.
    8.09391e+03    5.70071e+03    4.03626e+02    1.15092e+03   -2.14348e+03
   Coulomb (SR)   Coul. recip.      Potential    Kinetic En.   Total Energy
   -1.80828e+05    6.69460e+02   -1.66953e+05    3.07335e+04   -1.36220e+05
  Conserved En.    Temperature Pres. DC (bar) Pressure (bar)   Constr. rmsd
   -1.11501e+05    3.03568e+02   -2.11538e+02    4.11017e+03    7.39083e-06

DD  load balancing is limited by minimum cell size in dimension Z
DD  step 16999  vol min/aver 0.662! load imb.: force 26.2%  pme mesh/force 0.379

           Step           Time         Lambda
          17000       34.00000        0.00000

   Energies (kJ/mol)
       G96Angle    Proper Dih.  Improper Dih.        LJ (SR)  Disper. corr.
    8.00379e+03    5.42006e+03    3.75122e+02    8.48723e+02   -2.14348e+03
   Coulomb (SR)   Coul. recip.      Potential    Kinetic En.   Total Energy
   -1.79517e+05    6.85761e+02   -1.66327e+05    3.10480e+04   -1.35279e+05
  Conserved En.    Temperature Pres. DC (bar) Pressure (bar)   Constr. rmsd
   -1.11413e+05    3.06674e+02   -2.11538e+02    4.29183e+03    7.09059e-06

           Step           Time         Lambda
          17500       35.00000        0.00000

   Energies (kJ/mol)
       G96Angle    Proper Dih.  Improper Dih.        LJ (SR)  Disper. corr.
    8.23441e+03    5.64025e+03    3.53915e+02    1.60472e+02   -2.14348e+03
   Coulomb (SR)   Coul. recip.      Potential    Kinetic En.   Total Energy
   -1.78821e+05    6.68232e+02   -1.65907e+05    3.08170e+04   -1.35090e+05
  Conserved En.    Temperature Pres. DC (bar) Pressure (bar)   Constr. rmsd
   -1.11507e+05    3.04392e+02   -2.11538e+02    3.59809e+03    7.47114e-06

DD  load balancing is limited by minimum cell size in dimension Z
DD  step 17999  vol min/aver 0.666! load imb.: force 25.1%  pme mesh/force 0.630

           Step           Time         Lambda
          18000       36.00000        0.00000

   Energies (kJ/mol)
       G96Angle    Proper Dih.  Improper Dih.        LJ (SR)  Disper. corr.
    7.96757e+03    5.73369e+03    3.70153e+02    6.31870e+02   -2.14348e+03
   Coulomb (SR)   Coul. recip.      Potential    Kinetic En.   Total Energy
   -1.80077e+05    6.96352e+02   -1.66821e+05    3.06227e+04   -1.36198e+05
  Conserved En.    Temperature Pres. DC (bar) Pressure (bar)   Constr. rmsd
   -1.11507e+05    3.02473e+02   -2.11538e+02    3.85821e+03    7.33015e-06

           Step           Time         Lambda
          18500       37.00000        0.00000

   Energies (kJ/mol)
       G96Angle    Proper Dih.  Improper Dih.        LJ (SR)  Disper. corr.
    8.16809e+03    5.62696e+03    3.92545e+02    8.89844e+02   -2.14348e+03
   Coulomb (SR)   Coul. recip.      Potential    Kinetic En.   Total Energy
   -1.80088e+05    6.51273e+02   -1.66503e+05    3.12842e+04   -1.35219e+05
  Conserved En.    Temperature Pres. DC (bar) Pressure (bar)   Constr. rmsd
   -1.11573e+05    3.09007e+02   -2.11538e+02    3.96390e+03    7.06704e-06

DD  load balancing is limited by minimum cell size in dimension Z
DD  step 18999  vol min/aver 0.668! load imb.: force 28.8%  pme mesh/force 0.607

           Step           Time         Lambda
          19000       38.00000        0.00000

   Energies (kJ/mol)
       G96Angle    Proper Dih.  Improper Dih.        LJ (SR)  Disper. corr.
    8.11050e+03    5.68164e+03    3.69954e+02    6.44947e+02   -2.14348e+03
   Coulomb (SR)   Coul. recip.      Potential    Kinetic En.   Total Energy
   -1.79911e+05    6.59680e+02   -1.66588e+05    3.07365e+04   -1.35851e+05
  Conserved En.    Temperature Pres. DC (bar) Pressure (bar)   Constr. rmsd
   -1.11458e+05    3.03598e+02   -2.11538e+02    3.85484e+03    7.40118e-06

           Step           Time         Lambda
          19500       39.00000        0.00000

   Energies (kJ/mol)
       G96Angle    Proper Dih.  Improper Dih.        LJ (SR)  Disper. corr.
    7.87948e+03    5.86153e+03    3.68949e+02    3.98597e+02   -2.14348e+03
   Coulomb (SR)   Coul. recip.      Potential    Kinetic En.   Total Energy
   -1.79429e+05    6.83062e+02   -1.66380e+05    3.10002e+04   -1.35380e+05
  Conserved En.    Temperature Pres. DC (bar) Pressure (bar)   Constr. rmsd
   -1.11523e+05    3.06202e+02   -2.11538e+02    4.01458e+03    7.21457e-06

DD  load balancing is limited by minimum cell size in dimension Z
DD  step 19999  vol min/aver 0.667! load imb.: force 25.8%  pme mesh/force 0.628

           Step           Time         Lambda
          20000       40.00000        0.00000

   Energies (kJ/mol)
       G96Angle    Proper Dih.  Improper Dih.        LJ (SR)  Disper. corr.
    8.21673e+03    5.60867e+03    3.74357e+02   -1.11158e+02   -2.14348e+03
   Coulomb (SR)   Coul. recip.      Potential    Kinetic En.   Total Energy
   -1.79173e+05    6.77508e+02   -1.66550e+05    3.06158e+04   -1.35934e+05
  Conserved En.    Temperature Pres. DC (bar) Pressure (bar)   Constr. rmsd
   -1.11459e+05    3.02405e+02   -2.11538e+02    3.75958e+03    7.14771e-06

           Step           Time         Lambda
          20500       41.00000        0.00000

   Energies (kJ/mol)
       G96Angle    Proper Dih.  Improper Dih.        LJ (SR)  Disper. corr.
    8.30251e+03    5.56686e+03    3.42372e+02    4.00389e+02   -2.14348e+03
   Coulomb (SR)   Coul. recip.      Potential    Kinetic En.   Total Energy
   -1.79398e+05    6.80244e+02   -1.66249e+05    3.06783e+04   -1.35571e+05
  Conserved En.    Temperature Pres. DC (bar) Pressure (bar)   Constr. rmsd
   -1.11497e+05    3.03022e+02   -2.11538e+02    3.70636e+03    8.00197e-06

DD  load balancing is limited by minimum cell size in dimension Z
DD  step 20999  vol min/aver 0.661! load imb.: force 28.2%  pme mesh/force 0.604

           Step           Time         Lambda
          21000       42.00000        0.00000

   Energies (kJ/mol)
       G96Angle    Proper Dih.  Improper Dih.        LJ (SR)  Disper. corr.
    8.06671e+03    5.43708e+03    3.43784e+02    7.35861e+02   -2.14348e+03
   Coulomb (SR)   Coul. recip.      Potential    Kinetic En.   Total Energy
   -1.79887e+05    6.72533e+02   -1.66775e+05    3.12838e+04   -1.35491e+05
  Conserved En.    Temperature Pres. DC (bar) Pressure (bar)   Constr. rmsd
   -1.11602e+05    3.09004e+02   -2.11538e+02    3.77535e+03    6.95571e-06

           Step           Time         Lambda
          21500       43.00000        0.00000

   Energies (kJ/mol)
       G96Angle    Proper Dih.  Improper Dih.        LJ (SR)  Disper. corr.
    8.19664e+03    5.82560e+03    4.01704e+02    2.58455e+02   -2.14348e+03
   Coulomb (SR)   Coul. recip.      Potential    Kinetic En.   Total Energy
   -1.79245e+05    6.30516e+02   -1.66076e+05    3.08240e+04   -1.35252e+05
  Conserved En.    Temperature Pres. DC (bar) Pressure (bar)   Constr. rmsd
   -1.11458e+05    3.04461e+02   -2.11538e+02    3.52214e+03    6.97888e-06

DD  load balancing is limited by minimum cell size in dimension Z
DD  step 21999  vol min/aver 0.663! load imb.: force 29.6%  pme mesh/force 0.379

           Step           Time         Lambda
          22000       44.00000        0.00000

   Energies (kJ/mol)
       G96Angle    Proper Dih.  Improper Dih.        LJ (SR)  Disper. corr.
    8.06918e+03    5.75332e+03    3.69179e+02    1.09880e+03   -2.14348e+03
   Coulomb (SR)   Coul. recip.      Potential    Kinetic En.   Total Energy
   -1.81270e+05    6.36845e+02   -1.67486e+05    3.06793e+04   -1.36806e+05
  Conserved En.    Temperature Pres. DC (bar) Pressure (bar)   Constr. rmsd
   -1.11521e+05    3.03033e+02   -2.11538e+02    3.88574e+03    6.87404e-06

           Step           Time         Lambda
          22500       45.00000        0.00000

   Energies (kJ/mol)
       G96Angle    Proper Dih.  Improper Dih.        LJ (SR)  Disper. corr.
    8.11937e+03    5.69430e+03    3.61061e+02    7.00569e+02   -2.14348e+03
   Coulomb (SR)   Coul. recip.      Potential    Kinetic En.   Total Energy
   -1.80348e+05    6.44742e+02   -1.66971e+05    3.07433e+04   -1.36228e+05
  Conserved En.    Temperature Pres. DC (bar) Pressure (bar)   Constr. rmsd
   -1.11552e+05    3.03665e+02   -2.11538e+02    3.74685e+03    7.54247e-06

DD  load balancing is limited by minimum cell size in dimension Z
DD  step 22999  vol min/aver 0.654! load imb.: force 30.2%  pme mesh/force 0.387

           Step           Time         Lambda
          23000       46.00000        0.00000

   Energies (kJ/mol)
       G96Angle    Proper Dih.  Improper Dih.        LJ (SR)  Disper. corr.
    7.90833e+03    5.75904e+03    4.11293e+02    4.56575e+02   -2.14348e+03
   Coulomb (SR)   Coul. recip.      Potential    Kinetic En.   Total Energy
   -1.80178e+05    6.15952e+02   -1.67170e+05    3.05482e+04   -1.36622e+05
  Conserved En.    Temperature Pres. DC (bar) Pressure (bar)   Constr. rmsd
   -1.11510e+05    3.01738e+02   -2.11538e+02    3.41429e+03    7.22377e-06

           Step           Time         Lambda
          23500       47.00000        0.00000

   Energies (kJ/mol)
       G96Angle    Proper Dih.  Improper Dih.        LJ (SR)  Disper. corr.
    8.13817e+03    5.95791e+03    4.11053e+02    3.74070e+02   -2.14348e+03
   Coulomb (SR)   Coul. recip.      Potential    Kinetic En.   Total Energy
   -1.79936e+05    6.65735e+02   -1.66532e+05    3.11923e+04   -1.35340e+05
  Conserved En.    Temperature Pres. DC (bar) Pressure (bar)   Constr. rmsd
   -1.11598e+05    3.08100e+02   -2.11538e+02    3.70163e+03    8.13066e-06

DD  load balancing is limited by minimum cell size in dimension Z
DD  step 23999  vol min/aver 0.662! load imb.: force 30.4%  pme mesh/force 0.377

           Step           Time         Lambda
          24000       48.00000        0.00000

   Energies (kJ/mol)
       G96Angle    Proper Dih.  Improper Dih.        LJ (SR)  Disper. corr.
    8.08909e+03    5.61721e+03    3.12295e+02   -8.82841e+01   -2.14348e+03
   Coulomb (SR)   Coul. recip.      Potential    Kinetic En.   Total Energy
   -1.79689e+05    6.47630e+02   -1.67254e+05    3.07402e+04   -1.36514e+05
  Conserved En.    Temperature Pres. DC (bar) Pressure (bar)   Constr. rmsd
   -1.11572e+05    3.03634e+02   -2.11538e+02    3.26657e+03    7.34608e-06

           Step           Time         Lambda
          24500       49.00000        0.00000

   Energies (kJ/mol)
       G96Angle    Proper Dih.  Improper Dih.        LJ (SR)  Disper. corr.
    8.11604e+03    5.66197e+03    4.24443e+02    6.90525e+02   -2.14348e+03
   Coulomb (SR)   Coul. recip.      Potential    Kinetic En.   Total Energy
   -1.80343e+05    6.68355e+02   -1.66925e+05    3.10748e+04   -1.35851e+05
  Conserved En.    Temperature Pres. DC (bar) Pressure (bar)   Constr. rmsd
   -1.11481e+05    3.06939e+02   -2.11538e+02    3.93294e+03    7.58155e-06

DD  load balancing is limited by minimum cell size in dimension Z
DD  step 24999  vol min/aver 0.666! load imb.: force 27.6%  pme mesh/force 0.379

           Step           Time         Lambda
          25000       50.00000        0.00000

   Energies (kJ/mol)
       G96Angle    Proper Dih.  Improper Dih.        LJ (SR)  Disper. corr.
    8.14138e+03    5.60865e+03    4.05515e+02    4.21653e+02   -2.14348e+03
   Coulomb (SR)   Coul. recip.      Potential    Kinetic En.   Total Energy
   -1.80797e+05    6.91672e+02   -1.67672e+05    3.03801e+04   -1.37292e+05
  Conserved En.    Temperature Pres. DC (bar) Pressure (bar)   Constr. rmsd
   -1.11484e+05    3.00077e+02   -2.11538e+02    3.67968e+03    6.86689e-06

           Step           Time         Lambda
          25500       51.00000        0.00000

   Energies (kJ/mol)
       G96Angle    Proper Dih.  Improper Dih.        LJ (SR)  Disper. corr.
    7.93861e+03    5.56141e+03    3.41482e+02    1.04230e+03   -2.14348e+03
   Coulomb (SR)   Coul. recip.      Potential    Kinetic En.   Total Energy
   -1.80664e+05    6.42794e+02   -1.67280e+05    3.08943e+04   -1.36386e+05
  Conserved En.    Temperature Pres. DC (bar) Pressure (bar)   Constr. rmsd
   -1.11461e+05    3.05156e+02   -2.11538e+02    3.87128e+03    7.11654e-06

DD  load balancing is limited by minimum cell size in dimension Z
DD  step 25999  vol min/aver 0.649! load imb.: force 25.5%  pme mesh/force 0.378

           Step           Time         Lambda
          26000       52.00000        0.00000

   Energies (kJ/mol)
       G96Angle    Proper Dih.  Improper Dih.        LJ (SR)  Disper. corr.
    8.12871e+03    5.75987e+03    3.84068e+02    2.48743e+02   -2.14348e+03
   Coulomb (SR)   Coul. recip.      Potential    Kinetic En.   Total Energy
   -1.80073e+05    6.33564e+02   -1.67062e+05    3.09422e+04   -1.36120e+05
  Conserved En.    Temperature Pres. DC (bar) Pressure (bar)   Constr. rmsd
   -1.11511e+05    3.05629e+02   -2.11538e+02    3.46759e+03    7.12271e-06

           Step           Time         Lambda
          26500       53.00000        0.00000

   Energies (kJ/mol)
       G96Angle    Proper Dih.  Improper Dih.        LJ (SR)  Disper. corr.
    7.73647e+03    5.52141e+03    3.62814e+02    6.00236e+01   -2.14348e+03
   Coulomb (SR)   Coul. recip.      Potential    Kinetic En.   Total Energy
   -1.79148e+05    6.35445e+02   -1.66976e+05    3.08007e+04   -1.36175e+05
  Conserved En.    Temperature Pres. DC (bar) Pressure (bar)   Constr. rmsd
   -1.11458e+05    3.04232e+02   -2.11538e+02    3.66075e+03    6.86681e-06

DD  load balancing is limited by minimum cell size in dimension Z
DD  step 26999  vol min/aver 0.663! load imb.: force 27.6%  pme mesh/force 0.389

           Step           Time         Lambda
          27000       54.00000        0.00000

   Energies (kJ/mol)
       G96Angle    Proper Dih.  Improper Dih.        LJ (SR)  Disper. corr.
    8.09933e+03    5.69694e+03    3.88919e+02    2.09926e+02   -2.14348e+03
   Coulomb (SR)   Coul. recip.      Potential    Kinetic En.   Total Energy
   -1.79897e+05    7.25068e+02   -1.66920e+05    3.05262e+04   -1.36394e+05
  Conserved En.    Temperature Pres. DC (bar) Pressure (bar)   Constr. rmsd
   -1.11500e+05    3.01520e+02   -2.11538e+02    3.33381e+03    7.31858e-06

           Step           Time         Lambda
          27500       55.00000        0.00000

   Energies (kJ/mol)
       G96Angle    Proper Dih.  Improper Dih.        LJ (SR)  Disper. corr.
    7.97953e+03    5.65720e+03    3.62511e+02   -4.05547e+01   -2.14348e+03
   Coulomb (SR)   Coul. recip.      Potential    Kinetic En.   Total Energy
   -1.79546e+05    6.48447e+02   -1.67083e+05    3.06525e+04   -1.36430e+05
  Conserved En.    Temperature Pres. DC (bar) Pressure (bar)   Constr. rmsd
   -1.11453e+05    3.02767e+02   -2.11538e+02    3.52047e+03    7.07732e-06

DD  load balancing is limited by minimum cell size in dimension Z
DD  step 27999  vol min/aver 0.658! load imb.: force 26.7%  pme mesh/force 0.383

           Step           Time         Lambda
          28000       56.00000        0.00000

   Energies (kJ/mol)
       G96Angle    Proper Dih.  Improper Dih.        LJ (SR)  Disper. corr.
    8.05275e+03    5.71171e+03    3.85500e+02    7.28666e+02   -2.14348e+03
   Coulomb (SR)   Coul. recip.      Potential    Kinetic En.   Total Energy
   -1.80873e+05    6.76336e+02   -1.67462e+05    3.09010e+04   -1.36561e+05
  Conserved En.    Temperature Pres. DC (bar) Pressure (bar)   Constr. rmsd
   -1.11545e+05    3.05222e+02   -2.11538e+02    3.46819e+03    7.20481e-06

           Step           Time         Lambda
          28500       57.00000        0.00000

   Energies (kJ/mol)
       G96Angle    Proper Dih.  Improper Dih.        LJ (SR)  Disper. corr.
    7.90075e+03    5.66670e+03    4.12219e+02    1.16775e+02   -2.14348e+03
   Coulomb (SR)   Coul. recip.      Potential    Kinetic En.   Total Energy
   -1.80191e+05    6.26234e+02   -1.67612e+05    3.06922e+04   -1.36919e+05
  Conserved En.    Temperature Pres. DC (bar) Pressure (bar)   Constr. rmsd
   -1.11430e+05    3.03160e+02   -2.11538e+02    3.54378e+03    7.23134e-06

DD  load balancing is limited by minimum cell size in dimension Z
DD  step 28999  vol min/aver 0.658! load imb.: force 27.6%  pme mesh/force 0.388

           Step           Time         Lambda
          29000       58.00000        0.00000

   Energies (kJ/mol)
       G96Angle    Proper Dih.  Improper Dih.        LJ (SR)  Disper. corr.
    8.05421e+03    5.56975e+03    3.33870e+02   -2.15786e+02   -2.14348e+03
   Coulomb (SR)   Coul. recip.      Potential    Kinetic En.   Total Energy
   -1.79579e+05    6.55710e+02   -1.67324e+05    3.05023e+04   -1.36822e+05
  Conserved En.    Temperature Pres. DC (bar) Pressure (bar)   Constr. rmsd
   -1.11457e+05    3.01284e+02   -2.11538e+02    3.10691e+03    7.35117e-06

           Step           Time         Lambda
          29500       59.00000        0.00000

   Energies (kJ/mol)
       G96Angle    Proper Dih.  Improper Dih.        LJ (SR)  Disper. corr.
    8.13457e+03    5.72910e+03    3.86948e+02    7.64540e+02   -2.14348e+03
   Coulomb (SR)   Coul. recip.      Potential    Kinetic En.   Total Energy
   -1.80630e+05    6.80395e+02   -1.67078e+05    3.10216e+04   -1.36057e+05
  Conserved En.    Temperature Pres. DC (bar) Pressure (bar)   Constr. rmsd
   -1.11524e+05    3.06413e+02   -2.11538e+02    3.99084e+03    6.99358e-06

DD  load balancing is limited by minimum cell size in dimension Z
DD  step 29999  vol min/aver 0.659! load imb.: force 29.4%  pme mesh/force 0.369

           Step           Time         Lambda
          30000       60.00000        0.00000

   Energies (kJ/mol)
       G96Angle    Proper Dih.  Improper Dih.        LJ (SR)  Disper. corr.
    7.99529e+03    5.97071e+03    3.35541e+02   -6.78505e+01   -2.14348e+03
   Coulomb (SR)   Coul. recip.      Potential    Kinetic En.   Total Energy
   -1.80000e+05    6.64854e+02   -1.67245e+05    3.06818e+04   -1.36563e+05
  Conserved En.    Temperature Pres. DC (bar) Pressure (bar)   Constr. rmsd
   -1.11456e+05    3.03057e+02   -2.11538e+02    3.44698e+03    7.11387e-06

           Step           Time         Lambda
          30500       61.00000        0.00000

   Energies (kJ/mol)
       G96Angle    Proper Dih.  Improper Dih.        LJ (SR)  Disper. corr.
    8.01137e+03    5.79363e+03    4.52145e+02    4.02332e+02   -2.14348e+03
   Coulomb (SR)   Coul. recip.      Potential    Kinetic En.   Total Energy
   -1.79939e+05    6.61175e+02   -1.66762e+05    3.07192e+04   -1.36042e+05
  Conserved En.    Temperature Pres. DC (bar) Pressure (bar)   Constr. rmsd
   -1.11484e+05    3.03426e+02   -2.11538e+02    3.59692e+03    7.04296e-06

DD  load balancing is limited by minimum cell size in dimension Z
DD  step 30999  vol min/aver 0.662! load imb.: force 30.5%  pme mesh/force 0.353

           Step           Time         Lambda
          31000       62.00000        0.00000

   Energies (kJ/mol)
       G96Angle    Proper Dih.  Improper Dih.        LJ (SR)  Disper. corr.
    8.12480e+03    5.88208e+03    3.69219e+02    2.76224e+02   -2.14348e+03
   Coulomb (SR)   Coul. recip.      Potential    Kinetic En.   Total Energy
   -1.80006e+05    7.12013e+02   -1.66786e+05    3.09902e+04   -1.35795e+05
  Conserved En.    Temperature Pres. DC (bar) Pressure (bar)   Constr. rmsd
   -1.11393e+05    3.06103e+02   -2.11538e+02    3.31332e+03    7.27992e-06

           Step           Time         Lambda
          31500       63.00000        0.00000

   Energies (kJ/mol)
       G96Angle    Proper Dih.  Improper Dih.        LJ (SR)  Disper. corr.
    8.01957e+03    5.86435e+03    3.64779e+02    3.86271e+01   -2.14348e+03
   Coulomb (SR)   Coul. recip.      Potential    Kinetic En.   Total Energy
   -1.79588e+05    6.48492e+02   -1.66796e+05    3.11909e+04   -1.35605e+05
  Conserved En.    Temperature Pres. DC (bar) Pressure (bar)   Constr. rmsd
   -1.11507e+05    3.08085e+02   -2.11538e+02    3.41530e+03    7.35830e-06

DD  load balancing is limited by minimum cell size in dimension Z
DD  step 31999  vol min/aver 0.658! load imb.: force 31.0%  pme mesh/force 0.365

           Step           Time         Lambda
          32000       64.00000        0.00000

   Energies (kJ/mol)
       G96Angle    Proper Dih.  Improper Dih.        LJ (SR)  Disper. corr.
    7.87225e+03    5.88060e+03    3.52102e+02    1.12200e+02   -2.14348e+03
   Coulomb (SR)   Coul. recip.      Potential    Kinetic En.   Total Energy
   -1.79797e+05    6.45499e+02   -1.67078e+05    3.08959e+04   -1.36182e+05
  Conserved En.    Temperature Pres. DC (bar) Pressure (bar)   Constr. rmsd
   -1.11463e+05    3.05172e+02   -2.11538e+02    3.89242e+03    6.79046e-06

           Step           Time         Lambda
          32500       65.00000        0.00000

   Energies (kJ/mol)
       G96Angle    Proper Dih.  Improper Dih.        LJ (SR)  Disper. corr.
    7.74250e+03    5.88423e+03    3.87123e+02    8.92823e+01   -2.14348e+03
   Coulomb (SR)   Coul. recip.      Potential    Kinetic En.   Total Energy
   -1.79925e+05    6.21682e+02   -1.67344e+05    3.07395e+04   -1.36605e+05
  Conserved En.    Temperature Pres. DC (bar) Pressure (bar)   Constr. rmsd
   -1.11506e+05    3.03627e+02   -2.11538e+02    3.52218e+03    6.90144e-06

DD  load balancing is limited by minimum cell size in dimension Z
DD  step 32999  vol min/aver 0.667! load imb.: force 31.5%  pme mesh/force 0.362

           Step           Time         Lambda
          33000       66.00000        0.00000

   Energies (kJ/mol)
       G96Angle    Proper Dih.  Improper Dih.        LJ (SR)  Disper. corr.
    7.90450e+03    5.87522e+03    4.24482e+02    3.24752e+02   -2.14348e+03
   Coulomb (SR)   Coul. recip.      Potential    Kinetic En.   Total Energy
   -1.80649e+05    6.56772e+02   -1.67606e+05    3.06168e+04   -1.36990e+05
  Conserved En.    Temperature Pres. DC (bar) Pressure (bar)   Constr. rmsd
   -1.11376e+05    3.02415e+02   -2.11538e+02    3.41982e+03    7.21451e-06

           Step           Time         Lambda
          33500       67.00000        0.00000

   Energies (kJ/mol)
       G96Angle    Proper Dih.  Improper Dih.        LJ (SR)  Disper. corr.
    7.79756e+03    5.78531e+03    3.28215e+02    1.08909e+02   -2.14348e+03
   Coulomb (SR)   Coul. recip.      Potential    Kinetic En.   Total Energy
   -1.80226e+05    6.44038e+02   -1.67706e+05    3.01395e+04   -1.37566e+05
  Conserved En.    Temperature Pres. DC (bar) Pressure (bar)   Constr. rmsd
   -1.11427e+05    2.97701e+02   -2.11538e+02    3.05474e+03    7.46810e-06

DD  load balancing is limited by minimum cell size in dimension Z
DD  step 33999  vol min/aver 0.653! load imb.: force 32.3%  pme mesh/force 0.361

           Step           Time         Lambda
          34000       68.00000        0.00000

   Energies (kJ/mol)
       G96Angle    Proper Dih.  Improper Dih.        LJ (SR)  Disper. corr.
    7.97988e+03    5.69309e+03    3.92843e+02    1.03086e+03   -2.14348e+03
   Coulomb (SR)   Coul. recip.      Potential    Kinetic En.   Total Energy
   -1.81127e+05    6.79175e+02   -1.67494e+05    3.07793e+04   -1.36715e+05
  Conserved En.    Temperature Pres. DC (bar) Pressure (bar)   Constr. rmsd
   -1.11398e+05    3.04020e+02   -2.11538e+02    3.65316e+03    7.27820e-06

           Step           Time         Lambda
          34500       69.00000        0.00000

   Energies (kJ/mol)
       G96Angle    Proper Dih.  Improper Dih.        LJ (SR)  Disper. corr.
    7.79531e+03    5.77905e+03    3.86826e+02    3.28402e+02   -2.14348e+03
   Coulomb (SR)   Coul. recip.      Potential    Kinetic En.   Total Energy
   -1.79504e+05    6.95301e+02   -1.66663e+05    3.09400e+04   -1.35723e+05
  Conserved En.    Temperature Pres. DC (bar) Pressure (bar)   Constr. rmsd
   -1.11353e+05    3.05607e+02   -2.11538e+02    3.46946e+03    6.92658e-06

DD  load balancing is limited by minimum cell size in dimension Z
DD  step 34999  vol min/aver 0.661! load imb.: force 29.0%  pme mesh/force 0.393

           Step           Time         Lambda
          35000       70.00000        0.00000

   Energies (kJ/mol)
       G96Angle    Proper Dih.  Improper Dih.        LJ (SR)  Disper. corr.
    7.81025e+03    5.68816e+03    4.00598e+02   -1.29668e+02   -2.14348e+03
   Coulomb (SR)   Coul. recip.      Potential    Kinetic En.   Total Energy
   -1.79801e+05    6.78968e+02   -1.67496e+05    3.12941e+04   -1.36202e+05
  Conserved En.    Temperature Pres. DC (bar) Pressure (bar)   Constr. rmsd
   -1.11453e+05    3.09104e+02   -2.11538e+02    3.48458e+03    7.27747e-06

           Step           Time         Lambda
          35500       71.00000        0.00000

   Energies (kJ/mol)
       G96Angle    Proper Dih.  Improper Dih.        LJ (SR)  Disper. corr.
    8.09423e+03    5.73186e+03    3.83590e+02    1.62251e+02   -2.14348e+03
   Coulomb (SR)   Coul. recip.      Potential    Kinetic En.   Total Energy
   -1.80133e+05    6.44372e+02   -1.67260e+05    3.04980e+04   -1.36762e+05
  Conserved En.    Temperature Pres. DC (bar) Pressure (bar)   Constr. rmsd
   -1.11410e+05    3.01241e+02   -2.11538e+02    3.53724e+03    7.66363e-06

DD  load balancing is limited by minimum cell size in dimension Z
DD  step 35999  vol min/aver 0.665! load imb.: force 30.3%  pme mesh/force 0.378

           Step           Time         Lambda
          36000       72.00000        0.00000

   Energies (kJ/mol)
       G96Angle    Proper Dih.  Improper Dih.        LJ (SR)  Disper. corr.
    8.01558e+03    5.88905e+03    4.60119e+02   -1.23530e+02   -2.14348e+03
   Coulomb (SR)   Coul. recip.      Potential    Kinetic En.   Total Energy
   -1.79807e+05    6.44574e+02   -1.67064e+05    3.06920e+04   -1.36372e+05
  Conserved En.    Temperature Pres. DC (bar) Pressure (bar)   Constr. rmsd
   -1.11420e+05    3.03158e+02   -2.11538e+02    3.36448e+03    7.28684e-06

           Step           Time         Lambda
          36500       73.00000        0.00000

   Energies (kJ/mol)
       G96Angle    Proper Dih.  Improper Dih.        LJ (SR)  Disper. corr.
    7.93168e+03    5.80333e+03    3.43965e+02    8.59850e+02   -2.14348e+03
   Coulomb (SR)   Coul. recip.      Potential    Kinetic En.   Total Energy
   -1.80749e+05    6.68996e+02   -1.67284e+05    3.09677e+04   -1.36316e+05
  Conserved En.    Temperature Pres. DC (bar) Pressure (bar)   Constr. rmsd
   -1.11404e+05    3.05881e+02   -2.11538e+02    3.86814e+03    7.43867e-06

DD  load balancing is limited by minimum cell size in dimension Z
DD  step 36999  vol min/aver 0.660! load imb.: force 26.0%  pme mesh/force 0.502

           Step           Time         Lambda
          37000       74.00000        0.00000

   Energies (kJ/mol)
       G96Angle    Proper Dih.  Improper Dih.        LJ (SR)  Disper. corr.
    7.98457e+03    6.04191e+03    3.57245e+02    5.10331e+02   -2.14348e+03
   Coulomb (SR)   Coul. recip.      Potential    Kinetic En.   Total Energy
   -1.79920e+05    6.22864e+02   -1.66547e+05    3.10397e+04   -1.35507e+05
  Conserved En.    Temperature Pres. DC (bar) Pressure (bar)   Constr. rmsd
   -1.11517e+05    3.06592e+02   -2.11538e+02    3.65087e+03    7.17581e-06

           Step           Time         Lambda
          37500       75.00000        0.00000

   Energies (kJ/mol)
       G96Angle    Proper Dih.  Improper Dih.        LJ (SR)  Disper. corr.
    7.87479e+03    5.60381e+03    3.56882e+02    1.98528e+00   -2.14348e+03
   Coulomb (SR)   Coul. recip.      Potential    Kinetic En.   Total Energy
   -1.80179e+05    6.06889e+02   -1.67879e+05    3.07003e+04   -1.37178e+05
  Conserved En.    Temperature Pres. DC (bar) Pressure (bar)   Constr. rmsd
   -1.11349e+05    3.03239e+02   -2.11538e+02    3.37513e+03    7.04055e-06

DD  load balancing is limited by minimum cell size in dimension Z
DD  step 37999  vol min/aver 0.659! load imb.: force 25.7%  pme mesh/force 0.372

           Step           Time         Lambda
          38000       76.00000        0.00000

   Energies (kJ/mol)
       G96Angle    Proper Dih.  Improper Dih.        LJ (SR)  Disper. corr.
    7.91148e+03    5.78709e+03    3.72839e+02    2.04502e+02   -2.14348e+03
   Coulomb (SR)   Coul. recip.      Potential    Kinetic En.   Total Energy
   -1.79660e+05    6.15943e+02   -1.66912e+05    3.03399e+04   -1.36572e+05
  Conserved En.    Temperature Pres. DC (bar) Pressure (bar)   Constr. rmsd
   -1.11514e+05    2.99680e+02   -2.11538e+02    3.45824e+03    7.18639e-06

           Step           Time         Lambda
          38500       77.00000        0.00000

   Energies (kJ/mol)
       G96Angle    Proper Dih.  Improper Dih.        LJ (SR)  Disper. corr.
    7.92788e+03    5.65172e+03    3.15668e+02    6.25112e+02   -2.14348e+03
   Coulomb (SR)   Coul. recip.      Potential    Kinetic En.   Total Energy
   -1.80918e+05    6.31468e+02   -1.67909e+05    3.10665e+04   -1.36843e+05
  Conserved En.    Temperature Pres. DC (bar) Pressure (bar)   Constr. rmsd
   -1.11490e+05    3.06857e+02   -2.11538e+02    3.53906e+03    7.60593e-06

DD  load balancing is limited by minimum cell size in dimension Z
DD  step 38999  vol min/aver 0.662! load imb.: force 29.6%  pme mesh/force 0.367

           Step           Time         Lambda
          39000       78.00000        0.00000

   Energies (kJ/mol)
       G96Angle    Proper Dih.  Improper Dih.        LJ (SR)  Disper. corr.
    8.17964e+03    5.65350e+03    3.39472e+02    1.02725e+03   -2.14348e+03
   Coulomb (SR)   Coul. recip.      Potential    Kinetic En.   Total Energy
   -1.81036e+05    6.17914e+02   -1.67361e+05    3.09791e+04   -1.36382e+05
  Conserved En.    Temperature Pres. DC (bar) Pressure (bar)   Constr. rmsd
   -1.11479e+05    3.05994e+02   -2.11538e+02    3.43725e+03    7.82448e-06

           Step           Time         Lambda
          39500       79.00000        0.00000

   Energies (kJ/mol)
       G96Angle    Proper Dih.  Improper Dih.        LJ (SR)  Disper. corr.
    7.94319e+03    5.70703e+03    3.96386e+02   -2.82236e+02   -2.14348e+03
   Coulomb (SR)   Coul. recip.      Potential    Kinetic En.   Total Energy
   -1.79862e+05    6.09521e+02   -1.67631e+05    3.07132e+04   -1.36918e+05
  Conserved En.    Temperature Pres. DC (bar) Pressure (bar)   Constr. rmsd
   -1.11391e+05    3.03367e+02   -2.11538e+02    3.08258e+03    7.25169e-06

DD  load balancing is limited by minimum cell size in dimension Z
DD  step 39999  vol min/aver 0.668! load imb.: force 29.3%  pme mesh/force 0.383

           Step           Time         Lambda
          40000       80.00000        0.00000

   Energies (kJ/mol)
       G96Angle    Proper Dih.  Improper Dih.        LJ (SR)  Disper. corr.
    8.08935e+03    5.48711e+03    3.62239e+02   -3.51006e+01   -2.14348e+03
   Coulomb (SR)   Coul. recip.      Potential    Kinetic En.   Total Energy
   -1.79659e+05    6.28084e+02   -1.67271e+05    3.10828e+04   -1.36188e+05
  Conserved En.    Temperature Pres. DC (bar) Pressure (bar)   Constr. rmsd
   -1.11476e+05    3.07018e+02   -2.11538e+02    3.54562e+03    7.72140e-06

           Step           Time         Lambda
          40500       81.00000        0.00000

   Energies (kJ/mol)
       G96Angle    Proper Dih.  Improper Dih.        LJ (SR)  Disper. corr.
    7.76227e+03    5.40612e+03    3.38527e+02    4.21251e+02   -2.14348e+03
   Coulomb (SR)   Coul. recip.      Potential    Kinetic En.   Total Energy
   -1.80570e+05    6.67746e+02   -1.68118e+05    3.10715e+04   -1.37046e+05
  Conserved En.    Temperature Pres. DC (bar) Pressure (bar)   Constr. rmsd
   -1.11437e+05    3.06907e+02   -2.11538e+02    3.53029e+03    7.05862e-06

DD  load balancing is limited by minimum cell size in dimension Z
DD  step 40999  vol min/aver 0.665! load imb.: force 29.1%  pme mesh/force 0.377

           Step           Time         Lambda
          41000       82.00000        0.00000

   Energies (kJ/mol)
       G96Angle    Proper Dih.  Improper Dih.        LJ (SR)  Disper. corr.
    7.81784e+03    5.65460e+03    3.70261e+02    4.51280e+02   -2.14348e+03
   Coulomb (SR)   Coul. recip.      Potential    Kinetic En.   Total Energy
   -1.80659e+05    6.01699e+02   -1.67907e+05    3.06014e+04   -1.37306e+05
  Conserved En.    Temperature Pres. DC (bar) Pressure (bar)   Constr. rmsd
   -1.11388e+05    3.02263e+02   -2.11538e+02    3.46202e+03    7.51605e-06

           Step           Time         Lambda
          41500       83.00000        0.00000

   Energies (kJ/mol)
       G96Angle    Proper Dih.  Improper Dih.        LJ (SR)  Disper. corr.
    7.84203e+03    5.70385e+03    4.12900e+02    5.88264e+02   -2.14348e+03
   Coulomb (SR)   Coul. recip.      Potential    Kinetic En.   Total Energy
   -1.80914e+05    6.36619e+02   -1.67874e+05    3.09761e+04   -1.36898e+05
  Conserved En.    Temperature Pres. DC (bar) Pressure (bar)   Constr. rmsd
   -1.11420e+05    3.05964e+02   -2.11538e+02    3.31396e+03    7.17493e-06

DD  load balancing is limited by minimum cell size in dimension Z
DD  step 41999  vol min/aver 0.664! load imb.: force 27.6%  pme mesh/force 0.387

           Step           Time         Lambda
          42000       84.00000        0.00000

   Energies (kJ/mol)
       G96Angle    Proper Dih.  Improper Dih.        LJ (SR)  Disper. corr.
    7.98636e+03    5.64719e+03    3.64482e+02    1.10766e+02   -2.14348e+03
   Coulomb (SR)   Coul. recip.      Potential    Kinetic En.   Total Energy
   -1.80052e+05    6.40357e+02   -1.67446e+05    3.11261e+04   -1.36320e+05
  Conserved En.    Temperature Pres. DC (bar) Pressure (bar)   Constr. rmsd
   -1.11437e+05    3.07445e+02   -2.11538e+02    3.65600e+03    7.53547e-06

           Step           Time         Lambda
          42500       85.00000        0.00000

   Energies (kJ/mol)
       G96Angle    Proper Dih.  Improper Dih.        LJ (SR)  Disper. corr.
    7.93476e+03    5.68824e+03    4.03488e+02    5.04671e+02   -2.14348e+03
   Coulomb (SR)   Coul. recip.      Potential    Kinetic En.   Total Energy
   -1.80902e+05    6.40033e+02   -1.67874e+05    3.07358e+04   -1.37138e+05
  Conserved En.    Temperature Pres. DC (bar) Pressure (bar)   Constr. rmsd
   -1.11411e+05    3.03590e+02   -2.11538e+02    3.53058e+03    7.22426e-06

DD  load balancing is limited by minimum cell size in dimension Z
DD  step 42999  vol min/aver 0.658! load imb.: force 30.9%  pme mesh/force 0.374

           Step           Time         Lambda
          43000       86.00000        0.00000

   Energies (kJ/mol)
       G96Angle    Proper Dih.  Improper Dih.        LJ (SR)  Disper. corr.
    7.83693e+03    5.72452e+03    3.80570e+02   -1.50375e+02   -2.14348e+03
   Coulomb (SR)   Coul. recip.      Potential    Kinetic En.   Total Energy
   -1.79694e+05    6.29525e+02   -1.67416e+05    3.06335e+04   -1.36783e+05
  Conserved En.    Temperature Pres. DC (bar) Pressure (bar)   Constr. rmsd
   -1.11372e+05    3.02579e+02   -2.11538e+02    3.64161e+03    7.03394e-06

           Step           Time         Lambda
          43500       87.00000        0.00000

   Energies (kJ/mol)
       G96Angle    Proper Dih.  Improper Dih.        LJ (SR)  Disper. corr.
    8.15216e+03    5.61792e+03    3.37897e+02    2.73090e+02   -2.14348e+03
   Coulomb (SR)   Coul. recip.      Potential    Kinetic En.   Total Energy
   -1.79555e+05    6.01257e+02   -1.66716e+05    3.09174e+04   -1.35799e+05
  Conserved En.    Temperature Pres. DC (bar) Pressure (bar)   Constr. rmsd
   -1.11466e+05    3.05384e+02   -2.11538e+02    3.71803e+03    7.35543e-06

DD  load balancing is limited by minimum cell size in dimension Z
DD  step 43999  vol min/aver 0.662! load imb.: force 28.0%  pme mesh/force 0.378

           Step           Time         Lambda
          44000       88.00000        0.00000

   Energies (kJ/mol)
       G96Angle    Proper Dih.  Improper Dih.        LJ (SR)  Disper. corr.
    8.09147e+03    5.94307e+03    3.25532e+02    1.73158e+02   -2.14348e+03
   Coulomb (SR)   Coul. recip.      Potential    Kinetic En.   Total Energy
   -1.80564e+05    6.26583e+02   -1.67547e+05    3.08878e+04   -1.36659e+05
  Conserved En.    Temperature Pres. DC (bar) Pressure (bar)   Constr. rmsd
   -1.11542e+05    3.05092e+02   -2.11538e+02    3.40798e+03    7.63830e-06

           Step           Time         Lambda
          44500       89.00000        0.00000

   Energies (kJ/mol)
       G96Angle    Proper Dih.  Improper Dih.        LJ (SR)  Disper. corr.
    8.12968e+03    5.83593e+03    3.97480e+02   -4.74176e+02   -2.14348e+03
   Coulomb (SR)   Coul. recip.      Potential    Kinetic En.   Total Energy
   -1.79096e+05    6.41193e+02   -1.66710e+05    3.09462e+04   -1.35763e+05
  Conserved En.    Temperature Pres. DC (bar) Pressure (bar)   Constr. rmsd
   -1.11424e+05    3.05669e+02   -2.11538e+02    3.54875e+03    7.06933e-06

DD  load balancing is limited by minimum cell size in dimension Z
DD  step 44999  vol min/aver 0.664! load imb.: force 30.9%  pme mesh/force 0.376

           Step           Time         Lambda
          45000       90.00000        0.00000

   Energies (kJ/mol)
       G96Angle    Proper Dih.  Improper Dih.        LJ (SR)  Disper. corr.
    8.02489e+03    5.72421e+03    4.13866e+02    7.30203e+02   -2.14348e+03
   Coulomb (SR)   Coul. recip.      Potential    Kinetic En.   Total Energy
   -1.80922e+05    6.22632e+02   -1.67550e+05    3.09676e+04   -1.36582e+05
  Conserved En.    Temperature Pres. DC (bar) Pressure (bar)   Constr. rmsd
   -1.11367e+05    3.05880e+02   -2.11538e+02    4.08341e+03    6.91685e-06

           Step           Time         Lambda
          45500       91.00000        0.00000

   Energies (kJ/mol)
       G96Angle    Proper Dih.  Improper Dih.        LJ (SR)  Disper. corr.
    8.04302e+03    5.77856e+03    3.35679e+02    3.78954e+02   -2.14348e+03
   Coulomb (SR)   Coul. recip.      Potential    Kinetic En.   Total Energy
   -1.79901e+05    6.28584e+02   -1.66880e+05    3.07884e+04   -1.36091e+05
  Conserved En.    Temperature Pres. DC (bar) Pressure (bar)   Constr. rmsd
   -1.11446e+05    3.04110e+02   -2.11538e+02    3.88457e+03    7.11504e-06

DD  load balancing is limited by minimum cell size in dimension Z
DD  step 45999  vol min/aver 0.651! load imb.: force 32.4%  pme mesh/force 0.377

           Step           Time         Lambda
          46000       92.00000        0.00000

   Energies (kJ/mol)
       G96Angle    Proper Dih.  Improper Dih.        LJ (SR)  Disper. corr.
    7.87971e+03    5.83956e+03    3.44064e+02    4.83305e+02   -2.14348e+03
   Coulomb (SR)   Coul. recip.      Potential    Kinetic En.   Total Energy
   -1.80588e+05    6.08617e+02   -1.67576e+05    3.13292e+04   -1.36247e+05
  Conserved En.    Temperature Pres. DC (bar) Pressure (bar)   Constr. rmsd
   -1.11318e+05    3.09451e+02   -2.11538e+02    3.85588e+03    6.81646e-06

           Step           Time         Lambda
          46500       93.00000        0.00000

   Energies (kJ/mol)
       G96Angle    Proper Dih.  Improper Dih.        LJ (SR)  Disper. corr.
    7.91428e+03    5.56770e+03    3.79506e+02    5.24735e+01   -2.14348e+03
   Coulomb (SR)   Coul. recip.      Potential    Kinetic En.   Total Energy
   -1.80259e+05    6.19520e+02   -1.67869e+05    3.08219e+04   -1.37047e+05
  Conserved En.    Temperature Pres. DC (bar) Pressure (bar)   Constr. rmsd
   -1.11396e+05    3.04441e+02   -2.11538e+02    3.64113e+03    7.02602e-06

DD  load balancing is limited by minimum cell size in dimension Z
DD  step 46999  vol min/aver 0.666! load imb.: force 30.9%  pme mesh/force 0.383

           Step           Time         Lambda
          47000       94.00000        0.00000

   Energies (kJ/mol)
       G96Angle    Proper Dih.  Improper Dih.        LJ (SR)  Disper. corr.
    7.80233e+03    5.66237e+03    3.45399e+02    6.87205e+01   -2.14348e+03
   Coulomb (SR)   Coul. recip.      Potential    Kinetic En.   Total Energy
   -1.79593e+05    6.22357e+02   -1.67235e+05    3.09847e+04   -1.36250e+05
  Conserved En.    Temperature Pres. DC (bar) Pressure (bar)   Constr. rmsd
   -1.11401e+05    3.06049e+02   -2.11538e+02    3.30941e+03    7.53403e-06

           Step           Time         Lambda
          47500       95.00000        0.00000

   Energies (kJ/mol)
       G96Angle    Proper Dih.  Improper Dih.        LJ (SR)  Disper. corr.
    8.05752e+03    5.55959e+03    3.70692e+02    7.73095e+02   -2.14348e+03
   Coulomb (SR)   Coul. recip.      Potential    Kinetic En.   Total Energy
   -1.81155e+05    6.08541e+02   -1.67929e+05    3.06990e+04   -1.37230e+05
  Conserved En.    Temperature Pres. DC (bar) Pressure (bar)   Constr. rmsd
   -1.11382e+05    3.03226e+02   -2.11538e+02    3.42674e+03    6.67458e-06

DD  load balancing is limited by minimum cell size in dimension Z
DD  step 47999  vol min/aver 0.658! load imb.: force 30.1%  pme mesh/force 0.375

           Step           Time         Lambda
          48000       96.00000        0.00000

   Energies (kJ/mol)
       G96Angle    Proper Dih.  Improper Dih.        LJ (SR)  Disper. corr.
    7.89790e+03    5.77889e+03    3.96467e+02   -8.04587e+01   -2.14348e+03
   Coulomb (SR)   Coul. recip.      Potential    Kinetic En.   Total Energy
   -1.79424e+05    6.34133e+02   -1.66940e+05    3.08679e+04   -1.36072e+05
  Conserved En.    Temperature Pres. DC (bar) Pressure (bar)   Constr. rmsd
   -1.11389e+05    3.04895e+02   -2.11538e+02    3.65247e+03    7.44257e-06

           Step           Time         Lambda
          48500       97.00000        0.00000

   Energies (kJ/mol)
       G96Angle    Proper Dih.  Improper Dih.        LJ (SR)  Disper. corr.
    7.97550e+03    5.63915e+03    3.86028e+02    5.54393e+02   -2.14348e+03
   Coulomb (SR)   Coul. recip.      Potential    Kinetic En.   Total Energy
   -1.81220e+05    6.40030e+02   -1.68168e+05    3.05873e+04   -1.37581e+05
  Conserved En.    Temperature Pres. DC (bar) Pressure (bar)   Constr. rmsd
   -1.11302e+05    3.02123e+02   -2.11538e+02    3.88557e+03    7.54617e-06

DD  load balancing is limited by minimum cell size in dimension Z
DD  step 48999  vol min/aver 0.642! load imb.: force 29.3%  pme mesh/force 0.435

           Step           Time         Lambda
          49000       98.00000        0.00000

   Energies (kJ/mol)
       G96Angle    Proper Dih.  Improper Dih.        LJ (SR)  Disper. corr.
    8.26778e+03    5.61479e+03    3.03900e+02    3.03901e+02   -2.14348e+03
   Coulomb (SR)   Coul. recip.      Potential    Kinetic En.   Total Energy
   -1.80685e+05    6.26765e+02   -1.67711e+05    3.05232e+04   -1.37188e+05
  Conserved En.    Temperature Pres. DC (bar) Pressure (bar)   Constr. rmsd
   -1.11453e+05    3.01491e+02   -2.11538e+02    3.49442e+03    7.04967e-06

           Step           Time         Lambda
          49500       99.00000        0.00000

   Energies (kJ/mol)
       G96Angle    Proper Dih.  Improper Dih.        LJ (SR)  Disper. corr.
    7.87088e+03    5.72776e+03    3.90036e+02    2.49214e+01   -2.14348e+03
   Coulomb (SR)   Coul. recip.      Potential    Kinetic En.   Total Energy
   -1.80325e+05    6.29521e+02   -1.67825e+05    3.08257e+04   -1.37000e+05
  Conserved En.    Temperature Pres. DC (bar) Pressure (bar)   Constr. rmsd
   -1.11423e+05    3.04479e+02   -2.11538e+02    3.47910e+03    7.53830e-06

DD  load balancing is limited by minimum cell size in dimension Z
DD  step 49999  vol min/aver 0.663! load imb.: force 27.5%  pme mesh/force 0.378

           Step           Time         Lambda
          50000      100.00000        0.00000

Writing checkpoint, step 50000 at Fri Dec  9 15:01:24 2016


   Energies (kJ/mol)
       G96Angle    Proper Dih.  Improper Dih.        LJ (SR)  Disper. corr.
    8.05744e+03    5.66531e+03    3.67348e+02    1.84783e+02   -2.14348e+03
   Coulomb (SR)   Coul. recip.      Potential    Kinetic En.   Total Energy
   -1.80403e+05    6.35965e+02   -1.67636e+05    3.07604e+04   -1.36876e+05
  Conserved En.    Temperature Pres. DC (bar) Pressure (bar)   Constr. rmsd
   -1.11334e+05    3.03833e+02   -2.11538e+02    3.30560e+03    7.56564e-06

	<======  ###############  ==>
	<====  A V E R A G E S  ====>
	<==  ###############  ======>

	Statistics over 50001 steps using 501 frames

   Energies (kJ/mol)
       G96Angle    Proper Dih.  Improper Dih.        LJ (SR)  Disper. corr.
    8.13718e+03    5.72660e+03    3.69629e+02    9.49237e+02   -2.14348e+03
   Coulomb (SR)   Coul. recip.      Potential    Kinetic En.   Total Energy
   -1.79594e+05    7.51275e+02   -1.65803e+05    3.09020e+04   -1.34901e+05
  Conserved En.    Temperature Pres. DC (bar) Pressure (bar)   Constr. rmsd
   -1.11500e+05    3.05232e+02   -2.11538e+02    4.10808e+03    0.00000e+00

   Total Virial (kJ/mol)
   -1.66865e+04    2.13354e+02   -4.70559e+01
    2.13228e+02   -1.36432e+04    4.72459e+01
   -4.67292e+01    4.78399e+01   -1.24584e+03

   Pressure (bar)
    5.46385e+03   -4.65703e+01    6.50560e+00
   -4.65454e+01    4.77318e+03   -9.05880e+00
    6.44117e+00   -9.17597e+00    2.08722e+03

    T-non-Water        T-Water
    3.05408e+02    3.05129e+02


	M E G A - F L O P S   A C C O U N T I N G

 NB=Group-cutoff nonbonded kernels    NxN=N-by-N cluster Verlet kernels
 RF=Reaction-Field  VdW=Van der Waals  QSTab=quadratic-spline table
 W3=SPC/TIP3p  W4=TIP4p (single or pairs)
 V&F=Potential and force  V=Potential only  F=Force only

 Computing:                               M-Number         M-Flops  % Flops
-----------------------------------------------------------------------------
 Pair Search distance check            8668.276474       78014.488     0.4
 NxN QSTab Elec. + LJ [F]            259658.063648    10645980.610    49.1
 NxN QSTab Elec. + LJ [V&F]            2627.332624      155012.625     0.7
 NxN LJ [F]                           74696.014256     2464968.470    11.4
 NxN LJ [V&F]                           756.285600       32520.281     0.2
 NxN QSTab Elec. [F]                 208062.671248     7074130.822    32.6
 NxN QSTab Elec. [V&F]                 2105.449936       86323.447     0.4
 Calc Weights                          1817.136342       65416.908     0.3
 Spread Q Bspline                     38765.575296       77531.151     0.4
 Gather F Bspline                     38765.575296      232593.452     1.1
 3D-FFT                               71387.827728      571102.622     2.6
 Solve PME                               28.800576        1843.237     0.0
 Reset In Box                            15.154614          45.464     0.0
 CG-CoM                                  15.166728          45.500     0.0
 Angles                                 230.804616       38775.175     0.2
 Propers                                195.803916       44839.097     0.2
 Impropers                                8.700174        1809.636     0.0
 Virial                                   6.520014         117.360     0.0
 Stop-CM                                  6.081228          60.812     0.0
 Calc-Ekin                              121.164228        3271.434     0.0
 Lincs                                  350.931721       21055.903     0.1
 Lincs-Mat                             4446.290640       17785.163     0.1
 Constraint-V                          1147.183260        9177.466     0.0
 Constraint-Vir                           7.978065         191.474     0.0
 Settle                                 148.447861       47948.659     0.2
-----------------------------------------------------------------------------
 Total                                                21670561.257   100.0
-----------------------------------------------------------------------------


    D O M A I N   D E C O M P O S I T I O N   S T A T I S T I C S

 av. #atoms communicated per step for force:  2 x 36885.1
 av. #atoms communicated per step for LINCS:  2 x 4302.5

 Average load imbalance: 28.7 %
 Part of the total run time spent waiting due to load imbalance: 14.6 %
 Steps where the load balancing was limited by -rdd, -rcon and/or -dds: X 0 % Z 2 %
 Average PME mesh/force load: 0.412
 Part of the total run time spent waiting due to PP/PME imbalance: 7.4 %

NOTE: 14.6 % of the available CPU time was lost due to load imbalance
      in the domain decomposition.

NOTE: 7.4 % performance was lost because the PME ranks
      had less work to do than the PP ranks.
      You might want to decrease the number of PME ranks
      or decrease the cut-off and the grid spacing.


     R E A L   C Y C L E   A N D   T I M E   A C C O U N T I N G

On 20 MPI ranks doing PP, and
on 4 MPI ranks doing PME

 Computing:          Num   Num      Call    Wall time         Giga-Cycles
                     Ranks Threads  Count      (s)         total sum    %
-----------------------------------------------------------------------------
 Domain decomp.        20    1       1251       8.756        465.793   1.8
 DD comm. load         20    1       1250       0.322         17.143   0.1
 DD comm. bounds       20    1       1250       0.464         24.671   0.1
 Send X to PME         20    1      50001      11.311        601.687   2.3
 Neighbor search       20    1       1251       4.793        254.981   1.0
 Comm. coord.          20    1      48750      26.687       1419.665   5.4
 Force                 20    1      50001     215.623      11470.469  43.3
 Wait + Comm. F        20    1      50001      78.544       4178.299  15.8
 PME mesh *             4    1      50001     127.561       1357.169   5.1
 PME wait for PP *                            287.089       3054.450  11.5
 Wait + Recv. PME F    20    1      50001       0.307         16.346   0.1
 NB X/F buffer ops.    20    1     147501       1.855         98.704   0.4
 Write traj.           20    1        101       0.230         12.241   0.0
 Update                20    1      50001       2.925        155.612   0.6
 Constraints           20    1      50001      56.324       2996.249  11.3
 Comm. energies        20    1       5001       5.906        314.183   1.2
 Rest                                           0.610         32.430   0.1
-----------------------------------------------------------------------------
 Total                                        414.657      26470.170 100.0
-----------------------------------------------------------------------------
(*) Note that with separate PME ranks, the walltime column actually sums to
    twice the total reported, but the cycle count total and % are correct.
-----------------------------------------------------------------------------
 Breakdown of PME mesh computation
-----------------------------------------------------------------------------
 PME redist. X/F        4    1     100002      43.424        462.006   1.7
 PME spread/gather      4    1     100002      57.640        613.249   2.3
 PME 3D-FFT             4    1     100002      15.987        170.096   0.6
 PME 3D-FFT Comm.       4    1     100002       5.265         56.012   0.2
 PME solve Elec         4    1      50001       5.148         54.775   0.2
-----------------------------------------------------------------------------

               Core t (s)   Wall t (s)        (%)
       Time:     9951.773      414.657     2400.0
                 (ns/day)    (hour/ns)
Performance:       20.837        1.152
Finished mdrun on rank 0 Fri Dec  9 15:01:24 2016
