Log file opened on Fri Dec  9 13:18:52 2016
Host: filey.vuse.vanderbilt.edu  pid: 98495  rank ID: 0  number of ranks:  1
                   :-) GROMACS - gmx mdrun, VERSION 5.1.2 (-:

                            GROMACS is written by:
     Emile Apol      Rossen Apostolov  Herman J.C. Berendsen    Par Bjelkmar   
 Aldert van Buuren   Rudi van Drunen     Anton Feenstra   Sebastian Fritsch 
  Gerrit Groenhof   Christoph Junghans   Anca Hamuraru    Vincent Hindriksen
 Dimitrios Karkoulis    Peter Kasson        Jiri Kraus      Carsten Kutzner  
    Per Larsson      Justin A. Lemkul   Magnus Lundborg   Pieter Meulenhoff 
   Erik Marklund      Teemu Murtola       Szilard Pall       Sander Pronk   
   Roland Schulz     Alexey Shvetsov     Michael Shirts     Alfons Sijbers  
   Peter Tieleman    Teemu Virolainen  Christian Wennberg    Maarten Wolf   
                           and the project leaders:
        Mark Abraham, Berk Hess, Erik Lindahl, and David van der Spoel

Copyright (c) 1991-2000, University of Groningen, The Netherlands.
Copyright (c) 2001-2015, The GROMACS development team at
Uppsala University, Stockholm University and
the Royal Institute of Technology, Sweden.
check out http://www.gromacs.org for more information.

GROMACS is free software; you can redistribute it and/or modify it
under the terms of the GNU Lesser General Public License
as published by the Free Software Foundation; either version 2.1
of the License, or (at your option) any later version.

GROMACS:      gmx mdrun, VERSION 5.1.2
Executable:   /usr/local/gromacs/bin//gmx
Data prefix:  /usr/local/gromacs
Command line:
  gmx mdrun -deffnm em1_DSPC-50_alc12-50_0129 -nt 1

GROMACS version:    VERSION 5.1.2
Precision:          single
Memory model:       64 bit
MPI library:        thread_mpi
OpenMP support:     disabled
GPU support:        enabled
OpenCL support:     disabled
invsqrt routine:    gmx_software_invsqrt(x)
SIMD instructions:  SSE4.1
FFT library:        fftw-3.3.4-sse2
RDTSCP usage:       enabled
C++11 compilation:  disabled
TNG support:        enabled
Tracing support:    disabled
Built on:           Tue May 31 09:28:24 CDT 2016
Built by:           leonhaac@filey.vuse.vanderbilt.edu [CMAKE]
Build OS/arch:      Darwin 10.8.0 x86_64
Build CPU vendor:   GenuineIntel
Build CPU brand:    Intel(R) Xeon(R) CPU           X5650  @ 2.67GHz
Build CPU family:   6   Model: 44   Stepping: 2
Build CPU features: aes apic clfsh cmov cx8 cx16 htt lahf_lm mmx msr nonstop_tsc pcid pclmuldq pdcm pdpe1gb popcnt pse rdtscp sse2 sse3 sse4.1 sse4.2 ssse3
C compiler:         /Developer/usr/bin/cc GNU 4.2.1
C compiler flags:    -msse4.1    -Wextra -Wno-missing-field-initializers -Wno-sign-compare -Wpointer-arith -Wall -Wno-unused -Wunused-value -Wunused-parameter -Wno-unknown-pragmas  -O3 -DNDEBUG -funroll-all-loops  
C++ compiler:       /Developer/usr/bin/c++ GNU 4.2.1
C++ compiler flags:  -msse4.1    -Wextra -Wno-missing-field-initializers -Wpointer-arith -Wall -Wno-unused-function -Wno-unknown-pragmas  -O3 -DNDEBUG -funroll-all-loops  
Boost version:      1.55.0 (internal)
CUDA compiler:      /usr/local/cuda/bin/nvcc nvcc: NVIDIA (R) Cuda compiler driver;Copyright (c) 2005-2011 NVIDIA Corporation;Built on Fri_May_13_01:54:22_PDT_2011;Cuda compilation tools, release 4.0, V0.2.1221
CUDA compiler flags:-gencode;arch=compute_20,code=sm_20;-gencode;arch=compute_20,code=compute_20;-use_fast_math;-D__STRICT_ANSI__; ;-msse4.1;-Wextra;-Wno-missing-field-initializers;-Wpointer-arith;-Wall;-Wno-unused-function;-Wno-unknown-pragmas;-O3;-DNDEBUG;-funroll-all-loops;
CUDA driver:        0.0
CUDA runtime:       0.0


NOTE: Error occurred during GPU detection:
      no CUDA-capable device is detected
      Can not use GPU acceleration, will fall back to CPU kernels.


Running on 1 node with total 24 logical cores, 0 compatible GPUs
Hardware detected:
  CPU info:
    Vendor: GenuineIntel
    Brand:  Intel(R) Xeon(R) CPU           X5650  @ 2.67GHz
    Family:  6  model: 44  stepping:  2
    CPU features: aes apic clfsh cmov cx8 cx16 htt lahf_lm mmx msr nonstop_tsc pcid pclmuldq pdcm pdpe1gb popcnt pse rdtscp sse2 sse3 sse4.1 sse4.2 ssse3
    SIMD instructions most likely to fit this hardware: SSE4.1
    SIMD instructions selected at GROMACS compile time: SSE4.1


++++ PLEASE READ AND CITE THE FOLLOWING REFERENCE ++++
M. J. Abraham, T. Murtola, R. Schulz, S. Páll, J. C. Smith, B. Hess, E.
Lindahl
GROMACS: High performance molecular simulations through multi-level
parallelism from laptops to supercomputers
SoftwareX 1 (2015) pp. 19-25
-------- -------- --- Thank You --- -------- --------


++++ PLEASE READ AND CITE THE FOLLOWING REFERENCE ++++
S. Páll, M. J. Abraham, C. Kutzner, B. Hess, E. Lindahl
Tackling Exascale Software Challenges in Molecular Dynamics Simulations with
GROMACS
In S. Markidis & E. Laure (Eds.), Solving Software Challenges for Exascale 8759 (2015) pp. 3-27
-------- -------- --- Thank You --- -------- --------


++++ PLEASE READ AND CITE THE FOLLOWING REFERENCE ++++
S. Pronk, S. Páll, R. Schulz, P. Larsson, P. Bjelkmar, R. Apostolov, M. R.
Shirts, J. C. Smith, P. M. Kasson, D. van der Spoel, B. Hess, and E. Lindahl
GROMACS 4.5: a high-throughput and highly parallel open source molecular
simulation toolkit
Bioinformatics 29 (2013) pp. 845-54
-------- -------- --- Thank You --- -------- --------


++++ PLEASE READ AND CITE THE FOLLOWING REFERENCE ++++
B. Hess and C. Kutzner and D. van der Spoel and E. Lindahl
GROMACS 4: Algorithms for highly efficient, load-balanced, and scalable
molecular simulation
J. Chem. Theory Comput. 4 (2008) pp. 435-447
-------- -------- --- Thank You --- -------- --------


++++ PLEASE READ AND CITE THE FOLLOWING REFERENCE ++++
D. van der Spoel, E. Lindahl, B. Hess, G. Groenhof, A. E. Mark and H. J. C.
Berendsen
GROMACS: Fast, Flexible and Free
J. Comp. Chem. 26 (2005) pp. 1701-1719
-------- -------- --- Thank You --- -------- --------


++++ PLEASE READ AND CITE THE FOLLOWING REFERENCE ++++
E. Lindahl and B. Hess and D. van der Spoel
GROMACS 3.0: A package for molecular simulation and trajectory analysis
J. Mol. Mod. 7 (2001) pp. 306-317
-------- -------- --- Thank You --- -------- --------


++++ PLEASE READ AND CITE THE FOLLOWING REFERENCE ++++
H. J. C. Berendsen, D. van der Spoel and R. van Drunen
GROMACS: A message-passing parallel molecular dynamics implementation
Comp. Phys. Comm. 91 (1995) pp. 43-56
-------- -------- --- Thank You --- -------- --------

Input Parameters:
   integrator                     = steep
   tinit                          = 0
   dt                             = 0.001
   nsteps                         = 50000
   init-step                      = 0
   simulation-part                = 1
   comm-mode                      = Linear
   nstcomm                        = 100
   bd-fric                        = 0
   ld-seed                        = 416253443
   emtol                          = 1000
   emstep                         = 0.01
   niter                          = 20
   fcstep                         = 0
   nstcgsteep                     = 1000
   nbfgscorr                      = 10
   rtpi                           = 0.05
   nstxout                        = 0
   nstvout                        = 0
   nstfout                        = 0
   nstlog                         = 1000
   nstcalcenergy                  = 100
   nstenergy                      = 1000
   nstxout-compressed             = 0
   compressed-x-precision         = 1000
   cutoff-scheme                  = Verlet
   nstlist                        = 1
   ns-type                        = Grid
   pbc                            = xyz
   periodic-molecules             = FALSE
   verlet-buffer-tolerance        = 0.005
   rlist                          = 1.2
   rlistlong                      = 1.2
   nstcalclr                      = 1
   coulombtype                    = PME
   coulomb-modifier               = Potential-shift
   rcoulomb-switch                = 0
   rcoulomb                       = 1.2
   epsilon-r                      = 1
   epsilon-rf                     = inf
   vdw-type                       = Cut-off
   vdw-modifier                   = Potential-shift
   rvdw-switch                    = 1
   rvdw                           = 1.2
   DispCorr                       = EnerPres
   table-extension                = 1
   fourierspacing                 = 0.12
   fourier-nx                     = 36
   fourier-ny                     = 36
   fourier-nz                     = 96
   pme-order                      = 6
   ewald-rtol                     = 1e-06
   ewald-rtol-lj                  = 0.001
   lj-pme-comb-rule               = Geometric
   ewald-geometry                 = 0
   epsilon-surface                = 0
   implicit-solvent               = No
   gb-algorithm                   = Still
   nstgbradii                     = 1
   rgbradii                       = 1
   gb-epsilon-solvent             = 80
   gb-saltconc                    = 0
   gb-obc-alpha                   = 1
   gb-obc-beta                    = 0.8
   gb-obc-gamma                   = 4.85
   gb-dielectric-offset           = 0.009
   sa-algorithm                   = Ace-approximation
   sa-surface-tension             = 2.05016
   tcoupl                         = No
   nsttcouple                     = -1
   nh-chain-length                = 0
   print-nose-hoover-chain-variables = FALSE
   pcoupl                         = No
   pcoupltype                     = Isotropic
   nstpcouple                     = -1
   tau-p                          = 1
   compressibility (3x3):
      compressibility[    0]={ 0.00000e+00,  0.00000e+00,  0.00000e+00}
      compressibility[    1]={ 0.00000e+00,  0.00000e+00,  0.00000e+00}
      compressibility[    2]={ 0.00000e+00,  0.00000e+00,  0.00000e+00}
   ref-p (3x3):
      ref-p[    0]={ 0.00000e+00,  0.00000e+00,  0.00000e+00}
      ref-p[    1]={ 0.00000e+00,  0.00000e+00,  0.00000e+00}
      ref-p[    2]={ 0.00000e+00,  0.00000e+00,  0.00000e+00}
   refcoord-scaling               = No
   posres-com (3):
      posres-com[0]= 0.00000e+00
      posres-com[1]= 0.00000e+00
      posres-com[2]= 0.00000e+00
   posres-comB (3):
      posres-comB[0]= 0.00000e+00
      posres-comB[1]= 0.00000e+00
      posres-comB[2]= 0.00000e+00
   QMMM                           = FALSE
   QMconstraints                  = 0
   QMMMscheme                     = 0
   MMChargeScaleFactor            = 1
qm-opts:
   ngQM                           = 0
   constraint-algorithm           = Lincs
   continuation                   = FALSE
   Shake-SOR                      = FALSE
   shake-tol                      = 0.0001
   lincs-order                    = 12
   lincs-iter                     = 1
   lincs-warnangle                = 30
   nwall                          = 0
   wall-type                      = 9-3
   wall-r-linpot                  = -1
   wall-atomtype[0]               = -1
   wall-atomtype[1]               = -1
   wall-density[0]                = 0
   wall-density[1]                = 0
   wall-ewald-zfac                = 3
   pull                           = FALSE
   rotation                       = FALSE
   interactiveMD                  = FALSE
   disre                          = No
   disre-weighting                = Conservative
   disre-mixed                    = FALSE
   dr-fc                          = 1000
   dr-tau                         = 0
   nstdisreout                    = 100
   orire-fc                       = 0
   orire-tau                      = 0
   nstorireout                    = 100
   free-energy                    = yes
   init-lambda                    = -1
   init-lambda-state              = 1
   delta-lambda                   = 0
   nstdhdl                        = 1000
   n-lambdas                      = 3
   separate-dvdl:
       fep-lambdas =   FALSE
      mass-lambdas =   TRUE
      coul-lambdas =   TRUE
       vdw-lambdas =   TRUE
    bonded-lambdas =   TRUE
 restraint-lambdas =   TRUE
temperature-lambdas =   FALSE
all-lambdas:
       fep-lambdas =            0           0           0
      mass-lambdas =            0           0           0
      coul-lambdas =            0           0           0
       vdw-lambdas =            1         0.5        0.25
    bonded-lambdas =            0           0           0
 restraint-lambdas =            0           0           0
temperature-lambdas =            0           0           0
   calc-lambda-neighbors          = 1
   dhdl-print-energy              = no
   sc-alpha                       = 0.5
   sc-power                       = 1
   sc-r-power                     = 6
   sc-sigma                       = 0.3
   sc-sigma-min                   = 0.3
   sc-coul                        = FALSE
   dh-hist-size                   = 0
   dh-hist-spacing                = 0.1
   separate-dhdl-file             = yes
   dhdl-derivatives               = yes
   cos-acceleration               = 0
   deform (3x3):
      deform[    0]={ 0.00000e+00,  0.00000e+00,  0.00000e+00}
      deform[    1]={ 0.00000e+00,  0.00000e+00,  0.00000e+00}
      deform[    2]={ 0.00000e+00,  0.00000e+00,  0.00000e+00}
   simulated-tempering            = FALSE
   E-x:
      n = 0
   E-xt:
      n = 0
   E-y:
      n = 0
   E-yt:
      n = 0
   E-z:
      n = 0
   E-zt:
      n = 0
   swapcoords                     = no
   adress                         = FALSE
   userint1                       = 0
   userint2                       = 0
   userint3                       = 0
   userint4                       = 0
   userreal1                      = 0
   userreal2                      = 0
   userreal3                      = 0
   userreal4                      = 0
grpopts:
   nrdf:       28349
   ref-t:           0
   tau-t:           0
annealing:          No
annealing-npoints:           0
   acc:	           0           0           0
   nfreeze:           N           N           N
   energygrp-flags[  0]: 0

Using 1 MPI thread
Will do PME sum in reciprocal space for electrostatic interactions.

++++ PLEASE READ AND CITE THE FOLLOWING REFERENCE ++++
U. Essmann, L. Perera, M. L. Berkowitz, T. Darden, H. Lee and L. G. Pedersen 
A smooth particle mesh Ewald method
J. Chem. Phys. 103 (1995) pp. 8577-8592
-------- -------- --- Thank You --- -------- --------

Will do ordinary reciprocal space Ewald sum.
Using a Gaussian width (1/beta) of 0.34693 nm for Ewald
Cut-off's:   NS: 1.2   Coulomb: 1.2   LJ: 1.2
Long Range LJ corr.: <C6> 1.5723e-03
System total charge, top. A: 0.000 top. B: 0.000
Generated table with 1100 data points for Ewald.
Tabscale = 500 points/nm
Generated table with 1100 data points for LJ6.
Tabscale = 500 points/nm
Generated table with 1100 data points for LJ12.
Tabscale = 500 points/nm
Generated table with 1100 data points for 1-4 COUL.
Tabscale = 500 points/nm
Generated table with 1100 data points for 1-4 LJ6.
Tabscale = 500 points/nm
Generated table with 1100 data points for 1-4 LJ12.
Tabscale = 500 points/nm
Potential shift: LJ r^-12: -1.122e-01 r^-6: -3.349e-01, Ewald -1.000e-06
Initialized non-bonded Ewald correction tables, spacing: 9.71e-04 size: 1237


Using SSE4.1 4x4 non-bonded kernels

Using full Lennard-Jones parameter combination matrix

There are 12032 atoms and 0 charges for free energy perturbation
Removing pbc first time

Initializing LINear Constraint Solver

++++ PLEASE READ AND CITE THE FOLLOWING REFERENCE ++++
B. Hess and H. Bekker and H. J. C. Berendsen and J. G. E. M. Fraaije
LINCS: A Linear Constraint Solver for molecular simulations
J. Comp. Chem. 18 (1997) pp. 1463-1472
-------- -------- --- Thank You --- -------- --------

The number of constraints is 64

++++ PLEASE READ AND CITE THE FOLLOWING REFERENCE ++++
S. Miyamoto and P. A. Kollman
SETTLE: An Analytical Version of the SHAKE and RATTLE Algorithms for Rigid
Water Models
J. Comp. Chem. 13 (1992) pp. 952-962
-------- -------- --- Thank You --- -------- --------

Initiating Steepest Descents
Initial vector of lambda components:[     0.0000     0.0000     0.0000     0.5000     0.0000     0.0000     0.0000 ]
   Rel. Constraint Deviation:  RMS         MAX     between atoms
       Before LINCS          0.003565    0.008417   3637   3638
        After LINCS          0.000002    0.000005   3819   3820

Started Steepest Descents on rank 0 Fri Dec  9 13:18:52 2016

Steepest Descents:
   Tolerance (Fmax)   =  1.00000e+03
   Number of steps    =        50000
           Step           Time         Lambda
              0        0.00000        0.00000

   Energies (kJ/mol)
        G96Bond       G96Angle    Proper Dih.  Improper Dih.        LJ (SR)
    2.37032e+03    7.58968e+03    5.37025e+03    1.16515e+02    3.12690e+04
  Disper. corr.   Coulomb (SR)   Coul. recip.      Potential Pres. DC (bar)
   -1.39525e+03    0.00000e+00    0.00000e+00    4.53205e+04    0.00000e+00
 Pressure (bar)       dEkin/dl      dVcoul/dl       dVvdw/dl    dVbonded/dl
   -1.18818e+02    0.00000e+00    0.00000e+00   -2.40217e+05    0.00000e+00
 dVrestraint/dl   Constr. rmsd
    0.00000e+00    1.87119e-06

           Step           Time         Lambda
              1        1.00000        0.00000

           Step           Time         Lambda
              2        2.00000        0.00000

           Step           Time         Lambda
              3        3.00000        0.00000

   Energies (kJ/mol)
        G96Bond       G96Angle    Proper Dih.  Improper Dih.        LJ (SR)
    2.36776e+03    7.57942e+03    5.37048e+03    1.15708e+02    3.10233e+04
  Disper. corr.   Coulomb (SR)   Coul. recip.      Potential Pres. DC (bar)
   -1.39525e+03    0.00000e+00    0.00000e+00    4.50614e+04    0.00000e+00
 Pressure (bar)       dEkin/dl      dVcoul/dl       dVvdw/dl    dVbonded/dl
   -1.18888e+02    0.00000e+00    0.00000e+00   -2.38471e+05    0.00000e+00
 dVrestraint/dl   Constr. rmsd
    0.00000e+00    1.62803e-06

           Step           Time         Lambda
              4        4.00000        0.00000

   Energies (kJ/mol)
        G96Bond       G96Angle    Proper Dih.  Improper Dih.        LJ (SR)
    2.28172e+03    7.55396e+03    5.37018e+03    1.15969e+02    3.08946e+04
  Disper. corr.   Coulomb (SR)   Coul. recip.      Potential Pres. DC (bar)
   -1.39525e+03    0.00000e+00    0.00000e+00    4.48212e+04    0.00000e+00
 Pressure (bar)       dEkin/dl      dVcoul/dl       dVvdw/dl    dVbonded/dl
   -1.18982e+02    0.00000e+00    0.00000e+00   -2.37575e+05    0.00000e+00
 dVrestraint/dl   Constr. rmsd
    0.00000e+00    1.61017e-06

           Step           Time         Lambda
              5        5.00000        0.00000

   Energies (kJ/mol)
        G96Bond       G96Angle    Proper Dih.  Improper Dih.        LJ (SR)
    2.29658e+03    7.53216e+03    5.36850e+03    1.14953e+02    3.07393e+04
  Disper. corr.   Coulomb (SR)   Coul. recip.      Potential Pres. DC (bar)
   -1.39525e+03    0.00000e+00    0.00000e+00    4.46562e+04    0.00000e+00
 Pressure (bar)       dEkin/dl      dVcoul/dl       dVvdw/dl    dVbonded/dl
   -1.18976e+02    0.00000e+00    0.00000e+00   -2.36507e+05    0.00000e+00
 dVrestraint/dl   Constr. rmsd
    0.00000e+00    1.54934e-06

           Step           Time         Lambda
              6        6.00000        0.00000

   Energies (kJ/mol)
        G96Bond       G96Angle    Proper Dih.  Improper Dih.        LJ (SR)
    2.28518e+03    7.51864e+03    5.36921e+03    1.15051e+02    3.06092e+04
  Disper. corr.   Coulomb (SR)   Coul. recip.      Potential Pres. DC (bar)
   -1.39525e+03    0.00000e+00    0.00000e+00    4.45020e+04    0.00000e+00
 Pressure (bar)       dEkin/dl      dVcoul/dl       dVvdw/dl    dVbonded/dl
   -1.19026e+02    0.00000e+00    0.00000e+00   -2.35608e+05    0.00000e+00
 dVrestraint/dl   Constr. rmsd
    0.00000e+00    1.80478e-06

           Step           Time         Lambda
              7        7.00000        0.00000

   Energies (kJ/mol)
        G96Bond       G96Angle    Proper Dih.  Improper Dih.        LJ (SR)
    2.34598e+03    7.49654e+03    5.36678e+03    1.14424e+02    3.04590e+04
  Disper. corr.   Coulomb (SR)   Coul. recip.      Potential Pres. DC (bar)
   -1.39525e+03    0.00000e+00    0.00000e+00    4.43875e+04    0.00000e+00
 Pressure (bar)       dEkin/dl      dVcoul/dl       dVvdw/dl    dVbonded/dl
   -1.19061e+02    0.00000e+00    0.00000e+00   -2.34579e+05    0.00000e+00
 dVrestraint/dl   Constr. rmsd
    0.00000e+00    1.75268e-06

           Step           Time         Lambda
              8        8.00000        0.00000

   Energies (kJ/mol)
        G96Bond       G96Angle    Proper Dih.  Improper Dih.        LJ (SR)
    2.31938e+03    7.49103e+03    5.36802e+03    1.14531e+02    3.03378e+04
  Disper. corr.   Coulomb (SR)   Coul. recip.      Potential Pres. DC (bar)
   -1.39525e+03    0.00000e+00    0.00000e+00    4.42355e+04    0.00000e+00
 Pressure (bar)       dEkin/dl      dVcoul/dl       dVvdw/dl    dVbonded/dl
   -1.19101e+02    0.00000e+00    0.00000e+00   -2.33756e+05    0.00000e+00
 dVrestraint/dl   Constr. rmsd
    0.00000e+00    2.03245e-06

           Step           Time         Lambda
              9        9.00000        0.00000

   Energies (kJ/mol)
        G96Bond       G96Angle    Proper Dih.  Improper Dih.        LJ (SR)
    2.45736e+03    7.46905e+03    5.36491e+03    1.14163e+02    3.01885e+04
  Disper. corr.   Coulomb (SR)   Coul. recip.      Potential Pres. DC (bar)
   -1.39525e+03    0.00000e+00    0.00000e+00    4.41987e+04    0.00000e+00
 Pressure (bar)       dEkin/dl      dVcoul/dl       dVvdw/dl    dVbonded/dl
   -1.19147e+02    0.00000e+00    0.00000e+00   -2.32725e+05    0.00000e+00
 dVrestraint/dl   Constr. rmsd
    0.00000e+00    1.96328e-06

           Step           Time         Lambda
             10       10.00000        0.00000

   Energies (kJ/mol)
        G96Bond       G96Angle    Proper Dih.  Improper Dih.        LJ (SR)
    2.41943e+03    7.47131e+03    5.36670e+03    1.14313e+02    3.00710e+04
  Disper. corr.   Coulomb (SR)   Coul. recip.      Potential Pres. DC (bar)
   -1.39525e+03    0.00000e+00    0.00000e+00    4.40475e+04    0.00000e+00
 Pressure (bar)       dEkin/dl      dVcoul/dl       dVvdw/dl    dVbonded/dl
   -1.19184e+02    0.00000e+00    0.00000e+00   -2.31937e+05    0.00000e+00
 dVrestraint/dl   Constr. rmsd
    0.00000e+00    1.69435e-06

           Step           Time         Lambda
             11       11.00000        0.00000

           Step           Time         Lambda
             12       12.00000        0.00000

   Energies (kJ/mol)
        G96Bond       G96Angle    Proper Dih.  Improper Dih.        LJ (SR)
    2.15169e+03    7.43580e+03    5.36467e+03    1.13928e+02    2.99958e+04
  Disper. corr.   Coulomb (SR)   Coul. recip.      Potential Pres. DC (bar)
   -1.39525e+03    0.00000e+00    0.00000e+00    4.36667e+04    0.00000e+00
 Pressure (bar)       dEkin/dl      dVcoul/dl       dVvdw/dl    dVbonded/dl
   -1.19210e+02    0.00000e+00    0.00000e+00   -2.31428e+05    0.00000e+00
 dVrestraint/dl   Constr. rmsd
    0.00000e+00    1.90112e-06

           Step           Time         Lambda
             13       13.00000        0.00000

   Energies (kJ/mol)
        G96Bond       G96Angle    Proper Dih.  Improper Dih.        LJ (SR)
    2.53198e+03    7.42087e+03    5.36345e+03    1.12779e+02    2.95387e+04
  Disper. corr.   Coulomb (SR)   Coul. recip.      Potential Pres. DC (bar)
   -1.39525e+03    0.00000e+00    0.00000e+00    4.35725e+04    0.00000e+00
 Pressure (bar)       dEkin/dl      dVcoul/dl       dVvdw/dl    dVbonded/dl
   -1.19357e+02    0.00000e+00    0.00000e+00   -2.28410e+05    0.00000e+00
 dVrestraint/dl   Constr. rmsd
    0.00000e+00    1.73710e-06

           Step           Time         Lambda
             14       14.00000        0.00000

   Energies (kJ/mol)
        G96Bond       G96Angle    Proper Dih.  Improper Dih.        LJ (SR)
    2.20803e+03    7.36574e+03    5.36084e+03    1.13136e+02    2.94601e+04
  Disper. corr.   Coulomb (SR)   Coul. recip.      Potential Pres. DC (bar)
   -1.39525e+03    0.00000e+00    0.00000e+00    4.31126e+04    0.00000e+00
 Pressure (bar)       dEkin/dl      dVcoul/dl       dVvdw/dl    dVbonded/dl
   -1.19391e+02    0.00000e+00    0.00000e+00   -2.27834e+05    0.00000e+00
 dVrestraint/dl   Constr. rmsd
    0.00000e+00    1.56116e-06

           Step           Time         Lambda
             15       15.00000        0.00000

           Step           Time         Lambda
             16       16.00000        0.00000

   Energies (kJ/mol)
        G96Bond       G96Angle    Proper Dih.  Improper Dih.        LJ (SR)
    2.16659e+03    7.37532e+03    5.36092e+03    1.12962e+02    2.93470e+04
  Disper. corr.   Coulomb (SR)   Coul. recip.      Potential Pres. DC (bar)
   -1.39525e+03    0.00000e+00    0.00000e+00    4.29676e+04    0.00000e+00
 Pressure (bar)       dEkin/dl      dVcoul/dl       dVvdw/dl    dVbonded/dl
   -1.19425e+02    0.00000e+00    0.00000e+00   -2.27098e+05    0.00000e+00
 dVrestraint/dl   Constr. rmsd
    0.00000e+00    1.67959e-06

           Step           Time         Lambda
             17       17.00000        0.00000

   Energies (kJ/mol)
        G96Bond       G96Angle    Proper Dih.  Improper Dih.        LJ (SR)
    2.26649e+03    7.34227e+03    5.35888e+03    1.12807e+02    2.92037e+04
  Disper. corr.   Coulomb (SR)   Coul. recip.      Potential Pres. DC (bar)
   -1.39525e+03    0.00000e+00    0.00000e+00    4.28889e+04    0.00000e+00
 Pressure (bar)       dEkin/dl      dVcoul/dl       dVvdw/dl    dVbonded/dl
   -1.19479e+02    0.00000e+00    0.00000e+00   -2.26114e+05    0.00000e+00
 dVrestraint/dl   Constr. rmsd
    0.00000e+00    1.71470e-06

           Step           Time         Lambda
             18       18.00000        0.00000

   Energies (kJ/mol)
        G96Bond       G96Angle    Proper Dih.  Improper Dih.        LJ (SR)
    2.21085e+03    7.35580e+03    5.35932e+03    1.12998e+02    2.90910e+04
  Disper. corr.   Coulomb (SR)   Coul. recip.      Potential Pres. DC (bar)
   -1.39525e+03    0.00000e+00    0.00000e+00    4.27347e+04    0.00000e+00
 Pressure (bar)       dEkin/dl      dVcoul/dl       dVvdw/dl    dVbonded/dl
   -1.19511e+02    0.00000e+00    0.00000e+00   -2.25390e+05    0.00000e+00
 dVrestraint/dl   Constr. rmsd
    0.00000e+00    1.54520e-06

           Step           Time         Lambda
             19       19.00000        0.00000

           Step           Time         Lambda
             20       20.00000        0.00000

   Energies (kJ/mol)
        G96Bond       G96Angle    Proper Dih.  Improper Dih.        LJ (SR)
    2.09981e+03    7.32630e+03    5.35810e+03    1.12638e+02    2.90206e+04
  Disper. corr.   Coulomb (SR)   Coul. recip.      Potential Pres. DC (bar)
   -1.39525e+03    0.00000e+00    0.00000e+00    4.25222e+04    0.00000e+00
 Pressure (bar)       dEkin/dl      dVcoul/dl       dVvdw/dl    dVbonded/dl
   -1.19538e+02    0.00000e+00    0.00000e+00   -2.24910e+05    0.00000e+00
 dVrestraint/dl   Constr. rmsd
    0.00000e+00    1.59959e-06

           Step           Time         Lambda
             21       21.00000        0.00000

   Energies (kJ/mol)
        G96Bond       G96Angle    Proper Dih.  Improper Dih.        LJ (SR)
    2.25379e+03    7.31707e+03    5.35682e+03    1.12411e+02    2.86804e+04
  Disper. corr.   Coulomb (SR)   Coul. recip.      Potential Pres. DC (bar)
   -1.39525e+03    0.00000e+00    0.00000e+00    4.23253e+04    0.00000e+00
 Pressure (bar)       dEkin/dl      dVcoul/dl       dVvdw/dl    dVbonded/dl
   -1.19647e+02    0.00000e+00    0.00000e+00   -2.22691e+05    0.00000e+00
 dVrestraint/dl   Constr. rmsd
    0.00000e+00    1.75875e-06

           Step           Time         Lambda
             22       22.00000        0.00000

   Energies (kJ/mol)
        G96Bond       G96Angle    Proper Dih.  Improper Dih.        LJ (SR)
    2.12469e+03    7.27715e+03    5.35527e+03    1.12103e+02    2.86020e+04
  Disper. corr.   Coulomb (SR)   Coul. recip.      Potential Pres. DC (bar)
   -1.39525e+03    0.00000e+00    0.00000e+00    4.20759e+04    0.00000e+00
 Pressure (bar)       dEkin/dl      dVcoul/dl       dVvdw/dl    dVbonded/dl
   -1.19676e+02    0.00000e+00    0.00000e+00   -2.22131e+05    0.00000e+00
 dVrestraint/dl   Constr. rmsd
    0.00000e+00    1.67746e-06

           Step           Time         Lambda
             23       23.00000        0.00000

           Step           Time         Lambda
             24       24.00000        0.00000

   Energies (kJ/mol)
        G96Bond       G96Angle    Proper Dih.  Improper Dih.        LJ (SR)
    2.08556e+03    7.28202e+03    5.35519e+03    1.12266e+02    2.85004e+04
  Disper. corr.   Coulomb (SR)   Coul. recip.      Potential Pres. DC (bar)
   -1.39525e+03    0.00000e+00    0.00000e+00    4.19402e+04    0.00000e+00
 Pressure (bar)       dEkin/dl      dVcoul/dl       dVvdw/dl    dVbonded/dl
   -1.19704e+02    0.00000e+00    0.00000e+00   -2.21482e+05    0.00000e+00
 dVrestraint/dl   Constr. rmsd
    0.00000e+00    1.79806e-06

           Step           Time         Lambda
             25       25.00000        0.00000

   Energies (kJ/mol)
        G96Bond       G96Angle    Proper Dih.  Improper Dih.        LJ (SR)
    2.15498e+03    7.25198e+03    5.35371e+03    1.11752e+02    2.83490e+04
  Disper. corr.   Coulomb (SR)   Coul. recip.      Potential Pres. DC (bar)
   -1.39525e+03    0.00000e+00    0.00000e+00    4.18262e+04    0.00000e+00
 Pressure (bar)       dEkin/dl      dVcoul/dl       dVvdw/dl    dVbonded/dl
   -1.19754e+02    0.00000e+00    0.00000e+00   -2.20455e+05    0.00000e+00
 dVrestraint/dl   Constr. rmsd
    0.00000e+00    1.76149e-06

           Step           Time         Lambda
             26       26.00000        0.00000

   Energies (kJ/mol)
        G96Bond       G96Angle    Proper Dih.  Improper Dih.        LJ (SR)
    2.09884e+03    7.26043e+03    5.35389e+03    1.12249e+02    2.82465e+04
  Disper. corr.   Coulomb (SR)   Coul. recip.      Potential Pres. DC (bar)
   -1.39525e+03    0.00000e+00    0.00000e+00    4.16767e+04    0.00000e+00
 Pressure (bar)       dEkin/dl      dVcoul/dl       dVvdw/dl    dVbonded/dl
   -1.19782e+02    0.00000e+00    0.00000e+00   -2.19804e+05    0.00000e+00
 dVrestraint/dl   Constr. rmsd
    0.00000e+00    1.75843e-06

           Step           Time         Lambda
             27       27.00000        0.00000

   Energies (kJ/mol)
        G96Bond       G96Angle    Proper Dih.  Improper Dih.        LJ (SR)
    2.21782e+03    7.23053e+03    5.35223e+03    1.11501e+02    2.81037e+04
  Disper. corr.   Coulomb (SR)   Coul. recip.      Potential Pres. DC (bar)
   -1.39525e+03    0.00000e+00    0.00000e+00    4.16205e+04    0.00000e+00
 Pressure (bar)       dEkin/dl      dVcoul/dl       dVvdw/dl    dVbonded/dl
   -1.19829e+02    0.00000e+00    0.00000e+00   -2.18826e+05    0.00000e+00
 dVrestraint/dl   Constr. rmsd
    0.00000e+00    1.67049e-06

           Step           Time         Lambda
             28       28.00000        0.00000

   Energies (kJ/mol)
        G96Bond       G96Angle    Proper Dih.  Improper Dih.        LJ (SR)
    2.14339e+03    7.24338e+03    5.35282e+03    1.12385e+02    2.79985e+04
  Disper. corr.   Coulomb (SR)   Coul. recip.      Potential Pres. DC (bar)
   -1.39525e+03    0.00000e+00    0.00000e+00    4.14552e+04    0.00000e+00
 Pressure (bar)       dEkin/dl      dVcoul/dl       dVvdw/dl    dVbonded/dl
   -1.19855e+02    0.00000e+00    0.00000e+00   -2.18166e+05    0.00000e+00
 dVrestraint/dl   Constr. rmsd
    0.00000e+00    1.75331e-06

           Step           Time         Lambda
             29       29.00000        0.00000

           Step           Time         Lambda
             30       30.00000        0.00000

   Energies (kJ/mol)
        G96Bond       G96Angle    Proper Dih.  Improper Dih.        LJ (SR)
    2.04241e+03    7.21500e+03    5.35179e+03    1.11687e+02    2.79306e+04
  Disper. corr.   Coulomb (SR)   Coul. recip.      Potential Pres. DC (bar)
   -1.39525e+03    0.00000e+00    0.00000e+00    4.12562e+04    0.00000e+00
 Pressure (bar)       dEkin/dl      dVcoul/dl       dVvdw/dl    dVbonded/dl
   -1.19877e+02    0.00000e+00    0.00000e+00   -2.17699e+05    0.00000e+00
 dVrestraint/dl   Constr. rmsd
    0.00000e+00    1.89754e-06

           Step           Time         Lambda
             31       31.00000        0.00000

   Energies (kJ/mol)
        G96Bond       G96Angle    Proper Dih.  Improper Dih.        LJ (SR)
    2.19840e+03    7.21392e+03    5.35139e+03    1.11867e+02    2.76447e+04
  Disper. corr.   Coulomb (SR)   Coul. recip.      Potential Pres. DC (bar)
   -1.39525e+03    0.00000e+00    0.00000e+00    4.11250e+04    0.00000e+00
 Pressure (bar)       dEkin/dl      dVcoul/dl       dVvdw/dl    dVbonded/dl
   -1.19955e+02    0.00000e+00    0.00000e+00   -2.15855e+05    0.00000e+00
 dVrestraint/dl   Constr. rmsd
    0.00000e+00    1.78834e-06

           Step           Time         Lambda
             32       32.00000        0.00000

   Energies (kJ/mol)
        G96Bond       G96Angle    Proper Dih.  Improper Dih.        LJ (SR)
    2.07484e+03    7.17354e+03    5.35010e+03    1.11196e+02    2.75702e+04
  Disper. corr.   Coulomb (SR)   Coul. recip.      Potential Pres. DC (bar)
   -1.39525e+03    0.00000e+00    0.00000e+00    4.08846e+04    0.00000e+00
 Pressure (bar)       dEkin/dl      dVcoul/dl       dVvdw/dl    dVbonded/dl
   -1.19980e+02    0.00000e+00    0.00000e+00   -2.15316e+05    0.00000e+00
 dVrestraint/dl   Constr. rmsd
    0.00000e+00    1.77421e-06

           Step           Time         Lambda
             33       33.00000        0.00000

           Step           Time         Lambda
             34       34.00000        0.00000

   Energies (kJ/mol)
        G96Bond       G96Angle    Proper Dih.  Improper Dih.        LJ (SR)
    2.02787e+03    7.17959e+03    5.35021e+03    1.11565e+02    2.74760e+04
  Disper. corr.   Coulomb (SR)   Coul. recip.      Potential Pres. DC (bar)
   -1.39525e+03    0.00000e+00    0.00000e+00    4.07499e+04    0.00000e+00
 Pressure (bar)       dEkin/dl      dVcoul/dl       dVvdw/dl    dVbonded/dl
   -1.20002e+02    0.00000e+00    0.00000e+00   -2.14723e+05    0.00000e+00
 dVrestraint/dl   Constr. rmsd
    0.00000e+00    1.66562e-06

           Step           Time         Lambda
             35       35.00000        0.00000

   Energies (kJ/mol)
        G96Bond       G96Angle    Proper Dih.  Improper Dih.        LJ (SR)
    2.11179e+03    7.14935e+03    5.34906e+03    1.10797e+02    2.73254e+04
  Disper. corr.   Coulomb (SR)   Coul. recip.      Potential Pres. DC (bar)
   -1.39525e+03    0.00000e+00    0.00000e+00    4.06511e+04    0.00000e+00
 Pressure (bar)       dEkin/dl      dVcoul/dl       dVvdw/dl    dVbonded/dl
   -1.20045e+02    0.00000e+00    0.00000e+00   -2.13702e+05    0.00000e+00
 dVrestraint/dl   Constr. rmsd
    0.00000e+00    1.81064e-06

           Step           Time         Lambda
             36       36.00000        0.00000

   Energies (kJ/mol)
        G96Bond       G96Angle    Proper Dih.  Improper Dih.        LJ (SR)
    2.04349e+03    7.15939e+03    5.34944e+03    1.11590e+02    2.72291e+04
  Disper. corr.   Coulomb (SR)   Coul. recip.      Potential Pres. DC (bar)
   -1.39525e+03    0.00000e+00    0.00000e+00    4.04978e+04    0.00000e+00
 Pressure (bar)       dEkin/dl      dVcoul/dl       dVvdw/dl    dVbonded/dl
   -1.20066e+02    0.00000e+00    0.00000e+00   -2.13100e+05    0.00000e+00
 dVrestraint/dl   Constr. rmsd
    0.00000e+00    1.41947e-06

           Step           Time         Lambda
             37       37.00000        0.00000

   Energies (kJ/mol)
        G96Bond       G96Angle    Proper Dih.  Improper Dih.        LJ (SR)
    2.18325e+03    7.12985e+03    5.34808e+03    1.10538e+02    2.70902e+04
  Disper. corr.   Coulomb (SR)   Coul. recip.      Potential Pres. DC (bar)
   -1.39525e+03    0.00000e+00    0.00000e+00    4.04667e+04    0.00000e+00
 Pressure (bar)       dEkin/dl      dVcoul/dl       dVvdw/dl    dVbonded/dl
   -1.20106e+02    0.00000e+00    0.00000e+00   -2.12144e+05    0.00000e+00
 dVrestraint/dl   Constr. rmsd
    0.00000e+00    1.52642e-06

           Step           Time         Lambda
             38       38.00000        0.00000

   Energies (kJ/mol)
        G96Bond       G96Angle    Proper Dih.  Improper Dih.        LJ (SR)
    2.09258e+03    7.14443e+03    5.34889e+03    1.11806e+02    2.69903e+04
  Disper. corr.   Coulomb (SR)   Coul. recip.      Potential Pres. DC (bar)
   -1.39525e+03    0.00000e+00    0.00000e+00    4.02927e+04    0.00000e+00
 Pressure (bar)       dEkin/dl      dVcoul/dl       dVvdw/dl    dVbonded/dl
   -1.20126e+02    0.00000e+00    0.00000e+00   -2.11528e+05    0.00000e+00
 dVrestraint/dl   Constr. rmsd
    0.00000e+00    1.76893e-06

           Step           Time         Lambda
             39       39.00000        0.00000

           Step           Time         Lambda
             40       40.00000        0.00000

   Energies (kJ/mol)
        G96Bond       G96Angle    Proper Dih.  Improper Dih.        LJ (SR)
    1.98959e+03    7.11511e+03    5.34798e+03    1.10897e+02    2.69250e+04
  Disper. corr.   Coulomb (SR)   Coul. recip.      Potential Pres. DC (bar)
   -1.39525e+03    0.00000e+00    0.00000e+00    4.00933e+04    0.00000e+00
 Pressure (bar)       dEkin/dl      dVcoul/dl       dVvdw/dl    dVbonded/dl
   -1.20145e+02    0.00000e+00    0.00000e+00   -2.11077e+05    0.00000e+00
 dVrestraint/dl   Constr. rmsd
    0.00000e+00    1.67461e-06

           Step           Time         Lambda
             41       41.00000        0.00000

   Energies (kJ/mol)
        G96Bond       G96Angle    Proper Dih.  Improper Dih.        LJ (SR)
    2.15878e+03    7.11966e+03    5.34823e+03    1.11321e+02    2.66658e+04
  Disper. corr.   Coulomb (SR)   Coul. recip.      Potential Pres. DC (bar)
   -1.39525e+03    0.00000e+00    0.00000e+00    4.00086e+04    0.00000e+00
 Pressure (bar)       dEkin/dl      dVcoul/dl       dVvdw/dl    dVbonded/dl
   -1.20204e+02    0.00000e+00    0.00000e+00   -2.09421e+05    0.00000e+00
 dVrestraint/dl   Constr. rmsd
    0.00000e+00    1.70964e-06

           Step           Time         Lambda
             42       42.00000        0.00000

   Energies (kJ/mol)
        G96Bond       G96Angle    Proper Dih.  Improper Dih.        LJ (SR)
    2.03051e+03    7.07729e+03    5.34706e+03    1.10389e+02    2.65955e+04
  Disper. corr.   Coulomb (SR)   Coul. recip.      Potential Pres. DC (bar)
   -1.39525e+03    0.00000e+00    0.00000e+00    3.97655e+04    0.00000e+00
 Pressure (bar)       dEkin/dl      dVcoul/dl       dVvdw/dl    dVbonded/dl
   -1.20225e+02    0.00000e+00    0.00000e+00   -2.08903e+05    0.00000e+00
 dVrestraint/dl   Constr. rmsd
    0.00000e+00    1.72555e-06

           Step           Time         Lambda
             43       43.00000        0.00000

           Step           Time         Lambda
             44       44.00000        0.00000

   Energies (kJ/mol)
        G96Bond       G96Angle    Proper Dih.  Improper Dih.        LJ (SR)
    1.97560e+03    7.08489e+03    5.34735e+03    1.10924e+02    2.65063e+04
  Disper. corr.   Coulomb (SR)   Coul. recip.      Potential Pres. DC (bar)
   -1.39525e+03    0.00000e+00    0.00000e+00    3.96298e+04    0.00000e+00
 Pressure (bar)       dEkin/dl      dVcoul/dl       dVvdw/dl    dVbonded/dl
   -1.20243e+02    0.00000e+00    0.00000e+00   -2.08350e+05    0.00000e+00
 dVrestraint/dl   Constr. rmsd
    0.00000e+00    1.75160e-06

           Step           Time         Lambda
             45       45.00000        0.00000

   Energies (kJ/mol)
        G96Bond       G96Angle    Proper Dih.  Improper Dih.        LJ (SR)
    2.07535e+03    7.05422e+03    5.34647e+03    1.09937e+02    2.63594e+04
  Disper. corr.   Coulomb (SR)   Coul. recip.      Potential Pres. DC (bar)
   -1.39525e+03    0.00000e+00    0.00000e+00    3.95502e+04    0.00000e+00
 Pressure (bar)       dEkin/dl      dVcoul/dl       dVvdw/dl    dVbonded/dl
   -1.20279e+02    0.00000e+00    0.00000e+00   -2.07351e+05    0.00000e+00
 dVrestraint/dl   Constr. rmsd
    0.00000e+00    1.75832e-06

           Step           Time         Lambda
             46       46.00000        0.00000

   Energies (kJ/mol)
        G96Bond       G96Angle    Proper Dih.  Improper Dih.        LJ (SR)
    1.99481e+03    7.06618e+03    5.34704e+03    1.10991e+02    2.62678e+04
  Disper. corr.   Coulomb (SR)   Coul. recip.      Potential Pres. DC (bar)
   -1.39525e+03    0.00000e+00    0.00000e+00    3.93916e+04    0.00000e+00
 Pressure (bar)       dEkin/dl      dVcoul/dl       dVvdw/dl    dVbonded/dl
   -1.20296e+02    0.00000e+00    0.00000e+00   -2.06786e+05    0.00000e+00
 dVrestraint/dl   Constr. rmsd
    0.00000e+00    1.61459e-06

           Step           Time         Lambda
             47       47.00000        0.00000

   Energies (kJ/mol)
        G96Bond       G96Angle    Proper Dih.  Improper Dih.        LJ (SR)
    2.15819e+03    7.03664e+03    5.34588e+03    1.09661e+02    2.61343e+04
  Disper. corr.   Coulomb (SR)   Coul. recip.      Potential Pres. DC (bar)
   -1.39525e+03    0.00000e+00    0.00000e+00    3.93894e+04    0.00000e+00
 Pressure (bar)       dEkin/dl      dVcoul/dl       dVvdw/dl    dVbonded/dl
   -1.20329e+02    0.00000e+00    0.00000e+00   -2.05860e+05    0.00000e+00
 dVrestraint/dl   Constr. rmsd
    0.00000e+00    1.71036e-06

           Step           Time         Lambda
             48       48.00000        0.00000

   Energies (kJ/mol)
        G96Bond       G96Angle    Proper Dih.  Improper Dih.        LJ (SR)
    2.05109e+03    7.05342e+03    5.34690e+03    1.11288e+02    2.60387e+04
  Disper. corr.   Coulomb (SR)   Coul. recip.      Potential Pres. DC (bar)
   -1.39525e+03    0.00000e+00    0.00000e+00    3.92061e+04    0.00000e+00
 Pressure (bar)       dEkin/dl      dVcoul/dl       dVvdw/dl    dVbonded/dl
   -1.20345e+02    0.00000e+00    0.00000e+00   -2.05279e+05    0.00000e+00
 dVrestraint/dl   Constr. rmsd
    0.00000e+00    1.74152e-06

           Step           Time         Lambda
             49       49.00000        0.00000

           Step           Time         Lambda
             50       50.00000        0.00000

   Energies (kJ/mol)
        G96Bond       G96Angle    Proper Dih.  Improper Dih.        LJ (SR)
    1.94037e+03    7.02240e+03    5.34607e+03    1.10171e+02    2.59763e+04
  Disper. corr.   Coulomb (SR)   Coul. recip.      Potential Pres. DC (bar)
   -1.39525e+03    0.00000e+00    0.00000e+00    3.90001e+04    0.00000e+00
 Pressure (bar)       dEkin/dl      dVcoul/dl       dVvdw/dl    dVbonded/dl
   -1.20361e+02    0.00000e+00    0.00000e+00   -2.04845e+05    0.00000e+00
 dVrestraint/dl   Constr. rmsd
    0.00000e+00    2.08034e-06

           Step           Time         Lambda
             51       51.00000        0.00000

   Energies (kJ/mol)
        G96Bond       G96Angle    Proper Dih.  Improper Dih.        LJ (SR)
    2.13192e+03    7.03230e+03    5.34681e+03    1.10808e+02    2.57348e+04
  Disper. corr.   Coulomb (SR)   Coul. recip.      Potential Pres. DC (bar)
   -1.39525e+03    0.00000e+00    0.00000e+00    3.89614e+04    0.00000e+00
 Pressure (bar)       dEkin/dl      dVcoul/dl       dVvdw/dl    dVbonded/dl
   -1.20408e+02    0.00000e+00    0.00000e+00   -2.03313e+05    0.00000e+00
 dVrestraint/dl   Constr. rmsd
    0.00000e+00    1.77579e-06

           Step           Time         Lambda
             52       52.00000        0.00000

   Energies (kJ/mol)
        G96Bond       G96Angle    Proper Dih.  Improper Dih.        LJ (SR)
    1.99153e+03    6.98688e+03    5.34568e+03    1.09622e+02    2.56687e+04
  Disper. corr.   Coulomb (SR)   Coul. recip.      Potential Pres. DC (bar)
   -1.39525e+03    0.00000e+00    0.00000e+00    3.87071e+04    0.00000e+00
 Pressure (bar)       dEkin/dl      dVcoul/dl       dVvdw/dl    dVbonded/dl
   -1.20425e+02    0.00000e+00    0.00000e+00   -2.02817e+05    0.00000e+00
 dVrestraint/dl   Constr. rmsd
    0.00000e+00    1.59639e-06

           Step           Time         Lambda
             53       53.00000        0.00000

           Step           Time         Lambda
             54       54.00000        0.00000

   Energies (kJ/mol)
        G96Bond       G96Angle    Proper Dih.  Improper Dih.        LJ (SR)
    1.92771e+03    6.99638e+03    5.34612e+03    1.10324e+02    2.55834e+04
  Disper. corr.   Coulomb (SR)   Coul. recip.      Potential Pres. DC (bar)
   -1.39525e+03    0.00000e+00    0.00000e+00    3.85687e+04    0.00000e+00
 Pressure (bar)       dEkin/dl      dVcoul/dl       dVvdw/dl    dVbonded/dl
   -1.20440e+02    0.00000e+00    0.00000e+00   -2.02295e+05    0.00000e+00
 dVrestraint/dl   Constr. rmsd
    0.00000e+00    1.57643e-06

           Step           Time         Lambda
             55       55.00000        0.00000

   Energies (kJ/mol)
        G96Bond       G96Angle    Proper Dih.  Improper Dih.        LJ (SR)
    2.04635e+03    6.96498e+03    5.34543e+03    1.09105e+02    2.54417e+04
  Disper. corr.   Coulomb (SR)   Coul. recip.      Potential Pres. DC (bar)
   -1.39525e+03    0.00000e+00    0.00000e+00    3.85123e+04    0.00000e+00
 Pressure (bar)       dEkin/dl      dVcoul/dl       dVvdw/dl    dVbonded/dl
   -1.20470e+02    0.00000e+00    0.00000e+00   -2.01327e+05    0.00000e+00
 dVrestraint/dl   Constr. rmsd
    0.00000e+00    1.61983e-06

           Step           Time         Lambda
             56       56.00000        0.00000

   Energies (kJ/mol)
        G96Bond       G96Angle    Proper Dih.  Improper Dih.        LJ (SR)
    1.95207e+03    6.97932e+03    5.34617e+03    1.10436e+02    2.53536e+04
  Disper. corr.   Coulomb (SR)   Coul. recip.      Potential Pres. DC (bar)
   -1.39525e+03    0.00000e+00    0.00000e+00    3.83464e+04    0.00000e+00
 Pressure (bar)       dEkin/dl      dVcoul/dl       dVvdw/dl    dVbonded/dl
   -1.20484e+02    0.00000e+00    0.00000e+00   -2.00792e+05    0.00000e+00
 dVrestraint/dl   Constr. rmsd
    0.00000e+00    1.69451e-06

           Step           Time         Lambda
             57       57.00000        0.00000

           Step           Time         Lambda
             58       58.00000        0.00000

   Energies (kJ/mol)
        G96Bond       G96Angle    Proper Dih.  Improper Dih.        LJ (SR)
    1.90300e+03    6.95433e+03    5.34560e+03    1.09495e+02    2.52893e+04
  Disper. corr.   Coulomb (SR)   Coul. recip.      Potential Pres. DC (bar)
   -1.39525e+03    0.00000e+00    0.00000e+00    3.82065e+04    0.00000e+00
 Pressure (bar)       dEkin/dl      dVcoul/dl       dVvdw/dl    dVbonded/dl
   -1.20498e+02    0.00000e+00    0.00000e+00   -2.00347e+05    0.00000e+00
 dVrestraint/dl   Constr. rmsd
    0.00000e+00    1.85584e-06

           Step           Time         Lambda
             59       59.00000        0.00000

   Energies (kJ/mol)
        G96Bond       G96Angle    Proper Dih.  Improper Dih.        LJ (SR)
    1.98219e+03    6.95913e+03    5.34628e+03    1.10197e+02    2.50988e+04
  Disper. corr.   Coulomb (SR)   Coul. recip.      Potential Pres. DC (bar)
   -1.39525e+03    0.00000e+00    0.00000e+00    3.81013e+04    0.00000e+00
 Pressure (bar)       dEkin/dl      dVcoul/dl       dVvdw/dl    dVbonded/dl
   -1.20531e+02    0.00000e+00    0.00000e+00   -1.99136e+05    0.00000e+00
 dVrestraint/dl   Constr. rmsd
    0.00000e+00    1.99813e-06

           Step           Time         Lambda
             60       60.00000        0.00000

   Energies (kJ/mol)
        G96Bond       G96Angle    Proper Dih.  Improper Dih.        LJ (SR)
    1.93190e+03    6.92548e+03    5.34549e+03    1.09054e+02    2.50280e+04
  Disper. corr.   Coulomb (SR)   Coul. recip.      Potential Pres. DC (bar)
   -1.39525e+03    0.00000e+00    0.00000e+00    3.79447e+04    0.00000e+00
 Pressure (bar)       dEkin/dl      dVcoul/dl       dVvdw/dl    dVbonded/dl
   -1.20547e+02    0.00000e+00    0.00000e+00   -1.98625e+05    0.00000e+00
 dVrestraint/dl   Constr. rmsd
    0.00000e+00    1.70157e-06

           Step           Time         Lambda
             61       61.00000        0.00000

   Energies (kJ/mol)
        G96Bond       G96Angle    Proper Dih.  Improper Dih.        LJ (SR)
    2.04646e+03    6.95131e+03    5.34637e+03    1.10482e+02    2.48828e+04
  Disper. corr.   Coulomb (SR)   Coul. recip.      Potential Pres. DC (bar)
   -1.39525e+03    0.00000e+00    0.00000e+00    3.79421e+04    0.00000e+00
 Pressure (bar)       dEkin/dl      dVcoul/dl       dVvdw/dl    dVbonded/dl
   -1.20570e+02    0.00000e+00    0.00000e+00   -1.97722e+05    0.00000e+00
 dVrestraint/dl   Constr. rmsd
    0.00000e+00    1.62890e-06

           Step           Time         Lambda
             62       62.00000        0.00000

   Energies (kJ/mol)
        G96Bond       G96Angle    Proper Dih.  Improper Dih.        LJ (SR)
    2.01422e+03    6.90468e+03    5.34536e+03    1.08778e+02    2.48086e+04
  Disper. corr.   Coulomb (SR)   Coul. recip.      Potential Pres. DC (bar)
   -1.39525e+03    0.00000e+00    0.00000e+00    3.77864e+04    0.00000e+00
 Pressure (bar)       dEkin/dl      dVcoul/dl       dVvdw/dl    dVbonded/dl
   -1.20587e+02    0.00000e+00    0.00000e+00   -1.97162e+05    0.00000e+00
 dVrestraint/dl   Constr. rmsd
    0.00000e+00    1.74283e-06

           Step           Time         Lambda
             63       63.00000        0.00000

           Step           Time         Lambda
             64       64.00000        0.00000

   Energies (kJ/mol)
        G96Bond       G96Angle    Proper Dih.  Improper Dih.        LJ (SR)
    1.86307e+03    6.91241e+03    5.34596e+03    1.09734e+02    2.47422e+04
  Disper. corr.   Coulomb (SR)   Coul. recip.      Potential Pres. DC (bar)
   -1.39525e+03    0.00000e+00    0.00000e+00    3.75781e+04    0.00000e+00
 Pressure (bar)       dEkin/dl      dVcoul/dl       dVvdw/dl    dVbonded/dl
   -1.20596e+02    0.00000e+00    0.00000e+00   -1.96771e+05    0.00000e+00
 dVrestraint/dl   Constr. rmsd
    0.00000e+00    1.71507e-06

           Step           Time         Lambda
             65       65.00000        0.00000

   Energies (kJ/mol)
        G96Bond       G96Angle    Proper Dih.  Improper Dih.        LJ (SR)
    2.08318e+03    6.87696e+03    5.34540e+03    1.07774e+02    2.45086e+04
  Disper. corr.   Coulomb (SR)   Coul. recip.      Potential Pres. DC (bar)
   -1.39525e+03    0.00000e+00    0.00000e+00    3.75267e+04    0.00000e+00
 Pressure (bar)       dEkin/dl      dVcoul/dl       dVvdw/dl    dVbonded/dl
   -1.20640e+02    0.00000e+00    0.00000e+00   -1.95213e+05    0.00000e+00
 dVrestraint/dl   Constr. rmsd
    0.00000e+00    1.88161e-06

           Step           Time         Lambda
             66       66.00000        0.00000

   Energies (kJ/mol)
        G96Bond       G96Angle    Proper Dih.  Improper Dih.        LJ (SR)
    1.87405e+03    6.88379e+03    5.34637e+03    1.09544e+02    2.44396e+04
  Disper. corr.   Coulomb (SR)   Coul. recip.      Potential Pres. DC (bar)
   -1.39525e+03    0.00000e+00    0.00000e+00    3.72581e+04    0.00000e+00
 Pressure (bar)       dEkin/dl      dVcoul/dl       dVvdw/dl    dVbonded/dl
   -1.20648e+02    0.00000e+00    0.00000e+00   -1.94798e+05    0.00000e+00
 dVrestraint/dl   Constr. rmsd
    0.00000e+00    2.06486e-06

           Step           Time         Lambda
             67       67.00000        0.00000

           Step           Time         Lambda
             68       68.00000        0.00000

   Energies (kJ/mol)
        G96Bond       G96Angle    Proper Dih.  Improper Dih.        LJ (SR)
    1.87768e+03    6.86419e+03    5.34576e+03    1.08480e+02    2.43529e+04
  Disper. corr.   Coulomb (SR)   Coul. recip.      Potential Pres. DC (bar)
   -1.39525e+03    0.00000e+00    0.00000e+00    3.71538e+04    0.00000e+00
 Pressure (bar)       dEkin/dl      dVcoul/dl       dVvdw/dl    dVbonded/dl
   -1.20664e+02    0.00000e+00    0.00000e+00   -1.94210e+05    0.00000e+00
 dVrestraint/dl   Constr. rmsd
    0.00000e+00    1.83617e-06

           Step           Time         Lambda
             69       69.00000        0.00000

   Energies (kJ/mol)
        G96Bond       G96Angle    Proper Dih.  Improper Dih.        LJ (SR)
    1.89297e+03    6.86908e+03    5.34664e+03    1.09469e+02    2.42425e+04
  Disper. corr.   Coulomb (SR)   Coul. recip.      Potential Pres. DC (bar)
   -1.39525e+03    0.00000e+00    0.00000e+00    3.70654e+04    0.00000e+00
 Pressure (bar)       dEkin/dl      dVcoul/dl       dVvdw/dl    dVbonded/dl
   -1.20681e+02    0.00000e+00    0.00000e+00   -1.93515e+05    0.00000e+00
 dVrestraint/dl   Constr. rmsd
    0.00000e+00    1.69883e-06

           Step           Time         Lambda
             70       70.00000        0.00000

   Energies (kJ/mol)
        G96Bond       G96Angle    Proper Dih.  Improper Dih.        LJ (SR)
    1.91901e+03    6.84504e+03    5.34581e+03    1.08202e+02    2.41533e+04
  Disper. corr.   Coulomb (SR)   Coul. recip.      Potential Pres. DC (bar)
   -1.39525e+03    0.00000e+00    0.00000e+00    3.69761e+04    0.00000e+00
 Pressure (bar)       dEkin/dl      dVcoul/dl       dVvdw/dl    dVbonded/dl
   -1.20698e+02    0.00000e+00    0.00000e+00   -1.92892e+05    0.00000e+00
 dVrestraint/dl   Constr. rmsd
    0.00000e+00    1.80704e-06

           Step           Time         Lambda
             71       71.00000        0.00000

   Energies (kJ/mol)
        G96Bond       G96Angle    Proper Dih.  Improper Dih.        LJ (SR)
    1.93996e+03    6.85930e+03    5.34695e+03    1.09645e+02    2.40487e+04
  Disper. corr.   Coulomb (SR)   Coul. recip.      Potential Pres. DC (bar)
   -1.39525e+03    0.00000e+00    0.00000e+00    3.69093e+04    0.00000e+00
 Pressure (bar)       dEkin/dl      dVcoul/dl       dVvdw/dl    dVbonded/dl
   -1.20712e+02    0.00000e+00    0.00000e+00   -1.92246e+05    0.00000e+00
 dVrestraint/dl   Constr. rmsd
    0.00000e+00    1.78045e-06

           Step           Time         Lambda
             72       72.00000        0.00000

   Energies (kJ/mol)
        G96Bond       G96Angle    Proper Dih.  Improper Dih.        LJ (SR)
    2.01438e+03    6.82987e+03    5.34584e+03    1.07974e+02    2.39597e+04
  Disper. corr.   Coulomb (SR)   Coul. recip.      Potential Pres. DC (bar)
   -1.39525e+03    0.00000e+00    0.00000e+00    3.68625e+04    0.00000e+00
 Pressure (bar)       dEkin/dl      dVcoul/dl       dVvdw/dl    dVbonded/dl
   -1.20729e+02    0.00000e+00    0.00000e+00   -1.91605e+05    0.00000e+00
 dVrestraint/dl   Constr. rmsd
    0.00000e+00    2.12541e-06

           Step           Time         Lambda
             73       73.00000        0.00000

   Energies (kJ/mol)
        G96Bond       G96Angle    Proper Dih.  Improper Dih.        LJ (SR)
    2.04983e+03    6.85667e+03    5.34737e+03    1.10098e+02    2.38564e+04
  Disper. corr.   Coulomb (SR)   Coul. recip.      Potential Pres. DC (bar)
   -1.39525e+03    0.00000e+00    0.00000e+00    3.68251e+04    0.00000e+00
 Pressure (bar)       dEkin/dl      dVcoul/dl       dVvdw/dl    dVbonded/dl
   -1.20742e+02    0.00000e+00    0.00000e+00   -1.90984e+05    0.00000e+00
 dVrestraint/dl   Constr. rmsd
    0.00000e+00    1.83987e-06

           Step           Time         Lambda
             74       74.00000        0.00000

           Step           Time         Lambda
             75       75.00000        0.00000

   Energies (kJ/mol)
        G96Bond       G96Angle    Proper Dih.  Improper Dih.        LJ (SR)
    1.80918e+03    6.81674e+03    5.34653e+03    1.08689e+02    2.38120e+04
  Disper. corr.   Coulomb (SR)   Coul. recip.      Potential Pres. DC (bar)
   -1.39525e+03    0.00000e+00    0.00000e+00    3.64979e+04    0.00000e+00
 Pressure (bar)       dEkin/dl      dVcoul/dl       dVvdw/dl    dVbonded/dl
   -1.20751e+02    0.00000e+00    0.00000e+00   -1.90660e+05    0.00000e+00
 dVrestraint/dl   Constr. rmsd
    0.00000e+00    1.84599e-06

           Step           Time         Lambda
             76       76.00000        0.00000

   Energies (kJ/mol)
        G96Bond       G96Angle    Proper Dih.  Improper Dih.        LJ (SR)
    2.13890e+03    6.82104e+03    5.34820e+03    1.08341e+02    2.33733e+04
  Disper. corr.   Coulomb (SR)   Coul. recip.      Potential Pres. DC (bar)
   -1.39525e+03    0.00000e+00    0.00000e+00    3.63945e+04    0.00000e+00
 Pressure (bar)       dEkin/dl      dVcoul/dl       dVvdw/dl    dVbonded/dl
   -1.20816e+02    0.00000e+00    0.00000e+00   -1.87902e+05    0.00000e+00
 dVrestraint/dl   Constr. rmsd
    0.00000e+00    1.89536e-06

           Step           Time         Lambda
             77       77.00000        0.00000

   Energies (kJ/mol)
        G96Bond       G96Angle    Proper Dih.  Improper Dih.        LJ (SR)
    1.88216e+03    6.75437e+03    5.34743e+03    1.07269e+02    2.33302e+04
  Disper. corr.   Coulomb (SR)   Coul. recip.      Potential Pres. DC (bar)
   -1.39525e+03    0.00000e+00    0.00000e+00    3.60261e+04    0.00000e+00
 Pressure (bar)       dEkin/dl      dVcoul/dl       dVvdw/dl    dVbonded/dl
   -1.20827e+02    0.00000e+00    0.00000e+00   -1.87501e+05    0.00000e+00
 dVrestraint/dl   Constr. rmsd
    0.00000e+00    1.68977e-06

           Step           Time         Lambda
             78       78.00000        0.00000

           Step           Time         Lambda
             79       79.00000        0.00000

   Energies (kJ/mol)
        G96Bond       G96Angle    Proper Dih.  Improper Dih.        LJ (SR)
    1.80994e+03    6.77707e+03    5.34768e+03    1.08467e+02    2.32506e+04
  Disper. corr.   Coulomb (SR)   Coul. recip.      Potential Pres. DC (bar)
   -1.39525e+03    0.00000e+00    0.00000e+00    3.58985e+04    0.00000e+00
 Pressure (bar)       dEkin/dl      dVcoul/dl       dVvdw/dl    dVbonded/dl
   -1.20836e+02    0.00000e+00    0.00000e+00   -1.87029e+05    0.00000e+00
 dVrestraint/dl   Constr. rmsd
    0.00000e+00    1.88988e-06

           Step           Time         Lambda
             80       80.00000        0.00000

   Energies (kJ/mol)
        G96Bond       G96Angle    Proper Dih.  Improper Dih.        LJ (SR)
    1.96352e+03    6.73904e+03    5.34745e+03    1.06813e+02    2.31303e+04
  Disper. corr.   Coulomb (SR)   Coul. recip.      Potential Pres. DC (bar)
   -1.39525e+03    0.00000e+00    0.00000e+00    3.58918e+04    0.00000e+00
 Pressure (bar)       dEkin/dl      dVcoul/dl       dVvdw/dl    dVbonded/dl
   -1.20855e+02    0.00000e+00    0.00000e+00   -1.86173e+05    0.00000e+00
 dVrestraint/dl   Constr. rmsd
    0.00000e+00    1.63920e-06

           Step           Time         Lambda
             81       81.00000        0.00000

   Energies (kJ/mol)
        G96Bond       G96Angle    Proper Dih.  Improper Dih.        LJ (SR)
    1.83937e+03    6.76782e+03    5.34820e+03    1.08967e+02    2.30480e+04
  Disper. corr.   Coulomb (SR)   Coul. recip.      Potential Pres. DC (bar)
   -1.39525e+03    0.00000e+00    0.00000e+00    3.57171e+04    0.00000e+00
 Pressure (bar)       dEkin/dl      dVcoul/dl       dVvdw/dl    dVbonded/dl
   -1.20864e+02    0.00000e+00    0.00000e+00   -1.85704e+05    0.00000e+00
 dVrestraint/dl   Constr. rmsd
    0.00000e+00    1.52041e-06

           Step           Time         Lambda
             82       82.00000        0.00000

           Step           Time         Lambda
             83       83.00000        0.00000

   Energies (kJ/mol)
        G96Bond       G96Angle    Proper Dih.  Improper Dih.        LJ (SR)
    1.79263e+03    6.73359e+03    5.34776e+03    1.07399e+02    2.29907e+04
  Disper. corr.   Coulomb (SR)   Coul. recip.      Potential Pres. DC (bar)
   -1.39525e+03    0.00000e+00    0.00000e+00    3.55769e+04    0.00000e+00
 Pressure (bar)       dEkin/dl      dVcoul/dl       dVvdw/dl    dVbonded/dl
   -1.20874e+02    0.00000e+00    0.00000e+00   -1.85288e+05    0.00000e+00
 dVrestraint/dl   Constr. rmsd
    0.00000e+00    1.41761e-06

           Step           Time         Lambda
             84       84.00000        0.00000

   Energies (kJ/mol)
        G96Bond       G96Angle    Proper Dih.  Improper Dih.        LJ (SR)
    1.85978e+03    6.75180e+03    5.34873e+03    1.08747e+02    2.28486e+04
  Disper. corr.   Coulomb (SR)   Coul. recip.      Potential Pres. DC (bar)
   -1.39525e+03    0.00000e+00    0.00000e+00    3.55224e+04    0.00000e+00
 Pressure (bar)       dEkin/dl      dVcoul/dl       dVvdw/dl    dVbonded/dl
   -1.20892e+02    0.00000e+00    0.00000e+00   -1.84415e+05    0.00000e+00
 dVrestraint/dl   Constr. rmsd
    0.00000e+00    1.61203e-06

           Step           Time         Lambda
             85       85.00000        0.00000

   Energies (kJ/mol)
        G96Bond       G96Angle    Proper Dih.  Improper Dih.        LJ (SR)
    1.84702e+03    6.70940e+03    5.34805e+03    1.06770e+02    2.27838e+04
  Disper. corr.   Coulomb (SR)   Coul. recip.      Potential Pres. DC (bar)
   -1.39525e+03    0.00000e+00    0.00000e+00    3.53998e+04    0.00000e+00
 Pressure (bar)       dEkin/dl      dVcoul/dl       dVvdw/dl    dVbonded/dl
   -1.20904e+02    0.00000e+00    0.00000e+00   -1.83919e+05    0.00000e+00
 dVrestraint/dl   Constr. rmsd
    0.00000e+00    1.83949e-06

           Step           Time         Lambda
             86       86.00000        0.00000

   Energies (kJ/mol)
        G96Bond       G96Angle    Proper Dih.  Improper Dih.        LJ (SR)
    1.90653e+03    6.74614e+03    5.34913e+03    1.09097e+02    2.26708e+04
  Disper. corr.   Coulomb (SR)   Coul. recip.      Potential Pres. DC (bar)
   -1.39525e+03    0.00000e+00    0.00000e+00    3.53864e+04    0.00000e+00
 Pressure (bar)       dEkin/dl      dVcoul/dl       dVvdw/dl    dVbonded/dl
   -1.20916e+02    0.00000e+00    0.00000e+00   -1.83254e+05    0.00000e+00
 dVrestraint/dl   Constr. rmsd
    0.00000e+00    1.97546e-06

           Step           Time         Lambda
             87       87.00000        0.00000

   Energies (kJ/mol)
        G96Bond       G96Angle    Proper Dih.  Improper Dih.        LJ (SR)
    1.96932e+03    6.69244e+03    5.34817e+03    1.06248e+02    2.26016e+04
  Disper. corr.   Coulomb (SR)   Coul. recip.      Potential Pres. DC (bar)
   -1.39525e+03    0.00000e+00    0.00000e+00    3.53225e+04    0.00000e+00
 Pressure (bar)       dEkin/dl      dVcoul/dl       dVvdw/dl    dVbonded/dl
   -1.20930e+02    0.00000e+00    0.00000e+00   -1.82698e+05    0.00000e+00
 dVrestraint/dl   Constr. rmsd
    0.00000e+00    1.54081e-06

           Step           Time         Lambda
             88       88.00000        0.00000

           Step           Time         Lambda
             89       89.00000        0.00000

   Energies (kJ/mol)
        G96Bond       G96Angle    Proper Dih.  Improper Dih.        LJ (SR)
    1.73734e+03    6.70275e+03    5.34888e+03    1.07837e+02    2.25472e+04
  Disper. corr.   Coulomb (SR)   Coul. recip.      Potential Pres. DC (bar)
   -1.39525e+03    0.00000e+00    0.00000e+00    3.50487e+04    0.00000e+00
 Pressure (bar)       dEkin/dl      dVcoul/dl       dVvdw/dl    dVbonded/dl
   -1.20935e+02    0.00000e+00    0.00000e+00   -1.82402e+05    0.00000e+00
 dVrestraint/dl   Constr. rmsd
    0.00000e+00    1.61626e-06


Steepest Descents converged to Fmax < 1000 in 90 steps
Potential Energy  =  3.5048727e+04
Maximum force     =  6.9168585e+02 on atom 3039
Norm of force     =  7.7812088e+01

	M E G A - F L O P S   A C C O U N T I N G

 NB=Group-cutoff nonbonded kernels    NxN=N-by-N cluster Verlet kernels
 RF=Reaction-Field  VdW=Van der Waals  QSTab=quadratic-spline table
 W3=SPC/TIP3p  W4=TIP4p (single or pairs)
 V&F=Potential and force  V=Potential only  F=Force only

 Computing:                               M-Number         M-Flops  % Flops
-----------------------------------------------------------------------------
 NB Free energy kernel                65654.622162       65654.622    65.2
 Pair Search distance check             292.359804        2631.238     2.6
 NxN QSTab Elec. + LJ [V&F]             445.252608       26269.904    26.1
 1,4 nonbonded interactions               7.966080         716.947     0.7
 Calc Weights                             3.248640         116.951     0.1
 Spread Q Bspline                       233.902080         467.804     0.5
 Gather F Bspline                       233.902080        1403.412     1.4
 3D-FFT                                 379.029060        3032.232     3.0
 Solve PME                                0.116640           7.465     0.0
 Shift-X                                  1.082880           6.497     0.0
 Bonds                                    0.374400          22.090     0.0
 Angles                                   0.420480          70.641     0.1
 Propers                                  0.334080          76.504     0.1
 Impropers                                0.017280           3.594     0.0
 Virial                                   1.086930          19.565     0.0
 Lincs                                    0.011520           0.691     0.0
 Constraint-Vir                           0.005760           0.138     0.0
 Settle                                   0.460800         148.838     0.1
-----------------------------------------------------------------------------
 Total                                                  100649.135   100.0
-----------------------------------------------------------------------------


     R E A L   C Y C L E   A N D   T I M E   A C C O U N T I N G

On 1 MPI rank

 Computing:          Num   Num      Call    Wall time         Giga-Cycles
                     Ranks Threads  Count      (s)         total sum    %
-----------------------------------------------------------------------------
 Neighbor search        1    1         90       3.463         18.424   7.6
 Force                  1    1         90      19.085        101.527  41.8
 PME mesh               1    1         90       0.201          1.071   0.4
 NB X/F buffer ops.     1    1         90       0.003          0.018   0.0
 Constraints            1    1        179       0.036          0.192   0.1
 Rest                                          22.853        121.572  50.1
-----------------------------------------------------------------------------
 Total                                         45.643        242.805 100.0
-----------------------------------------------------------------------------
 Breakdown of PME mesh computation
-----------------------------------------------------------------------------
 PME spread/gather      1    1        180       0.037          0.197   0.1
 PME 3D-FFT             1    1        180       0.085          0.450   0.2
 PME solve Elec         1    1         90       0.080          0.423   0.2
-----------------------------------------------------------------------------

               Core t (s)   Wall t (s)        (%)
       Time:       45.643       45.643      100.0
               (steps/hour)
Performance:         7098.6
Finished mdrun on rank 0 Fri Dec  9 13:19:38 2016
