Log file opened on Fri Dec  9 13:25:03 2016
Host: filey.vuse.vanderbilt.edu  pid: 98560  rank ID: 0  number of ranks:  1
                   :-) GROMACS - gmx mdrun, VERSION 5.1.2 (-:

                            GROMACS is written by:
     Emile Apol      Rossen Apostolov  Herman J.C. Berendsen    Par Bjelkmar   
 Aldert van Buuren   Rudi van Drunen     Anton Feenstra   Sebastian Fritsch 
  Gerrit Groenhof   Christoph Junghans   Anca Hamuraru    Vincent Hindriksen
 Dimitrios Karkoulis    Peter Kasson        Jiri Kraus      Carsten Kutzner  
    Per Larsson      Justin A. Lemkul   Magnus Lundborg   Pieter Meulenhoff 
   Erik Marklund      Teemu Murtola       Szilard Pall       Sander Pronk   
   Roland Schulz     Alexey Shvetsov     Michael Shirts     Alfons Sijbers  
   Peter Tieleman    Teemu Virolainen  Christian Wennberg    Maarten Wolf   
                           and the project leaders:
        Mark Abraham, Berk Hess, Erik Lindahl, and David van der Spoel

Copyright (c) 1991-2000, University of Groningen, The Netherlands.
Copyright (c) 2001-2015, The GROMACS development team at
Uppsala University, Stockholm University and
the Royal Institute of Technology, Sweden.
check out http://www.gromacs.org for more information.

GROMACS is free software; you can redistribute it and/or modify it
under the terms of the GNU Lesser General Public License
as published by the Free Software Foundation; either version 2.1
of the License, or (at your option) any later version.

GROMACS:      gmx mdrun, VERSION 5.1.2
Executable:   /usr/local/gromacs/bin//gmx
Data prefix:  /usr/local/gromacs
Command line:
  gmx mdrun -deffnm nvteq_DSPC-50_alc12-50_0129

GROMACS version:    VERSION 5.1.2
Precision:          single
Memory model:       64 bit
MPI library:        thread_mpi
OpenMP support:     disabled
GPU support:        enabled
OpenCL support:     disabled
invsqrt routine:    gmx_software_invsqrt(x)
SIMD instructions:  SSE4.1
FFT library:        fftw-3.3.4-sse2
RDTSCP usage:       enabled
C++11 compilation:  disabled
TNG support:        enabled
Tracing support:    disabled
Built on:           Tue May 31 09:28:24 CDT 2016
Built by:           leonhaac@filey.vuse.vanderbilt.edu [CMAKE]
Build OS/arch:      Darwin 10.8.0 x86_64
Build CPU vendor:   GenuineIntel
Build CPU brand:    Intel(R) Xeon(R) CPU           X5650  @ 2.67GHz
Build CPU family:   6   Model: 44   Stepping: 2
Build CPU features: aes apic clfsh cmov cx8 cx16 htt lahf_lm mmx msr nonstop_tsc pcid pclmuldq pdcm pdpe1gb popcnt pse rdtscp sse2 sse3 sse4.1 sse4.2 ssse3
C compiler:         /Developer/usr/bin/cc GNU 4.2.1
C compiler flags:    -msse4.1    -Wextra -Wno-missing-field-initializers -Wno-sign-compare -Wpointer-arith -Wall -Wno-unused -Wunused-value -Wunused-parameter -Wno-unknown-pragmas  -O3 -DNDEBUG -funroll-all-loops  
C++ compiler:       /Developer/usr/bin/c++ GNU 4.2.1
C++ compiler flags:  -msse4.1    -Wextra -Wno-missing-field-initializers -Wpointer-arith -Wall -Wno-unused-function -Wno-unknown-pragmas  -O3 -DNDEBUG -funroll-all-loops  
Boost version:      1.55.0 (internal)
CUDA compiler:      /usr/local/cuda/bin/nvcc nvcc: NVIDIA (R) Cuda compiler driver;Copyright (c) 2005-2011 NVIDIA Corporation;Built on Fri_May_13_01:54:22_PDT_2011;Cuda compilation tools, release 4.0, V0.2.1221
CUDA compiler flags:-gencode;arch=compute_20,code=sm_20;-gencode;arch=compute_20,code=compute_20;-use_fast_math;-D__STRICT_ANSI__; ;-msse4.1;-Wextra;-Wno-missing-field-initializers;-Wpointer-arith;-Wall;-Wno-unused-function;-Wno-unknown-pragmas;-O3;-DNDEBUG;-funroll-all-loops;
CUDA driver:        0.0
CUDA runtime:       0.0


NOTE: Error occurred during GPU detection:
      no CUDA-capable device is detected
      Can not use GPU acceleration, will fall back to CPU kernels.


Running on 1 node with total 24 logical cores, 0 compatible GPUs
Hardware detected:
  CPU info:
    Vendor: GenuineIntel
    Brand:  Intel(R) Xeon(R) CPU           X5650  @ 2.67GHz
    Family:  6  model: 44  stepping:  2
    CPU features: aes apic clfsh cmov cx8 cx16 htt lahf_lm mmx msr nonstop_tsc pcid pclmuldq pdcm pdpe1gb popcnt pse rdtscp sse2 sse3 sse4.1 sse4.2 ssse3
    SIMD instructions most likely to fit this hardware: SSE4.1
    SIMD instructions selected at GROMACS compile time: SSE4.1


++++ PLEASE READ AND CITE THE FOLLOWING REFERENCE ++++
M. J. Abraham, T. Murtola, R. Schulz, S. Páll, J. C. Smith, B. Hess, E.
Lindahl
GROMACS: High performance molecular simulations through multi-level
parallelism from laptops to supercomputers
SoftwareX 1 (2015) pp. 19-25
-------- -------- --- Thank You --- -------- --------


++++ PLEASE READ AND CITE THE FOLLOWING REFERENCE ++++
S. Páll, M. J. Abraham, C. Kutzner, B. Hess, E. Lindahl
Tackling Exascale Software Challenges in Molecular Dynamics Simulations with
GROMACS
In S. Markidis & E. Laure (Eds.), Solving Software Challenges for Exascale 8759 (2015) pp. 3-27
-------- -------- --- Thank You --- -------- --------


++++ PLEASE READ AND CITE THE FOLLOWING REFERENCE ++++
S. Pronk, S. Páll, R. Schulz, P. Larsson, P. Bjelkmar, R. Apostolov, M. R.
Shirts, J. C. Smith, P. M. Kasson, D. van der Spoel, B. Hess, and E. Lindahl
GROMACS 4.5: a high-throughput and highly parallel open source molecular
simulation toolkit
Bioinformatics 29 (2013) pp. 845-54
-------- -------- --- Thank You --- -------- --------


++++ PLEASE READ AND CITE THE FOLLOWING REFERENCE ++++
B. Hess and C. Kutzner and D. van der Spoel and E. Lindahl
GROMACS 4: Algorithms for highly efficient, load-balanced, and scalable
molecular simulation
J. Chem. Theory Comput. 4 (2008) pp. 435-447
-------- -------- --- Thank You --- -------- --------


++++ PLEASE READ AND CITE THE FOLLOWING REFERENCE ++++
D. van der Spoel, E. Lindahl, B. Hess, G. Groenhof, A. E. Mark and H. J. C.
Berendsen
GROMACS: Fast, Flexible and Free
J. Comp. Chem. 26 (2005) pp. 1701-1719
-------- -------- --- Thank You --- -------- --------


++++ PLEASE READ AND CITE THE FOLLOWING REFERENCE ++++
E. Lindahl and B. Hess and D. van der Spoel
GROMACS 3.0: A package for molecular simulation and trajectory analysis
J. Mol. Mod. 7 (2001) pp. 306-317
-------- -------- --- Thank You --- -------- --------


++++ PLEASE READ AND CITE THE FOLLOWING REFERENCE ++++
H. J. C. Berendsen, D. van der Spoel and R. van Drunen
GROMACS: A message-passing parallel molecular dynamics implementation
Comp. Phys. Comm. 91 (1995) pp. 43-56
-------- -------- --- Thank You --- -------- --------

Changing nstlist from 10 to 40, rlist from 1.4 to 1.421

Input Parameters:
   integrator                     = md
   tinit                          = 0
   dt                             = 0.002
   nsteps                         = 50000
   init-step                      = 0
   simulation-part                = 1
   comm-mode                      = Linear
   nstcomm                        = 100
   bd-fric                        = 0
   ld-seed                        = 3796333471
   emtol                          = 10
   emstep                         = 0.01
   niter                          = 20
   fcstep                         = 0
   nstcgsteep                     = 1000
   nbfgscorr                      = 10
   rtpi                           = 0.05
   nstxout                        = 500
   nstvout                        = 500
   nstfout                        = 0
   nstlog                         = 500
   nstcalcenergy                  = 100
   nstenergy                      = 500
   nstxout-compressed             = 0
   compressed-x-precision         = 1000
   cutoff-scheme                  = Verlet
   nstlist                        = 40
   ns-type                        = Grid
   pbc                            = xyz
   periodic-molecules             = FALSE
   verlet-buffer-tolerance        = 0.005
   rlist                          = 1.421
   rlistlong                      = 1.421
   nstcalclr                      = 10
   coulombtype                    = PME
   coulomb-modifier               = Potential-shift
   rcoulomb-switch                = 0
   rcoulomb                       = 1.4
   epsilon-r                      = 1
   epsilon-rf                     = inf
   vdw-type                       = Cut-off
   vdw-modifier                   = Potential-shift
   rvdw-switch                    = 0
   rvdw                           = 1.4
   DispCorr                       = EnerPres
   table-extension                = 1
   fourierspacing                 = 0.16
   fourier-nx                     = 28
   fourier-ny                     = 28
   fourier-nz                     = 72
   pme-order                      = 4
   ewald-rtol                     = 1e-05
   ewald-rtol-lj                  = 0.001
   lj-pme-comb-rule               = Geometric
   ewald-geometry                 = 0
   epsilon-surface                = 0
   implicit-solvent               = No
   gb-algorithm                   = Still
   nstgbradii                     = 1
   rgbradii                       = 1
   gb-epsilon-solvent             = 80
   gb-saltconc                    = 0
   gb-obc-alpha                   = 1
   gb-obc-beta                    = 0.8
   gb-obc-gamma                   = 4.85
   gb-dielectric-offset           = 0.009
   sa-algorithm                   = Ace-approximation
   sa-surface-tension             = 2.05016
   tcoupl                         = Nose-Hoover
   nsttcouple                     = 10
   nh-chain-length                = 1
   print-nose-hoover-chain-variables = FALSE
   pcoupl                         = No
   pcoupltype                     = Isotropic
   nstpcouple                     = -1
   tau-p                          = 1
   compressibility (3x3):
      compressibility[    0]={ 0.00000e+00,  0.00000e+00,  0.00000e+00}
      compressibility[    1]={ 0.00000e+00,  0.00000e+00,  0.00000e+00}
      compressibility[    2]={ 0.00000e+00,  0.00000e+00,  0.00000e+00}
   ref-p (3x3):
      ref-p[    0]={ 0.00000e+00,  0.00000e+00,  0.00000e+00}
      ref-p[    1]={ 0.00000e+00,  0.00000e+00,  0.00000e+00}
      ref-p[    2]={ 0.00000e+00,  0.00000e+00,  0.00000e+00}
   refcoord-scaling               = No
   posres-com (3):
      posres-com[0]= 0.00000e+00
      posres-com[1]= 0.00000e+00
      posres-com[2]= 0.00000e+00
   posres-comB (3):
      posres-comB[0]= 0.00000e+00
      posres-comB[1]= 0.00000e+00
      posres-comB[2]= 0.00000e+00
   QMMM                           = FALSE
   QMconstraints                  = 0
   QMMMscheme                     = 0
   MMChargeScaleFactor            = 1
qm-opts:
   ngQM                           = 0
   constraint-algorithm           = Lincs
   continuation                   = FALSE
   Shake-SOR                      = FALSE
   shake-tol                      = 0.0001
   lincs-order                    = 4
   lincs-iter                     = 1
   lincs-warnangle                = 30
   nwall                          = 0
   wall-type                      = 9-3
   wall-r-linpot                  = -1
   wall-atomtype[0]               = -1
   wall-atomtype[1]               = -1
   wall-density[0]                = 0
   wall-density[1]                = 0
   wall-ewald-zfac                = 3
   pull                           = FALSE
   rotation                       = FALSE
   interactiveMD                  = FALSE
   disre                          = No
   disre-weighting                = Conservative
   disre-mixed                    = FALSE
   dr-fc                          = 1000
   dr-tau                         = 0
   nstdisreout                    = 100
   orire-fc                       = 0
   orire-tau                      = 0
   nstorireout                    = 100
   free-energy                    = no
   cos-acceleration               = 0
   deform (3x3):
      deform[    0]={ 0.00000e+00,  0.00000e+00,  0.00000e+00}
      deform[    1]={ 0.00000e+00,  0.00000e+00,  0.00000e+00}
      deform[    2]={ 0.00000e+00,  0.00000e+00,  0.00000e+00}
   simulated-tempering            = FALSE
   E-x:
      n = 0
   E-xt:
      n = 0
   E-y:
      n = 0
   E-yt:
      n = 0
   E-z:
      n = 0
   E-zt:
      n = 0
   swapcoords                     = no
   adress                         = FALSE
   userint1                       = 0
   userint2                       = 0
   userint3                       = 0
   userint4                       = 0
   userreal1                      = 0
   userreal2                      = 0
   userreal3                      = 0
   userreal4                      = 0
grpopts:
   nrdf:      8830.9     15358.1
   ref-t:         305         305
   tau-t:         0.4         0.4
annealing:          No          No
annealing-npoints:           0           0
   acc:	           0           0           0
   nfreeze:           N           N           N
   energygrp-flags[  0]: 0


Initializing Domain Decomposition on 24 ranks
Dynamic load balancing: auto
Will sort the charge groups at every domain (re)decomposition
Initial maximum inter charge-group distances:
    two-body bonded interactions: 0.283 nm, Exclusion, atoms 3195 3197
  multi-body bonded interactions: 0.406 nm, Proper Dih., atoms 3194 3199
Minimum cell size due to bonded interactions: 0.447 nm
Maximum distance for 5 constraints, at 120 deg. angles, all-trans: 0.771 nm
Estimated maximum distance required for P-LINCS: 0.771 nm
This distance will limit the DD cell size, you can override this with -rcon
Guess for relative PME load: 0.10
Will use 20 particle-particle and 4 PME only ranks
This is a guess, check the performance at the end of the log file
Using 4 separate PME ranks, as guessed by mdrun
Scaling the initial minimum size with 1/0.8 (option -dds) = 1.25
Optimizing the DD grid for 20 cells with a minimum initial size of 0.964 nm
The maximum allowed number of cells is: X 4 Y 4 Z 11
Domain decomposition grid 4 x 1 x 5, separate PME ranks 4
PME domain decomposition: 4 x 1 x 1
Interleaving PP and PME ranks
This rank does only particle-particle work.

Domain decomposition rank 0, coordinates 0 0 0

Using 24 MPI threads
Will do PME sum in reciprocal space for electrostatic interactions.

++++ PLEASE READ AND CITE THE FOLLOWING REFERENCE ++++
U. Essmann, L. Perera, M. L. Berkowitz, T. Darden, H. Lee and L. G. Pedersen 
A smooth particle mesh Ewald method
J. Chem. Phys. 103 (1995) pp. 8577-8592
-------- -------- --- Thank You --- -------- --------

Will do ordinary reciprocal space Ewald sum.
Using a Gaussian width (1/beta) of 0.448228 nm for Ewald
Cut-off's:   NS: 1.421   Coulomb: 1.4   LJ: 1.4
Long Range LJ corr.: <C6> 1.5782e-03
System total charge: 0.000
Generated table with 1210 data points for Ewald.
Tabscale = 500 points/nm
Generated table with 1210 data points for LJ6.
Tabscale = 500 points/nm
Generated table with 1210 data points for LJ12.
Tabscale = 500 points/nm
Potential shift: LJ r^-12: -1.764e-02 r^-6: -1.328e-01, Ewald -1.000e-05
Initialized non-bonded Ewald correction tables, spacing: 1.10e-03 size: 1270


Using SSE4.1 4x4 non-bonded kernels

Using full Lennard-Jones parameter combination matrix

Removing pbc first time

Initializing Parallel LINear Constraint Solver

++++ PLEASE READ AND CITE THE FOLLOWING REFERENCE ++++
B. Hess
P-LINCS: A Parallel Linear Constraint Solver for molecular simulation
J. Chem. Theory Comput. 4 (2008) pp. 116-122
-------- -------- --- Thank You --- -------- --------

The number of constraints is 4224
There are inter charge-group constraints,
will communicate selected coordinates each lincs iteration

++++ PLEASE READ AND CITE THE FOLLOWING REFERENCE ++++
S. Miyamoto and P. A. Kollman
SETTLE: An Analytical Version of the SHAKE and RATTLE Algorithms for Rigid
Water Models
J. Comp. Chem. 13 (1992) pp. 952-962
-------- -------- --- Thank You --- -------- --------


Linking all bonded interactions to atoms

The initial number of communication pulses is: X 2 Z 1
The initial domain decomposition cell size is: X 1.08 nm Z 2.13 nm

The maximum allowed distance for charge groups involved in interactions is:
                 non-bonded interactions           1.421 nm
            two-body bonded interactions  (-rdd)   1.421 nm
          multi-body bonded interactions  (-rdd)   1.077 nm
  atoms separated by up to 5 constraints  (-rcon)  1.077 nm

When dynamic load balancing gets turned on, these settings will change to:
The maximum number of communication pulses is: X 2 Z 2
The minimum size for domain decomposition cells is 0.771 nm
The requested allowed shrink of DD cells (option -dds) is: 0.80
The allowed shrink of domain decomposition cells is: X 0.72 Z 0.36
The maximum allowed distance for charge groups involved in interactions is:
                 non-bonded interactions           1.421 nm
            two-body bonded interactions  (-rdd)   1.421 nm
          multi-body bonded interactions  (-rdd)   0.771 nm
  atoms separated by up to 5 constraints  (-rcon)  0.771 nm


Making 2D domain decomposition grid 4 x 1 x 5, home cell index 0 0 0

Center of mass motion removal mode is Linear
We have the following groups for center of mass motion removal:
  0:  rest
There are: 12032 Atoms
Atom distribution over 20 domains: av 601 stddev 343 min 276 max 1169

Constraining the starting coordinates (step 0)

Constraining the coordinates at t0-dt (step 0)
RMS relative constraint deviation after constraining: 0.00e+00
Initial temperature: 305.357 K

Started mdrun on rank 0 Fri Dec  9 13:25:03 2016
           Step           Time         Lambda
              0        0.00000        0.00000

   Energies (kJ/mol)
       G96Angle    Proper Dih.  Improper Dih.        LJ (SR)  Disper. corr.
    9.87917e+03    5.25102e+03    2.25840e+02    4.81361e+03   -1.76462e+03
   Coulomb (SR)   Coul. recip.      Potential    Kinetic En.   Total Energy
   -1.89430e+05    6.57473e+03   -1.64450e+05    3.07126e+04   -1.33738e+05
  Conserved En.    Temperature Pres. DC (bar) Pressure (bar)   Constr. rmsd
   -1.33738e+05    3.05418e+02   -1.48467e+02   -6.77673e+02    2.10938e-05

DD  step 39 load imb.: force 180.5%  pme mesh/force 0.327

At step 40 the performance loss due to force load imbalance is 45.9 %

NOTE: Turning on dynamic load balancing

           Step           Time         Lambda
            500        1.00000        0.00000

   Energies (kJ/mol)
       G96Angle    Proper Dih.  Improper Dih.        LJ (SR)  Disper. corr.
    9.27371e+03    6.09023e+03    2.72124e+02    2.36312e+03   -1.76462e+03
   Coulomb (SR)   Coul. recip.      Potential    Kinetic En.   Total Energy
   -1.84380e+05    1.23056e+03   -1.66915e+05    3.00793e+04   -1.36836e+05
  Conserved En.    Temperature Pres. DC (bar) Pressure (bar)   Constr. rmsd
   -1.33648e+05    2.99120e+02   -1.48467e+02    8.29161e+02    8.80941e-06

DD  step 999  vol min/aver 0.506  load imb.: force  6.1%  pme mesh/force 0.539

           Step           Time         Lambda
           1000        2.00000        0.00000

   Energies (kJ/mol)
       G96Angle    Proper Dih.  Improper Dih.        LJ (SR)  Disper. corr.
    9.63642e+03    6.07722e+03    2.50840e+02    2.77737e+03   -1.76462e+03
   Coulomb (SR)   Coul. recip.      Potential    Kinetic En.   Total Energy
   -1.88043e+05    8.47315e+02   -1.70219e+05    3.07805e+04   -1.39438e+05
  Conserved En.    Temperature Pres. DC (bar) Pressure (bar)   Constr. rmsd
   -1.33594e+05    3.06093e+02   -1.48467e+02    1.38742e+02    9.16885e-06

           Step           Time         Lambda
           1500        3.00000        0.00000

   Energies (kJ/mol)
       G96Angle    Proper Dih.  Improper Dih.        LJ (SR)  Disper. corr.
    9.37216e+03    6.22061e+03    2.99318e+02    3.45343e+03   -1.76462e+03
   Coulomb (SR)   Coul. recip.      Potential    Kinetic En.   Total Energy
   -1.90312e+05    7.65556e+02   -1.71965e+05    3.08501e+04   -1.41115e+05
  Conserved En.    Temperature Pres. DC (bar) Pressure (bar)   Constr. rmsd
   -1.33364e+05    3.06786e+02   -1.48467e+02    3.31103e+01    9.16517e-06

DD  step 1999  vol min/aver 0.446  load imb.: force  5.7%  pme mesh/force 0.489

           Step           Time         Lambda
           2000        4.00000        0.00000

   Energies (kJ/mol)
       G96Angle    Proper Dih.  Improper Dih.        LJ (SR)  Disper. corr.
    9.95054e+03    5.95598e+03    2.62422e+02    2.57288e+03   -1.76462e+03
   Coulomb (SR)   Coul. recip.      Potential    Kinetic En.   Total Energy
   -1.90951e+05    7.96600e+02   -1.73177e+05    3.02442e+04   -1.42933e+05
  Conserved En.    Temperature Pres. DC (bar) Pressure (bar)   Constr. rmsd
   -1.33442e+05    3.00760e+02   -1.48467e+02   -2.71587e+02    1.04137e-05

           Step           Time         Lambda
           2500        5.00000        0.00000

   Energies (kJ/mol)
       G96Angle    Proper Dih.  Improper Dih.        LJ (SR)  Disper. corr.
    9.43027e+03    6.05814e+03    3.21106e+02    3.03396e+03   -1.76462e+03
   Coulomb (SR)   Coul. recip.      Potential    Kinetic En.   Total Energy
   -1.92469e+05    6.92954e+02   -1.74697e+05    3.05837e+04   -1.44114e+05
  Conserved En.    Temperature Pres. DC (bar) Pressure (bar)   Constr. rmsd
   -1.33436e+05    3.04136e+02   -1.48467e+02   -1.73724e+02    9.54478e-06

DD  step 2999  vol min/aver 0.432  load imb.: force  5.1%  pme mesh/force 0.537

           Step           Time         Lambda
           3000        6.00000        0.00000

   Energies (kJ/mol)
       G96Angle    Proper Dih.  Improper Dih.        LJ (SR)  Disper. corr.
    9.78387e+03    5.77285e+03    2.98747e+02    4.37656e+03   -1.76462e+03
   Coulomb (SR)   Coul. recip.      Potential    Kinetic En.   Total Energy
   -1.94264e+05    7.31196e+02   -1.75066e+05    3.06432e+04   -1.44423e+05
  Conserved En.    Temperature Pres. DC (bar) Pressure (bar)   Constr. rmsd
   -1.33373e+05    3.04727e+02   -1.48467e+02    3.02529e+02    1.01604e-05

           Step           Time         Lambda
           3500        7.00000        0.00000

   Energies (kJ/mol)
       G96Angle    Proper Dih.  Improper Dih.        LJ (SR)  Disper. corr.
    9.67903e+03    5.95230e+03    3.46120e+02    3.51722e+03   -1.76462e+03
   Coulomb (SR)   Coul. recip.      Potential    Kinetic En.   Total Energy
   -1.94160e+05    7.00245e+02   -1.75730e+05    3.04831e+04   -1.45247e+05
  Conserved En.    Temperature Pres. DC (bar) Pressure (bar)   Constr. rmsd
   -1.33430e+05    3.03135e+02   -1.48467e+02   -3.56829e+01    9.79143e-06

DD  step 3999  vol min/aver 0.453  load imb.: force  2.5%  pme mesh/force 0.495

           Step           Time         Lambda
           4000        8.00000        0.00000

   Energies (kJ/mol)
       G96Angle    Proper Dih.  Improper Dih.        LJ (SR)  Disper. corr.
    9.56418e+03    6.00551e+03    3.32125e+02    2.60431e+03   -1.76462e+03
   Coulomb (SR)   Coul. recip.      Potential    Kinetic En.   Total Energy
   -1.93250e+05    7.09249e+02   -1.75800e+05    3.05159e+04   -1.45284e+05
  Conserved En.    Temperature Pres. DC (bar) Pressure (bar)   Constr. rmsd
   -1.33485e+05    3.03462e+02   -1.48467e+02   -1.10955e+02    9.27825e-06

           Step           Time         Lambda
           4500        9.00000        0.00000

   Energies (kJ/mol)
       G96Angle    Proper Dih.  Improper Dih.        LJ (SR)  Disper. corr.
    9.91921e+03    5.91223e+03    3.23166e+02    2.73730e+03   -1.76462e+03
   Coulomb (SR)   Coul. recip.      Potential    Kinetic En.   Total Energy
   -1.94418e+05    6.61477e+02   -1.76630e+05    3.09259e+04   -1.45704e+05
  Conserved En.    Temperature Pres. DC (bar) Pressure (bar)   Constr. rmsd
   -1.33448e+05    3.07539e+02   -1.48467e+02   -3.37856e+02    9.73844e-06

DD  step 4999  vol min/aver 0.450  load imb.: force  3.5%  pme mesh/force 0.517

           Step           Time         Lambda
           5000       10.00000        0.00000

   Energies (kJ/mol)
       G96Angle    Proper Dih.  Improper Dih.        LJ (SR)  Disper. corr.
    9.49205e+03    5.88672e+03    3.00819e+02    2.89406e+03   -1.76462e+03
   Coulomb (SR)   Coul. recip.      Potential    Kinetic En.   Total Energy
   -1.93398e+05    6.75679e+02   -1.75914e+05    3.05495e+04   -1.45364e+05
  Conserved En.    Temperature Pres. DC (bar) Pressure (bar)   Constr. rmsd
   -1.33480e+05    3.03796e+02   -1.48467e+02   -1.75249e+02    9.36210e-06

           Step           Time         Lambda
           5500       11.00000        0.00000

   Energies (kJ/mol)
       G96Angle    Proper Dih.  Improper Dih.        LJ (SR)  Disper. corr.
    9.87521e+03    5.93665e+03    3.07207e+02    2.38556e+03   -1.76462e+03
   Coulomb (SR)   Coul. recip.      Potential    Kinetic En.   Total Energy
   -1.93135e+05    6.98212e+02   -1.75696e+05    3.05312e+04   -1.45165e+05
  Conserved En.    Temperature Pres. DC (bar) Pressure (bar)   Constr. rmsd
   -1.33415e+05    3.03614e+02   -1.48467e+02   -4.12081e+01    9.66157e-06

DD  step 5999  vol min/aver 0.472  load imb.: force  4.4%  pme mesh/force 0.493

           Step           Time         Lambda
           6000       12.00000        0.00000

   Energies (kJ/mol)
       G96Angle    Proper Dih.  Improper Dih.        LJ (SR)  Disper. corr.
    9.56286e+03    5.62614e+03    3.01980e+02    2.90262e+03   -1.76462e+03
   Coulomb (SR)   Coul. recip.      Potential    Kinetic En.   Total Energy
   -1.94172e+05    6.57585e+02   -1.76885e+05    3.06992e+04   -1.46186e+05
  Conserved En.    Temperature Pres. DC (bar) Pressure (bar)   Constr. rmsd
   -1.33382e+05    3.05284e+02   -1.48467e+02    6.61588e+01    8.92038e-06

           Step           Time         Lambda
           6500       13.00000        0.00000

   Energies (kJ/mol)
       G96Angle    Proper Dih.  Improper Dih.        LJ (SR)  Disper. corr.
    9.69878e+03    6.01575e+03    3.56289e+02    2.52607e+03   -1.76462e+03
   Coulomb (SR)   Coul. recip.      Potential    Kinetic En.   Total Energy
   -1.93805e+05    7.06519e+02   -1.76266e+05    3.10324e+04   -1.45234e+05
  Conserved En.    Temperature Pres. DC (bar) Pressure (bar)   Constr. rmsd
   -1.33391e+05    3.08598e+02   -1.48467e+02   -2.07135e+02    9.63181e-06

DD  step 6999  vol min/aver 0.473  load imb.: force  4.7%  pme mesh/force 0.501

           Step           Time         Lambda
           7000       14.00000        0.00000

   Energies (kJ/mol)
       G96Angle    Proper Dih.  Improper Dih.        LJ (SR)  Disper. corr.
    9.65614e+03    5.96459e+03    3.01139e+02    1.77485e+03   -1.76462e+03
   Coulomb (SR)   Coul. recip.      Potential    Kinetic En.   Total Energy
   -1.91935e+05    7.08824e+02   -1.75294e+05    3.11470e+04   -1.44147e+05
  Conserved En.    Temperature Pres. DC (bar) Pressure (bar)   Constr. rmsd
   -1.33317e+05    3.09737e+02   -1.48467e+02   -3.07620e+02    9.51617e-06

           Step           Time         Lambda
           7500       15.00000        0.00000

   Energies (kJ/mol)
       G96Angle    Proper Dih.  Improper Dih.        LJ (SR)  Disper. corr.
    9.83253e+03    5.80004e+03    3.30714e+02    2.56201e+03   -1.76462e+03
   Coulomb (SR)   Coul. recip.      Potential    Kinetic En.   Total Energy
   -1.93592e+05    6.90118e+02   -1.76142e+05    3.04030e+04   -1.45738e+05
  Conserved En.    Temperature Pres. DC (bar) Pressure (bar)   Constr. rmsd
   -1.33496e+05    3.02339e+02   -1.48467e+02   -4.21410e+02    8.94542e-06

DD  step 7999  vol min/aver 0.468  load imb.: force  2.8%  pme mesh/force 0.492

           Step           Time         Lambda
           8000       16.00000        0.00000

   Energies (kJ/mol)
       G96Angle    Proper Dih.  Improper Dih.        LJ (SR)  Disper. corr.
    9.69718e+03    5.77314e+03    3.21019e+02    1.88924e+03   -1.76462e+03
   Coulomb (SR)   Coul. recip.      Potential    Kinetic En.   Total Energy
   -1.92800e+05    6.90638e+02   -1.76194e+05    3.11551e+04   -1.45039e+05
  Conserved En.    Temperature Pres. DC (bar) Pressure (bar)   Constr. rmsd
   -1.33293e+05    3.09818e+02   -1.48467e+02   -6.05878e+02    9.53143e-06

           Step           Time         Lambda
           8500       17.00000        0.00000

   Energies (kJ/mol)
       G96Angle    Proper Dih.  Improper Dih.        LJ (SR)  Disper. corr.
    9.24428e+03    5.85149e+03    3.32885e+02    2.17791e+03   -1.76462e+03
   Coulomb (SR)   Coul. recip.      Potential    Kinetic En.   Total Energy
   -1.93590e+05    7.26422e+02   -1.77022e+05    3.07225e+04   -1.46299e+05
  Conserved En.    Temperature Pres. DC (bar) Pressure (bar)   Constr. rmsd
   -1.33327e+05    3.05517e+02   -1.48467e+02   -4.71908e+02    9.74321e-06

DD  step 8999  vol min/aver 0.469  load imb.: force  3.2%  pme mesh/force 0.549

           Step           Time         Lambda
           9000       18.00000        0.00000

   Energies (kJ/mol)
       G96Angle    Proper Dih.  Improper Dih.        LJ (SR)  Disper. corr.
    9.57242e+03    5.79197e+03    4.21041e+02    1.94813e+03   -1.76462e+03
   Coulomb (SR)   Coul. recip.      Potential    Kinetic En.   Total Energy
   -1.92518e+05    6.92018e+02   -1.75857e+05    3.00704e+04   -1.45786e+05
  Conserved En.    Temperature Pres. DC (bar) Pressure (bar)   Constr. rmsd
   -1.33422e+05    2.99031e+02   -1.48467e+02   -1.45776e+02    9.13680e-06

           Step           Time         Lambda
           9500       19.00000        0.00000

   Energies (kJ/mol)
       G96Angle    Proper Dih.  Improper Dih.        LJ (SR)  Disper. corr.
    9.29948e+03    5.79983e+03    3.56443e+02    2.14706e+03   -1.76462e+03
   Coulomb (SR)   Coul. recip.      Potential    Kinetic En.   Total Energy
   -1.93359e+05    6.59401e+02   -1.76861e+05    3.05800e+04   -1.46281e+05
  Conserved En.    Temperature Pres. DC (bar) Pressure (bar)   Constr. rmsd
   -1.33406e+05    3.04099e+02   -1.48467e+02   -2.09577e+02    9.10137e-06

DD  step 9999  vol min/aver 0.464  load imb.: force  4.2%  pme mesh/force 0.526

           Step           Time         Lambda
          10000       20.00000        0.00000

   Energies (kJ/mol)
       G96Angle    Proper Dih.  Improper Dih.        LJ (SR)  Disper. corr.
    9.22538e+03    5.80901e+03    3.92358e+02    2.52827e+03   -1.76462e+03
   Coulomb (SR)   Coul. recip.      Potential    Kinetic En.   Total Energy
   -1.94242e+05    6.88429e+02   -1.77364e+05    3.07355e+04   -1.46628e+05
  Conserved En.    Temperature Pres. DC (bar) Pressure (bar)   Constr. rmsd
   -1.33410e+05    3.05645e+02   -1.48467e+02   -1.86026e+02    8.69982e-06

           Step           Time         Lambda
          10500       21.00000        0.00000

   Energies (kJ/mol)
       G96Angle    Proper Dih.  Improper Dih.        LJ (SR)  Disper. corr.
    9.43673e+03    5.78239e+03    3.19667e+02    1.20822e+03   -1.76462e+03
   Coulomb (SR)   Coul. recip.      Potential    Kinetic En.   Total Energy
   -1.93030e+05    6.30833e+02   -1.77417e+05    3.05236e+04   -1.46894e+05
  Conserved En.    Temperature Pres. DC (bar) Pressure (bar)   Constr. rmsd
   -1.33490e+05    3.03539e+02   -1.48467e+02   -6.26197e+02    9.73158e-06

DD  step 10999  vol min/aver 0.469  load imb.: force  2.6%  pme mesh/force 0.524

           Step           Time         Lambda
          11000       22.00000        0.00000

   Energies (kJ/mol)
       G96Angle    Proper Dih.  Improper Dih.        LJ (SR)  Disper. corr.
    9.29992e+03    5.67500e+03    3.76638e+02    1.93474e+03   -1.76462e+03
   Coulomb (SR)   Coul. recip.      Potential    Kinetic En.   Total Energy
   -1.93266e+05    6.70375e+02   -1.77074e+05    3.00891e+04   -1.46985e+05
  Conserved En.    Temperature Pres. DC (bar) Pressure (bar)   Constr. rmsd
   -1.33473e+05    2.99217e+02   -1.48467e+02   -1.42723e+02    9.19112e-06

           Step           Time         Lambda
          11500       23.00000        0.00000

   Energies (kJ/mol)
       G96Angle    Proper Dih.  Improper Dih.        LJ (SR)  Disper. corr.
    9.36885e+03    5.85968e+03    3.86117e+02    1.40733e+03   -1.76462e+03
   Coulomb (SR)   Coul. recip.      Potential    Kinetic En.   Total Energy
   -1.92892e+05    6.66816e+02   -1.76968e+05    3.06231e+04   -1.46344e+05
  Conserved En.    Temperature Pres. DC (bar) Pressure (bar)   Constr. rmsd
   -1.33299e+05    3.04528e+02   -1.48467e+02   -4.54878e+02    9.06723e-06

DD  step 11999  vol min/aver 0.450  load imb.: force  4.4%  pme mesh/force 0.519

           Step           Time         Lambda
          12000       24.00000        0.00000

   Energies (kJ/mol)
       G96Angle    Proper Dih.  Improper Dih.        LJ (SR)  Disper. corr.
    9.25438e+03    5.60361e+03    3.70546e+02    1.95660e+03   -1.76462e+03
   Coulomb (SR)   Coul. recip.      Potential    Kinetic En.   Total Energy
   -1.93419e+05    6.78041e+02   -1.77320e+05    3.09014e+04   -1.46419e+05
  Conserved En.    Temperature Pres. DC (bar) Pressure (bar)   Constr. rmsd
   -1.33369e+05    3.07296e+02   -1.48467e+02   -4.16580e+02    8.92524e-06

           Step           Time         Lambda
          12500       25.00000        0.00000

   Energies (kJ/mol)
       G96Angle    Proper Dih.  Improper Dih.        LJ (SR)  Disper. corr.
    9.32047e+03    5.81237e+03    3.46351e+02    1.65515e+03   -1.76462e+03
   Coulomb (SR)   Coul. recip.      Potential    Kinetic En.   Total Energy
   -1.92895e+05    6.47600e+02   -1.76878e+05    3.12362e+04   -1.45642e+05
  Conserved En.    Temperature Pres. DC (bar) Pressure (bar)   Constr. rmsd
   -1.33348e+05    3.10625e+02   -1.48467e+02   -5.59407e+02    9.69361e-06

DD  step 12999  vol min/aver 0.474  load imb.: force  5.4%  pme mesh/force 0.482

           Step           Time         Lambda
          13000       26.00000        0.00000

   Energies (kJ/mol)
       G96Angle    Proper Dih.  Improper Dih.        LJ (SR)  Disper. corr.
    9.37218e+03    5.62194e+03    3.49724e+02    1.93393e+03   -1.76462e+03
   Coulomb (SR)   Coul. recip.      Potential    Kinetic En.   Total Energy
   -1.93642e+05    6.17077e+02   -1.77512e+05    3.06641e+04   -1.46848e+05
  Conserved En.    Temperature Pres. DC (bar) Pressure (bar)   Constr. rmsd
   -1.33402e+05    3.04936e+02   -1.48467e+02   -7.13437e+02    9.42032e-06

           Step           Time         Lambda
          13500       27.00000        0.00000

   Energies (kJ/mol)
       G96Angle    Proper Dih.  Improper Dih.        LJ (SR)  Disper. corr.
    9.32995e+03    5.82002e+03    3.63273e+02    2.59278e+03   -1.76462e+03
   Coulomb (SR)   Coul. recip.      Potential    Kinetic En.   Total Energy
   -1.94405e+05    6.63825e+02   -1.77400e+05    3.05026e+04   -1.46897e+05
  Conserved En.    Temperature Pres. DC (bar) Pressure (bar)   Constr. rmsd
   -1.33335e+05    3.03329e+02   -1.48467e+02   -3.71113e+02    9.34430e-06

DD  step 13999  vol min/aver 0.475  load imb.: force  7.1%  pme mesh/force 0.528

           Step           Time         Lambda
          14000       28.00000        0.00000

   Energies (kJ/mol)
       G96Angle    Proper Dih.  Improper Dih.        LJ (SR)  Disper. corr.
    9.61817e+03    5.55603e+03    3.68320e+02    3.17871e+03   -1.76462e+03
   Coulomb (SR)   Coul. recip.      Potential    Kinetic En.   Total Energy
   -1.94869e+05    6.53771e+02   -1.77259e+05    3.07225e+04   -1.46536e+05
  Conserved En.    Temperature Pres. DC (bar) Pressure (bar)   Constr. rmsd
   -1.33320e+05    3.05517e+02   -1.48467e+02   -2.21491e+02    9.23392e-06

           Step           Time         Lambda
          14500       29.00000        0.00000

   Energies (kJ/mol)
       G96Angle    Proper Dih.  Improper Dih.        LJ (SR)  Disper. corr.
    9.48561e+03    5.68361e+03    3.32990e+02    1.81412e+03   -1.76462e+03
   Coulomb (SR)   Coul. recip.      Potential    Kinetic En.   Total Energy
   -1.93562e+05    6.55243e+02   -1.77355e+05    3.06664e+04   -1.46689e+05
  Conserved En.    Temperature Pres. DC (bar) Pressure (bar)   Constr. rmsd
   -1.33343e+05    3.04958e+02   -1.48467e+02   -2.78573e+02    9.39624e-06

DD  step 14999  vol min/aver 0.473  load imb.: force  3.4%  pme mesh/force 0.534

           Step           Time         Lambda
          15000       30.00000        0.00000

   Energies (kJ/mol)
       G96Angle    Proper Dih.  Improper Dih.        LJ (SR)  Disper. corr.
    9.11867e+03    5.68218e+03    3.54981e+02    2.10818e+03   -1.76462e+03
   Coulomb (SR)   Coul. recip.      Potential    Kinetic En.   Total Energy
   -1.93274e+05    7.28139e+02   -1.77046e+05    3.03861e+04   -1.46660e+05
  Conserved En.    Temperature Pres. DC (bar) Pressure (bar)   Constr. rmsd
   -1.33433e+05    3.02171e+02   -1.48467e+02   -2.34434e+02    9.02134e-06

           Step           Time         Lambda
          15500       31.00000        0.00000

   Energies (kJ/mol)
       G96Angle    Proper Dih.  Improper Dih.        LJ (SR)  Disper. corr.
    9.39899e+03    5.73416e+03    3.30932e+02    2.43233e+03   -1.76462e+03
   Coulomb (SR)   Coul. recip.      Potential    Kinetic En.   Total Energy
   -1.94207e+05    6.86899e+02   -1.77388e+05    3.09178e+04   -1.46470e+05
  Conserved En.    Temperature Pres. DC (bar) Pressure (bar)   Constr. rmsd
   -1.33332e+05    3.07459e+02   -1.48467e+02   -3.15392e+02    9.30577e-06

DD  step 15999  vol min/aver 0.486  load imb.: force  3.9%  pme mesh/force 0.539

           Step           Time         Lambda
          16000       32.00000        0.00000

   Energies (kJ/mol)
       G96Angle    Proper Dih.  Improper Dih.        LJ (SR)  Disper. corr.
    9.45185e+03    5.74662e+03    3.53610e+02    1.55704e+03   -1.76462e+03
   Coulomb (SR)   Coul. recip.      Potential    Kinetic En.   Total Energy
   -1.93234e+05    6.46438e+02   -1.77243e+05    3.04140e+04   -1.46829e+05
  Conserved En.    Temperature Pres. DC (bar) Pressure (bar)   Constr. rmsd
   -1.33305e+05    3.02449e+02   -1.48467e+02   -5.31509e+02    8.94265e-06

           Step           Time         Lambda
          16500       33.00000        0.00000

   Energies (kJ/mol)
       G96Angle    Proper Dih.  Improper Dih.        LJ (SR)  Disper. corr.
    9.24195e+03    5.63420e+03    3.75429e+02    1.68729e+03   -1.76462e+03
   Coulomb (SR)   Coul. recip.      Potential    Kinetic En.   Total Energy
   -1.93605e+05    6.67689e+02   -1.77763e+05    3.07186e+04   -1.47044e+05
  Conserved En.    Temperature Pres. DC (bar) Pressure (bar)   Constr. rmsd
   -1.33329e+05    3.05478e+02   -1.48467e+02   -3.50739e+02    8.70229e-06

DD  step 16999  vol min/aver 0.466  load imb.: force  5.7%  pme mesh/force 0.504

           Step           Time         Lambda
          17000       34.00000        0.00000

   Energies (kJ/mol)
       G96Angle    Proper Dih.  Improper Dih.        LJ (SR)  Disper. corr.
    9.05907e+03    5.57217e+03    3.72514e+02    1.64886e+03   -1.76462e+03
   Coulomb (SR)   Coul. recip.      Potential    Kinetic En.   Total Energy
   -1.93129e+05    6.67809e+02   -1.77573e+05    3.03542e+04   -1.47219e+05
  Conserved En.    Temperature Pres. DC (bar) Pressure (bar)   Constr. rmsd
   -1.33378e+05    3.01854e+02   -1.48467e+02   -1.94741e+02    9.22469e-06

           Step           Time         Lambda
          17500       35.00000        0.00000

   Energies (kJ/mol)
       G96Angle    Proper Dih.  Improper Dih.        LJ (SR)  Disper. corr.
    9.19443e+03    5.78008e+03    3.69455e+02    2.21644e+03   -1.76462e+03
   Coulomb (SR)   Coul. recip.      Potential    Kinetic En.   Total Energy
   -1.93346e+05    6.32719e+02   -1.76918e+05    3.07804e+04   -1.46138e+05
  Conserved En.    Temperature Pres. DC (bar) Pressure (bar)   Constr. rmsd
   -1.33428e+05    3.06092e+02   -1.48467e+02   -5.53537e+01    8.60691e-06

DD  step 17999  vol min/aver 0.450  load imb.: force  3.6%  pme mesh/force 0.519

           Step           Time         Lambda
          18000       36.00000        0.00000

   Energies (kJ/mol)
       G96Angle    Proper Dih.  Improper Dih.        LJ (SR)  Disper. corr.
    9.45127e+03    5.81122e+03    3.60760e+02    2.94986e+03   -1.76462e+03
   Coulomb (SR)   Coul. recip.      Potential    Kinetic En.   Total Energy
   -1.94576e+05    6.67313e+02   -1.77100e+05    3.07005e+04   -1.46400e+05
  Conserved En.    Temperature Pres. DC (bar) Pressure (bar)   Constr. rmsd
   -1.33389e+05    3.05298e+02   -1.48467e+02    5.72035e+01    8.77296e-06

           Step           Time         Lambda
          18500       37.00000        0.00000

   Energies (kJ/mol)
       G96Angle    Proper Dih.  Improper Dih.        LJ (SR)  Disper. corr.
    9.43090e+03    5.79485e+03    3.89608e+02    2.27571e+03   -1.76462e+03
   Coulomb (SR)   Coul. recip.      Potential    Kinetic En.   Total Energy
   -1.94318e+05    6.77166e+02   -1.77514e+05    3.10613e+04   -1.46453e+05
  Conserved En.    Temperature Pres. DC (bar) Pressure (bar)   Constr. rmsd
   -1.33241e+05    3.08886e+02   -1.48467e+02   -2.58884e+02    9.06726e-06

DD  step 18999  vol min/aver 0.467  load imb.: force  3.7%  pme mesh/force 0.572

           Step           Time         Lambda
          19000       38.00000        0.00000

   Energies (kJ/mol)
       G96Angle    Proper Dih.  Improper Dih.        LJ (SR)  Disper. corr.
    9.26084e+03    5.91031e+03    3.65090e+02    2.21883e+03   -1.76462e+03
   Coulomb (SR)   Coul. recip.      Potential    Kinetic En.   Total Energy
   -1.94348e+05    7.10772e+02   -1.77647e+05    3.11603e+04   -1.46486e+05
  Conserved En.    Temperature Pres. DC (bar) Pressure (bar)   Constr. rmsd
   -1.33316e+05    3.09870e+02   -1.48467e+02   -5.05628e+02    9.13977e-06

           Step           Time         Lambda
          19500       39.00000        0.00000

   Energies (kJ/mol)
       G96Angle    Proper Dih.  Improper Dih.        LJ (SR)  Disper. corr.
    9.17835e+03    5.68316e+03    3.82141e+02    1.68682e+03   -1.76462e+03
   Coulomb (SR)   Coul. recip.      Potential    Kinetic En.   Total Energy
   -1.93803e+05    6.73148e+02   -1.77964e+05    3.05531e+04   -1.47411e+05
  Conserved En.    Temperature Pres. DC (bar) Pressure (bar)   Constr. rmsd
   -1.33460e+05    3.03832e+02   -1.48467e+02   -6.88520e+02    9.52460e-06

DD  step 19999  vol min/aver 0.456  load imb.: force  4.1%  pme mesh/force 0.544

           Step           Time         Lambda
          20000       40.00000        0.00000

   Energies (kJ/mol)
       G96Angle    Proper Dih.  Improper Dih.        LJ (SR)  Disper. corr.
    9.07579e+03    5.78486e+03    3.62461e+02    1.52031e+03   -1.76462e+03
   Coulomb (SR)   Coul. recip.      Potential    Kinetic En.   Total Energy
   -1.93571e+05    7.15683e+02   -1.77877e+05    3.07580e+04   -1.47119e+05
  Conserved En.    Temperature Pres. DC (bar) Pressure (bar)   Constr. rmsd
   -1.33454e+05    3.05869e+02   -1.48467e+02   -4.22086e+02    9.04549e-06

           Step           Time         Lambda
          20500       41.00000        0.00000

   Energies (kJ/mol)
       G96Angle    Proper Dih.  Improper Dih.        LJ (SR)  Disper. corr.
    9.09704e+03    5.75311e+03    4.00210e+02    2.05326e+03   -1.76462e+03
   Coulomb (SR)   Coul. recip.      Potential    Kinetic En.   Total Energy
   -1.93796e+05    6.54278e+02   -1.77603e+05    3.09088e+04   -1.46694e+05
  Conserved En.    Temperature Pres. DC (bar) Pressure (bar)   Constr. rmsd
   -1.33502e+05    3.07369e+02   -1.48467e+02   -1.53411e+02    9.09899e-06

DD  step 20999  vol min/aver 0.473  load imb.: force  4.2%  pme mesh/force 0.562

           Step           Time         Lambda
          21000       42.00000        0.00000

   Energies (kJ/mol)
       G96Angle    Proper Dih.  Improper Dih.        LJ (SR)  Disper. corr.
    9.11239e+03    5.77814e+03    3.46169e+02    2.43405e+03   -1.76462e+03
   Coulomb (SR)   Coul. recip.      Potential    Kinetic En.   Total Energy
   -1.94704e+05    6.53503e+02   -1.78144e+05    3.10771e+04   -1.47067e+05
  Conserved En.    Temperature Pres. DC (bar) Pressure (bar)   Constr. rmsd
   -1.33431e+05    3.09043e+02   -1.48467e+02    6.37484e+01    8.75403e-06

           Step           Time         Lambda
          21500       43.00000        0.00000

   Energies (kJ/mol)
       G96Angle    Proper Dih.  Improper Dih.        LJ (SR)  Disper. corr.
    9.11336e+03    5.69239e+03    3.57957e+02    2.47600e+03   -1.76462e+03
   Coulomb (SR)   Coul. recip.      Potential    Kinetic En.   Total Energy
   -1.94594e+05    7.20252e+02   -1.77998e+05    3.02673e+04   -1.47731e+05
  Conserved En.    Temperature Pres. DC (bar) Pressure (bar)   Constr. rmsd
   -1.33435e+05    3.00989e+02   -1.48467e+02   -2.79828e+02    9.23511e-06

DD  step 21999  vol min/aver 0.458  load imb.: force  4.1%  pme mesh/force 0.533

           Step           Time         Lambda
          22000       44.00000        0.00000

   Energies (kJ/mol)
       G96Angle    Proper Dih.  Improper Dih.        LJ (SR)  Disper. corr.
    9.36813e+03    5.56012e+03    3.48062e+02    2.13140e+03   -1.76462e+03
   Coulomb (SR)   Coul. recip.      Potential    Kinetic En.   Total Energy
   -1.94011e+05    6.90189e+02   -1.77678e+05    3.04237e+04   -1.47254e+05
  Conserved En.    Temperature Pres. DC (bar) Pressure (bar)   Constr. rmsd
   -1.33436e+05    3.02545e+02   -1.48467e+02   -1.73222e+02    8.65935e-06

           Step           Time         Lambda
          22500       45.00000        0.00000

   Energies (kJ/mol)
       G96Angle    Proper Dih.  Improper Dih.        LJ (SR)  Disper. corr.
    9.29766e+03    5.73290e+03    3.39917e+02    2.66782e+03   -1.76462e+03
   Coulomb (SR)   Coul. recip.      Potential    Kinetic En.   Total Energy
   -1.94323e+05    6.70398e+02   -1.77379e+05    3.10313e+04   -1.46348e+05
  Conserved En.    Temperature Pres. DC (bar) Pressure (bar)   Constr. rmsd
   -1.33335e+05    3.08588e+02   -1.48467e+02    7.48754e+01    9.18765e-06

DD  step 22999  vol min/aver 0.467  load imb.: force  4.6%  pme mesh/force 0.753

           Step           Time         Lambda
          23000       46.00000        0.00000

   Energies (kJ/mol)
       G96Angle    Proper Dih.  Improper Dih.        LJ (SR)  Disper. corr.
    9.10251e+03    5.71075e+03    3.86701e+02    2.50456e+03   -1.76462e+03
   Coulomb (SR)   Coul. recip.      Potential    Kinetic En.   Total Energy
   -1.94410e+05    6.81963e+02   -1.77788e+05    3.02575e+04   -1.47531e+05
  Conserved En.    Temperature Pres. DC (bar) Pressure (bar)   Constr. rmsd
   -1.33409e+05    3.00892e+02   -1.48467e+02   -8.24917e+01    9.10848e-06

           Step           Time         Lambda
          23500       47.00000        0.00000

   Energies (kJ/mol)
       G96Angle    Proper Dih.  Improper Dih.        LJ (SR)  Disper. corr.
    9.04860e+03    5.74293e+03    4.04589e+02    2.27787e+03   -1.76462e+03
   Coulomb (SR)   Coul. recip.      Potential    Kinetic En.   Total Energy
   -1.93876e+05    6.96557e+02   -1.77470e+05    3.09695e+04   -1.46500e+05
  Conserved En.    Temperature Pres. DC (bar) Pressure (bar)   Constr. rmsd
   -1.33315e+05    3.07972e+02   -1.48467e+02   -1.44830e+02    8.85364e-06

DD  step 23999  vol min/aver 0.475  load imb.: force  3.7%  pme mesh/force 0.547

           Step           Time         Lambda
          24000       48.00000        0.00000

   Energies (kJ/mol)
       G96Angle    Proper Dih.  Improper Dih.        LJ (SR)  Disper. corr.
    8.96586e+03    5.64673e+03    3.42486e+02    2.15291e+03   -1.76462e+03
   Coulomb (SR)   Coul. recip.      Potential    Kinetic En.   Total Energy
   -1.93792e+05    6.79991e+02   -1.77769e+05    3.08036e+04   -1.46965e+05
  Conserved En.    Temperature Pres. DC (bar) Pressure (bar)   Constr. rmsd
   -1.33394e+05    3.06323e+02   -1.48467e+02   -4.25170e+01    8.16767e-06

           Step           Time         Lambda
          24500       49.00000        0.00000

   Energies (kJ/mol)
       G96Angle    Proper Dih.  Improper Dih.        LJ (SR)  Disper. corr.
    9.15309e+03    5.74578e+03    3.79074e+02    2.14694e+03   -1.76462e+03
   Coulomb (SR)   Coul. recip.      Potential    Kinetic En.   Total Energy
   -1.93314e+05    6.55723e+02   -1.76998e+05    3.07295e+04   -1.46268e+05
  Conserved En.    Temperature Pres. DC (bar) Pressure (bar)   Constr. rmsd
   -1.33304e+05    3.05586e+02   -1.48467e+02   -1.53044e+02    9.11127e-06

DD  step 24999  vol min/aver 0.486  load imb.: force  3.9%  pme mesh/force 0.518

           Step           Time         Lambda
          25000       50.00000        0.00000

   Energies (kJ/mol)
       G96Angle    Proper Dih.  Improper Dih.        LJ (SR)  Disper. corr.
    9.25760e+03    5.72218e+03    3.51241e+02    2.24746e+03   -1.76462e+03
   Coulomb (SR)   Coul. recip.      Potential    Kinetic En.   Total Energy
   -1.94110e+05    7.29284e+02   -1.77567e+05    3.11163e+04   -1.46451e+05
  Conserved En.    Temperature Pres. DC (bar) Pressure (bar)   Constr. rmsd
   -1.33423e+05    3.09432e+02   -1.48467e+02   -4.02444e+02    9.12665e-06

           Step           Time         Lambda
          25500       51.00000        0.00000

   Energies (kJ/mol)
       G96Angle    Proper Dih.  Improper Dih.        LJ (SR)  Disper. corr.
    9.29465e+03    5.58526e+03    2.97021e+02    2.42330e+03   -1.76462e+03
   Coulomb (SR)   Coul. recip.      Potential    Kinetic En.   Total Energy
   -1.94294e+05    7.28585e+02   -1.77730e+05    3.08253e+04   -1.46905e+05
  Conserved En.    Temperature Pres. DC (bar) Pressure (bar)   Constr. rmsd
   -1.33279e+05    3.06539e+02   -1.48467e+02   -4.19511e+02    9.06696e-06

DD  step 25999  vol min/aver 0.459  load imb.: force  4.6%  pme mesh/force 0.611

           Step           Time         Lambda
          26000       52.00000        0.00000

   Energies (kJ/mol)
       G96Angle    Proper Dih.  Improper Dih.        LJ (SR)  Disper. corr.
    8.92534e+03    5.66598e+03    3.72262e+02    2.30194e+03   -1.76462e+03
   Coulomb (SR)   Coul. recip.      Potential    Kinetic En.   Total Energy
   -1.94342e+05    7.01407e+02   -1.78140e+05    3.06211e+04   -1.47519e+05
  Conserved En.    Temperature Pres. DC (bar) Pressure (bar)   Constr. rmsd
   -1.33345e+05    3.04508e+02   -1.48467e+02   -7.18027e+02    8.75786e-06

           Step           Time         Lambda
          26500       53.00000        0.00000

   Energies (kJ/mol)
       G96Angle    Proper Dih.  Improper Dih.        LJ (SR)  Disper. corr.
    9.00720e+03    5.64667e+03    3.42754e+02    2.49226e+03   -1.76462e+03
   Coulomb (SR)   Coul. recip.      Potential    Kinetic En.   Total Energy
   -1.94885e+05    6.64669e+02   -1.78496e+05    3.08506e+04   -1.47645e+05
  Conserved En.    Temperature Pres. DC (bar) Pressure (bar)   Constr. rmsd
   -1.33295e+05    3.06790e+02   -1.48467e+02   -3.30485e+02    9.18786e-06

DD  step 26999  vol min/aver 0.470  load imb.: force  3.6%  pme mesh/force 0.532

           Step           Time         Lambda
          27000       54.00000        0.00000

   Energies (kJ/mol)
       G96Angle    Proper Dih.  Improper Dih.        LJ (SR)  Disper. corr.
    9.44063e+03    5.62598e+03    3.62557e+02    2.35951e+03   -1.76462e+03
   Coulomb (SR)   Coul. recip.      Potential    Kinetic En.   Total Energy
   -1.94637e+05    6.52082e+02   -1.77961e+05    3.02223e+04   -1.47739e+05
  Conserved En.    Temperature Pres. DC (bar) Pressure (bar)   Constr. rmsd
   -1.33328e+05    3.00542e+02   -1.48467e+02   -2.06449e+02    8.67607e-06

           Step           Time         Lambda
          27500       55.00000        0.00000

   Energies (kJ/mol)
       G96Angle    Proper Dih.  Improper Dih.        LJ (SR)  Disper. corr.
    9.11906e+03    5.79878e+03    3.68262e+02    1.57271e+03   -1.76462e+03
   Coulomb (SR)   Coul. recip.      Potential    Kinetic En.   Total Energy
   -1.93563e+05    6.21011e+02   -1.77848e+05    3.04915e+04   -1.47357e+05
  Conserved En.    Temperature Pres. DC (bar) Pressure (bar)   Constr. rmsd
   -1.33358e+05    3.03219e+02   -1.48467e+02   -6.64831e+02    9.08517e-06

DD  step 27999  vol min/aver 0.478  load imb.: force  4.7%  pme mesh/force 0.522

           Step           Time         Lambda
          28000       56.00000        0.00000

   Energies (kJ/mol)
       G96Angle    Proper Dih.  Improper Dih.        LJ (SR)  Disper. corr.
    9.21772e+03    5.75249e+03    3.55642e+02    2.47351e+03   -1.76462e+03
   Coulomb (SR)   Coul. recip.      Potential    Kinetic En.   Total Energy
   -1.94352e+05    6.52369e+02   -1.77665e+05    3.05969e+04   -1.47068e+05
  Conserved En.    Temperature Pres. DC (bar) Pressure (bar)   Constr. rmsd
   -1.33312e+05    3.04268e+02   -1.48467e+02   -6.09223e+02    9.28856e-06

           Step           Time         Lambda
          28500       57.00000        0.00000

   Energies (kJ/mol)
       G96Angle    Proper Dih.  Improper Dih.        LJ (SR)  Disper. corr.
    9.07867e+03    5.76893e+03    3.20453e+02    1.48070e+03   -1.76462e+03
   Coulomb (SR)   Coul. recip.      Potential    Kinetic En.   Total Energy
   -1.92687e+05    7.01770e+02   -1.77101e+05    3.07610e+04   -1.46340e+05
  Conserved En.    Temperature Pres. DC (bar) Pressure (bar)   Constr. rmsd
   -1.33364e+05    3.05899e+02   -1.48467e+02   -4.72911e+02    9.35445e-06

DD  step 28999  vol min/aver 0.478  load imb.: force  4.6%  pme mesh/force 0.697

           Step           Time         Lambda
          29000       58.00000        0.00000

   Energies (kJ/mol)
       G96Angle    Proper Dih.  Improper Dih.        LJ (SR)  Disper. corr.
    9.02857e+03    5.67102e+03    3.66603e+02    2.81600e+03   -1.76462e+03
   Coulomb (SR)   Coul. recip.      Potential    Kinetic En.   Total Energy
   -1.95190e+05    6.70305e+02   -1.78403e+05    3.09852e+04   -1.47417e+05
  Conserved En.    Temperature Pres. DC (bar) Pressure (bar)   Constr. rmsd
   -1.33309e+05    3.08129e+02   -1.48467e+02   -1.24885e+02    8.47859e-06

           Step           Time         Lambda
          29500       59.00000        0.00000

   Energies (kJ/mol)
       G96Angle    Proper Dih.  Improper Dih.        LJ (SR)  Disper. corr.
    9.29785e+03    5.83852e+03    3.38291e+02    2.94528e+03   -1.76462e+03
   Coulomb (SR)   Coul. recip.      Potential    Kinetic En.   Total Energy
   -1.95585e+05    6.72634e+02   -1.78257e+05    3.09416e+04   -1.47316e+05
  Conserved En.    Temperature Pres. DC (bar) Pressure (bar)   Constr. rmsd
   -1.33273e+05    3.07695e+02   -1.48467e+02    1.97651e+01    8.76874e-06

DD  step 29999  vol min/aver 0.490  load imb.: force  2.8%  pme mesh/force 0.550

           Step           Time         Lambda
          30000       60.00000        0.00000

   Energies (kJ/mol)
       G96Angle    Proper Dih.  Improper Dih.        LJ (SR)  Disper. corr.
    9.11026e+03    5.61678e+03    3.53695e+02    1.16184e+03   -1.76462e+03
   Coulomb (SR)   Coul. recip.      Potential    Kinetic En.   Total Energy
   -1.92691e+05    7.29114e+02   -1.77484e+05    3.08033e+04   -1.46681e+05
  Conserved En.    Temperature Pres. DC (bar) Pressure (bar)   Constr. rmsd
   -1.33412e+05    3.06320e+02   -1.48467e+02   -7.98382e+02    9.01837e-06

           Step           Time         Lambda
          30500       61.00000        0.00000

   Energies (kJ/mol)
       G96Angle    Proper Dih.  Improper Dih.        LJ (SR)  Disper. corr.
    8.85018e+03    5.76484e+03    4.10565e+02    1.92742e+03   -1.76462e+03
   Coulomb (SR)   Coul. recip.      Potential    Kinetic En.   Total Energy
   -1.93315e+05    7.04661e+02   -1.77422e+05    3.07812e+04   -1.46640e+05
  Conserved En.    Temperature Pres. DC (bar) Pressure (bar)   Constr. rmsd
   -1.33335e+05    3.06100e+02   -1.48467e+02   -2.99056e+02    8.89298e-06

DD  step 30999  vol min/aver 0.476  load imb.: force  6.1%  pme mesh/force 0.539

           Step           Time         Lambda
          31000       62.00000        0.00000

   Energies (kJ/mol)
       G96Angle    Proper Dih.  Improper Dih.        LJ (SR)  Disper. corr.
    9.04249e+03    5.94123e+03    3.50206e+02    1.98930e+03   -1.76462e+03
   Coulomb (SR)   Coul. recip.      Potential    Kinetic En.   Total Energy
   -1.94256e+05    6.80429e+02   -1.78017e+05    3.04089e+04   -1.47608e+05
  Conserved En.    Temperature Pres. DC (bar) Pressure (bar)   Constr. rmsd
   -1.33444e+05    3.02398e+02   -1.48467e+02   -6.54283e+02    8.90445e-06

           Step           Time         Lambda
          31500       63.00000        0.00000

   Energies (kJ/mol)
       G96Angle    Proper Dih.  Improper Dih.        LJ (SR)  Disper. corr.
    8.88327e+03    5.63120e+03    3.24004e+02    2.83489e+03   -1.76462e+03
   Coulomb (SR)   Coul. recip.      Potential    Kinetic En.   Total Energy
   -1.95055e+05    6.58722e+02   -1.78488e+05    3.06275e+04   -1.47861e+05
  Conserved En.    Temperature Pres. DC (bar) Pressure (bar)   Constr. rmsd
   -1.33225e+05    3.04571e+02   -1.48467e+02   -9.49787e+01    8.34543e-06

DD  step 31999  vol min/aver 0.465  load imb.: force  3.4%  pme mesh/force 0.512

           Step           Time         Lambda
          32000       64.00000        0.00000

   Energies (kJ/mol)
       G96Angle    Proper Dih.  Improper Dih.        LJ (SR)  Disper. corr.
    9.18222e+03    5.67239e+03    3.90998e+02    2.10851e+03   -1.76462e+03
   Coulomb (SR)   Coul. recip.      Potential    Kinetic En.   Total Energy
   -1.94233e+05    6.83066e+02   -1.77961e+05    3.04896e+04   -1.47471e+05
  Conserved En.    Temperature Pres. DC (bar) Pressure (bar)   Constr. rmsd
   -1.33360e+05    3.03200e+02   -1.48467e+02   -5.01802e+02    8.35145e-06

           Step           Time         Lambda
          32500       65.00000        0.00000

   Energies (kJ/mol)
       G96Angle    Proper Dih.  Improper Dih.        LJ (SR)  Disper. corr.
    9.22922e+03    5.50031e+03    3.74152e+02    2.23947e+03   -1.76462e+03
   Coulomb (SR)   Coul. recip.      Potential    Kinetic En.   Total Energy
   -1.94613e+05    6.32981e+02   -1.78402e+05    3.05712e+04   -1.47830e+05
  Conserved En.    Temperature Pres. DC (bar) Pressure (bar)   Constr. rmsd
   -1.33324e+05    3.04012e+02   -1.48467e+02   -2.55385e+02    8.90918e-06

DD  step 32999  vol min/aver 0.471  load imb.: force  4.8%  pme mesh/force 0.512

           Step           Time         Lambda
          33000       66.00000        0.00000

   Energies (kJ/mol)
       G96Angle    Proper Dih.  Improper Dih.        LJ (SR)  Disper. corr.
    8.94811e+03    5.52234e+03    3.52240e+02    2.16035e+03   -1.76462e+03
   Coulomb (SR)   Coul. recip.      Potential    Kinetic En.   Total Energy
   -1.94466e+05    6.47063e+02   -1.78600e+05    3.05682e+04   -1.48032e+05
  Conserved En.    Temperature Pres. DC (bar) Pressure (bar)   Constr. rmsd
   -1.33276e+05    3.03982e+02   -1.48467e+02   -3.10206e+02    8.52902e-06

           Step           Time         Lambda
          33500       67.00000        0.00000

   Energies (kJ/mol)
       G96Angle    Proper Dih.  Improper Dih.        LJ (SR)  Disper. corr.
    9.02000e+03    5.70267e+03    3.44828e+02    1.96212e+03   -1.76462e+03
   Coulomb (SR)   Coul. recip.      Potential    Kinetic En.   Total Energy
   -1.94669e+05    6.76094e+02   -1.78728e+05    3.06459e+04   -1.48082e+05
  Conserved En.    Temperature Pres. DC (bar) Pressure (bar)   Constr. rmsd
   -1.33256e+05    3.04755e+02   -1.48467e+02   -4.99969e+02    8.63595e-06

DD  step 33999  vol min/aver 0.452  load imb.: force  4.8%  pme mesh/force 0.526

           Step           Time         Lambda
          34000       68.00000        0.00000

   Energies (kJ/mol)
       G96Angle    Proper Dih.  Improper Dih.        LJ (SR)  Disper. corr.
    9.26106e+03    5.56711e+03    3.37942e+02    2.11702e+03   -1.76462e+03
   Coulomb (SR)   Coul. recip.      Potential    Kinetic En.   Total Energy
   -1.94840e+05    6.76160e+02   -1.78646e+05    3.07775e+04   -1.47868e+05
  Conserved En.    Temperature Pres. DC (bar) Pressure (bar)   Constr. rmsd
   -1.33242e+05    3.06063e+02   -1.48467e+02   -3.72768e+02    9.15920e-06

           Step           Time         Lambda
          34500       69.00000        0.00000

   Energies (kJ/mol)
       G96Angle    Proper Dih.  Improper Dih.        LJ (SR)  Disper. corr.
    9.20128e+03    5.57387e+03    3.28831e+02    1.61727e+03   -1.76462e+03
   Coulomb (SR)   Coul. recip.      Potential    Kinetic En.   Total Energy
   -1.93541e+05    6.79090e+02   -1.77905e+05    3.04701e+04   -1.47435e+05
  Conserved En.    Temperature Pres. DC (bar) Pressure (bar)   Constr. rmsd
   -1.33339e+05    3.03006e+02   -1.48467e+02   -4.69810e+02    8.51999e-06

DD  step 34999  vol min/aver 0.454  load imb.: force  4.6%  pme mesh/force 0.540

           Step           Time         Lambda
          35000       70.00000        0.00000

   Energies (kJ/mol)
       G96Angle    Proper Dih.  Improper Dih.        LJ (SR)  Disper. corr.
    9.06385e+03    5.70243e+03    3.13535e+02    1.73489e+03   -1.76462e+03
   Coulomb (SR)   Coul. recip.      Potential    Kinetic En.   Total Energy
   -1.93386e+05    6.68119e+02   -1.77668e+05    3.13905e+04   -1.46277e+05
  Conserved En.    Temperature Pres. DC (bar) Pressure (bar)   Constr. rmsd
   -1.33292e+05    3.12159e+02   -1.48467e+02   -3.12064e+02    9.50428e-06

           Step           Time         Lambda
          35500       71.00000        0.00000

   Energies (kJ/mol)
       G96Angle    Proper Dih.  Improper Dih.        LJ (SR)  Disper. corr.
    9.23426e+03    5.37313e+03    3.57994e+02    2.04231e+03   -1.76462e+03
   Coulomb (SR)   Coul. recip.      Potential    Kinetic En.   Total Energy
   -1.93736e+05    7.08807e+02   -1.77784e+05    3.03391e+04   -1.47445e+05
  Conserved En.    Temperature Pres. DC (bar) Pressure (bar)   Constr. rmsd
   -1.33296e+05    3.01703e+02   -1.48467e+02   -3.83920e+02    8.58985e-06

DD  step 35999  vol min/aver 0.458  load imb.: force  6.4%  pme mesh/force 0.519

           Step           Time         Lambda
          36000       72.00000        0.00000

   Energies (kJ/mol)
       G96Angle    Proper Dih.  Improper Dih.        LJ (SR)  Disper. corr.
    8.99590e+03    5.46390e+03    3.51941e+02    2.06438e+03   -1.76462e+03
   Coulomb (SR)   Coul. recip.      Potential    Kinetic En.   Total Energy
   -1.94251e+05    6.90326e+02   -1.78450e+05    3.05002e+04   -1.47949e+05
  Conserved En.    Temperature Pres. DC (bar) Pressure (bar)   Constr. rmsd
   -1.33366e+05    3.03305e+02   -1.48467e+02   -3.50813e+02    9.43687e-06

           Step           Time         Lambda
          36500       73.00000        0.00000

   Energies (kJ/mol)
       G96Angle    Proper Dih.  Improper Dih.        LJ (SR)  Disper. corr.
    9.06912e+03    5.60908e+03    3.62183e+02    1.18623e+03   -1.76462e+03
   Coulomb (SR)   Coul. recip.      Potential    Kinetic En.   Total Energy
   -1.93013e+05    7.00357e+02   -1.77851e+05    2.99209e+04   -1.47930e+05
  Conserved En.    Temperature Pres. DC (bar) Pressure (bar)   Constr. rmsd
   -1.33326e+05    2.97545e+02   -1.48467e+02   -5.51292e+02    9.09619e-06

DD  step 36999  vol min/aver 0.477  load imb.: force  2.9%  pme mesh/force 0.517

           Step           Time         Lambda
          37000       74.00000        0.00000

   Energies (kJ/mol)
       G96Angle    Proper Dih.  Improper Dih.        LJ (SR)  Disper. corr.
    9.02806e+03    5.61545e+03    3.46381e+02    1.93566e+03   -1.76462e+03
   Coulomb (SR)   Coul. recip.      Potential    Kinetic En.   Total Energy
   -1.93847e+05    7.20785e+02   -1.77965e+05    3.07860e+04   -1.47179e+05
  Conserved En.    Temperature Pres. DC (bar) Pressure (bar)   Constr. rmsd
   -1.33329e+05    3.06148e+02   -1.48467e+02   -3.42326e+02    9.02199e-06

           Step           Time         Lambda
          37500       75.00000        0.00000

   Energies (kJ/mol)
       G96Angle    Proper Dih.  Improper Dih.        LJ (SR)  Disper. corr.
    9.01156e+03    5.49920e+03    3.38917e+02    2.22170e+03   -1.76462e+03
   Coulomb (SR)   Coul. recip.      Potential    Kinetic En.   Total Energy
   -1.94059e+05    6.84249e+02   -1.78068e+05    3.11688e+04   -1.46899e+05
  Conserved En.    Temperature Pres. DC (bar) Pressure (bar)   Constr. rmsd
   -1.33259e+05    3.09955e+02   -1.48467e+02   -2.23212e+02    8.50009e-06

DD  step 37999  vol min/aver 0.464  load imb.: force  3.9%  pme mesh/force 0.518

           Step           Time         Lambda
          38000       76.00000        0.00000

   Energies (kJ/mol)
       G96Angle    Proper Dih.  Improper Dih.        LJ (SR)  Disper. corr.
    8.95998e+03    5.68379e+03    3.40013e+02    2.61634e+03   -1.76462e+03
   Coulomb (SR)   Coul. recip.      Potential    Kinetic En.   Total Energy
   -1.94785e+05    7.35476e+02   -1.78214e+05    3.08590e+04   -1.47355e+05
  Conserved En.    Temperature Pres. DC (bar) Pressure (bar)   Constr. rmsd
   -1.33320e+05    3.06873e+02   -1.48467e+02   -1.19790e+01    8.90689e-06

           Step           Time         Lambda
          38500       77.00000        0.00000

   Energies (kJ/mol)
       G96Angle    Proper Dih.  Improper Dih.        LJ (SR)  Disper. corr.
    8.86392e+03    5.43655e+03    3.45918e+02    2.13114e+03   -1.76462e+03
   Coulomb (SR)   Coul. recip.      Potential    Kinetic En.   Total Energy
   -1.94610e+05    7.45955e+02   -1.78851e+05    3.07944e+04   -1.48056e+05
  Conserved En.    Temperature Pres. DC (bar) Pressure (bar)   Constr. rmsd
   -1.33414e+05    3.06231e+02   -1.48467e+02   -5.96798e+02    8.80083e-06

DD  step 38999  vol min/aver 0.467  load imb.: force  5.5%  pme mesh/force 0.514

           Step           Time         Lambda
          39000       78.00000        0.00000

   Energies (kJ/mol)
       G96Angle    Proper Dih.  Improper Dih.        LJ (SR)  Disper. corr.
    9.04104e+03    5.52472e+03    3.42894e+02    2.12876e+03   -1.76462e+03
   Coulomb (SR)   Coul. recip.      Potential    Kinetic En.   Total Energy
   -1.94631e+05    7.37040e+02   -1.78621e+05    3.07139e+04   -1.47907e+05
  Conserved En.    Temperature Pres. DC (bar) Pressure (bar)   Constr. rmsd
   -1.33302e+05    3.05430e+02   -1.48467e+02   -3.20832e+02    8.59402e-06

           Step           Time         Lambda
          39500       79.00000        0.00000

   Energies (kJ/mol)
       G96Angle    Proper Dih.  Improper Dih.        LJ (SR)  Disper. corr.
    9.03877e+03    5.73017e+03    4.29421e+02    1.48586e+03   -1.76462e+03
   Coulomb (SR)   Coul. recip.      Potential    Kinetic En.   Total Energy
   -1.93561e+05    6.65523e+02   -1.77975e+05    2.97662e+04   -1.48209e+05
  Conserved En.    Temperature Pres. DC (bar) Pressure (bar)   Constr. rmsd
   -1.33427e+05    2.96007e+02   -1.48467e+02   -5.70756e+02    8.41236e-06

DD  step 39999  vol min/aver 0.483  load imb.: force  4.9%  pme mesh/force 0.529

           Step           Time         Lambda
          40000       80.00000        0.00000

   Energies (kJ/mol)
       G96Angle    Proper Dih.  Improper Dih.        LJ (SR)  Disper. corr.
    9.05356e+03    5.61111e+03    3.54753e+02    1.70631e+03   -1.76462e+03
   Coulomb (SR)   Coul. recip.      Potential    Kinetic En.   Total Energy
   -1.94105e+05    7.09904e+02   -1.78434e+05    3.04258e+04   -1.48008e+05
  Conserved En.    Temperature Pres. DC (bar) Pressure (bar)   Constr. rmsd
   -1.33278e+05    3.02566e+02   -1.48467e+02   -5.89462e+02    9.04839e-06

           Step           Time         Lambda
          40500       81.00000        0.00000

   Energies (kJ/mol)
       G96Angle    Proper Dih.  Improper Dih.        LJ (SR)  Disper. corr.
    8.99315e+03    5.59723e+03    3.61602e+02    2.34537e+03   -1.76462e+03
   Coulomb (SR)   Coul. recip.      Potential    Kinetic En.   Total Energy
   -1.94384e+05    6.62297e+02   -1.78189e+05    3.08269e+04   -1.47362e+05
  Conserved En.    Temperature Pres. DC (bar) Pressure (bar)   Constr. rmsd
   -1.33417e+05    3.06555e+02   -1.48467e+02    1.08145e+02    8.24615e-06

DD  step 40999  vol min/aver 0.463  load imb.: force  3.4%  pme mesh/force 0.552

           Step           Time         Lambda
          41000       82.00000        0.00000

   Energies (kJ/mol)
       G96Angle    Proper Dih.  Improper Dih.        LJ (SR)  Disper. corr.
    9.01108e+03    5.51583e+03    3.99604e+02    2.16768e+03   -1.76462e+03
   Coulomb (SR)   Coul. recip.      Potential    Kinetic En.   Total Energy
   -1.94431e+05    6.60721e+02   -1.78440e+05    3.12161e+04   -1.47224e+05
  Conserved En.    Temperature Pres. DC (bar) Pressure (bar)   Constr. rmsd
   -1.33372e+05    3.10424e+02   -1.48467e+02   -3.32902e+02    8.25303e-06

           Step           Time         Lambda
          41500       83.00000        0.00000

   Energies (kJ/mol)
       G96Angle    Proper Dih.  Improper Dih.        LJ (SR)  Disper. corr.
    9.28422e+03    5.58858e+03    3.88924e+02    2.36104e+03   -1.76462e+03
   Coulomb (SR)   Coul. recip.      Potential    Kinetic En.   Total Energy
   -1.95337e+05    6.48791e+02   -1.78830e+05    3.06623e+04   -1.48168e+05
  Conserved En.    Temperature Pres. DC (bar) Pressure (bar)   Constr. rmsd
   -1.33209e+05    3.04918e+02   -1.48467e+02   -6.73656e+02    8.72744e-06

DD  step 41999  vol min/aver 0.472  load imb.: force  4.9%  pme mesh/force 0.530

           Step           Time         Lambda
          42000       84.00000        0.00000

   Energies (kJ/mol)
       G96Angle    Proper Dih.  Improper Dih.        LJ (SR)  Disper. corr.
    9.01078e+03    5.83022e+03    4.54196e+02    2.38206e+03   -1.76462e+03
   Coulomb (SR)   Coul. recip.      Potential    Kinetic En.   Total Energy
   -1.94553e+05    6.88582e+02   -1.77952e+05    3.07772e+04   -1.47175e+05
  Conserved En.    Temperature Pres. DC (bar) Pressure (bar)   Constr. rmsd
   -1.33285e+05    3.06060e+02   -1.48467e+02   -5.87223e+01    8.99621e-06

           Step           Time         Lambda
          42500       85.00000        0.00000

   Energies (kJ/mol)
       G96Angle    Proper Dih.  Improper Dih.        LJ (SR)  Disper. corr.
    8.95604e+03    5.53655e+03    3.82751e+02    2.34909e+03   -1.76462e+03
   Coulomb (SR)   Coul. recip.      Potential    Kinetic En.   Total Energy
   -1.94552e+05    6.79425e+02   -1.78413e+05    3.03935e+04   -1.48019e+05
  Conserved En.    Temperature Pres. DC (bar) Pressure (bar)   Constr. rmsd
   -1.33327e+05    3.02245e+02   -1.48467e+02   -4.72957e+02    8.81741e-06

DD  step 42999  vol min/aver 0.479  load imb.: force  4.5%  pme mesh/force 0.498

           Step           Time         Lambda
          43000       86.00000        0.00000

   Energies (kJ/mol)
       G96Angle    Proper Dih.  Improper Dih.        LJ (SR)  Disper. corr.
    9.20106e+03    5.71578e+03    2.98736e+02    2.02464e+03   -1.76462e+03
   Coulomb (SR)   Coul. recip.      Potential    Kinetic En.   Total Energy
   -1.94646e+05    6.66132e+02   -1.78504e+05    3.09440e+04   -1.47560e+05
  Conserved En.    Temperature Pres. DC (bar) Pressure (bar)   Constr. rmsd
   -1.33290e+05    3.07719e+02   -1.48467e+02   -4.55427e+02    9.41900e-06

           Step           Time         Lambda
          43500       87.00000        0.00000

   Energies (kJ/mol)
       G96Angle    Proper Dih.  Improper Dih.        LJ (SR)  Disper. corr.
    9.09054e+03    5.72809e+03    3.78346e+02    2.08978e+03   -1.76462e+03
   Coulomb (SR)   Coul. recip.      Potential    Kinetic En.   Total Energy
   -1.93713e+05    6.55380e+02   -1.77535e+05    3.09358e+04   -1.46599e+05
  Conserved En.    Temperature Pres. DC (bar) Pressure (bar)   Constr. rmsd
   -1.33379e+05    3.07637e+02   -1.48467e+02   -2.90632e+02    8.43919e-06

DD  step 43999  vol min/aver 0.488  load imb.: force  2.4%  pme mesh/force 0.539

           Step           Time         Lambda
          44000       88.00000        0.00000

   Energies (kJ/mol)
       G96Angle    Proper Dih.  Improper Dih.        LJ (SR)  Disper. corr.
    9.23170e+03    5.29192e+03    3.94307e+02    1.22906e+03   -1.76462e+03
   Coulomb (SR)   Coul. recip.      Potential    Kinetic En.   Total Energy
   -1.93018e+05    6.28023e+02   -1.78008e+05    3.06012e+04   -1.47407e+05
  Conserved En.    Temperature Pres. DC (bar) Pressure (bar)   Constr. rmsd
   -1.33158e+05    3.04310e+02   -1.48467e+02   -5.73199e+02    8.88325e-06

           Step           Time         Lambda
          44500       89.00000        0.00000

   Energies (kJ/mol)
       G96Angle    Proper Dih.  Improper Dih.        LJ (SR)  Disper. corr.
    9.22737e+03    5.50126e+03    2.93430e+02    1.75731e+03   -1.76462e+03
   Coulomb (SR)   Coul. recip.      Potential    Kinetic En.   Total Energy
   -1.93761e+05    6.64737e+02   -1.78081e+05    3.07678e+04   -1.47314e+05
  Conserved En.    Temperature Pres. DC (bar) Pressure (bar)   Constr. rmsd
   -1.33293e+05    3.05967e+02   -1.48467e+02   -5.69505e+02    9.08507e-06

DD  step 44999  vol min/aver 0.467  load imb.: force  3.9%  pme mesh/force 0.661

           Step           Time         Lambda
          45000       90.00000        0.00000

   Energies (kJ/mol)
       G96Angle    Proper Dih.  Improper Dih.        LJ (SR)  Disper. corr.
    9.19108e+03    5.60777e+03    3.56319e+02    2.36768e+03   -1.76462e+03
   Coulomb (SR)   Coul. recip.      Potential    Kinetic En.   Total Energy
   -1.95028e+05    6.89942e+02   -1.78580e+05    3.04187e+04   -1.48162e+05
  Conserved En.    Temperature Pres. DC (bar) Pressure (bar)   Constr. rmsd
   -1.33311e+05    3.02496e+02   -1.48467e+02   -3.52716e+02    8.61277e-06

           Step           Time         Lambda
          45500       91.00000        0.00000

   Energies (kJ/mol)
       G96Angle    Proper Dih.  Improper Dih.        LJ (SR)  Disper. corr.
    9.26065e+03    5.49089e+03    3.50913e+02    2.67145e+03   -1.76462e+03
   Coulomb (SR)   Coul. recip.      Potential    Kinetic En.   Total Energy
   -1.95639e+05    6.77101e+02   -1.78953e+05    3.09972e+04   -1.47956e+05
  Conserved En.    Temperature Pres. DC (bar) Pressure (bar)   Constr. rmsd
   -1.33283e+05    3.08248e+02   -1.48467e+02   -1.38527e+01    8.46673e-06

DD  step 45999  vol min/aver 0.465  load imb.: force  3.2%  pme mesh/force 0.506

           Step           Time         Lambda
          46000       92.00000        0.00000

   Energies (kJ/mol)
       G96Angle    Proper Dih.  Improper Dih.        LJ (SR)  Disper. corr.
    9.12725e+03    5.65256e+03    3.26375e+02    2.57846e+03   -1.76462e+03
   Coulomb (SR)   Coul. recip.      Potential    Kinetic En.   Total Energy
   -1.94733e+05    6.58771e+02   -1.78154e+05    3.05578e+04   -1.47596e+05
  Conserved En.    Temperature Pres. DC (bar) Pressure (bar)   Constr. rmsd
   -1.33277e+05    3.03879e+02   -1.48467e+02   -3.12185e+02    8.42668e-06

           Step           Time         Lambda
          46500       93.00000        0.00000

   Energies (kJ/mol)
       G96Angle    Proper Dih.  Improper Dih.        LJ (SR)  Disper. corr.
    8.78350e+03    5.57022e+03    3.33938e+02    2.21701e+03   -1.76462e+03
   Coulomb (SR)   Coul. recip.      Potential    Kinetic En.   Total Energy
   -1.94449e+05    6.40604e+02   -1.78668e+05    3.03650e+04   -1.48303e+05
  Conserved En.    Temperature Pres. DC (bar) Pressure (bar)   Constr. rmsd
   -1.33312e+05    3.01961e+02   -1.48467e+02   -4.10026e+02    8.79482e-06

DD  step 46999  vol min/aver 0.467  load imb.: force  4.2%  pme mesh/force 0.538

           Step           Time         Lambda
          47000       94.00000        0.00000

   Energies (kJ/mol)
       G96Angle    Proper Dih.  Improper Dih.        LJ (SR)  Disper. corr.
    9.00282e+03    5.52688e+03    3.39422e+02    2.39168e+03   -1.76462e+03
   Coulomb (SR)   Coul. recip.      Potential    Kinetic En.   Total Energy
   -1.94281e+05    7.20626e+02   -1.78064e+05    3.07527e+04   -1.47311e+05
  Conserved En.    Temperature Pres. DC (bar) Pressure (bar)   Constr. rmsd
   -1.33235e+05    3.05816e+02   -1.48467e+02   -1.71859e+02    9.33481e-06

           Step           Time         Lambda
          47500       95.00000        0.00000

   Energies (kJ/mol)
       G96Angle    Proper Dih.  Improper Dih.        LJ (SR)  Disper. corr.
    8.91965e+03    5.68081e+03    3.44199e+02    1.10521e+03   -1.76462e+03
   Coulomb (SR)   Coul. recip.      Potential    Kinetic En.   Total Energy
   -1.93033e+05    7.08276e+02   -1.78039e+05    3.03665e+04   -1.47673e+05
  Conserved En.    Temperature Pres. DC (bar) Pressure (bar)   Constr. rmsd
   -1.33372e+05    3.01976e+02   -1.48467e+02   -6.42617e+02    8.55892e-06

DD  step 47999  vol min/aver 0.466  load imb.: force  3.9%  pme mesh/force 0.510

           Step           Time         Lambda
          48000       96.00000        0.00000

   Energies (kJ/mol)
       G96Angle    Proper Dih.  Improper Dih.        LJ (SR)  Disper. corr.
    9.17291e+03    5.63317e+03    2.94105e+02    1.83062e+03   -1.76462e+03
   Coulomb (SR)   Coul. recip.      Potential    Kinetic En.   Total Energy
   -1.93933e+05    7.16784e+02   -1.78050e+05    3.06196e+04   -1.47431e+05
  Conserved En.    Temperature Pres. DC (bar) Pressure (bar)   Constr. rmsd
   -1.33314e+05    3.04493e+02   -1.48467e+02   -2.19557e+02    8.58605e-06

           Step           Time         Lambda
          48500       97.00000        0.00000

   Energies (kJ/mol)
       G96Angle    Proper Dih.  Improper Dih.        LJ (SR)  Disper. corr.
    8.99100e+03    5.66613e+03    3.81852e+02    2.27002e+03   -1.76462e+03
   Coulomb (SR)   Coul. recip.      Potential    Kinetic En.   Total Energy
   -1.94807e+05    6.73094e+02   -1.78589e+05    3.04747e+04   -1.48115e+05
  Conserved En.    Temperature Pres. DC (bar) Pressure (bar)   Constr. rmsd
   -1.33278e+05    3.03052e+02   -1.48467e+02   -3.67014e+02    8.45325e-06

DD  step 48999  vol min/aver 0.479  load imb.: force  4.3%  pme mesh/force 0.515

           Step           Time         Lambda
          49000       98.00000        0.00000

   Energies (kJ/mol)
       G96Angle    Proper Dih.  Improper Dih.        LJ (SR)  Disper. corr.
    8.92640e+03    5.57425e+03    3.57029e+02    1.76924e+03   -1.76462e+03
   Coulomb (SR)   Coul. recip.      Potential    Kinetic En.   Total Energy
   -1.93893e+05    6.83357e+02   -1.78347e+05    3.11219e+04   -1.47225e+05
  Conserved En.    Temperature Pres. DC (bar) Pressure (bar)   Constr. rmsd
   -1.33322e+05    3.09488e+02   -1.48467e+02   -4.72210e+02    8.85364e-06

           Step           Time         Lambda
          49500       99.00000        0.00000

   Energies (kJ/mol)
       G96Angle    Proper Dih.  Improper Dih.        LJ (SR)  Disper. corr.
    9.12482e+03    5.39041e+03    3.34861e+02    1.10985e+03   -1.76462e+03
   Coulomb (SR)   Coul. recip.      Potential    Kinetic En.   Total Energy
   -1.93143e+05    7.14359e+02   -1.78233e+05    3.08568e+04   -1.47377e+05
  Conserved En.    Temperature Pres. DC (bar) Pressure (bar)   Constr. rmsd
   -1.33329e+05    3.06852e+02   -1.48467e+02   -5.56488e+02    8.54241e-06

DD  step 49999  vol min/aver 0.448  load imb.: force  4.4%  pme mesh/force 0.539

           Step           Time         Lambda
          50000      100.00000        0.00000

Writing checkpoint, step 50000 at Fri Dec  9 13:30:32 2016


   Energies (kJ/mol)
       G96Angle    Proper Dih.  Improper Dih.        LJ (SR)  Disper. corr.
    9.00086e+03    5.56072e+03    3.45143e+02    1.72832e+03   -1.76462e+03
   Coulomb (SR)   Coul. recip.      Potential    Kinetic En.   Total Energy
   -1.94421e+05    6.67901e+02   -1.78883e+05    3.03969e+04   -1.48486e+05
  Conserved En.    Temperature Pres. DC (bar) Pressure (bar)   Constr. rmsd
   -1.33287e+05    3.02278e+02   -1.48467e+02   -4.19306e+02    9.02238e-06

	<======  ###############  ==>
	<====  A V E R A G E S  ====>
	<==  ###############  ======>

	Statistics over 50001 steps using 501 frames

   Energies (kJ/mol)
       G96Angle    Proper Dih.  Improper Dih.        LJ (SR)  Disper. corr.
    9.25312e+03    5.71269e+03    3.50217e+02    2.18775e+03   -1.76462e+03
   Coulomb (SR)   Coul. recip.      Potential    Kinetic En.   Total Energy
   -1.93639e+05    7.06880e+02   -1.77193e+05    3.06674e+04   -1.46526e+05
  Conserved En.    Temperature Pres. DC (bar) Pressure (bar)   Constr. rmsd
   -1.33360e+05    3.04969e+02   -1.48467e+02   -2.71412e+02    0.00000e+00

   Total Virial (kJ/mol)
    1.22615e+04    6.14741e+02    5.24227e+01
    6.14868e+02    1.17969e+04   -6.03105e+01
    5.27049e+01   -6.06732e+01    1.14513e+04

   Pressure (bar)
   -2.76491e+02   -1.14259e+02   -1.66875e+01
   -1.14280e+02   -1.85048e+02    3.49727e+00
   -1.67350e+01    3.55824e+00   -3.52697e+02

    T-non-Water        T-Water
    3.05096e+02    3.04896e+02


	M E G A - F L O P S   A C C O U N T I N G

 NB=Group-cutoff nonbonded kernels    NxN=N-by-N cluster Verlet kernels
 RF=Reaction-Field  VdW=Van der Waals  QSTab=quadratic-spline table
 W3=SPC/TIP3p  W4=TIP4p (single or pairs)
 V&F=Potential and force  V=Potential only  F=Force only

 Computing:                               M-Number         M-Flops  % Flops
-----------------------------------------------------------------------------
 Pair Search distance check            7509.555264       67585.997     0.3
 NxN QSTab Elec. + LJ [F]            244030.487848    10005250.002    51.7
 NxN QSTab Elec. + LJ [V&F]            2470.138952      145738.198     0.8
 NxN LJ [F]                           51216.779584     1690153.726     8.7
 NxN LJ [V&F]                           518.268448       22285.543     0.1
 NxN QSTab Elec. [F]                 179276.101784     6095387.461    31.5
 NxN QSTab Elec. [V&F]                 1814.642680       74400.350     0.4
 Calc Weights                          1804.836096       64974.099     0.3
 Spread Q Bspline                     38503.170048       77006.340     0.4
 Gather F Bspline                     38503.170048      231019.020     1.2
 3D-FFT                               89102.882022      712823.056     3.7
 Solve PME                               39.200784        2508.850     0.0
 Reset In Box                            15.052032          45.156     0.0
 CG-CoM                                  15.064064          45.192     0.0
 Angles                                 233.604672       39245.585     0.2
 Propers                                185.603712       42503.250     0.2
 Impropers                                9.600192        1996.840     0.0
 Virial                                   6.478932         116.621     0.0
 Stop-CM                                  6.040064          60.401     0.0
 Calc-Ekin                              120.344064        3249.290     0.0
 Lincs                                  315.517364       18931.042     0.1
 Lincs-Mat                             4233.407748       16933.631     0.1
 Constraint-V                          1076.208050        8609.664     0.0
 Constraint-Vir                           7.621266         182.910     0.0
 Settle                                 148.398530       47932.725     0.2
-----------------------------------------------------------------------------
 Total                                                19368984.951   100.0
-----------------------------------------------------------------------------


    D O M A I N   D E C O M P O S I T I O N   S T A T I S T I C S

 av. #atoms communicated per step for force:  2 x 38337.3
 av. #atoms communicated per step for LINCS:  2 x 3665.4

 Average load imbalance: 4.9 %
 Part of the total run time spent waiting due to load imbalance: 2.9 %
 Steps where the load balancing was limited by -rdd, -rcon and/or -dds: X 0 % Z 0 %
 Average PME mesh/force load: 0.542
 Part of the total run time spent waiting due to PP/PME imbalance: 5.5 %

NOTE: 5.5 % performance was lost because the PME ranks
      had less work to do than the PP ranks.
      You might want to decrease the number of PME ranks
      or decrease the cut-off and the grid spacing.


     R E A L   C Y C L E   A N D   T I M E   A C C O U N T I N G

On 20 MPI ranks doing PP, and
on 4 MPI ranks doing PME

 Computing:          Num   Num      Call    Wall time         Giga-Cycles
                     Ranks Threads  Count      (s)         total sum    %
-----------------------------------------------------------------------------
 Domain decomp.        20    1       1251      10.738        571.239   2.7
 DD comm. load         20    1       1250       0.213         11.351   0.1
 DD comm. bounds       20    1       1250       0.394         20.943   0.1
 Send X to PME         20    1      50001       5.670        301.632   1.4
 Neighbor search       20    1       1251       4.390        233.513   1.1
 Comm. coord.          20    1      48750      30.350       1614.512   7.7
 Force                 20    1      50001     203.163      10807.664  51.4
 Wait + Comm. F        20    1      50001      30.731       1634.807   7.8
 PME mesh *             4    1      50001     128.103       1362.937   6.5
 PME wait for PP *                            201.535       2144.207  10.2
 Wait + Recv. PME F    20    1      50001       0.355         18.899   0.1
 NB X/F buffer ops.    20    1     147501       1.866         99.243   0.5
 Write traj.           20    1        101       0.187          9.930   0.0
 Update                20    1      50001       3.067        163.156   0.8
 Constraints           20    1      50001      34.062       1811.991   8.6
 Comm. energies        20    1       5001       3.876        206.201   1.0
 Rest                                           0.585         31.108   0.1
-----------------------------------------------------------------------------
 Total                                        329.647      21043.426 100.0
-----------------------------------------------------------------------------
(*) Note that with separate PME ranks, the walltime column actually sums to
    twice the total reported, but the cycle count total and % are correct.
-----------------------------------------------------------------------------
 Breakdown of PME mesh computation
-----------------------------------------------------------------------------
 PME redist. X/F        4    1     100002      36.446        387.763   1.8
 PME spread/gather      4    1     100002      59.601        634.119   3.0
 PME 3D-FFT             4    1     100002      20.959        222.993   1.1
 PME 3D-FFT Comm.       4    1     100002       4.712         50.129   0.2
 PME solve Elec         4    1      50001       6.298         67.002   0.3
-----------------------------------------------------------------------------

               Core t (s)   Wall t (s)        (%)
       Time:     7911.525      329.647     2400.0
                 (ns/day)    (hour/ns)
Performance:       26.210        0.916
Finished mdrun on rank 0 Fri Dec  9 13:30:33 2016
