# Fix print output for fix 3
1000 -55238.9359963399 73.9535963361893 303.325756151767 51.8720544077541 56.6447042817301 76.5114622437313
2000 -55500.8876571179 -233.97638947556 301.632308349257 52.0071326434422 56.4518043077434 76.2426769448804
3000 -55262.2943587354 48.7987675187848 300.342534997243 52.2241278012266 56.4985417384184 76.2239466788982
4000 -55518.7240293798 -38.9006976808482 301.292022525154 52.0432352972033 56.6528567286242 76.0964323161576
5000 -55346.8539998536 29.2427849408008 305.223632919707 51.8707575830367 56.7925825924366 76.2108384334954
6000 -55291.9815433717 74.111298062749 305.405920032555 51.7423516917871 56.5350846217144 76.5215150534031
7000 -55437.8688429014 244.285652298588 303.542398687796 51.7906391866249 56.5226594911697 76.3240544366334
8000 -55223.7452007898 -138.233347260273 303.747638295792 51.7715923130363 56.5641341378665 76.4648785339946
9000 -55376.1051121812 -153.350786759911 304.638609921484 52.0786040893681 56.4482911747569 76.4946210225826
10000 -55548.7796901001 -300.422159325817 304.286412040243 52.0378751294986 56.3890411504416 76.3294043920505
11000 -55150.0933580363 400.115801093601 306.552123019433 52.1480861750988 56.3929915826829 76.0231836447348
12000 -55436.043849617 -352.798849985643 304.827693521011 52.0866009648983 56.4663916186921 76.3691476321367
13000 -55371.5467284901 -452.429881933238 302.779750527084 52.3192616223362 56.3502825248046 76.1673827363965
14000 -55368.0007853703 119.384740222104 306.950115948269 52.4544125753243 56.1178062373526 76.3212333150349
15000 -55407.2196462466 -215.872578022781 302.363988139226 52.1529687093711 56.4595532019179 76.4029585038284
16000 -55334.6307579389 581.375664780937 302.062759935452 52.1422167275865 56.2319399067281 76.6094717517398
17000 -55241.2239380707 -100.707579738198 305.93195157697 52.1972835754765 56.2602901514888 76.4868765949684
18000 -55344.5949735455 378.755543382891 301.58346051718 52.2922409759962 56.1082178691305 76.2474349270681
19000 -55349.3561921989 -314.225214639408 305.299963635044 52.0257325414327 56.6605236223676 76.3360846059316
20000 -55290.6569080645 -121.86112348901 302.586842647676 52.2420388916208 56.1614931071056 76.2745530188914
21000 -55477.4967494425 41.0902970357656 299.947553893309 51.9051621836691 56.260501741625 76.5504493748585
22000 -55499.010579734 158.728801204313 302.958476803953 52.0424968801612 56.1960351926295 76.4882194038272
23000 -55358.4115241327 219.208663316705 306.410874774527 52.1536021452985 56.2245593253118 76.3363155752522
24000 -55365.9889505228 -244.691389587655 301.525976010281 52.4534039052103 56.2958072571552 76.1087916543265
25000 -55418.346192432 423.716017780028 308.14351407303 52.3351667674507 56.1331520254437 76.1193629450494
26000 -55285.7075019016 -41.3190196502267 306.958324708873 52.2375784729231 55.9738391096923 76.4961842971075
27000 -55407.7662625308 234.191783876493 300.572144671444 52.3184795003169 56.0787354599144 76.2653196558479
28000 -55353.7563224113 -558.592533103487 301.374081393829 52.6133723303778 56.1333979342992 76.290393068588
29000 -55427.9776075313 -423.358324838581 304.340173989134 52.3575364990939 56.1447897608621 76.4240275217882
30000 -55356.7450684104 -321.813984104266 306.33258245907 52.4646271800083 55.9280618182763 76.3582179710815
31000 -55521.3678589738 -197.993473318498 302.118300833636 52.1519422388779 56.0548905941083 76.3418956048032
32000 -55357.0139601225 145.429578368066 303.478372819484 52.1115013034486 56.1663143768137 76.4169491092571
33000 -55434.8442990862 -349.526811115003 300.25732602293 52.1385179502293 56.2064921990353 76.6388767455699
34000 -55343.715167557 -157.094958810918 306.206878683837 52.1892336645413 56.1615920667996 76.407368230291
35000 -55543.3725509064 -1.94705738996395 304.029533373252 52.1563319597231 56.3820510734715 76.101774840922
36000 -55366.2313149035 -220.632833970914 308.291406075947 52.2924630915505 56.3892426453511 75.9923865471035
37000 -55463.9101567735 -563.241430108657 303.32513524872 52.3678691725222 56.1207386564441 76.1171890842894
38000 -55366.1838811356 65.8646805750046 304.721768903084 52.3551594292036 56.0619802087662 76.1241299647073
39000 -55379.6944486067 -198.592421009519 304.291182353248 52.6169700501841 55.9420010996062 75.8502156459691
40000 -55386.4091160843 -384.822885514393 308.12763168735 52.4156739193236 56.2151672254116 75.9021565234238
41000 -55752.7190437045 96.9859530919191 306.983905289568 52.2783359861273 56.1893415714073 76.0745164986685
42000 -55343.9760557327 -401.895566921733 303.564000003657 52.1778795079339 56.1614242500741 76.5674496357982
43000 -55478.7300283004 -177.121201197498 302.557878325537 52.2915540507031 56.3016644801905 76.3404000281149
44000 -55585.4411181319 130.583830553073 302.876828191796 52.3117206434945 56.1807617933327 75.9757337141423
45000 -55495.7078696029 270.974710474151 303.5574053074 52.5595764102304 56.1019877003278 75.9051309035097
46000 -55187.6934310177 303.526249598649 303.734179755903 52.3744461867153 56.3340631698845 75.8274415079605
47000 -55442.619624546 63.5856869617824 301.821055249825 52.2167392805402 56.1766082131179 76.0733984801075
48000 -55423.9043432666 161.959119178162 304.529453479027 52.4204091774286 56.2115847346091 75.9878680449492
49000 -55359.5893507839 423.503618775518 306.134611945986 52.2965485807302 56.2717139725691 76.2720997965129
50000 -55402.2724789141 -226.642206335719 304.16600584485 52.3374507880303 56.1465421084126 76.2777077485852
51000 -55481.4961714683 462.177534669938 305.680021363248 52.2819521838024 56.1196353814245 76.5048176256255
52000 -55429.4302323525 104.758082822756 302.934675739035 52.3334740439673 55.8758321974508 76.6230718720023
53000 -55378.0872930577 145.68941027884 308.570011143457 52.249208802663 56.3170175661714 76.5720901811772
54000 -55448.8075012471 185.98149089323 306.113643031811 52.2283160870477 56.1995314527831 76.4594391751558
55000 -55383.6781453806 102.105501970566 302.839595042074 52.1338293366677 55.9046349761691 76.8536616002361
56000 -55260.1916153569 14.4723911625466 303.207210631451 51.9731457782766 56.1770110803256 76.8074595767028
57000 -55263.3227039903 -459.664893780781 304.859052902719 52.1291692423006 56.0832399156845 76.5711097459688
58000 -55279.4097745177 -61.0315599104541 304.974459181694 52.3092103982857 56.018249788371 76.4928326466191
59000 -55163.4595342334 113.479633617797 306.214831460873 52.3195491212767 55.8102211124424 76.791540914726
60000 -55386.6735779862 615.195902243943 304.467343221221 52.5002198604281 55.8080208593155 76.5999520773746
61000 -55191.770008853 177.427365069884 302.715149025989 52.1486577072327 55.9096953087843 77.1705596189247
62000 -55392.9979690554 -254.453596212323 300.875581780654 52.2242729155147 55.8515669993622 76.9340927245932
63000 -55338.0316753059 -465.789668142208 302.362644747522 52.316044958184 55.8997764893365 76.8824722738745
64000 -55446.395428062 -456.104762507833 304.339345138339 52.0769758710983 55.9499769954454 77.1340584116417
65000 -55562.7191766297 -677.684357154521 304.245198807255 52.0782481738708 55.7937881797639 77.2486970212151
66000 -55267.1923769074 -970.084578423264 304.95452802575 52.2015072178477 56.0576774262153 76.5796153460709
67000 -55294.6912899152 -595.680093428215 305.184533603866 52.0610550770895 55.991336404543 76.7588009856603
68000 -55552.9444877556 -317.146374708812 304.983898963405 52.0659685689283 56.1313626978333 76.4065602249214
69000 -55474.4856442511 153.646959935167 302.582069378709 52.2323656707745 56.032690898205 76.284432686695
70000 -55288.6436407486 -125.412068026628 302.240208361589 52.3215941879808 55.9449098753825 76.5940819261337
71000 -55311.400059175 -604.25411848345 311.079975737927 52.4969516545229 55.9945744095127 76.4448286501405
72000 -55476.4427123839 -120.556593390918 308.259058950204 52.380691014579 55.9100216336393 76.6673811834605
73000 -55340.0129759292 -282.108313905744 305.922274143686 52.4463330858557 55.9419102675267 76.442013949713
74000 -55411.9948905656 -402.473934704361 302.616063845725 52.2849658681505 56.0880587010875 76.3988757374901
75000 -55403.5094565614 -19.0367361447718 304.773327441944 52.5463257796588 55.9205025555463 76.1734579962544
76000 -55414.7095830231 89.1496405224902 305.937902993537 52.4404864138857 55.9149024010172 76.5781470798726
77000 -55236.5256557755 308.271518084478 307.45120473207 52.2865007278825 55.9903924389651 76.5333788154176
78000 -55380.9350263314 680.63399757742 303.376428193352 52.0503079100379 56.0650737310911 76.8392073626274
79000 -55324.5893740763 716.580871226401 306.859761194554 52.0297832886615 55.9323527421558 76.7136746511758
80000 -55144.730682454 542.115126407066 307.211187269647 52.2520382407209 55.9046289053196 76.890195200387
81000 -55416.0668581544 -317.644740297599 303.363388745393 52.0430868409211 56.029220751069 76.8547026643335
82000 -55400.0820956482 -302.840964534655 306.003649661527 52.289038523263 55.8655699762996 76.7750832013674
83000 -55344.8362174075 -122.967337011441 304.575072581854 52.2011142963862 56.0226753591302 76.6864217070777
84000 -55448.5369473764 -147.82862305013 303.559297096883 52.3503063430303 55.8334743013781 76.750344004447
85000 -55499.1266187964 -207.489509895134 299.590748159326 52.4620054268384 55.7317632260187 76.8035795929246
86000 -55490.5029825087 598.492525248932 304.529369330975 52.1866887215484 55.954541705964 76.678003703116
87000 -55454.5090935249 653.900876929858 302.435880761083 52.0926600112265 55.9518660676394 76.790735375038
88000 -55541.1837349619 533.950527656673 305.533384216471 52.4228600000585 55.6970619954293 76.6650025641331
89000 -55350.2668082352 92.7859336368692 305.988397780726 52.3857369020235 56.0901531601037 76.6483478557466
90000 -55411.1804026449 -80.1340967107606 304.275347751643 52.4332306115096 55.9110722330268 76.7166912932663
91000 -55301.6936028825 -204.150576342075 310.091801982944 52.4522473389808 56.0155929997904 76.1873176160174
92000 -55595.7886669084 136.772794136049 301.264522043138 52.2454058877165 55.9812565112675 76.4688228133053
93000 -55488.0010908607 282.736460485068 303.862520154195 52.2600310334076 55.9336585106957 76.5621901612609
94000 -55214.4365706981 603.463565517001 307.248959521808 52.4637851752408 55.9177796004416 76.5228263246865
95000 -55465.8217129828 -206.429418770438 306.432927284986 52.5428507685209 55.7165127280949 76.5574513974042
96000 -55340.1955035503 -33.2186312461478 304.988796682714 52.6417943676929 55.9287799535191 76.5410801771058
97000 -55300.703110092 217.450710641729 307.241425010287 52.5842860357361 55.811210493073 76.598051061424
98000 -55318.2201331853 -204.271925102922 304.404652048649 52.4931279108748 56.0662175390367 76.5213815413636
99000 -55312.0594039337 -8.16707342705536 303.11454859514 52.6988305802149 55.6394645229034 76.5335673410536
100000 -55209.7281633991 350.826084865432 302.84605904637 52.681321070341 55.8030349331915 76.1455876864565
101000 -55608.6722842949 331.650068544511 307.072764865665 52.5364759921895 55.8314462403665 76.4895055268064
102000 -55372.8944801339 -40.4933645794289 305.276716237099 52.6421961830056 55.776341469221 76.4318857483088
103000 -55542.6058557006 -25.0531226100811 303.213540410691 52.5422370393145 55.6931299335312 76.3875985100899
104000 -55467.4110736286 307.802182926632 303.959014683873 52.3996802804375 55.8139267379336 76.5168029331597
105000 -55238.2986522179 204.295998911584 303.386378338118 52.5158374449183 55.9398097898798 76.1904696950691
106000 -55425.2083447185 -35.9277107493619 304.074223872949 52.5172057589563 55.9871842634743 76.1795430734427
107000 -55209.9397869438 76.4433416658856 306.117445929764 52.6065007525891 55.8568839541601 76.3821202652843
108000 -55444.1198234216 126.836654177547 303.039316233597 52.587632698475 55.9896340899321 76.1089999093161
109000 -55368.9866150427 -148.63007027322 308.736516676799 52.6391375175091 56.1734085688711 75.9372536480016
110000 -55451.848847706 -123.80677128471 308.083041129191 52.7497790284193 56.0961225815285 75.8065639538053
111000 -55578.8361698333 -357.334773782305 304.772993251904 52.5158119421823 56.0057131155947 76.1855430493731
112000 -55280.8581855219 -186.751005693398 305.417192463735 52.5389326568939 55.891163151653 76.242836599451
113000 -55383.7982681843 -110.345767143602 306.75911844998 52.5734636890985 55.9475190544855 75.9959954887456
114000 -55489.002010428 133.264450420218 307.623169206607 52.52678240537 55.9457931759937 76.0817325073115
115000 -55448.8758440675 -413.853772493857 302.727347713901 52.5113964316397 55.9655320851855 76.1843479650686
116000 -55342.4086926312 -468.092559439682 300.032595144954 52.4934359381746 56.2070377239754 75.76785330292
117000 -55408.6527778397 -311.585399419808 304.412248882718 52.5941044206581 56.0242006905169 76.0080718513427
118000 -55556.0946051838 -775.460822348864 302.698006791723 52.6421773175467 55.8020026570999 76.3384270184342
119000 -55325.5627339936 -16.9075814657046 305.443360198961 52.2410324055572 55.8621461000751 76.4552485487392
120000 -55272.8763275923 -311.45504067377 305.441406091073 52.5154975710653 55.9431872852682 76.230694544383
121000 -55439.6579454914 -19.0264979104878 302.534663657968 52.3609978208129 56.1598464227869 75.9653215797757
122000 -55258.3845809212 -44.612990404126 304.776839428683 52.6514334250082 56.1472433342552 76.0023833960008
123000 -55376.2671715355 527.966512415139 309.628238806669 52.7659111356973 56.079697849411 75.810581806255
124000 -55432.1783938154 -15.0237967034492 300.293879555186 52.690575910673 56.3205300062021 75.3344678309143
125000 -55480.4776619167 147.538764323573 306.547464071813 52.4043074722233 56.5257336947167 75.8253231040449
126000 -55314.8096254748 50.7110004307797 304.370339977718 52.297119811581 56.3232658408554 76.1037760935548
127000 -55313.1932071106 -210.387801204448 306.893855453147 52.4665818741778 56.1864187756435 76.0604490072742
128000 -55425.410499619 -369.71938330654 306.362016255192 52.5142014554642 56.3008253577421 76.2749755825945
129000 -55238.3145576229 239.457423322661 302.926543204269 52.0826903907113 56.3145314141379 76.8029526559698
130000 -55187.6424427885 -102.162219600066 301.61379558716 52.2096528429795 56.1175807537159 76.9457478628123
131000 -55211.4789384344 -625.325169489066 304.755648044608 52.0939344066851 56.3433149848763 76.7033621779107
132000 -55123.0191479823 -576.975522287543 305.600146255111 52.3545069423286 56.3450988180879 76.2060384487902
133000 -55431.3031664135 -72.1702002296312 304.154779983153 52.3136781094634 56.3133509969977 76.0887345949359
134000 -55480.6455652995 -254.245813684942 301.662872976997 52.4697885693516 56.2454158180314 76.1249500612598
135000 -55342.7664408869 -348.271452911113 307.637642160773 52.470304100996 56.1994770010242 76.2586886698462
136000 -55466.7171539466 72.63585787793 303.250062156779 52.4742843389506 56.1913634991347 75.8864335748532
137000 -55253.4800441156 -742.333605948202 304.831138510127 52.391560085607 55.9748055287721 76.3984249426198
138000 -55341.4868112118 -570.556284526034 303.250285120675 52.188282328763 56.0736012751161 76.5516334579147
139000 -55218.1539681127 -61.5944735454961 302.418005263213 52.3578771731582 56.1295940747507 76.4233024446935
140000 -55422.5579086098 -44.1824604670668 300.97709445503 52.4081920786697 56.0348304510832 76.5909733703645
141000 -55358.2787294164 623.401252152027 303.092914096903 52.5249094199556 56.0460290159571 76.1900118207866
142000 -55346.6696692584 98.9919685471951 302.845720996886 52.0977145402343 56.3788159015203 76.3714399369038
143000 -55344.2844953871 82.7978863088208 300.796033075688 52.2131021606017 56.3169571796842 76.0186861206115
144000 -55531.8752023771 523.665377919254 306.804872042 52.040506082994 56.4309397571442 76.1558982787866
145000 -55450.9325290624 242.098822233313 305.074163317258 52.1676125845341 56.1122974284138 76.5425926522118
146000 -55359.6230333943 -367.981530698093 308.033655239654 52.3638701213527 55.9874045122464 76.4798984225973
147000 -55445.4321884181 777.292423811184 305.915567580739 52.1887667582577 55.8995140134784 76.5763786652234
148000 -55415.1922771569 294.502911975637 306.886915229506 52.3175256930703 55.9544807097648 76.6463687224971
149000 -55344.3784680911 99.781001077695 308.925527443749 52.330243676496 56.0031258638972 76.5471001451336
150000 -55264.8604006385 70.3672157331774 303.496965759074 52.2231096799686 55.8598190486652 76.7794809387298
151000 -55395.8515368138 -353.968702569868 307.093373130026 52.3906560877286 55.997986944834 76.5366433065707
152000 -55261.1807568714 -126.125702887921 302.608241566506 52.3738972273213 56.063146451556 76.0234737350592
153000 -55336.6556115827 -483.394771280829 306.441349527847 52.4261663173882 56.1544770292499 76.0865852929372
154000 -55565.9178402742 192.927425870046 304.808579615345 52.4938265112656 56.0378513595585 75.9869214390779
155000 -55431.9731598697 192.731291415847 302.386730759982 52.3826495416569 56.0031486510259 76.2875002654861
156000 -55410.6378887903 170.664457210221 305.213979436042 52.5522922801376 56.015937525123 75.8569368881978
157000 -55366.8560303884 289.874062386668 308.513488672672 52.5698561753579 56.0197119981023 76.0977969083826
158000 -55393.5747099365 -141.220060169317 302.879306877154 52.4443702172598 55.709936783736 76.6873976733626
159000 -55348.5638587181 149.546127752017 303.195267268887 52.3298350545296 55.9421489766259 76.5288929923906
160000 -55536.1057226697 -358.120946031254 302.701247334713 52.4339900768569 55.8915609531968 76.4629901503266
161000 -55426.1638036458 -659.250395158571 301.57208575251 52.5633925364492 55.8963906368087 76.5183203404064
162000 -55245.3825970567 -17.9850146698641 302.896508365433 52.5679872843573 55.8030409645907 76.5259796398597
163000 -55632.8054357421 215.852335343334 303.062974869262 52.3018928654217 55.9943977673247 76.2006906378199
164000 -55377.2060818426 -331.169672627776 305.384168301126 52.6476421899741 55.8048407748193 76.3563310653861
165000 -55426.5656517064 -18.4512243497244 301.358580677549 52.375644433741 56.1140366845026 76.1377044315921
166000 -55415.7142847407 44.3550132306747 301.804241716341 52.3454417693832 55.9755395614137 76.5644350912092
167000 -55491.242179204 -221.15674367879 304.456634411572 52.4406191396868 55.934609703335 76.4314301666412
168000 -55453.3051982415 -207.70697628897 301.880237607965 52.3995133489309 55.9910464081639 76.3860461325958
169000 -55497.1142360438 -529.334929688534 306.465116886321 52.5637653871555 56.0422889814404 76.1222326188973
170000 -55415.5388062138 68.7784328688819 303.66219560062 52.5120638042197 56.0834775289723 76.1304835030712
171000 -55315.3348917614 353.433569421368 301.217251192983 52.4236750758415 56.0754632826159 76.2403928750019
172000 -55395.2409562582 -201.730435639404 299.864483200276 52.3974589207261 56.0630568754094 76.5647142020687
173000 -55276.4999934574 206.848079601863 307.325662349362 52.448243192022 55.8322125180861 76.4967413787014
174000 -55467.3396264782 -66.9409302308073 304.06344256208 52.3229184654675 55.9540603039584 76.5896579901012
175000 -55472.373493401 305.972834355703 300.022583322324 52.5970939122611 55.8324133986336 76.2249746271416
176000 -55372.7025315601 371.460002406442 305.340501674403 52.5844037211004 55.8511255970072 76.0325311957589
177000 -55507.6571981553 -275.953582160223 303.141508697477 52.7525452863171 56.0395410768335 75.7938457029619
178000 -55203.0433327991 69.2507519141379 303.998000015538 52.4306055913464 56.0939889246298 76.1459444630153
179000 -55493.4630038208 556.86555830176 306.511016006635 52.4450732662241 56.1407369543905 75.9293440630914
180000 -55495.5940881976 210.078959225534 304.12255919634 52.4308271469241 56.0180373666032 76.0670824797486
181000 -55463.2481496035 362.089483562606 304.389100631549 52.3457622646711 56.1640096745455 76.1100437870288
182000 -55440.1427220224 562.428418828937 307.857651717297 52.5773823104884 56.1568533539835 76.0305596106003
183000 -55587.8535145706 265.612259883989 305.559323893484 52.2189137033661 56.3614610424168 76.3104154530396
184000 -55418.0768515049 356.925934264031 302.305425908288 52.1961984896835 56.4556054476022 76.1719146666379
185000 -55316.0492361734 -161.22596739561 303.486014036581 52.2209941916642 56.4265144200857 76.1460169758047
186000 -55369.1899110179 -162.786407910631 306.088984185914 52.3668578428114 56.2035527347307 76.346615600764
187000 -55444.0395747757 -160.002531864867 304.284188702568 52.19779697607 56.3193876607332 76.3074904785441
188000 -55446.624625192 39.1219236870676 303.834621742478 52.2251414042024 56.2062713536293 76.5461943400327
189000 -55409.6332660057 -356.900695098562 300.200190362822 52.2708895071792 56.1424240836346 76.6219628690511
190000 -55396.5188776062 551.001863987168 305.029245207168 52.1414161117381 56.2561751246146 76.3258215554704
191000 -55465.7479103308 379.8283096425 303.493815860413 52.559554182006 56.0176927322814 76.1713680069492
192000 -55387.8742643698 296.668523919374 308.587419272613 52.5286290426928 56.1896896751045 76.1640202592116
193000 -55341.5113381824 425.024320004891 306.508804450188 52.37647975191 56.2760546980565 76.2997283673187
194000 -55488.7499335543 -38.3854840646725 307.03592676773 52.284999390036 56.1870514251657 75.9334745404556
195000 -55327.548643932 245.116891284069 305.847068760937 52.4924264499678 56.4827785145596 75.6665007610583
196000 -55440.3074822452 759.053994914691 302.396999095821 52.6821260016436 56.1907082938267 75.8042596284426
197000 -55229.6690853078 -105.522264237707 304.667178830603 52.5490562107857 56.2672150224071 75.7061408916014
198000 -55496.7526415248 -276.126051998792 305.57506865447 52.5495975605763 56.3478997195526 75.959823082712
199000 -55446.700159353 -344.621514009572 303.902572061878 52.6293295690007 56.3902893231211 75.9086396308756
200000 -55381.7464724069 -209.363742406278 306.113186281179 52.64912491061 56.2311118397113 75.8303499659827
201000 -55407.9909237194 -347.510940984316 309.256918658276 52.5904424562823 56.1584462896771 76.2434564389405
202000 -55527.3267004639 -132.881573151187 304.425992659525 52.5480924785412 56.3635104900315 75.8083912195102
203000 -55223.5368697312 30.7611105075554 303.725994962579 52.5503026008018 56.3419517104367 75.734048343325
204000 -55531.1434211028 138.161773881867 307.539542042449 53.0415228281353 56.2708387128885 75.21265202753
205000 -55269.8626673194 -203.415025438346 306.281042485471 52.853606187114 56.1450024647665 75.4002509745842
206000 -55487.638645381 -15.240405020382 302.896553253139 52.78504860315 56.2918012751578 75.45598626023
207000 -55302.5758292659 49.6240389548204 306.542036539586 52.5820315316794 56.1585729242944 75.7737594612413
208000 -55401.0717112897 -254.968823778242 303.439847591739 52.5022727732095 56.0586102105325 75.9554835681461
209000 -55307.2725680534 71.5585194131265 306.20893076452 52.8225650703957 56.0574464975658 75.6205917364743
210000 -55570.6795240344 344.744280827381 300.62493623358 52.5408754669295 55.8480875201557 75.9326097711632
211000 -55378.5063222214 -329.177817546557 303.520270651711 52.6072284816313 55.944623178807 76.1572457109377
212000 -55305.0893932483 530.113495944711 302.79827331688 52.645828214462 56.0505324048272 75.8268518862169
213000 -55489.6880955995 278.026803932649 305.123422142672 52.6651890875883 56.0292751358126 75.6583403684847
214000 -55396.6955233268 -75.5671964331721 306.199334912408 52.5000461980809 56.2354310186351 75.8223553750257
215000 -55327.4215368509 10.5656369840926 307.278327323109 52.7386844491821 56.2169206844002 75.5473241934111
216000 -55348.5825049054 127.909364475394 301.720021039423 52.695124391095 55.9962665207663 75.5273935487766
217000 -55184.40652595 -102.902903530307 302.997865935235 52.7879044609452 56.1570219098898 75.6191970671751
218000 -55264.2384047342 -195.112325626225 297.59204376893 52.8417745428095 56.0643987253265 75.5250982859748
219000 -55249.7793803437 252.411915756056 305.027663575445 53.1066429339356 56.0245978642201 75.2982949332204
220000 -55288.6050957199 581.51559401361 304.760421746227 52.7400504180396 56.1732429858865 75.5112097101507
221000 -55291.3443934423 540.218375426953 309.564754665139 52.7506618012891 56.1776090690771 75.7620358803126
222000 -55227.5557920389 272.261020574226 305.382338288071 52.7430389564292 56.2784927621279 75.5373800428493
223000 -55504.7064482768 -370.55955843673 300.544329689221 53.0310486393461 56.2930207369202 75.1477310201635
224000 -55366.8943484189 -117.129821684204 307.761995331867 52.8523315854457 56.3778338137275 75.1348888763837
225000 -55379.5278716428 -743.970514444545 301.547188360194 52.9699982582334 56.1949937147959 75.4729592026574
226000 -55256.3898944049 -157.989262972082 306.028441832419 52.8538764242647 56.0751355220377 75.5604957509802
227000 -55427.8015778672 346.712497096869 304.88007166596 52.8281407390294 56.0032941393886 75.312484883474
228000 -55359.0018742525 22.3534554247075 302.869445818509 52.8038140323423 56.2009965569664 75.4466591958126
229000 -55315.6993209108 178.123960807526 305.510613262403 52.5626085680735 56.2212377802079 75.8682819309601
230000 -55602.9061212369 55.2418745885428 309.819629404259 52.2545580770859 56.2672076424187 76.0435333010647
231000 -55326.4560641837 109.265477637015 306.62586199409 52.5317238929609 56.3559068022211 75.6288079258177
232000 -55349.7777737908 -53.343997483162 306.996113766396 52.7633139937673 56.1594077427069 75.7029163070457
233000 -55479.7904636787 160.303238341699 304.375176263267 52.6125138492808 56.0920679265571 75.7104403395013
234000 -55348.6108840784 -89.1693106748474 308.774525725863 52.4662866284218 56.1795855323524 75.9040323054664
235000 -55204.8518430063 -173.39570729052 304.789685654136 52.783279456883 56.062011505449 76.0762521189792
236000 -55454.5479194932 -638.175438026174 302.835526573608 52.5699359374314 56.2263665192118 76.2278229423768
237000 -55383.8962596578 -23.4021279273648 303.108264541488 52.5074655347341 56.0320261737247 76.0906499744321
238000 -55308.2317755951 176.779568856864 305.383813433492 52.6049712226102 55.9906057082911 76.3380144089496
239000 -55550.4174250573 31.7748724759838 304.30591392324 52.4418576093667 56.0334972186005 76.1544097301735
240000 -55098.7213471063 609.370444751754 298.894749783979 52.5549186068998 56.2751426200361 75.8813019318524
241000 -55295.7247507286 -430.669911423483 304.037397909897 52.622430224953 56.1866666086146 76.128273786302
242000 -55531.2598058795 -415.067019366406 302.475935045049 52.7044285573383 56.1456825339756 75.6710074915172
243000 -55419.5198530225 -346.083683143976 306.228022207128 52.8005285797971 56.1615646164192 75.5909133720274
244000 -55548.7080314989 206.884258102088 302.077388590842 52.4167686966519 56.1539626958815 75.9987466210861
245000 -55380.7920171564 171.315017476903 307.036118683765 52.6108333061762 56.1251146762952 75.9558465280756
246000 -55488.2097923121 588.445570537105 302.05598958469 52.2033711379761 56.1346927748426 76.0779638825277
247000 -55489.0670516345 118.838149305751 303.343264245763 52.3305009143653 56.3481926635756 76.1588875488952
248000 -55496.4595126351 123.514110305938 306.409431011657 52.4300707302448 56.1301459699689 76.0878260011504
249000 -55408.3876611723 145.513883571607 302.269437729733 52.400891913154 56.2142536465317 76.2664522889556
250000 -55365.0925491426 30.1751010878801 302.642495229374 52.3090751333606 56.1904104311616 76.1969523779855
251000 -55262.0397628655 -153.836024173884 299.188054927482 52.3970728822622 56.2814959670545 76.2376232719266
252000 -55461.9902595594 -258.862115986443 302.524600843212 52.3786523135264 56.3679262038905 76.1247434953359
253000 -55384.2624270718 -1184.95076148383 303.396781172608 52.4628589088346 56.4392916924618 75.9544992643355
254000 -55278.2238521314 -605.224215455685 304.150129193189 52.3988782136322 56.2253307994675 76.2784806104398
255000 -55417.6943672692 -322.324978944465 309.271443476759 52.1248340787626 56.2976682950188 76.3353446662528
256000 -55493.9761226049 -603.078311488995 305.354340863338 52.3934291188492 56.3685854691003 76.0630386960217
257000 -55407.0314648852 166.992173729025 306.602260810827 52.3166148024919 56.3477463646913 76.2127980465749
258000 -55374.9208773385 190.345867763883 304.327551843319 52.0772507207351 56.1528610767536 76.4711418883142
259000 -55269.3155074866 262.7890751661 299.509239227201 52.3217006237508 56.3871209212288 76.201503997648
260000 -55271.9491032565 38.7015265682047 305.515435172078 52.210449657138 56.3816857990103 76.3303061247357
261000 -55324.4106633074 -185.159597802167 304.695122973069 52.1446693788926 56.2925829781104 76.2916826742064
262000 -55473.3450838732 153.457553196526 301.726239438368 52.294435452787 55.9409837560224 76.5445778716067
263000 -55321.3676137351 487.8589529348 301.811868214188 52.2668908343774 55.8999887898067 77.0718544316274
264000 -55442.7757514456 975.346662958533 297.822508235513 52.1577320314065 56.1732722264057 76.5221395672475
265000 -55366.2107946728 299.964991528562 308.917337498691 52.0474059766423 56.1332417939597 76.6457264446668
266000 -55441.2268332528 199.540751951257 305.119828035093 51.8560614550788 56.2520901393626 76.7082149181459
267000 -55466.7814445383 675.125134666467 304.923807233543 51.9510349640507 56.0788837809546 76.5983164693661
268000 -55326.2562187237 346.477879026993 302.606653894638 52.0314317887673 56.2196723627493 76.6093095548612
269000 -55319.9125922135 84.9356528876132 304.990038284365 51.780918576055 56.0932823024033 77.1111609105591
270000 -55364.2086964352 224.406000081741 301.622765657756 51.9762299095987 56.2273214006785 76.976700979083
271000 -55277.3597344911 481.787393722519 306.013093366325 52.0305109753669 56.0150130709569 76.9278692726322
272000 -55423.6946139114 8.14874686763703 302.721683212361 52.0870195613713 56.0706974028338 76.5574624955474
273000 -55298.3199762141 -2.82601665597385 303.546070230531 52.1603332891903 56.1872364685752 76.5887030598654
274000 -55382.7039020733 -312.148209672622 304.365884838831 52.243924886419 56.1389424082168 76.589213044117
275000 -55331.3801682975 -439.389459588913 299.724526417374 52.0771170692379 56.2964381455112 76.3481396929652
276000 -55594.124614368 -152.644155363188 304.235210752981 52.3247694030296 56.2320220761988 75.8880730301894
277000 -55541.3638842319 240.516154637926 302.415682065293 52.2823930197085 56.2144312069038 75.9915536042066
278000 -55486.2342384593 0.461255066471596 309.900104737506 52.4558122992713 56.1080688786152 76.144732022096
279000 -55297.6665970274 -441.581445313233 303.745564724684 52.3286468461334 55.9300099863498 76.7537710887672
280000 -55292.4379007238 68.3954956724554 305.14867199172 52.3167849873683 55.8677435932577 76.8475672931884
281000 -55276.9446586218 -212.946027031169 303.440816900956 52.0469064895527 56.162072925026 76.9591292743081
282000 -55413.7934363011 -20.3042676230325 305.186516279261 52.2200351024948 55.938609477042 76.8963103261323
283000 -55370.532550392 213.590136199613 307.545209851454 52.2962568596867 56.0458997627516 76.4178413907788
284000 -55390.8332771475 -10.4097210223753 302.473327017491 52.2992458797287 56.0108966396777 76.6284817887184
285000 -55385.8728978892 418.298560887964 303.422129327604 52.1350743529648 55.8425719190165 76.6948928874133
286000 -55149.2047414454 39.134455248444 308.013792315317 52.2621180575144 55.967501279921 76.4085712636571
287000 -55240.502684097 -309.315790292497 300.518400693571 52.4669942396137 56.2329410625366 76.5248331570664
288000 -55288.4893855152 -190.464117709451 307.975193094135 52.4527732373151 55.8793339754415 76.2973978500604
289000 -55202.3653091574 758.870964436641 306.403916726732 52.2238887574082 56.240957265343 76.21268742395
290000 -55388.4102425247 119.793086274655 306.684744612812 52.1161372309705 55.9960824694991 76.6287593755287
291000 -55479.3411539582 82.0547531194928 307.075751835017 52.1800295062524 56.2151857406945 76.4602995274493
292000 -55351.1228151593 1.24346075856595 304.071530096268 52.4642576406364 55.9897559182328 76.2801933935286
293000 -55420.5820110201 -377.706846413089 306.288433511558 52.2423010539635 56.2905203944266 76.5669920658983
294000 -55410.7982539188 -36.6635283258476 307.983672597042 52.3018187074342 56.1662579431559 76.5226364168377
295000 -55300.3653788531 83.9621358475273 304.76624626596 52.5804248492553 56.1551065544108 76.1187405292626
296000 -55426.0288429157 65.2025103986014 305.314998202691 52.5545344083605 56.0414080307988 76.2321639014031
297000 -55286.2185499594 -121.104372981759 303.769761965141 52.4864070724181 56.0934621185886 75.947459474488
298000 -55475.0975130668 -46.988009368 308.277864311998 52.603120406707 56.0966959600551 75.8138868084716
299000 -55538.9386208598 274.705015298365 307.695907420561 52.4616156631559 56.0365156867449 75.7180412895569
300000 -55226.4061783104 -324.797441439568 299.396465020166 52.4410935359149 56.3655946248232 76.0896054109916
301000 -55340.769855428 85.3963983886677 303.542275055935 52.5211025392212 55.9872546332409 76.1311108920611
302000 -55473.0831227357 -105.116486446063 304.507963529305 52.3829492266774 56.0676835635176 76.1569071263003
303000 -55432.5945581411 148.080892693032 307.297283784047 52.6743714102443 55.9336841635068 76.1937889436207
304000 -55329.4747664045 -32.6337241754215 305.853145220322 52.5495208991582 56.0649092791476 76.0763282745653
305000 -55490.0791494457 -6.38943876239728 304.994022642103 52.4817355272292 56.204287981709 75.9514140335395
306000 -55421.6616235061 -36.5839507673156 306.094481755229 52.4188974021164 56.1733536396742 76.1155790932854
307000 -55432.060359337 -353.244435646522 303.734791487708 52.3011114608868 56.3008029481945 76.2469126547301
308000 -55164.2716157315 -265.785691401302 304.629055379027 52.3866816673438 56.2206795571358 76.1470763791193
309000 -55452.6604660057 187.524113451837 308.04583682622 52.5102256032165 56.3591463318672 75.853761862718
310000 -55301.8596912748 48.1778582632659 304.111176184319 52.3490050057927 56.2516242804387 76.2288029855005
311000 -55242.3316358809 -266.200543845933 302.562211833695 52.3194252442052 56.2163799823685 76.1173397874176
312000 -55353.062613996 -573.996509076021 308.409852407062 52.3629247080924 56.2021166875804 76.1392789020861
313000 -55325.0969016563 -457.813387801147 305.870639003043 52.1903398973717 56.1582513587851 76.3951022437519
314000 -55276.9596383718 -517.600423754149 305.534574555342 52.3972812972363 56.2614237706366 76.4138494904905
315000 -55402.9063834356 -96.2328167769734 304.001123315437 52.2683131137335 56.2785759791802 75.9426843942438
316000 -55442.4432206216 -432.559250027592 300.501738849149 52.472630387812 55.973536830398 76.2682602254597
317000 -55513.6357601968 41.9595729986363 302.140657605029 52.3517683774752 56.270646893186 75.9928705332677
318000 -55306.0454114275 103.443012810579 303.915319793932 52.3328640747589 56.0801850007068 76.2316006362687
319000 -55408.4073662308 -356.022555847221 304.003884268502 52.3769480434898 56.1331641796662 76.4154026679351
320000 -55270.6424855667 36.0485628203356 305.175212246124 52.0934384808168 56.4909132571879 76.284293677791
321000 -55301.5113863302 -518.196639642004 305.435998535931 52.0705910103164 56.3376512721144 76.2865436720842
322000 -55360.3318927673 -181.142903533626 304.662147765198 52.143530208658 56.3329563710274 76.0766889825689
323000 -55301.8618340397 -112.110516333193 303.093101378149 52.4874980053497 56.4306913779857 75.8095063723073
324000 -55330.7326475071 113.366902577429 302.693591187395 52.5032173193958 56.1790879307375 76.0585966610659
325000 -55375.8134445835 375.408972988824 309.855112350667 52.6360918449956 56.2300840643073 76.037077657305
326000 -55418.7817501998 528.084688907467 304.503645886176 52.3602279576474 56.0827100966107 76.0340941729257
327000 -55461.860219343 -133.730061531526 304.484834059961 52.550310173252 56.1479210983938 75.9238581644635
328000 -55545.5297144091 -74.6236540933497 305.465263908234 52.3989067636611 56.2941559376093 75.8752417466648
329000 -55350.8707772398 192.707188858173 302.504264345186 52.3588662968552 56.307771033489 75.8442749603201
330000 -55455.5114198284 -24.2160137807496 307.215171342772 52.5770596506954 56.1058804256301 75.7882730461023
331000 -55349.105706615 -270.201837702548 309.052457873076 52.4771852453946 56.4471127704362 75.6813291736828
332000 -55418.0108661028 213.505618157148 305.674732383531 52.4593826402792 56.4424912090005 75.4501481655427
333000 -55544.5657460335 -272.707801740598 307.743054818556 52.5925637042819 56.2400616615349 75.6417645569115
334000 -55458.8036117895 -2.13555102537608 301.349390426719 52.793212932137 56.1740266874203 75.5186927659979
335000 -55240.8220427993 -147.100540007369 304.01712397776 52.5743017172934 56.29872750933 75.7324925274434
336000 -55477.1437116635 -124.279833087997 304.410419057888 52.5077173970774 56.2986468054593 75.9039365183545
337000 -55441.6019795168 -295.27872045487 300.183179500491 52.3137300910538 56.414582219862 75.972300066573
338000 -55249.7211601128 -257.608057808025 305.554302035221 52.3954589285137 56.1457360306401 76.2624867472347
339000 -55534.7273077917 -516.927299746199 302.714153576208 52.2029694301903 56.4130824057741 76.0656513774082
340000 -55422.9335984189 -85.7170066227129 307.206887853783 52.475622658566 56.1442292360995 76.127175708003
341000 -55389.579229169 108.151386831268 297.215766940399 52.1686463866548 56.3786557353871 76.1611218593349
342000 -55535.8636377904 -76.5012968310317 308.900675549231 52.3075702445851 56.0293879902778 76.3446123982989
343000 -55498.1535825512 465.85569230652 304.908522014808 52.2807376472767 56.0341928556838 76.121209154129
344000 -55556.1429722514 504.657402130312 306.926362043495 52.4251404880007 56.076629692157 76.2697841967614
345000 -55356.3353064137 -720.529753355866 303.587319587077 52.5369472289249 56.1853460548751 75.9241978835983
346000 -55332.7204353572 -499.005692492663 302.615549776018 52.5009402106922 56.2325124391619 75.8897354973358
347000 -55427.6880684832 -429.716989115566 302.958803556642 52.4587953488539 56.2709187941859 75.9162880510164
348000 -55401.0966246394 -581.2179270878 308.894818231268 52.3714955915035 56.1481102364255 76.2271691280083
349000 -55460.6804860058 -46.2497007855023 305.168735021416 52.1574208422844 56.0693426040717 76.3689315614475
350000 -55371.6794360584 259.757037618846 300.924453790836 52.3440243850465 56.0800214973098 76.199362508214
351000 -55337.2988359006 -200.815724950767 304.759131173295 52.2669432821511 56.1678944813226 76.4471842741641
352000 -55376.9716360115 640.241240595475 305.416311231023 52.2659493478342 56.0671322455593 76.4710595084016
353000 -55171.0790816106 -346.452144507555 303.578384218462 51.9762986986424 56.2551146276873 76.7447975418618
354000 -55354.4513705366 -385.365041017076 305.817588083849 51.8785316742485 56.1556831245395 76.9298584084742
355000 -55464.1578897279 84.6439773661001 302.847377265002 51.815538819137 56.1343814181576 76.7706642471435
356000 -55401.9099585532 192.108840245571 309.122842756686 52.2603469949446 55.9497967294488 76.8077260821003
357000 -55436.2393412199 436.659512189614 300.832215653171 51.9771341428635 56.1232294926666 76.6322560457575
358000 -55208.7468707223 382.802579163499 301.750689162469 52.2652873839256 56.0655841134441 76.4455980125355
359000 -55491.4664901553 323.658865412426 303.172545784797 52.3381560733131 55.9086048210408 76.5351476822396
360000 -55243.9299007017 -420.838047342814 305.819844106426 52.1014278417124 56.1538307836218 76.8966004137355
361000 -55254.0405718721 -77.1373962864305 303.680561257775 51.975567963532 56.2143489707514 76.5123592234899
362000 -55364.7980284248 -67.727632355381 307.02808565301 52.2054968510806 56.1147871599541 76.3112792836628
363000 -55398.2308047413 228.779597260079 302.324183354459 52.4603637153939 56.1023180125197 76.499704974297
364000 -55326.5382135527 -33.7901504705683 308.137540780192 52.3432376880868 56.2922851048839 76.1642154757013
365000 -55395.8363913214 31.6691234932478 307.261408094308 52.2212904380165 56.1815628019156 76.4274589356883
366000 -55416.2906222709 -70.8708087091405 301.111625137636 52.1480360682387 56.3313149773504 76.5481690176179
367000 -55412.0415329148 -256.843392293758 301.214481564715 51.9678462627777 56.0287068603767 76.7757127498868
368000 -55314.7120236537 543.90525947397 301.241478096454 51.7558688170956 56.0302633578756 77.1523888001064
369000 -55393.5660298317 -485.376330970737 304.973819219293 52.0344269927622 56.009600578032 76.9460566648622
370000 -55468.5974953821 452.638878008767 301.050949858837 51.9883112013605 56.0006856409067 76.7620431390912
371000 -55392.7773403844 -8.05533192638969 307.507884590118 51.9496259628527 56.1534016071214 76.7153036504963
372000 -55235.4380198438 -329.833029673511 303.125981773518 52.1971114226083 56.0870542766995 76.3916178759841
373000 -55317.2697141739 -734.184892917614 302.246599562775 52.2046083894244 56.015841530001 76.5753719950055
374000 -55245.5267917676 472.045066414771 302.499218655315 51.8686400428637 56.2406288164824 76.5167525629912
375000 -55400.2827636908 -63.7921368215807 304.056773410287 52.2737298140679 56.0489394684718 76.5442247787678
376000 -55402.8788580298 140.434103142456 301.95813485954 52.0385199505255 56.2488612363829 76.5987507080846
377000 -55375.8166767039 14.6645312026 302.440731193144 52.238851929005 56.0886964985751 76.5736814015166
378000 -55174.2625101641 -82.3473603142413 302.131638666439 52.4378387707059 56.1078246854087 76.302640811686
379000 -55242.8378058617 -648.9653370801 304.546959007777 52.2695360348309 56.0781765699908 76.380525060035
380000 -55252.6380245141 190.952845912175 302.880489696385 52.2919256926321 56.1173157569674 76.4165544545286
