# Fix print output for fix 3
1000 -55281.2655665969 38.676378313946 305.701391048266 52.6019202787034 56.2656402543603 76.2101083764356
2000 -55394.5194515533 -180.962858388941 303.915224601657 52.5452639233558 56.2606775994674 75.8867250142889
3000 -55388.3228193146 -280.189166143312 300.653576985964 52.718635747594 56.05408269162 76.0790168024734
4000 -55365.951244785 -300.735728767083 303.618419143641 52.6921237039998 56.2507439480895 76.0155679949718
5000 -55370.9634387845 250.760953750555 301.985022033519 52.7775338239193 56.2739015912891 75.9011421397649
6000 -55354.0281778441 572.791476177984 305.944913560325 52.5836692032893 56.2043473053368 75.7835711538341
7000 -55394.8450752301 363.48078649671 300.906777333189 52.4703655075821 56.3175803524357 76.1233575619769
8000 -55289.0467460803 234.678772439848 303.886879731053 52.3630154898667 56.2921378303741 75.9900754205638
9000 -55136.6594532012 117.64188233599 303.39404492346 52.4254907009283 56.6775268863921 75.8419250315025
10000 -55467.7040242182 355.119404602357 305.877719501824 52.5462062389026 56.411078941519 75.5991120342527
11000 -55427.9954323664 -20.1732078118001 305.289614790113 52.8355400034003 56.226672794109 75.484457603112
12000 -55411.7000361136 -177.08376079427 305.032064664412 52.7282876974322 56.3853045882807 75.7089979692761
13000 -55452.9010841472 186.838378161713 304.227217310078 52.4205323689631 56.5642834920899 75.5825655031206
14000 -55496.0119351256 397.598668649392 302.748266463044 52.6389290237792 56.4768400759453 75.4310586205983
15000 -55373.8865792979 186.394589755343 305.605381620398 52.6049801739689 56.2598954801959 75.6317627552517
16000 -55372.2344616008 -700.529955996474 307.804806938928 52.5457824590279 56.4233939771073 75.5177332438184
17000 -55341.6869417696 18.9389734405422 301.595452092699 52.5358410133794 56.3354890104701 75.7685955663926
18000 -55325.3669947556 -3.4404041489308 302.85032154539 52.4857068680287 56.3288793009769 75.8605557060232
19000 -55287.6555626817 660.293581585043 304.288467230444 52.3425883734106 56.210242621913 76.2080377734797
20000 -55398.7892179121 189.015895865813 299.750818723458 52.5117208793355 56.1093208581968 76.1680694467113
21000 -55314.6923834592 -148.975236627347 303.955276529129 52.5501483389707 56.4681933323643 76.0180300607777
22000 -55241.0006456002 -407.458331239442 305.97531151872 52.6548988374083 56.2506936579392 75.8446857787881
23000 -55263.649230886 -26.5961895932201 306.074196672751 52.6661616358411 56.2335943162887 76.1167692548614
24000 -55317.3931515829 414.163761212338 300.715560148833 52.2807676859193 56.3811763396526 76.0151073563423
25000 -55475.2638489485 -508.778293233893 304.313489237891 52.3446400457458 56.4363570848904 75.7842401643298
26000 -55402.020402924 -220.560251697542 300.324228684536 52.6760858029145 56.1983082221684 75.611978383253
27000 -55314.9871147104 445.738562553018 308.479665302165 52.8789976511278 56.1831937249019 75.5680018952108
28000 -55344.2499269078 531.163677084479 307.178693645154 52.7361378160986 55.9953955632691 75.5704514634556
29000 -55175.9885017603 252.969765316644 300.192871039356 52.7850898585984 56.0331821852608 75.8701819778769
30000 -55475.9735610543 -77.0765031992456 307.052018408916 52.943591391457 55.9665050009598 75.6270788783364
31000 -55206.4852448612 144.080055489452 302.580178081731 52.8236288916556 56.2420125360805 75.429464645663
32000 -55412.1537158844 375.173491173985 304.494007416446 52.763714080217 55.9494801681363 75.7530762759407
33000 -55527.5059643823 -29.6769184052536 305.911430597279 52.4634661783529 56.0854656417919 75.8940297094194
34000 -55442.6458889162 388.523365246693 305.889228206588 52.3339052624471 55.9897307967679 76.0228430778897
35000 -55231.9843194983 -655.683366177076 303.373614273311 52.3291967920183 56.0877766380532 76.4077296717591
36000 -55474.4437012319 -688.39934263286 303.669895625941 52.24728952127 55.9689091993177 76.687768394585
37000 -55511.1981686603 -151.036338674441 304.736132905116 52.3159779469173 55.7481670113753 76.7189478628204
38000 -55389.8370869026 252.326591977255 301.212343647226 52.1092173588897 55.8495048378412 76.9049459616739
39000 -55321.8503486141 -33.0697366157907 303.794784511165 52.1303629210874 56.003029132436 76.8100132409682
40000 -55410.6507139892 -363.109421705955 303.928419814475 52.0165367759665 55.9689371448505 76.9345244908895
41000 -55384.6062098853 106.854998776201 304.863590270152 52.3405252568521 55.8712870598517 76.6785471205036
42000 -55279.8431037842 218.00447649795 306.566763516311 52.4292021027653 55.817615650948 76.7467670817406
43000 -55329.8152582229 252.938733458319 308.861053445347 52.2268874601625 55.9556137465074 76.625676307489
44000 -55376.9656774817 247.645269583753 302.531803805714 52.4616626985868 55.8795051735638 76.5691605361234
45000 -55407.8364717169 -159.101754099006 301.031381829034 52.4612161115154 55.9190793848643 76.5043362176058
46000 -55227.9968760552 158.967076642865 304.431397780749 52.2953990281781 56.0040927467707 76.5452881941445
47000 -55214.0096122665 715.279997381575 301.15435744303 52.4430676271728 56.0826874067999 76.2977432043854
48000 -55456.4742270124 718.957834850458 303.786416690251 52.3834025971966 56.1127515036776 76.3135134410716
49000 -55449.4074320852 19.2154979090666 307.392562955009 52.2979480562518 55.9977221618438 76.5421243916469
50000 -55285.1960591242 189.913231174267 306.302965932061 52.4109576905005 55.9760327395659 76.4133366956985
51000 -55325.8701983568 -178.361875880477 306.315892060072 52.4881133894344 55.9910808392683 76.2787185839629
52000 -55289.4321055693 125.433700761109 307.17319936124 52.3656540785261 56.2851989881778 76.1845618908595
53000 -55391.2637771396 239.86949981313 304.284313936258 52.5069334995771 55.9093724520388 76.2444001284876
54000 -55412.7149062833 252.854938858931 308.964120325548 52.3100469614029 56.0459005490785 76.1695476012461
55000 -55575.9699808161 24.5265005288448 304.547640732096 52.680758472346 55.9433265306415 76.2984711267861
56000 -55221.3683162469 26.9362914137053 301.470712817235 52.4293246830143 56.0026447829865 76.1395699130851
57000 -55277.3985052279 -207.132750106827 305.70543931657 52.7298651644541 55.9106599512425 76.2239823905685
58000 -55380.9633860535 -95.6786210515127 307.167583285933 52.5243648002739 55.9386871513186 76.3789197266375
59000 -55595.8879236164 -406.934225051477 304.521618266797 52.4787076576702 55.9334572244616 76.1101077631759
60000 -55129.8975204407 -209.948383695353 301.749303699474 52.45166780102 56.0148269493372 76.4527539239078
61000 -55287.7599721196 595.454997356712 304.977123581819 52.3739549249591 55.9528870916919 76.2624997223716
62000 -55494.4717742212 132.667749268361 305.130890934788 52.5251563945088 56.0301655004282 76.3400444303639
63000 -55284.3680929129 -308.697310058457 303.271007316302 52.6283907539939 56.1187888144347 76.0812567806364
64000 -55330.207956527 -255.4979152968 305.546704482415 52.4523386210323 56.2004380062734 76.098457723321
65000 -55323.117950538 -282.979752588744 306.163073529985 52.5179895036265 56.1391428363535 76.3277060740975
66000 -55379.9741733839 166.970058439798 302.423594802499 52.2145227557714 56.1455469525526 76.295620629551
67000 -55252.8092989129 -136.566798058885 301.652431965098 52.1122929085046 56.2487392595221 76.3547454385149
68000 -55452.1937302484 62.2240943881048 307.437806847673 52.1521974723928 56.0931095849061 76.4829115411016
69000 -55374.7986207995 -438.818958863301 302.431082839993 52.196138722978 56.3575995480337 76.4314398774625
70000 -55365.9489551166 82.2577659849144 301.765010838089 52.149235276436 56.0798381164258 76.7509321814544
71000 -55345.4505826361 -83.6105336174187 303.816070390061 51.8801728466197 56.2286405837342 77.0603441256745
72000 -55326.6527112051 434.766232687297 303.326330805164 51.9945166117602 56.1622786129087 76.791115415497
73000 -55307.1054281314 282.283945133938 303.989060094888 52.1454710238995 56.0184181703288 76.6985433671825
74000 -55465.0293638853 139.595151110722 303.007332941381 52.3135622395045 56.0054471037381 76.3130311111139
75000 -55393.5003038098 31.7529925213951 307.98521982998 52.2078045393211 56.2322319184084 76.3603293981956
76000 -55245.6290943422 108.067539233607 304.498733735788 52.232108992888 56.2297443435621 76.431222267244
77000 -55430.0107289318 -294.54536789084 305.086293435698 52.2197789168198 56.2279901812302 76.4889899239001
78000 -55482.0592875454 -271.7425513544 304.645642637938 52.1197003445778 56.0400930891536 76.8856518569816
79000 -55274.4025213102 -157.359345165658 304.907444440979 52.103238670284 56.2601208965783 76.5276029175673
80000 -55235.9100821736 -67.2989931187148 301.488043916087 52.1803221966045 56.0284670077562 76.5162748222374
81000 -55235.9067292339 -184.070846906454 303.48590148328 52.624179801325 55.9667068212759 76.1845030593314
82000 -55422.759826522 220.643491535588 302.084430627573 52.4190086116044 55.7352114458304 76.4270270581377
83000 -55453.1810238901 -444.990794742657 301.889399747656 52.4370283085772 56.0392975086744 76.3429912382442
84000 -55243.8029100682 460.328805635169 300.495074348243 52.3908644675056 56.0375156751085 76.496389624333
85000 -55338.3483750765 -134.288424090829 306.74582101525 52.3910538240684 55.8579270744344 76.3705526608957
86000 -55430.628700647 789.044119033872 302.982555882285 52.4718208987591 55.8357987746941 76.2858467739127
87000 -55244.8091782468 -5.53001264657425 302.387953853309 52.4303932601943 56.2266050134414 76.0472797220487
88000 -55329.7441446179 -527.983939128487 305.648005705892 52.4964999179703 56.0277319090577 76.0831389175276
89000 -55573.1362393905 115.131976439326 304.097794230286 52.614422874248 56.1379085790515 75.8063310064289
90000 -55464.80146738 -114.718939796726 298.413500753981 52.6509549218941 55.9805806818033 75.7138319310319
91000 -55419.1558648646 394.387009159511 305.065065379006 52.4467614119024 55.83221709078 76.3195905090465
92000 -55324.1332524758 -165.71419960969 303.860294912333 52.5014262302667 55.6515501055332 76.9822859941933
93000 -55406.8593533743 42.1370543730881 304.042881474541 52.2453486758441 55.8789142101901 76.8225549176889
94000 -55420.9832340001 -430.467898874064 304.56240592494 52.3971657460772 55.9627597471477 76.4489313221499
95000 -55545.7175799718 -608.354265187485 305.13360238113 52.371701294019 55.9140353475304 76.7911589602639
96000 -55497.9800277862 -55.2593474160416 304.276082270732 52.3555868512085 55.9991562016241 76.444238095132
97000 -55352.8623465472 10.5739059696908 308.077894684423 52.5458345689965 55.9677535243885 76.4697811303842
98000 -55416.73760439 79.4708055635204 306.6882338617 52.5220798438139 55.9682978612596 76.4507483621496
99000 -55273.3164845634 75.151631202552 307.080798584511 52.4325020747436 56.0005728373599 76.3745436214464
100000 -55209.8985609331 309.265535404069 299.344833645896 52.4517012851257 56.0753605009034 76.3746070352708
101000 -55438.9125615097 352.719297240017 304.564437510938 52.4404730652361 55.7276596048096 76.751213844046
102000 -55485.5847399596 216.353227545083 303.87838592361 52.135869654726 56.1324478219932 76.4687748969343
103000 -55372.8425150088 -183.292895494316 304.797757235329 52.52571025518 55.9069186214758 76.4832332752264
104000 -55481.8710350185 -336.240145545165 302.415062923865 52.3604434108305 55.8695098829644 76.6537868658301
105000 -55341.0022386015 -144.38153460186 308.667424941908 52.2994380489193 55.8518608231274 76.7417044046522
106000 -55370.9737302103 222.186030347184 305.176100796347 52.3209348658989 55.7858436127072 76.8716694131498
107000 -55295.5714511032 292.693329625288 305.976142315433 52.3133473810268 56.1035896707502 76.1401803038438
108000 -55422.7286056115 -476.435137416685 301.272089239759 52.4491503301183 56.0159467927706 76.3685503518758
109000 -55342.8180288159 -411.254287749346 304.151138727461 52.4667669928117 55.9443085763676 76.3181785622546
110000 -55363.4199682067 -510.293688860433 302.359042862829 52.2615328429481 56.083395671852 76.3589908156473
111000 -55213.3339120627 249.362402856292 305.845700463825 52.1770429925819 55.9416061391141 76.6948357630595
112000 -55384.932884309 -371.127747906556 303.951209265446 52.2199833440484 56.0163913242917 76.7223026794929
113000 -55413.9763540232 -74.5080594644164 306.979812879407 52.2545201003952 56.0500669036507 76.5082236379468
114000 -55464.512759349 -323.084816601777 303.373318241904 52.2544398800299 55.9732725256603 76.4456278712239
115000 -55598.4282986688 -487.276211154822 307.248966399651 52.2218927449121 56.0404713092738 76.46777361084
116000 -55450.6303498825 -266.13971545209 304.230003750766 52.4357614771451 55.7976896310533 76.2501746628111
117000 -55505.3173331308 -188.871992343852 303.445120454868 52.384886865885 55.7981288804817 76.5558958733568
118000 -55576.880713254 11.7706974452206 304.322790495534 52.0684338945437 55.9752524178924 76.467828570021
119000 -55438.8608344849 66.9728500460486 300.433504523939 52.4478087707974 55.8323303529406 76.466261207837
120000 -55355.7579567211 173.499354761507 305.842369821389 52.1836544548163 56.0409402402654 76.6402227584871
121000 -55470.1252265754 -154.013921015543 303.40169275077 52.0133246209235 56.0449734677454 76.9341018509042
122000 -55305.0246945927 -81.0265254306524 305.596420214462 51.9784468934553 55.9821350901193 76.7956560999859
123000 -55421.4602206626 523.024955714579 302.877616782622 51.9098727421485 56.0482754264838 76.6734488882427
124000 -55611.6173021367 -234.382628731327 305.426219706538 52.1054899640974 56.151310108512 76.4704331673029
125000 -55512.8808361309 -112.75078137509 302.524440410987 52.1307145758841 56.0180430765714 76.4541503462839
126000 -55629.8925169418 299.572080885983 303.402363968386 52.1569458096499 55.8389558276523 76.7758826325686
127000 -55447.39869477 229.266417529 307.031968662123 52.157909809068 56.0034993351548 76.8011345970875
128000 -55471.1341633638 -59.7743781074022 304.211317046794 52.3251471796117 55.9150012638326 76.6529075870609
129000 -55249.7914377954 154.144598757308 303.517978990898 52.1538044799332 56.0279469008854 76.7970618656262
130000 -55531.5937048747 490.945235455807 303.812548043568 52.1062345295997 56.0994689556487 76.4756184684619
131000 -55356.0042156233 392.62899771476 301.94486533184 52.1881956420251 55.8071488759563 76.7527714054261
132000 -55343.0210790151 -189.872085874741 305.514231184265 52.1569714849604 56.0634484968917 76.8680647738388
133000 -55448.4978362709 -230.881282877398 299.761222460452 52.1432085459114 56.0010389955303 76.8014766586147
134000 -55351.3929040446 261.476693811589 302.331515211614 52.2238224262187 55.872138774676 76.8856327386471
135000 -55222.1385781313 -346.491623594065 303.323115251579 52.2433165499423 55.94290915902 76.7950720277514
136000 -55437.3499853788 -51.1085952023983 300.926533397957 52.2823217705741 55.9420007688493 76.7752158788861
137000 -55486.791891574 93.7456258405952 306.187480216953 51.9770466634415 56.0327028799669 76.9720934112937
138000 -55501.4807799761 -110.090938515526 302.309971363181 51.9032655025331 56.3163749388994 76.8670267506764
139000 -55342.2717681849 -675.03639600138 307.116107469687 52.1979822004339 56.1171462126589 77.093043479342
140000 -55368.9536105568 429.355200966825 302.457501271344 52.0008338531404 56.0295998765683 76.8826969992442
141000 -55347.3517722425 115.313938199925 302.837257984078 52.10435967334 55.9112739498653 77.0015719575595
142000 -55441.3125577105 -126.179309477804 308.551403465116 51.9131343210331 56.26904533724 76.9986665441618
143000 -55327.9425898327 153.954540434109 302.274235414309 52.2037637102866 55.9245083165628 76.8788477317847
144000 -55494.7279914887 443.310705920062 302.901514355565 52.0988400586785 56.182574478771 76.4864943835228
145000 -55453.9664300668 333.479997589025 304.253938869789 52.3230839301564 55.8646579934973 76.4795224385459
146000 -55228.1757866895 714.495554225762 304.92412416528 52.1873196061703 55.9901447737369 76.4840995268151
147000 -55332.1525008084 383.692523191002 303.602662779439 52.2055794515319 56.0046471591542 76.562927043828
148000 -55388.6693378822 459.843520560179 303.418851732914 52.1514890098181 55.9960441013285 76.603259135278
149000 -55458.6773365696 29.8170203725077 305.549082423247 52.1720580257633 55.9270681256888 76.975336515749
150000 -55444.08304987 -556.858336103752 305.720774641673 52.1728142692021 55.9238253699144 76.7090171335324
151000 -55452.0711144906 404.312045672392 306.498937645067 52.0389122567443 56.0558710174805 76.8879866918497
152000 -55338.924745426 -306.602194911239 303.363475033551 52.0409571560242 56.0828535835343 76.9937407674128
153000 -55255.5628373123 -176.573183222109 306.357992907321 52.1366036772559 56.0681672112488 76.7210668846995
154000 -55448.0821367373 -3.76118900386634 309.042856697586 52.2050611849677 55.8324742657482 76.7086841072503
155000 -55510.6900306441 -216.631748998079 301.715572869673 52.147390790215 55.863186491331 76.9898918815537
156000 -55322.7748691125 -145.908782942399 299.162378014012 52.108197719565 56.1650692078206 76.865551131518
157000 -55453.5964692224 119.516178164994 303.54116085227 51.9011777469297 56.228239684425 76.8310049239132
158000 -55444.0684806077 -315.950201474399 301.74144519112 52.2490226253801 56.1134725403735 76.3764841940059
159000 -55309.0668463771 517.636272333348 307.06380245381 52.0896599861577 56.1747468043067 76.761529902741
160000 -55449.6846488113 148.252518985436 304.003281985594 52.1521462889582 56.0805260062188 76.7007210618259
161000 -55465.6202419336 -25.2618303662582 301.990216607971 52.3390137201234 55.978324189542 76.2822208882092
162000 -55350.9360382554 -82.0244024563597 301.771234057462 52.1648293785712 56.2427093443708 76.3375226476791
163000 -55290.120487711 -249.318845429757 307.537573945399 52.1904453679723 55.9705320055911 76.4910721213979
164000 -55740.221063087 -120.011892128684 308.570319288553 52.3411667358307 56.0660859063724 76.4226394060942
165000 -55361.6489141171 -240.484201839642 304.52022322597 52.3356659717574 55.8780249302213 76.3882763724353
166000 -55492.3792577607 237.80051285212 302.862141294129 52.0734972571824 55.941074329907 76.5237128536841
167000 -55549.2439324744 -36.479922039413 308.128808737034 51.9031439468119 55.895238766524 77.0319099365694
168000 -55500.4887478331 89.9219782459864 302.121644729507 52.1323941170489 55.7342320922519 77.2677913555848
169000 -55448.445457792 610.27811403829 301.988822306122 52.121918659673 55.8338727384527 76.9062215819054
170000 -55616.6161518015 8.09549294253337 299.018137439265 52.0624386691194 55.8088771732589 77.0245827155516
171000 -55570.3661689408 -166.370188495998 303.05242544082 52.0456344591651 55.9674720179482 77.1984105157542
172000 -55580.796025183 -674.516336988802 304.884398292128 51.9474315195405 56.1826656867991 76.8716828251852
173000 -55475.4049779656 205.260025574822 299.705114934863 51.9843388950649 56.137520167646 76.6041219453708
174000 -55476.0011462451 -437.995623242032 304.563695757405 51.9138788235325 56.1529465324692 76.6748352776067
175000 -55462.7833829611 -29.6531041588763 300.983091620517 52.0054887518916 56.119983750331 76.5270249274099
176000 -55523.9046840146 -229.732569993826 304.259591606182 52.0433061251935 56.05646861658 76.426770117462
177000 -55519.745654123 -222.766841149528 303.651843714893 51.9687742110451 56.1706310513607 76.7900965757662
178000 -55473.2106825994 206.427201480127 305.509640869723 51.8007696043504 56.0603534880571 76.8324664292177
179000 -55334.8138284345 294.343229026852 305.683902954827 52.0824756837614 56.0594749158626 76.6262156096617
180000 -55415.739330216 -246.964413567159 302.572637135003 52.0581311215711 56.1527474384316 76.5875971691315
181000 -55558.1138620257 -258.024124275779 305.608827212749 51.8343304510385 55.9925065828265 76.764966115207
182000 -55403.2719223192 -383.054684501491 303.543829893923 51.9067206467268 56.1866081366897 76.8414171826121
183000 -55476.898161183 -359.456731693885 302.589221382903 51.8817185474344 56.0559716474293 76.9880115785678
184000 -55417.6912025515 -520.186633966374 304.045579354179 52.0352731482788 56.0717906217661 76.7775154935423
185000 -55466.5047010144 -44.6315086963658 302.478156461908 52.2000364275087 56.0431010412002 76.5340772154469
186000 -55360.4383540125 295.855739405161 305.486112371329 52.1978742705493 56.0672290628572 76.395690575986
187000 -55473.4157631563 76.8886768518609 308.4370594308 52.2450202502089 56.0921961673849 76.2569065506016
188000 -55361.4511902537 -34.8234213238711 299.556837251349 52.2827962446244 55.8288951979049 76.5136453475286
189000 -55223.2790965782 -37.6853675681723 303.146708423566 52.2259962192145 55.7868852175888 76.704875253118
190000 -55417.2093146662 4.59035927028424 301.888007660256 52.3941520620017 55.9396578145958 76.2513318694674
191000 -55539.7667171884 114.777911258771 303.219336428487 52.1134717147224 56.0351285910831 76.5387222743651
192000 -55375.6747922774 -225.869615960568 304.943972643452 52.4687921453914 56.0091405952438 76.1307872928004
193000 -55487.2671144097 123.382405858837 304.055235702268 52.4142836738367 56.043344074971 75.8848917964516
194000 -55621.6489179175 -103.987086842931 302.167826408084 52.4070370932589 55.9865024644027 76.2041972212527
195000 -55429.9391034155 -17.5904625052556 307.406370628052 52.4710733921803 56.0326085020819 76.3189297701675
196000 -55471.8879884561 -138.969372037352 303.48618164495 52.2916137443725 56.1197179269937 76.3456907573928
197000 -55351.8268068015 -232.644116329807 304.660211034433 52.2894766739416 55.9987236236384 76.7660665270025
198000 -55355.6902608942 -571.515467782957 303.952415051018 52.4087568616622 55.977749498756 76.8266434569539
199000 -55174.2002391511 10.9674686050084 304.420013353793 52.2401636307618 56.0977613255965 76.6282675793023
200000 -55407.1621548639 -23.4358383200212 306.175193904752 52.2692968112497 55.8099583917886 76.4766858557274
201000 -55370.7484937003 -178.736578739587 305.08944593968 52.4212260603608 56.0326950096128 76.3307826073095
202000 -55334.1218783242 -595.125395861857 304.24764415452 52.4803889528111 56.0673058930512 76.4282012885432
203000 -55302.2457852927 349.186296598663 301.771864743181 52.3245379515399 56.0166332061299 76.2763791898817
204000 -55481.7085668224 -307.694025116632 301.994947880674 52.2856978727066 55.9375508481855 76.4018339785843
205000 -55442.4528764305 171.051249022707 306.899264793695 52.5715025102306 55.8078737335779 76.4668405266753
206000 -55525.1150955981 426.497178367836 299.291650637734 52.4631039522315 55.8579071569993 76.2277307485434
207000 -55586.2739305261 84.3330622845188 302.973001126756 52.3526886676396 56.0629183149129 76.0067031271396
208000 -55279.5545956755 130.694430580956 301.4481422362 52.36350111724 55.8900221094572 76.2486961394917
209000 -55506.3177544001 -190.989866234811 303.171942156846 52.3445758786404 55.8528384300325 76.4570173846643
210000 -55344.9088323307 70.9597551494509 306.105719176457 52.0945602591275 55.9901148683569 76.7213081748871
211000 -55599.0648981559 214.890033885171 305.512757576696 52.302594585991 55.9883809231265 76.6120053955108
212000 -55492.2575833733 -278.780856038944 305.756634981069 52.2958537228366 55.8319992775966 76.5938506656162
213000 -55396.144890852 -80.5004982959576 302.600820751149 52.3443734090092 56.0471271119951 76.5224507927775
214000 -55462.3671067312 -180.694748571307 300.083941450455 52.2867287962822 56.0553541765352 76.4490190641625
215000 -55370.561827405 -148.205067214424 306.969478288587 52.342385442102 55.7868119074691 76.6811224160888
216000 -55488.2677731159 316.783142011489 301.031908019443 52.3801619705541 55.6157184720134 76.6903765856568
217000 -55465.2626657907 -138.930653148126 302.199646324625 52.3353553547525 55.70107121903 76.7087110442474
218000 -55504.5176190703 -442.684796998531 305.133589452221 52.0290933643905 55.8661241689445 77.1888325544915
219000 -55372.0573828817 -770.81498764479 300.999820316871 51.9887535046251 55.9551001649589 77.1644069970193
220000 -55441.5806615972 -210.17627367677 303.531797879072 52.077061331611 55.8426278667978 76.7441530009646
221000 -55361.7245692338 -268.513500833342 303.934469228522 52.2687223620648 56.0312385003289 76.6078588419064
222000 -55460.9417736912 -615.994566300437 307.993336687837 52.161012895006 56.0366009372147 76.8124592561485
223000 -55338.6537605079 391.797364895063 303.418179557231 52.0172911288353 55.9195095247617 76.9602562707835
224000 -55442.8695594797 237.926761725877 303.828328111642 52.0053319301622 55.9202944643926 77.0987078254528
225000 -55357.620329705 -8.95774341672966 306.418015963084 51.9952651699989 55.7639602529477 77.554124064866
226000 -55518.4575185229 -66.6337984601003 303.559354297217 51.9090560255354 55.9398068372097 77.2906834855588
227000 -55312.1396706648 -131.74944255402 308.000039276316 51.9333333849932 55.8091625929053 77.4986451648798
228000 -55487.3259052549 452.130996883063 306.304522260368 51.9688795412624 56.0493153643665 76.9800069789217
229000 -55402.4167742605 -339.087238948349 305.41194806801 51.9066566780671 55.9797643131678 76.9223277283327
230000 -55396.5696854456 171.510750166766 301.345405375924 51.9528995049895 56.0685648115895 76.7836542206488
231000 -55225.2005173057 -597.419406217552 299.686528288624 52.0073129590705 56.1716519732599 76.9617314026676
232000 -55470.5075825792 -329.905140305855 304.802123518804 51.8285950338351 56.2303744120988 77.0340318652856
233000 -55320.7775875064 186.428761605548 303.623009094269 51.9691504616933 56.0197485992298 76.8521590348044
234000 -55509.4919284726 263.583803740396 300.707679455841 52.0132397436082 56.1333899729852 76.5997153070993
235000 -55314.663603154 690.997591883662 305.555519109675 51.9247706620164 56.3152469746379 76.7172982605657
236000 -55300.9109971945 343.029491339004 305.464394124015 52.0333944450053 55.9896318051573 76.7046120460771
237000 -55282.1790017375 -76.5255048510828 303.593415673586 52.1108559976707 55.984169681763 77.0047519368789
238000 -55486.5061603692 246.519452376496 302.581396082742 51.8225694314608 56.2350557439986 77.0056099386605
239000 -55452.4197158365 189.770406076314 302.713175646529 51.9825589740828 56.1869859250961 77.1063771148201
240000 -55247.7379701084 80.6034418618367 301.96311174503 51.8260825013884 56.3150126216693 77.2830693377057
241000 -55469.6685873434 -252.730229366161 302.347062593851 51.8386328537131 56.4235734717617 76.7931981841831
242000 -55284.8879003207 -210.118638030398 304.136225339888 51.9415570638338 56.3044689672023 76.7182340981941
243000 -55490.1923508814 -200.786652692047 304.284886101747 52.040922537515 56.3562896809137 76.6720172438054
244000 -55400.3964303184 363.187785907434 304.421321644347 51.9258977088451 56.2088033644467 76.8673300498661
245000 -55350.1745751958 -147.139504137105 304.447118829677 52.0998174592214 56.219359340547 76.6583207303951
246000 -55370.8686894828 -206.873980382165 302.559775780218 51.8289858252411 56.4876083533141 76.7750108391586
247000 -55415.2821187365 131.711689232484 302.368948291071 51.955551394544 56.2392499939152 76.8607765716103
248000 -55285.8321097744 50.1177243737988 303.537965157964 51.9347326759452 56.4683732375139 76.4878381913303
249000 -55439.3816141976 106.873371663381 302.340633919022 52.2456489397406 56.0532267914607 76.6446939686797
250000 -55298.701061991 -257.48668342666 304.533368494199 51.8420615880444 56.1288205356406 76.7874077542454
251000 -55455.0353755774 61.6805183982494 303.851829845211 51.8949559674764 56.2106865040009 76.9857732941944
252000 -55377.7817064706 38.0238350698342 306.806977044833 52.0308520771179 55.8535982381691 76.993618870238
253000 -55543.9656100067 3.92826925963542 301.809761144625 52.1517148792533 55.9239480094076 76.8011631644981
254000 -55589.525561206 508.583285132625 305.191935579139 51.9971263291337 56.2284202645645 76.5534520285144
255000 -55491.5812070258 159.81468815556 309.486570393056 52.0545134721333 55.9359313725526 76.500243868645
256000 -55487.7900116294 271.627135886653 304.159403974819 52.0483432193164 56.145056215815 76.6077987536457
257000 -55419.2505461544 -72.9601278629134 309.211065968495 52.0030577811714 56.1718517410233 76.8950376819805
258000 -55391.8302317469 497.161764312308 301.551482974828 51.8710018889583 56.0323781299943 76.8880399979965
259000 -55508.1435175567 -232.557665860897 305.740877389827 51.9035583129797 56.1883671903229 76.8411183063686
260000 -55460.5141409662 49.1131249318535 306.388275185764 52.0131837095884 56.1117143028333 76.8312067661774
261000 -55402.913967396 399.074001639093 304.416792233901 52.12621758721 55.9459345269649 76.8323937433462
262000 -55421.7178958948 41.8153307072195 303.346109738946 51.8937338335924 56.0460655056956 76.9532988363076
263000 -55308.0354294256 -165.109978308985 303.297291668543 52.1420551527709 55.9266753450615 76.9470472146527
264000 -55336.7566297298 65.1416453977865 308.247445772919 52.3401962712182 55.847149113283 76.845518511617
265000 -55352.4226240879 -185.462249454905 300.229088408669 51.9886807813416 56.0167679629707 76.9449736777704
266000 -55415.7190588405 -294.553653074262 305.428198637767 51.9728034747669 56.0211424623831 76.9837330889679
267000 -55445.8142840759 137.303646747169 306.764009059727 51.7117173277598 55.9897536483873 77.1734286654139
268000 -55455.5317399072 -37.9923487990018 304.742293473258 52.1329515570658 55.8949997913688 77.0485657049
269000 -55423.7830019731 -106.300104594921 302.477362637376 52.0329184225881 56.0214449143187 77.0273953213864
270000 -55307.8519294212 137.445476782152 308.298168132501 51.9566713147935 56.1069030678838 76.9701567099113
271000 -55280.0314890406 -609.103553337809 306.2153435542 51.92042168026 56.2434230054066 76.9771583472298
272000 -55367.6308532743 -326.824738674676 301.22860973305 52.0094240461818 56.0157829045293 77.1294789353227
273000 -55393.9981993417 46.3818624557808 305.72573156381 51.8802429719791 56.0325432574356 77.1930551924464
274000 -55484.661490755 -158.59305761954 303.797888875326 52.1197028962778 55.9223867406405 76.9081422625784
275000 -55490.3928285581 351.69595670188 305.140151157912 51.9048408247539 56.1211016662573 77.0482425132335
276000 -55466.2779688671 285.833530893402 299.141176618022 51.7702556931618 56.2239970033648 76.7852466585104
277000 -55487.5639112086 -8.15995853532934 309.51188379362 52.0865083035926 55.8521430071271 77.0132750847664
278000 -55381.4151279223 -244.190048710365 303.317468884533 51.6604162605837 56.2414315292462 77.1072903092184
279000 -55251.7544902044 106.420116957556 306.418436349385 51.7220192086448 56.1303202473107 77.1112568097676
280000 -55439.410341092 122.866952735349 306.840362168586 51.8265269854436 56.1986691929791 77.1285830532611
281000 -55397.9022550862 402.346370340826 303.558820046708 52.0023225524484 56.0702479923391 76.9054684010901
282000 -55407.3135091424 276.855500147941 304.032814245268 51.9655994540422 56.0258908116742 76.7253569617328
283000 -55182.4441033029 7.23627951849062 303.33851839111 52.1546130500487 55.8371006537721 76.7765793907008
284000 -55458.3351959224 482.431986561711 302.553640145706 51.9164181170441 56.2304268740051 76.5326038654496
285000 -55352.0683591829 343.122217710337 304.971129341745 51.9161120994433 56.1077606805987 76.811361024803
286000 -55375.0593509249 333.897238689067 307.1241324604 51.7886645910303 56.061055758496 76.9502443504435
287000 -55203.2925634575 -155.228997452609 306.481205791835 52.1741501173726 56.0239798405834 76.9540117426276
288000 -55216.553702822 -216.572501012004 303.762738958441 52.0147670095097 56.1094165330588 76.8981519025232
289000 -55395.5036723123 -443.18513304263 301.083254229175 52.0288493094099 56.1961294978833 76.7902116445865
290000 -55329.413192642 24.3493873917302 300.932253361039 52.1789639781649 56.0241510452538 76.5205849186524
291000 -55396.7067512378 54.2834372147954 306.405947941399 52.0789622509278 56.1394927718829 76.7982520635492
292000 -55272.4331511723 1.52048570031189 307.354514237747 51.8479212134171 56.2584122991059 77.0442526604069
293000 -55308.3468099447 -482.139911589653 305.783137659234 51.8626697775345 56.1405517984627 77.1456873231485
294000 -55307.7478709829 -88.0820729837752 303.18242984778 51.9127459078952 56.0223588312309 77.1428096503967
295000 -55357.176665807 -20.7224211890323 305.697143908995 52.012667527489 56.012987239058 76.7757040135518
296000 -55461.9811702203 -187.651253708539 306.827714865677 51.9243779213866 56.1009558794075 76.4906979622541
297000 -55442.5694179787 -206.182798654339 303.156218236913 51.9567950257969 56.2795812441247 76.7650886613768
298000 -55594.4611229697 79.4056110418365 305.937725090999 52.022798546658 56.2803741143186 76.6265263852372
299000 -55319.6792305031 149.663933680326 302.718214913209 51.9647625635784 56.0963416936692 76.8829782931488
300000 -55396.0926032589 513.161576898566 309.196560271645 51.7270501512789 55.9981875147059 77.0431518492514
301000 -55381.2923746899 225.12780869001 304.081143969665 51.8706929286057 56.2079171456464 76.9392174637976
302000 -55354.5328671058 -262.772867961541 303.7803053164 51.7673951774434 56.2276331110099 76.8737023099235
303000 -55433.6704740712 193.641215640691 306.554770299973 51.983745410809 56.1110641751323 76.6416808843976
304000 -55461.2750349055 172.344846372155 303.879231152596 52.0887088228716 56.0648398678467 76.631805310057
305000 -55459.916485797 114.043705893967 301.924186228655 51.7160709346343 56.2537809596959 76.9694695386135
306000 -55288.1961451434 -206.292619223366 305.996986328477 51.9761620865955 56.0459179195163 77.1119337967158
307000 -55452.1652634093 98.3237667094195 304.86480234036 51.9096051859157 56.1105804835664 76.9578727374652
308000 -55234.0560659814 -189.23583749916 304.24369592169 51.9310058670285 55.9419479667042 77.1440710450915
309000 -55199.7948054454 -343.194035284672 303.444524041604 51.7715739491401 56.0862366400771 77.3142298594832
310000 -55330.3122747061 -15.3502156996431 307.100289011911 51.7556909204481 56.0555117253776 77.2333000431519
311000 -55167.2876156671 33.7842097824087 302.345670365695 52.0417454023538 56.2349912285592 76.7693037623922
312000 -55405.4991963269 -595.637841951624 303.062623637832 52.0244552890588 56.2473659733577 76.7607637932045
313000 -55421.7648020622 -472.904469920643 304.247795377204 51.9923498224514 56.3285729270469 76.543815106954
314000 -55326.9345759006 -169.302759005493 301.200828426388 51.7548482802619 56.4615598231583 76.7548649862905
315000 -55307.1494322068 -236.791550244797 306.586633960751 51.8086131997256 56.4688757880225 76.8647032108037
316000 -55270.6922004281 8.25598059004307 304.309894671393 51.9663202128009 56.3024292824852 76.9849842746891
317000 -55317.3049048339 301.305595316018 303.494816772239 51.6533576851894 56.3804130841362 77.2170467450904
318000 -55298.7639768363 302.112116648313 304.734061848365 51.6766624427052 56.2778209579296 77.2181172210015
319000 -55341.0686888788 -259.367992498871 302.804047087804 51.8674422622541 56.2760651358527 76.8300818681054
320000 -55198.0635676635 339.721388285726 302.959112937498 51.8900639045852 56.0814261719765 77.0834331754849
321000 -55213.5829103339 -256.045256814801 304.277743200344 51.9641419662149 56.3759310246592 76.833304649769
322000 -55377.8297493867 86.6413267187299 301.570021768328 51.8766651700735 56.1260228870014 76.9403371370371
323000 -55351.795009693 -296.328734632544 308.949064908651 51.9367209835119 56.2661112344891 77.0339403715742
324000 -55341.1646756227 -261.503176754371 304.111441853762 51.9535580524968 56.3330959291862 76.8442281110566
325000 -55504.4058400995 23.1597247165721 303.143174634116 51.7879669653167 56.2021247278262 76.8781245791525
326000 -55233.235508767 144.602147723245 306.609970344712 51.9337851229992 56.0668937565462 77.2416048317202
327000 -55191.346372692 70.7478295160387 307.569567277298 51.9154920217583 56.0268039910068 77.0960666634671
328000 -55228.1568864975 430.072183052333 300.453110621058 51.8847201895533 56.2483574525307 77.0944474421198
329000 -55314.5001736646 -23.2398670605019 308.562535131277 51.820665521643 56.0794876430169 77.1923496026503
330000 -55264.7299822742 -64.1413272840783 300.54039227843 51.7566209987275 56.2188054802144 77.1388664381399
331000 -55573.4632084006 497.193509814326 306.267680217103 52.0527635791009 56.1313532709385 76.8135642912916
332000 -55308.7676840998 113.272848667945 306.282002548409 51.9279143603115 56.2375947869829 76.944955895121
333000 -55355.3351192469 433.417483127551 305.003507118112 51.9480114507479 56.184155123209 76.8805514174291
334000 -55392.1847844452 13.2617378034859 305.413124009602 51.883218147127 56.1697646263098 76.8668185002176
335000 -55370.3440811624 331.961263312492 302.476356582074 51.7961990700146 55.9850292254713 77.1918465747218
336000 -55292.0406486818 -83.1530607949917 303.323719396118 52.0061763530753 56.0876718914685 77.0636229670313
337000 -55239.8705983788 17.8453725211776 306.153302328379 51.8795168398478 56.2299966733455 76.9381840672605
338000 -55217.8715340797 -400.731004964454 306.90567120147 51.767729522761 56.123565883157 77.2995510597221
339000 -55352.640581126 -10.2597534014489 305.049662173178 51.9375373624766 56.1038213184778 76.9176238819303
340000 -55268.5976572027 -111.851013012349 304.980081752536 51.9360200687084 56.0517821323758 77.0312406333353
341000 -55253.8747009955 28.6902129279617 303.885558100334 51.9843451522454 56.2562573071407 76.971712646226
342000 -55539.6426498862 338.470532817758 301.809357634592 51.7877277553124 55.9263826623197 76.9336167396689
343000 -55455.1923717637 214.994994596137 303.459089825227 52.0135978038581 56.0733903124919 76.7614056691746
344000 -55215.1393236139 17.5634655180732 306.132469855406 51.8424845709956 55.9050155176791 77.4603851495769
345000 -55418.692441171 222.288573306269 301.713022908387 51.8819297556433 55.8549177334575 77.3656074400968
346000 -55331.0196040403 -56.8736041424583 309.066535945829 51.6038042428298 56.1382662390346 77.1609455680961
347000 -55517.1933282474 -229.555450162085 304.52086800139 51.5180959977993 56.0625201987651 77.3443893460263
348000 -55370.4022453303 -23.8037542508292 308.081388437474 51.8953421817707 56.2957824442379 76.9775029408891
349000 -55439.4194560014 445.277103378034 304.823601866541 51.7608489519482 56.2216062368108 76.7456141321941
350000 -55443.5359278443 -113.637282722246 307.315149814704 51.979039009475 55.9798299619419 76.9308894312727
351000 -55234.815667979 -95.2075268330401 304.477570013938 51.9043163621285 56.2804653968012 76.79029784362
352000 -55612.9074909291 188.792155587997 304.293397263474 51.9076224163874 56.0170201491028 76.8367419764347
353000 -55480.3016676054 107.837062328434 303.764124019831 51.8427190705968 56.0463338889225 77.104335846115
354000 -55413.02997786 48.7219942283195 304.252632215967 51.9295714236546 56.2600387940805 77.0099514145922
355000 -55350.5360805633 511.844014887944 304.916575671149 51.7219305184355 56.4261871003849 76.8784719928459
356000 -55485.5125069794 -125.851557272379 301.884309069261 52.0886976910432 56.1915726165752 76.7655812147598
357000 -55503.6339985952 67.5950696274901 307.052746284202 51.7540427022373 56.3160156438518 76.6904368073433
358000 -55595.7852748297 -72.2839140276716 307.137406856159 52.16782190962 55.9694906154039 76.7566247346224
359000 -55464.9673902577 -321.094302399771 302.053405867491 52.194966322476 55.9209434634888 76.7175002832491
360000 -55392.3729217638 -234.999499744928 307.908401067551 51.9959936167254 56.1098058384873 76.9050148221571
361000 -55269.0381615033 -295.564491834134 303.134233012586 51.9204888364459 56.1958595175037 76.8189286623118
362000 -55252.4546294241 -134.996720505074 303.305898913302 51.7985207888891 56.2757343965324 77.0580693043268
363000 -55291.8310649132 -781.404543150804 300.404490178183 51.974065230387 56.238436344233 77.0043037284543
364000 -55388.5623528565 -495.274499606734 303.044888644317 51.858033301164 56.2147994288536 77.0939917111086
365000 -55350.0792852185 -326.378604450989 307.375779033343 51.9935130655416 56.1571349323091 76.9700674837233
366000 -55547.0058503062 -496.127186199555 304.733848609629 52.0040376613312 56.1570857736614 76.7598199954142
367000 -55265.4748136084 299.706825110419 306.111343831229 51.9297381260565 56.2991979558228 76.5860349231401
368000 -55312.7526419723 -262.840685103649 308.190695502714 51.6969698424845 56.6619348484321 76.8061477630751
369000 -55330.3830353947 44.1067609652493 304.095684355509 51.7412317489354 56.1741856154018 76.8990241455369
370000 -55412.5063458292 -168.507683603559 299.435857893864 51.8519061781792 56.1896383826865 76.8505065203578
371000 -55442.1690064077 -514.901875070318 311.706164815761 51.620358680579 56.4404243778478 77.1478511880075
372000 -55265.500344562 -202.726923002248 304.195480986186 51.7650202417834 56.4263717526218 77.0398077459439
373000 -55363.1607850715 288.287333044409 304.969327520756 51.7307810125624 56.2532425981919 77.0418099831443
374000 -55436.3738470487 20.4950484070302 307.567287875318 51.5284592516027 56.4292803844483 77.509979315381
375000 -55323.4118204868 277.936664584295 298.430168884704 51.7065910793263 56.1825893064495 77.0623603749859
376000 -55335.9543986838 105.183291461002 302.924557452203 51.7471652811085 56.4569395441646 76.9368542262033
377000 -55409.4300419094 -57.7740902306874 299.563984227708 51.564354510214 56.3780468905957 76.8691275368882
378000 -55401.0989610501 4.87157328497996 301.288406580814 51.8903296094493 56.2705949918576 76.8409943984548
379000 -55427.593692273 233.904314157755 305.001892857573 51.9227744352646 56.2006360638613 77.0218829150779
380000 -55311.7319917465 129.72736398498 305.99427766233 52.0215988934414 56.0491678850239 77.0837630228204
