# Fix print output for fix 3
1000 -55542.9570926877 172.988524163232 306.719001757674 51.5091744999149 56.523857116873 77.2675154072031
2000 -55392.3627803916 277.154331318644 305.112326082757 51.6255244419023 56.3793134838982 77.1788001674955
3000 -55511.3707520724 158.860981583742 303.998728684844 51.7000239943924 56.2991645121067 77.15501504729
4000 -55339.5771302576 -58.6944118685603 307.007408047259 51.3587746316314 56.342506637769 77.4706489681782
5000 -55358.0127168237 -257.16855337449 303.913911008108 51.7071987581818 56.3058198779893 77.2366335722918
6000 -55411.4655010098 110.92226942582 305.392868539421 51.4622460014627 56.326074795699 77.4367798213424
7000 -55259.8309084714 -257.770413512531 300.375117891898 51.688020061888 56.1685857828281 77.3053872967618
8000 -55592.7248974192 -31.0068177640345 302.735009475248 51.5757108719504 56.2786328834881 77.1143603120319
9000 -55359.1787447218 -38.8379372879694 306.063285807873 51.5051168858988 56.5237861713452 77.0097764009829
10000 -55460.5170657507 12.7906283929569 301.278671179698 51.5815928358626 56.3175332280744 77.1311415317375
11000 -55303.557341977 -243.943827230931 306.651464304443 51.5104341406623 56.3073528679086 77.2367229926126
12000 -55342.5821998277 -241.974313296718 301.24006522526 51.5397251518049 56.4642979585826 77.0526120045408
13000 -55406.6130930632 527.006207476875 304.220800286144 51.5619316281938 56.6252576997619 76.9516008868967
14000 -55318.7640860219 163.167994330635 304.718803456446 51.659005572181 56.4417654002022 77.0953604532315
15000 -55405.1321811388 -127.894914609207 307.696646333764 51.6866798173914 56.5914926960953 76.438034808495
16000 -55376.3263878785 42.1662592237237 304.908072114903 51.8063277799147 56.280074039072 76.9044795709618
17000 -55507.4127358857 -203.613916995576 306.636284423234 51.8349530087514 56.5283302046754 76.7827444637655
18000 -55181.5038624279 137.203297998608 300.334493643083 51.845895474771 56.4409841672922 76.4785255201511
19000 -55324.4936033903 -107.657895020395 305.749531616815 51.6007406669264 56.6133143118907 76.8756976939221
20000 -55391.463059359 -8.81912690454731 302.853444323103 51.6938955654775 56.3058560257396 76.7967624507696
21000 -55459.7260885661 132.171593723574 309.839140134084 51.6027824292518 56.3964908581998 76.8442967668402
22000 -55378.6925806372 -196.118297083805 306.017749036285 51.4884210054995 56.3353584939596 77.3178474068664
23000 -55205.8017656947 -4.59966665162097 302.747339500113 51.4938503555269 56.5743929012123 77.3735851181627
24000 -55430.4103977541 185.650691688105 301.940360198648 51.5356925899384 56.2375416062347 77.3410989903198
25000 -55323.1767491377 -165.465613406741 303.395158983629 51.9091283675531 56.1929168449327 77.2836170349378
26000 -55336.9164315716 94.6300962564814 308.607738090868 51.7164805609685 56.2983520980914 77.4466654640197
27000 -55406.8340383686 509.646340834535 304.089192604357 51.5264877570194 56.3355654056013 77.5601677836694
28000 -55355.9525272231 321.873009155096 307.336882029431 51.7038706534795 56.3437814267321 77.3519588633357
29000 -55286.6096418322 458.022626888383 302.491843028754 51.5746936368094 56.5990546459709 77.0549425303526
30000 -55386.0000205935 79.5417667012399 302.417823320042 51.7388372327679 56.437844578584 76.9495981253186
31000 -55299.7747826941 260.252123261978 303.036080776209 51.7445984968829 56.4177422651206 76.6220164324103
32000 -55601.8059149043 141.444591213698 306.229180312788 51.7898271997949 56.5012379763288 76.6409462175397
33000 -55378.2945544142 -803.792967604821 303.266473602607 51.9260631199297 56.2876053012104 76.887721392853
34000 -55360.3878409112 166.735915646918 307.410086314249 51.9186059439257 56.1244271967362 77.0251458555628
35000 -55315.3013978085 22.999871490189 301.650289469164 51.9110322201115 56.1964449202805 77.0057340014167
36000 -55392.407243458 208.43604431172 303.885667127159 51.8825934565041 56.289710262818 76.8459295405538
37000 -55315.4960355494 -283.475403108272 303.677116613558 51.7252475800904 56.4047758659268 77.0658760871146
38000 -55305.4700995233 694.796928195231 306.061019195892 51.5946956345678 56.1986458378164 77.1299995300779
39000 -55306.9384323113 146.357813541793 306.52870086117 51.7436360864998 56.5259326990679 76.7458106745364
40000 -55371.8381857869 -147.500791576779 303.811965446263 51.755083223329 56.3845197501374 76.9996453399823
41000 -55495.1954284103 -103.875229179481 302.658511081637 51.6850391380355 56.3768792220966 76.9705036448571
42000 -55447.891819241 -95.5050640375346 304.529283603491 51.5589674931195 56.460188447466 77.032877911108
43000 -55329.7187922133 -53.9073494659747 306.975384276261 51.6455944382046 56.2589322290959 77.2741963870041
44000 -55394.8753541553 -23.4069982222853 301.761942260039 51.9074458364393 56.2974301667663 77.0451697976983
45000 -55295.7087331604 65.2602489480153 304.072947768977 52.0702357536598 56.2110933840545 76.6999825965985
46000 -55433.0303775735 15.5867862995432 301.326952397148 52.027612675051 56.2218765480125 76.8095545226475
47000 -55390.9318670935 27.3569532850334 307.267798056807 52.0799368013578 56.5163423848253 76.4435131420361
48000 -55326.6452470008 -183.528464669069 305.969818520542 51.988051090365 56.5677464131374 76.2155482344585
49000 -55222.6265253971 -251.592086033259 303.961691790181 52.3062092272376 56.2939412934137 76.0667785992536
50000 -55293.4660582871 -327.980018263293 304.445998343672 52.0238762649576 56.5483464851287 76.4173866509449
51000 -55437.065389922 -134.889389567909 303.240019036517 52.0047066284855 56.6296157523995 76.2320750232978
52000 -55134.6432892778 286.082961400925 305.003959327695 52.3019888464665 56.2304412134484 76.3762823608704
53000 -55498.1875851004 113.057955275517 303.213678300452 52.0645977249148 56.1746876638967 76.5578128563372
54000 -55388.4935392436 289.021453601772 307.906421620926 51.8484573724864 56.1504930595488 76.9548802439398
55000 -55219.5124884277 629.553352315121 309.418040295039 52.1491522510487 56.2286439200074 76.7854867970123
56000 -55224.8305653617 95.9964263197352 303.016794605684 52.0758528553837 56.1402741414777 76.8905050351108
57000 -55273.7875072605 652.418344036145 305.507085321626 52.0549067720248 56.3393493666629 76.454774270456
58000 -55378.3152287409 326.760672409342 307.78416740156 52.144751858458 56.3351825999508 76.4382392580827
59000 -55235.3489551642 -118.727040265879 301.889216117005 51.8961833489945 56.2141676156132 76.9426234678202
60000 -55368.8672314923 259.816230836523 308.570420662177 51.7449107797054 56.1630529583087 77.0691947772456
61000 -55330.8071436272 -67.5105398182524 304.022880022154 52.0898985338628 56.2412427763529 76.5387939803948
62000 -55348.9080842048 4.21080794590666 306.153551838837 52.0306159802967 56.0552223820125 76.869001158428
63000 -55288.8576447106 12.3529262182522 303.827194096964 51.8818978581942 56.1875447901871 77.2085580491521
64000 -55501.970800982 342.815026588907 303.437119055729 51.8214715861456 56.3783545835942 76.7092738072863
65000 -55113.7457538033 541.676823841053 306.555383525525 51.946023928008 56.2955951303089 76.5949548415239
66000 -55415.3268468141 -27.4324370623737 306.081291301907 51.9545964695904 56.3250009946149 76.7118727303118
67000 -55188.8185500059 36.3922301526286 301.125299812795 51.989332250512 56.1744043299502 77.1864085574247
68000 -55298.3652253045 -114.878886091399 301.79112620256 51.7633241554159 56.0044539202158 77.365972805321
69000 -55216.4749440891 367.311887426315 303.212442701399 52.0520292892164 55.9102279932988 77.1412275529967
70000 -55227.3701464818 243.39008591895 300.323621485034 52.0423638971439 56.0116983012454 77.1612806033576
71000 -55508.3645453181 79.485101247066 304.887509781424 52.0512282924153 55.9576383484081 77.137596067226
72000 -55121.9770632629 -67.7897216558829 302.384131064388 52.1572572748171 56.1736622370189 76.6025207673563
73000 -55417.2294090917 -241.011731222846 306.019252400538 52.0388448044526 56.4225390314025 76.691063415907
74000 -55327.9803182983 -280.892738366327 302.283786972188 51.972682263544 56.2406145915173 77.0162028237626
75000 -55226.2932499986 -217.195937387101 305.048168120164 52.0631045329261 56.1086970505993 76.8646999572009
76000 -55397.3726868782 -585.745412474801 299.87192550485 52.1141123800374 55.9107195851651 76.9775997628699
77000 -55191.5548337822 -44.0232764156728 304.189052657704 52.0762059093318 55.9576390208069 77.1298363272798
78000 -55364.2740994254 -53.1389785833883 303.241265197005 52.2355827347318 56.2018260342574 76.9537360877561
79000 -55264.9464658301 150.866511044021 301.791647737745 51.9700945273749 56.0617758960612 77.0545831821426
80000 -55286.2692368997 -106.179110829461 303.662646614476 51.9360165755532 56.4331547910711 77.0934375795804
81000 -55248.3871812874 26.3939913648633 301.743654578751 52.0611691104902 56.3531609853419 76.5824852332698
82000 -55258.0874056234 369.777319944807 303.975042200225 52.1166957306585 56.2707366689963 76.3734112247895
83000 -55310.8888127708 241.005348127796 303.361249269562 52.0540533674432 56.2114799706538 76.5703295248383
84000 -55264.3562763092 -64.5172983611563 301.883128044147 51.7928374532445 56.541535565484 76.8088917359298
85000 -55270.413439327 -381.462613059166 304.729514408997 51.7425538552929 56.5465031177312 76.8757091473218
86000 -55374.2481460756 -200.935643028786 305.129765073389 51.7080481272587 56.6711293528132 76.7987795402532
87000 -55099.1173860698 -393.411448391539 299.327305085704 51.6421472713335 56.6828796480147 76.9418486354973
88000 -55420.7631925405 179.151042007356 304.936853472393 51.7652849613198 56.2658245815595 77.0362842458236
89000 -55363.9045674616 -51.5775880167308 303.152506993511 51.8329800462064 56.4477300086524 76.963219241358
90000 -55233.8212555565 -281.332997528945 302.680073099681 51.6773692329622 56.3531572634912 77.1223967693036
91000 -55307.3614888225 53.4204092240145 308.788982245088 51.6498129324442 56.5805074143528 76.8102154503195
92000 -55326.6166404113 -263.94661467652 307.45847065013 51.6651062067819 56.4184732071683 77.0238796263685
93000 -55545.5221927716 36.625099105578 296.628054872545 51.8103021964062 56.4755437772422 76.8559015916246
94000 -55273.672222264 -210.954931904512 303.498405671412 51.8049240064019 56.3239682737695 76.9041866806544
95000 -55574.5483577416 237.115091000609 302.145388608097 51.7534781965072 56.5830102688973 76.7015289552944
96000 -55428.1641527151 -282.188267435599 307.785715907754 51.6687223743943 56.3264394779887 76.9884100373266
97000 -55277.5214275527 68.3024853793563 300.386655215563 51.5787543600363 56.4380192707383 76.9156544469456
98000 -55467.2142386096 162.737213616239 303.186951402367 51.6458855840122 56.5302401595959 77.1282529730306
99000 -55327.0352363657 241.405569881796 305.463507385768 51.7408697325353 56.5004517384523 76.8181259127515
100000 -55420.0468041332 -91.1618838586684 304.779136773591 51.6955931921483 56.5766961580797 76.6804518438377
101000 -55386.7700003134 -341.609266642603 305.255987647172 51.8052623832003 56.4334929858735 76.9038134639546
102000 -55266.5577620964 -185.652146606301 305.047471415637 51.7383474008868 56.2994766711115 76.8673177834483
103000 -55335.5988230586 -2.19131910765643 302.606648934705 51.5382030281752 56.5098202886426 76.9730265261483
104000 -55443.0213378697 244.693014249514 301.661637892381 51.8830117237314 56.5159057883484 76.4327730842249
105000 -55319.6396261846 163.072415497549 304.038915148065 51.9029836530419 56.6653295582734 76.0951861264986
106000 -55151.9994643924 80.3483281788746 303.503732130117 51.8212021675358 56.6849211020374 76.3180045717597
107000 -55514.3533890124 165.697620477379 301.72889806143 51.9626827587923 56.5229634769405 76.1068816858808
108000 -55419.3930705455 61.3643737522094 306.654702575184 52.1122419033547 56.480082369787 76.2184613772763
109000 -55375.7438835591 -217.621172365283 302.759692068178 51.7160076502436 56.4518167580386 76.7248556259922
110000 -55345.3684668656 -56.664564138006 305.071429959166 51.9734760841915 56.2772508546842 77.0183318286078
111000 -55330.9256542111 101.279425175965 305.114888320909 51.8187257149163 56.1957555941477 76.9587899977058
112000 -55334.5193218139 -362.792615384799 305.300596730547 51.8594105110002 56.2001344888775 76.9605063490639
113000 -55422.098114075 143.490100150584 307.436466356921 51.6557797909271 56.2922013441776 77.1244679622359
114000 -55407.826175013 -228.720899212578 299.261706480971 51.7047684274235 56.3746540511109 76.9177241344296
115000 -55491.0859299996 -94.6047946756179 303.932599794644 51.5826757181232 56.4894915772953 76.8301320494733
116000 -55292.8116382607 35.1602615315429 306.33777831386 51.6979813113105 56.3982631201256 76.8279581137045
117000 -55279.4698722489 588.082192298086 303.493487165562 51.9630374144103 56.0640130309573 76.9327449010995
118000 -55364.5725322297 42.109367097901 302.375784829995 51.9620882053925 56.1687885385258 76.8857747224665
119000 -55340.2333014489 158.063456209789 305.14670585283 52.0894996991409 56.2062509397672 76.74835216156
120000 -55327.680475115 73.92233027211 306.267133218655 51.9065786354589 56.0235283180703 77.0223272932248
121000 -55314.3174101005 342.345637446809 302.499284370042 51.9560802756099 56.1138846337812 77.0648199911396
122000 -55159.9943856038 555.085201993156 302.176072361821 51.9406495872578 56.0631276011115 77.1357648927875
123000 -55329.1981159025 618.248192726004 302.435508169631 51.9394653234785 55.9159995896926 77.25999549845
124000 -55261.1846993434 345.96396648377 304.702722590829 51.9724751077341 56.1991136194716 77.2783597601774
125000 -55374.6826294783 -668.653562296048 300.431651372993 51.640223054625 56.3321268898851 77.2118610336148
126000 -55225.1792676691 -859.828486311771 307.009654892994 51.7503388571329 56.3125187619924 76.9455675638265
127000 -55383.7191939599 -14.6506708022018 301.239325752352 51.6503136025904 56.4848957548547 77.0000863885641
128000 -55127.0608985376 -492.838472802684 305.411834739186 51.5954168707047 56.6435377636144 76.7737732349522
129000 -55313.6544907338 85.4354035699449 302.293668471939 51.6927586649931 56.2507896752252 77.1079750262849
130000 -55326.065299064 31.5100640641616 306.424733785847 51.666842949966 56.297818858016 77.2167213048058
131000 -55587.5128233873 61.0069201905016 302.207448477717 51.609839216964 56.2870017267507 76.9844570297855
132000 -55461.6163400821 -330.290162825414 303.592326829495 51.5396191887326 56.1567092471353 77.3845177865224
133000 -55468.7609454388 72.7125953816994 302.691764340827 51.2841958743646 56.4494292240234 77.3220023514382
134000 -55307.1103392506 155.91557623103 305.994389236416 51.6272000450532 56.4091997554969 76.9987632948233
135000 -55263.316406637 -151.207237971666 303.225122371476 51.8594546530974 56.3932920088455 76.9262608393284
136000 -55341.3937308807 -200.538234547306 304.605032734531 51.7176884421552 56.1157210866048 77.4171301746826
137000 -55417.980174329 523.270514283139 304.593396470731 51.5838910027922 56.1119918190654 77.358860466264
138000 -55450.83568546 455.240506451603 305.316566725099 51.4691143159729 56.3232438352683 77.5683740136625
139000 -55243.1755332091 298.510511448364 303.085468796407 51.4186573734639 56.1404670594832 77.7267804846796
140000 -55313.8375173208 -397.891765438193 303.065127431637 51.8687037238884 56.2298768012261 77.2909118740308
141000 -55286.963667514 -37.4107926865864 304.240212084948 51.730934474065 56.3286112614542 77.1731241912677
142000 -55358.7592227924 -557.501017539888 306.110671582735 51.640505837668 56.4119738247368 77.1778350979038
143000 -55368.2622705885 -321.589083902565 309.489043125888 51.5682247595517 56.5452216148364 77.0279300464342
144000 -55238.4661403922 -148.608491027822 307.218999224578 51.6729562894711 56.4847212147121 76.9740696843363
145000 -55370.1250706804 -297.863808663817 306.141186763119 51.8132577606958 56.1854674144757 76.9647594843197
146000 -55405.7044538148 -104.006126353327 302.409476590801 52.0701794472512 56.0813038341459 76.6005612844981
147000 -55372.7376349275 -159.464749881115 305.34049039687 51.7350620018713 56.4952245334777 77.0875297326121
148000 -55203.0447353391 -326.101425885423 306.011015617511 51.972806875985 56.3336747322416 76.8284893494802
149000 -55200.5034534103 235.6170861482 304.992611512257 51.930662405472 56.2469223247154 76.7643560680612
150000 -55264.4923867025 60.4425467139244 301.852724802047 51.8441562704963 56.1022750058387 77.2704543500756
151000 -55307.2185550844 -85.8348586796013 303.03495197393 51.59977497746 56.4294770360335 77.2318208438926
152000 -55318.101562509 -19.0256573491739 303.245900059451 51.8823250337487 56.2718220737974 76.831273209948
153000 -55352.0841813466 324.70007137701 304.926134566363 51.9690312152203 56.2208781482058 76.6213575435783
154000 -55469.5988706572 -31.3940023064346 301.815071481106 51.9590649290103 56.3000512642175 76.5987857243048
155000 -55489.5317982449 303.06598526408 304.499436759699 51.7279756085373 56.3817268756907 76.7040898359644
156000 -55443.4616197316 -13.7057353116386 307.337892195416 51.965603903156 56.4043330502544 76.650520017964
157000 -55547.8767549638 263.737223831474 304.060903295878 51.8138546809644 56.106403111604 76.8253265011789
158000 -55252.1221087509 -379.249863781908 305.142275844497 51.8815162119348 56.2982591186084 76.9586939170065
159000 -55476.0083005634 63.9525438845451 302.591178784671 51.7367800727844 56.1587916120184 76.8240393831447
160000 -55424.5143784842 92.5010880456292 299.954947698253 51.8576127947246 56.2703667458671 76.8069788568619
161000 -55482.4335556172 -348.76721165183 305.860917784129 51.6086916745505 56.3235940986215 76.9958526859349
162000 -55498.6425222141 578.945145595086 304.461384786065 51.6339331215309 56.4436401394392 77.1025621101043
163000 -55351.1192951477 183.265683615136 303.454161938581 51.7975652738335 56.3089945453465 76.9344471327632
164000 -55438.8213502548 292.673143348252 302.464691909235 51.5831027054949 56.2145231366004 77.3121966602428
165000 -55319.4261744909 63.7889683153442 304.451450447602 51.7202897280767 56.2031194438177 77.127071432088
166000 -55226.8966350867 -236.786690763999 303.058298039149 51.7879087719451 56.0344011304128 77.2209421892158
167000 -55504.9761170159 -319.329447151126 303.585505957816 51.8485207800058 56.2102251983237 77.0816864875369
168000 -55273.6677100884 93.9703870194793 302.667955027544 51.9228667237726 56.1958205845563 76.933018884718
169000 -55349.8150820717 91.5966859335008 306.241291459061 51.8191787858146 56.415747203251 77.1015780884739
170000 -55559.8481699727 -274.743099731696 305.229612587118 51.6829511032999 56.3492056958207 77.0528976421537
171000 -55297.7279629153 243.947829366755 301.887313335593 51.6368649126557 56.4442247800741 76.9665268938357
172000 -55147.7872630218 -154.668011499484 301.842691447112 51.5552798964118 56.3710427773151 77.1660819975612
173000 -55359.8549394 -68.0744904203669 303.559339453923 51.5587315987388 56.288900306898 77.3778390636515
174000 -55311.5075147255 123.813275551199 305.951336806192 51.6308736567226 56.3621661163015 77.2477877124951
175000 -55255.7358160415 -62.1990493005846 304.451601388448 51.8365031582689 56.3706875923444 76.8466135372681
176000 -55417.7703264067 362.762890469511 305.368648467218 51.6902571483406 56.5741041518105 76.8455016389385
177000 -55577.7083339582 -297.656427374865 306.206791522348 51.7550016090482 56.7298003275163 76.5916204084571
178000 -55394.0828033916 177.471124279305 306.443799204954 51.7874859822719 56.3899542534702 76.771552946394
179000 -55449.1663088471 -13.206604812905 303.39339800226 51.7071388159398 56.4211795553688 76.8531932163192
180000 -55394.7562954598 27.9092256537664 301.536968067407 51.7477417703485 56.3614147356612 76.944338600606
181000 -55165.7459018017 43.5142607289048 304.390995692391 51.775564237351 56.4968773217339 76.6109471697158
182000 -55319.1082016305 -262.213260078545 301.787084618635 51.7517725903056 56.3989613086048 76.6096068278731
183000 -55480.5396493312 -242.106988540497 299.1919765008 51.867196946542 56.2926555618354 76.5790813372804
184000 -55410.0542086222 539.766987136731 303.936151742935 51.7600624708432 56.3647378818851 76.4517727047885
185000 -55454.5229210958 -120.568792765359 302.074362076747 51.9327042270174 56.1846402299588 76.6266939301956
186000 -55432.6387882135 -151.385196642372 305.87689731321 51.8423955717226 56.2939583913998 76.7941947614775
187000 -55297.514020947 -181.175174377826 305.250024876145 52.2430645095057 56.192361505799 76.2471387138279
188000 -55468.7377259352 -235.069958683948 303.254731422914 51.9005186065016 56.4362823396982 76.3771262031679
189000 -55259.475968028 -27.9554708103222 305.014571952647 51.9586543663322 56.5052495418224 76.6544092472363
190000 -55339.406061073 80.342930662804 305.242664057973 51.7670865897949 56.6023750571537 76.4931027847054
191000 -55383.2951101628 271.218346945393 301.550339311312 51.7915776697619 56.6475125402173 76.5200769938203
192000 -55127.1888794147 147.002228899872 300.762605169395 51.8816662462324 56.5086618751378 76.8086704702633
193000 -55233.721169436 -318.553229323146 305.498840039904 51.7664594324935 56.2836302541961 77.2310448877257
194000 -55397.3547491147 43.3586024707597 305.645099269672 51.8631169786739 56.2689503241716 76.9398387689711
195000 -55289.1892272122 250.445750892356 301.782953626022 51.841717128954 56.5014324929164 76.5912476866138
196000 -55409.7604044211 176.168063036398 300.6930706518 51.9257932634594 56.2018629870058 77.0757133973683
197000 -55209.2170261598 270.358069924337 301.25102477975 51.7800936912922 56.1722527812227 77.1646118233569
198000 -55338.9321227037 -565.797389590415 307.394323991338 51.989552566284 56.4189022875558 76.8867546340511
199000 -55223.8039309754 -345.936297559138 306.024908836143 51.9136090828534 56.4349683711444 76.7423461452409
200000 -55342.3624798844 -298.868455630802 307.863225012671 51.8918084426802 56.6143863677785 76.3164938025972
201000 -55534.5517356617 -686.632543881281 304.877495672663 52.0700870283508 56.3399485264321 76.3738460834452
202000 -55179.5576833133 -96.051702608654 306.413319767147 52.2187137704714 56.2097202213751 76.5600537867643
203000 -55276.5939286834 35.0798105721421 305.529900936925 52.0646826338935 56.3552627265478 76.6618298439454
204000 -55208.3773175701 458.173669238698 305.946260917052 52.2125726395599 56.3231688894177 76.5607966645012
205000 -55386.1469806661 324.866245417099 306.974783609563 52.2379210126173 56.0711747305534 76.7219239677665
206000 -55151.8739993744 301.309983185258 303.148306664614 52.1736873728046 56.1203377598533 76.6630779251615
207000 -55400.948043612 -248.922070173341 305.291973314921 52.2415354527941 56.326134958494 76.55180769103
208000 -55356.2834788592 286.18871788283 303.630446104373 52.3424824172623 56.033037488462 76.2416025940812
209000 -55279.7991537813 680.94082445407 305.046716002144 52.1987021358787 56.1252437225078 76.2516709099019
210000 -55305.9489127792 119.356982225197 300.90190287109 52.0995853359305 56.1942089491332 76.7234602121154
211000 -55506.5838269856 -366.008848929134 300.45764058138 52.0655896675023 56.3308708021454 76.4414177588038
212000 -55334.2648057492 -212.947845805992 305.217616696432 52.3941847586609 55.9886990124853 76.6919646076963
213000 -55634.2896584453 265.535009217171 302.647760493548 52.0093679627734 56.1142512007118 76.5964295206029
214000 -55507.9731968509 -217.088153542479 304.838428749539 51.9640492354391 56.2798778701197 76.6130122540851
215000 -55417.2659965523 -39.7892838022223 304.437054746034 52.0152225295523 56.3365388439653 76.3117877447404
216000 -55229.5424642671 -966.388855740172 308.326805050659 52.3152846418211 56.1680546414069 76.1856218781223
217000 -55419.2889953342 547.824035750108 302.297696712865 52.4203886436937 56.1793606726211 76.080946701761
218000 -55272.8171374185 371.57144884627 301.895530066367 52.1963670674289 56.2165565010262 76.4600317633074
219000 -55297.9483605713 266.191432331786 303.910528469813 51.9787210700149 56.1812313954337 76.8497804293165
220000 -55251.9759810981 -211.502261875307 304.253261685241 51.9793933418979 56.057054804848 77.0997912571196
221000 -55249.6937960372 -286.214995343269 307.504853938973 52.1678492474413 56.0313078995408 76.8220048131643
222000 -55300.5655986705 -60.2483748368487 304.25021827503 51.8971865559802 56.2270904368803 77.0286290261258
223000 -55353.5720683333 -106.372696206482 303.596540578517 52.0115309811452 56.4644574690672 76.4656902977589
224000 -55186.0905760021 177.29100677586 305.265336599967 52.044728404292 56.5447106090828 76.3706784676303
225000 -55217.1155667686 82.94572914138 304.161190316492 51.8983827135078 56.3428934338779 76.675172008835
226000 -55320.3604968852 -49.8817992147384 308.304561085878 51.9148198944087 56.2083963509025 76.6865600219536
227000 -55270.7423640476 229.869405872092 307.174832670031 52.0311020314119 56.1998531293987 76.8594539309142
228000 -55358.9025408224 118.541869572155 303.668261000248 51.7686717406591 56.1132223649445 77.2864311811536
229000 -55362.4815735955 436.550824976329 304.656682927859 51.8672908164976 56.1490058333546 77.0151655139773
230000 -55410.1834469619 208.05487104845 300.34377818535 51.7547120067653 56.0253228166571 77.4808287439966
231000 -55319.8236803183 216.777571494147 304.323531731563 51.762226038357 56.2798790201064 76.9979850040786
232000 -55431.3808477355 -93.7713915065432 299.063733912054 51.930169973519 56.4191499492505 76.4756407513312
233000 -55388.051053668 110.016930319268 302.655683593811 52.0801075824158 56.2739157013779 76.5330463849714
234000 -55247.854634593 -221.773219121495 301.911528000514 51.8579743002944 56.2243631976897 76.7376889307602
235000 -55383.4171467231 0.133184511746723 303.116779572866 51.8683266142517 56.2843589255069 76.8122477286479
236000 -55200.9091850261 163.297757628183 306.85242400472 51.9963956090979 56.1405597855631 76.9601276151616
237000 -55520.9444418204 3.7176587497492 309.818552541507 52.0429362781387 56.304246996585 76.5517092556046
238000 -55396.2515222016 102.992307800327 300.176009811784 52.0362895767728 56.070575389511 76.9431920725471
239000 -55328.9451249733 -326.352199812282 304.057634644775 52.0924243878785 55.9368581972452 76.6916263626657
240000 -55423.7180597634 -211.304458999065 306.955768858134 52.1324682547048 56.0434806299404 76.5313777038676
241000 -55542.6019515779 192.84359490638 304.255970328117 52.2431110900523 55.8951125880722 76.8218528716421
242000 -55453.4959874973 25.1542933526514 302.119553164187 51.9487162324887 56.2214643617391 77.0706494401635
243000 -55344.5088575721 161.143530577105 305.81217171405 52.0529015573494 56.3604619085059 76.5640890678077
244000 -55486.2710450065 272.666790023984 303.680533695216 52.1480202401163 56.0942639101474 76.8999645332975
245000 -55362.7952914242 764.00990438882 305.054330682061 52.0230398832938 55.9097837914271 77.2030457840456
246000 -55422.9442243945 45.7388464208329 304.393375989964 52.036479915289 56.0654884110654 77.0517835259621
247000 -55534.2191290156 260.378774031741 307.093703077708 51.9614585143695 56.0695356472608 76.6831543559873
248000 -55384.7120249602 244.724575654074 301.837343043749 52.0246597204883 56.1927139165381 76.6138368168989
249000 -55473.2094096942 200.404620133477 304.045687232466 51.7410967432997 56.1235478148305 77.012007133647
250000 -55419.2841643367 -659.675524052387 306.371893691294 52.0172921990004 56.263340502096 76.4055823234233
251000 -55270.7242693982 -77.0657302012415 306.722572374075 52.2934553150326 55.9900459154031 76.4597060379747
252000 -55464.3939474202 -24.0560573243484 305.077578937333 52.0832353032542 56.2952286439127 76.4956897059352
253000 -55208.9266550234 6.09506125641805 307.131112386392 52.2150410987547 56.1801759266123 76.6246696623008
254000 -55363.445557061 -114.309234278702 306.105280331852 52.268750495 56.1699032569435 76.4669283333184
255000 -55311.6509559426 -83.2249954154642 303.933922874978 52.3802336479425 56.2238632974948 76.2835320837429
256000 -55205.1138434149 568.193458914108 302.83183054834 52.4628985641278 56.1914853310894 76.338465028272
257000 -55418.6963883768 185.993597830174 302.087375314189 52.2799201123623 56.2196779329658 76.1125041674245
258000 -55275.3003299603 -375.883472973318 304.63663013879 52.1048765362232 56.3694925642432 76.3555686240013
259000 -55308.1943333002 199.719166184523 300.092055122763 52.1100344991937 56.5570477384384 76.0110982290297
260000 -55161.9878180435 -449.248355779026 307.618796967256 52.3378147458362 56.4137556865456 76.1139539118755
261000 -55363.2720346839 -401.335623536493 303.339202330249 52.1678192539227 56.3684254719503 76.135973229738
262000 -55284.7272539025 -251.174602567485 304.022393655703 52.2974655617026 56.1996884043011 76.2897412348493
263000 -55323.1354978425 31.2194000989646 300.935494481477 52.1151733032525 56.3175561085456 76.1982727645802
264000 -55379.2858569407 383.937546818053 306.198670711591 52.0485032590123 56.2672421260984 76.218951924875
265000 -55368.0777956804 -408.361537658022 302.775893133436 51.9932280810067 56.380984481842 76.3762000479375
266000 -55377.6200980295 1.51778297132045 301.716070404023 52.1441103382482 56.3438627201541 76.1727135614183
267000 -55272.2767272242 -48.3422876231679 305.949821216612 52.0460103911171 56.2903596468525 76.2486745529498
268000 -55293.0056951898 881.995792944255 303.446212881063 51.8529528533491 56.3683224257153 76.7957904208648
269000 -55184.1153306486 -164.28758051728 307.967155488443 52.0077637682048 56.2557267032289 76.849193901737
270000 -55293.2387106192 -49.7644842584522 303.766656288021 51.9506810203944 56.2964081556634 76.9907699380183
271000 -55400.2302523064 383.349734440221 304.577948784332 51.7601215800426 56.1587736295911 77.2080630642788
272000 -55347.0761546752 433.604403093701 303.15856103744 51.7420076477596 56.1024096762092 76.992474231054
273000 -55524.7337474718 138.559272770874 307.451101365352 51.7357725185527 56.4028052212788 76.9620329983426
274000 -55270.0665710892 67.5709525275747 301.615484111001 51.7727661697414 56.4552604554567 76.6202712905712
275000 -55518.7242324095 -12.1472782387539 303.367677246819 51.8184157130304 56.1853563359836 77.0627106518545
276000 -55168.7759368105 -464.219002061187 303.930355994861 51.7176850105685 56.2761150718274 77.3723989035709
277000 -55379.1689166595 -57.0630761432791 306.555973333996 51.6449765854372 56.3090210001455 77.1544302612201
278000 -55280.1172210413 321.824297580414 303.329391831322 51.7224151401256 56.195567825834 76.9785067899519
279000 -55212.3339016956 -128.635747669629 307.828043126856 51.9805152758847 56.1927400861254 76.8795162712427
280000 -55333.89689067 -71.0323731458265 301.923055129431 52.066820927163 56.4867465979318 76.6673685659495
281000 -55486.9069478894 -133.719942988827 303.208808772026 51.6776034564693 56.3741369231104 76.7325359964344
282000 -55197.1191724622 237.79906103482 306.113133220295 51.962792926287 56.4796109563331 76.3705132045181
283000 -55424.6673258619 -36.398363913814 303.690060177781 52.0539682308501 56.5627435883517 76.2755327772991
284000 -55376.818675657 -70.9620392198084 304.751101859424 52.3010364803087 56.2573713738051 76.1219317590054
285000 -55253.5373574413 -346.263832245134 306.136198795151 52.0613564727643 56.1523272836641 76.5826285279285
286000 -55534.5780625001 -51.0491396975564 304.678303836783 51.7442259567747 56.3658844934461 76.6267242097743
287000 -55409.3923062483 -62.5153205768674 302.284405688359 51.9203479521837 56.2421749504973 76.389647390019
288000 -55332.4488791168 145.333240995402 305.050810989331 52.1211353699875 56.0303082319375 76.7705263565667
289000 -55528.2613788891 54.2040687192742 301.792568065835 52.0925089465689 56.190401341854 76.5188783002325
290000 -55358.8256561526 -233.442059316075 299.083823184824 52.0624679023788 56.2284641712904 76.5243072611368
291000 -55385.8220302705 -74.8946414420138 306.366929697743 51.9538373893705 56.3350197609184 76.8231567885968
292000 -55226.3551986988 34.1664653809829 300.202201930092 51.9127936571433 56.3820651546013 77.0283581993633
293000 -55232.7630131038 -113.787796186931 306.014609083044 52.0204385090692 56.2706910340736 76.6456081603654
294000 -55358.2082258857 87.3934906696919 303.784436156942 51.8613014685314 56.3048396194893 76.9727708575041
295000 -55395.3302897715 -31.4993454569804 306.278864067477 51.7345766699568 56.2632303481329 76.8748106926388
296000 -55361.6650600081 673.695254806863 308.596130567422 51.505050085547 56.498699212091 77.1020248228084
297000 -55242.4393425875 81.0308719886997 306.299477614933 51.8090612029931 56.2776616843275 76.9364770795418
298000 -55368.9607360168 -426.174401855597 306.241532770507 51.8434728034997 56.2941095425827 76.9108192211933
299000 -55177.8650596562 -1029.54741420404 306.298843299558 52.0868147536487 56.334479693188 76.6535660987943
300000 -55374.6425647863 -554.828699059483 305.351738906884 51.8242641751175 56.4010153895028 76.6191092868974
301000 -55346.272365406 129.848463762015 301.950062689462 51.6464001122398 56.566186735356 76.6092794319709
302000 -55468.2183064401 172.834442809989 300.975642877364 51.5449791428157 56.3995930570452 76.8875016346546
303000 -55499.2578027496 483.511727135375 309.3542244089 51.5716272140761 56.243822929561 77.1210669237831
304000 -55382.0841642245 63.1675624179303 305.812880780541 51.868408589925 56.0491669251817 76.9948282008071
305000 -55295.4749294265 181.540822807818 303.86990834358 52.0088005605343 56.2331744371582 76.8032097504861
306000 -55190.9561732109 -136.003522095608 305.183629526119 51.8536642220098 56.19067945719 77.3266063546876
307000 -55180.9649737868 2.21411387224964 308.179735733991 51.6853140735723 56.2055803232217 77.2124621915506
308000 -55202.5759004064 -129.14541787639 299.764984674956 51.8939275019485 56.4898174003549 76.846551602524
309000 -55261.4442984919 9.92475567648854 306.989730784097 51.9534264793848 56.0381654220369 76.9233101049873
310000 -55511.190291161 175.995995041007 308.805737623388 52.0101974485325 56.2900223738222 76.5716731826018
311000 -55509.0949583435 326.483267161459 307.840108315564 52.1210699448958 56.2435672093012 76.367730104953
312000 -55359.1519193762 599.199802591028 307.014233301977 51.9479387025045 56.2248256553999 76.6793655095253
313000 -55408.4047215083 36.0819358843841 301.550667654133 51.8583174844868 56.2100065080575 76.7216693056356
314000 -55250.6047433791 -4.84325669592151 306.557244378334 52.0580100933834 56.0877037003316 76.557738360288
315000 -55362.0365900154 53.0062684483148 302.914715134256 51.8655927408864 56.2010814339583 76.5440771035028
316000 -55262.4364378838 228.839911358938 307.145068823575 52.0058668274744 56.5323878510761 76.2668614573648
317000 -55431.8637882058 426.810339102237 301.008080362371 51.9897758548674 56.1886017100303 76.4148228364597
318000 -55469.478251218 70.1035819688549 303.38850085046 52.1882240418874 56.2468136232453 76.5160121095791
319000 -55329.6216850283 -323.65024157747 303.336629977192 52.1283787300217 56.2451296637339 76.6274678667324
320000 -55288.7166029834 -385.809180251751 301.775577864589 52.1314470145779 56.2907584172754 76.7334691291201
321000 -55379.9675773105 -254.299199279979 304.41154324757 52.1322695222006 56.2890618058874 76.4395015475632
322000 -55517.8463070826 146.683418575421 304.155991728749 51.9232408355406 56.4915061610574 76.5190756115308
323000 -55201.3008700536 -228.588615722677 304.154039506981 51.9072460529226 56.4451841881617 76.5545958498796
324000 -55228.6374685977 95.3166925807235 301.46647612116 51.8438004474627 56.4020582976073 76.8234500289442
325000 -55357.3996857694 142.03760486121 305.275844893768 51.9198777161858 56.2476296335196 76.6289145871756
326000 -55189.3569281539 -296.255112235223 305.76258216322 52.073117008341 56.3659996653074 76.4841271369269
327000 -55412.3250031577 -427.241262538133 305.217922693963 52.0517909299465 56.3818441168264 76.5595221169808
328000 -55555.8024670369 -82.4244103627897 303.220678161318 52.1879892432752 56.2249495317763 76.4128178123211
329000 -55314.2373854678 -294.062933293507 304.819043779115 52.3437893082158 56.2000016314006 76.3159167031543
330000 -55152.6641825986 234.96625876812 305.820362097046 52.3228834791732 56.1801052217902 76.7215288516523
331000 -55440.206860753 312.70808072932 303.849924110556 52.2865710479451 55.9487406065409 76.5798046170371
332000 -55276.6388411147 -252.630917574109 302.497354830077 52.2206371256127 56.3991321540641 76.2008766901482
333000 -55476.7206228969 92.5194619486553 303.169234246389 52.3476846950202 56.3296379743126 76.277785698631
334000 -55455.33919159 323.248629539571 307.43445989576 52.1981626059894 56.3195438081645 76.1714566632726
335000 -55206.3110667225 -130.804201803504 307.417786201391 52.1762522856819 56.5927052498667 76.0392577193729
336000 -55375.7318189599 42.7040145062223 303.975666862132 52.2701081458055 56.3984829888872 76.1475673164635
337000 -55218.2069067438 -289.299193748328 304.2487409105 52.2515332470885 56.3206891644091 75.7745147730463
338000 -55390.1791304388 -558.155200373766 302.029876718161 52.1719115852973 56.4364791824722 76.1519817333891
339000 -55269.3956755409 -164.02873562577 303.92406301984 51.9367272437229 56.2632822430575 76.5642764449838
340000 -55243.5158901868 655.000257769109 305.326209690134 51.9908717242064 56.1691430018313 76.563744438101
341000 -55349.8167381917 377.504298940697 301.360988892379 51.8522384820389 56.1344817493144 76.6527593941342
342000 -55392.2928064419 -113.063367791674 304.753521125098 51.7646297768047 56.4128421500935 76.9329674029315
343000 -55279.0735160983 299.842852022212 306.753772729441 51.9000375887154 56.2615799944691 76.6759694164599
344000 -55202.2832879872 152.281296147807 306.253077154684 51.7588752872247 56.4601995392006 76.9136397308667
345000 -55275.5731055227 394.634842044401 304.6925167179 51.7501856335892 56.3737257007313 76.6906797353524
346000 -55292.1908689872 -249.005471646955 303.560907975052 51.7996607258091 56.3677488843033 77.1422828666786
347000 -55321.35289195 124.10632265556 301.03353396401 51.7233034144081 56.5268209549369 76.8485742980457
348000 -55251.1833386364 -306.534984585511 307.599804411097 51.7862405915798 56.466890413463 76.915856218682
349000 -55549.0186229606 -157.2153857291 304.801382587826 51.9359198317585 56.3128640754356 76.8922569871562
350000 -55295.6914720713 421.796404136529 303.995745837414 51.9345380780516 56.2524844917715 76.9446023775022
351000 -55339.6602064472 228.678126655683 300.130164694993 51.8123965537362 56.3544399112873 77.0347853147438
352000 -55388.1956318876 18.8706517003538 306.541917705677 51.5284289124066 56.3347011124395 77.0770592295325
353000 -55340.644657043 181.29335692594 303.054627172551 51.5815403531436 56.2495093828789 77.4371024633624
354000 -55509.6558921329 -94.4869054921517 304.866602398465 51.4230444244764 56.5582111040799 76.9508462226521
355000 -55350.9965529915 -815.67582325352 304.216076630168 51.5790422923955 56.5408523021489 77.04991822995
356000 -55234.4471769969 -405.892381890718 305.982778227133 51.6514909481661 56.4242204438378 77.0872709454681
357000 -55389.5465258344 173.990241776116 301.175293572779 51.659774891924 56.4276035720313 76.9733998045889
358000 -55310.2532167393 -91.9183270267489 304.988445365935 51.6229466158056 56.1731171514893 77.1746704571179
359000 -55223.1482463711 354.48015592144 303.357360206423 51.6518954085528 56.4504906109966 76.8956703040784
360000 -55390.2711978469 -413.247350585381 304.951846434997 51.6139146442164 56.4304290205828 76.7612771878124
361000 -55245.414008716 -220.980950510503 302.828753553932 51.273002998323 56.4181204866863 77.3062841672218
362000 -55311.5106070013 -131.517349614896 300.596016753935 51.4235197593458 56.3850799331374 77.2132535096255
363000 -55260.0799024566 -527.418716464302 305.871899960574 51.5779865358688 56.3671081983223 77.25521285365
364000 -55437.5471803207 -142.423241871706 302.727613715503 51.6014471581591 56.4683801454821 76.8303793188754
365000 -55234.0649815042 -145.545735075923 303.546518219998 51.7784234949604 56.6182842808999 76.5400241343405
366000 -55317.0040685338 -427.094052151757 300.945980378107 51.878287393807 56.5072633773551 76.8769192633217
367000 -55194.5112054159 -575.221794563943 305.212187643959 51.8661460380666 56.388852621992 76.7444950143394
368000 -55389.1349133748 -546.072823510856 304.390071814572 51.9335066526533 56.4848370032556 76.4810876885781
369000 -55195.2249120463 -94.3066426794298 300.827749625156 51.8991954341292 56.360396735202 76.802428060816
370000 -55246.7242833646 -101.938342846207 307.70808987896 51.8106439847718 56.290398334344 77.1863957881654
371000 -55239.4790669449 -100.826410283824 305.704914458847 51.7112947778921 56.5226627435938 76.9049237527777
372000 -55270.9241102002 -8.91266917828503 301.152606168844 51.8341329409494 56.375901695096 77.0395290614993
373000 -55529.3933652008 50.0639524156597 305.94071020931 51.9496703478232 56.2924775678098 76.7825131176361
374000 -55309.9382013395 57.624540655914 304.700290301108 51.8084280995048 56.313582755661 77.0040441301434
375000 -55222.1088722384 257.446287532581 305.0818087104 51.6257858599156 56.4442371328622 76.7957014576514
376000 -55309.5012400722 20.3307653047527 306.698224913121 51.8208170224037 56.5673885656407 76.3209902276914
377000 -55284.791299168 -261.460787090614 301.417576795685 51.9623761268633 56.5840610862277 76.3059632928363
378000 -55420.8513851031 -515.862480648492 303.974006536719 51.9843506110875 56.2937668036258 76.597836921748
379000 -55276.1288514648 151.074552972837 300.633764872274 52.061028632671 56.2615334850935 76.5504917243479
380000 -55354.5282951746 431.987736965809 305.993152538785 51.9368731991653 56.3813865804373 76.3149626640948
