# Fix print output for fix 3
1000 -55353.6481335154 -87.2450515559358 307.366289733593 51.3518368403364 56.243647132589 77.4212392119165
2000 -55438.1879947305 -381.572428607503 304.633556641995 51.2049685549933 56.3092641684316 77.8582003304163
3000 -55372.4465047124 395.444713332842 305.955270120378 51.1453799984868 55.9658451807732 78.1377626566985
4000 -55190.4169240814 536.587075749245 306.041711156072 51.359372450092 56.067880856499 77.8574963149981
5000 -55339.011544558 143.38273550241 304.576248551011 51.4606377140657 56.1232201107565 77.4348606433682
6000 -55365.8956525017 -280.68374501295 302.733790609014 51.5459822526605 56.1924131963108 77.5903819819159
7000 -55297.4119163522 158.03060957869 306.31290881105 51.5895970597429 56.0240540817392 77.6052998179608
8000 -55451.1693861551 127.806272739145 303.812589927718 51.5384660775678 56.2267744407036 77.1722320886464
9000 -55342.4738467477 59.7526799049358 303.423027810903 51.4818150998914 56.3223721705847 77.3374421987099
10000 -55437.5706659605 81.2753000749712 302.777740393821 51.3858851793257 56.3767313028177 77.3593039755541
11000 -55419.6764640597 509.232699818974 306.138848345313 51.3882120345646 56.2409328040047 77.1266584679506
12000 -55481.3002641992 -579.181770079553 305.536294662447 51.4434971430595 56.300984823347 77.5169400871598
13000 -55274.5478971373 -180.34015417097 304.368308384369 51.5476403576618 56.1092959088027 77.3721495499361
14000 -55272.432851215 -191.947889379082 300.51375680928 51.5115527914315 56.2216709307283 77.6087311872562
15000 -55278.6984141133 -608.373005525062 304.284898335132 51.5603626409879 56.1774165825426 77.6011739300928
16000 -55371.0222944132 105.522015235948 304.843152120456 51.5703318048619 56.2286806361305 77.4903207186745
17000 -55318.5466481431 529.71904139655 304.347165197207 51.397227693818 56.3232873841158 77.4461846982203
18000 -55313.2577947219 -305.070511486548 305.319802187109 51.4931950025635 56.0700142469906 77.6287513169801
19000 -55527.2665259813 564.088999616957 304.39000976417 51.3172561519025 56.5968143007114 77.3524949472057
20000 -55254.9806711831 575.848974503165 305.462758133161 51.3721137978083 56.2361654828488 77.4717352274474
21000 -55332.2668656194 4.61318854956223 302.541236608069 51.3472228355014 56.4491967895667 77.4902261259233
22000 -55318.1640053159 220.737927739451 305.495871460144 51.324443973212 56.4572961791826 77.2936242237523
23000 -55299.9331502448 -265.345455817031 307.618534540971 51.3120864677418 56.2217063331549 77.6433752629551
24000 -55502.3350452394 249.615181083012 306.660846254701 51.4746177679167 56.1913825863557 77.2296352630177
25000 -55288.5103790336 -458.938437710943 306.14698695243 51.7844011601937 55.8228635497131 77.5687561283723
26000 -55304.8448454567 -35.826218248805 299.06007816806 51.5900459433306 56.1454523654652 77.1474291881923
27000 -55583.62283566 -526.820432439954 303.283059617739 51.7752703075416 55.9658384291271 77.1685369925181
28000 -55429.725906564 369.828916931474 304.27833316298 51.507367953896 56.0446890958516 77.4942368975828
29000 -55470.2823640246 -267.845082178854 305.407840753265 51.4654184455936 56.0692026396473 77.58575875993
30000 -55181.9980327301 53.3600616387133 304.222211642308 51.4747354116928 56.3130863317199 77.2067756540625
31000 -55450.4573891661 173.112257882132 308.108630135299 51.499352419753 56.1113200029839 77.5970659103209
32000 -55355.3571369619 -212.972658185492 300.715561101596 51.5415790250662 56.02060770139 77.6463679561217
33000 -55564.7275093764 -130.146436989203 303.590848600891 51.1915801730439 56.2731283493246 77.9184317059288
34000 -55338.2884681854 227.523943884954 307.329929179385 51.2944534173297 56.1868691790108 77.8736655421071
35000 -55267.067677243 1003.21042436998 303.975727144387 51.3422306504836 56.2177697330573 77.4872898548663
36000 -55328.4825872304 260.062516929621 305.453052599891 51.2940125836082 56.2481106147312 77.5305626934292
37000 -55499.840284854 696.737726671528 302.72667289612 51.2647056902944 56.3100463927641 77.6066272722175
38000 -55546.9178124071 128.691517019869 307.354766076695 51.2523926654874 56.1614587177528 77.6823147676555
39000 -55338.1478830629 238.498662754304 304.585489388339 51.3194543969154 56.3217622976714 77.5447922532412
40000 -55404.4084370483 33.0507807908651 303.500195037276 51.3195075164148 56.0844041283309 77.6934345935342
41000 -55390.811523234 -660.025175231659 301.612319254847 51.4202080498689 56.2361827213103 77.5521736176297
42000 -55349.0766471369 112.728392180939 299.940893309038 51.5930610659658 56.2106533495451 77.2851959975875
43000 -55410.3376211247 -526.587853457978 307.281305828985 51.259908812786 56.4107369790178 77.6730816114681
44000 -55303.2449110299 -404.835596298716 304.419565555425 51.397280840879 56.0664204615328 77.8953987500036
45000 -55248.2991101492 284.936088933392 304.380864482943 51.2413774465767 56.3390957682937 77.5966605033327
46000 -55324.1494133931 329.706959211715 303.685151632777 51.2379163329396 56.5264781059626 77.5193355343388
47000 -55349.5139809242 236.535012878248 303.682647875413 51.1864103314605 56.5132654310187 77.2220577060474
48000 -55444.011562645 -19.9666891196895 305.902878992908 51.3585263185815 56.2305758220357 77.4656339520493
49000 -55340.79472437 -31.5502149383006 307.220427172701 51.3580005072372 56.4569903644097 77.149523289193
50000 -55293.682336378 22.4741442277508 302.218880618855 51.3403893920068 56.26311767133 77.6648316892014
51000 -55325.4794167993 198.42509769043 304.778146152019 51.3330058189399 56.2230449215191 77.5016618013213
52000 -55292.7602937476 -44.9177993442724 310.583795546138 51.1858337230481 56.2483545151227 78.0070071588331
53000 -55147.9201190657 73.6079173358139 304.373985183089 51.1366459990813 56.2684024847642 78.126341190374
54000 -55415.9422905315 -652.227020035412 302.555383046834 51.0811863447683 56.0889036968089 78.3686318060809
55000 -55293.3416950843 379.583777271031 303.694909883337 51.0519516161809 56.3242843036778 77.9433170817424
56000 -55203.7765729864 383.730117554367 303.034667626662 50.9675938561621 56.3654186879125 77.7312108268832
57000 -55214.036948445 96.0289360985799 305.828009337155 51.2051918213011 56.2958121121594 77.9957074634756
58000 -55500.8072179351 135.35016130081 304.490510533128 50.8819618930986 56.5903544410253 77.7315553476138
59000 -55579.9206138232 214.463576991072 304.193920331461 51.1765831423825 56.1581375758072 77.6933107396152
60000 -55383.7342974554 380.118646177557 305.499018356114 51.0813921346011 56.6141737991191 77.8095811679136
61000 -55326.1346428673 -182.249607528962 306.650378040656 51.2272976348545 56.2440568258422 77.7410909157937
62000 -55416.5417093841 337.54974719921 302.591542569647 50.9913978010805 56.1770244996745 78.2625056211966
63000 -55420.495703623 361.220440847292 308.671527014841 50.9415506462171 56.2749348026108 78.2598790783224
64000 -55397.4960475697 498.233197479029 301.628306524909 51.053347184737 56.1506302717971 78.2614350310616
65000 -55286.2562713389 453.204101012492 305.325533876893 50.9869534968483 56.2282865902821 78.2461858748463
66000 -55398.71458945 731.331189649988 307.149753759598 51.1084347687398 56.1206676204888 78.1464674064817
67000 -55182.6463659038 577.491685493034 301.486508455465 51.3578752104875 56.2401586584667 77.771922031993
68000 -55412.3956119319 348.602968679583 304.487795649633 51.4274291558855 56.1396208382864 77.9493333771158
69000 -55283.3250607123 -204.561603008448 307.106997448596 51.0480999399875 56.3442429326997 77.9122412010007
70000 -55403.544429574 -433.430709294757 305.983096890709 51.1746481793609 56.4315244542922 77.8874842118415
71000 -55322.7290368872 -489.304233204078 300.582429135996 51.2900625881738 56.2969176627159 77.8272623719094
72000 -55384.0555822574 -156.053874707507 302.716696386986 51.2041342281249 56.0321459476315 78.3380946925932
73000 -55328.0086339139 311.292299017715 306.371190210905 51.4565331701672 56.2371410320433 77.6050498026994
74000 -55318.9063683826 -169.495073975334 303.192909958623 51.3636179910899 56.1902119543465 77.5018959394602
75000 -55437.3628796262 -459.160266467773 303.553644819457 51.1924686373211 56.323477537245 77.7543737253698
76000 -55482.2443567272 92.4026995100184 305.053573228168 51.3968699595948 56.0479024571775 77.6084700047505
77000 -55247.6294743762 605.904590295543 305.816820868983 51.3412445285976 56.1333468697405 77.4730669458222
78000 -55195.6292883269 71.7132871614691 305.050212577155 51.4712664152112 55.9706712608461 77.874550543539
79000 -55433.9000987789 -314.327803232803 305.017774609638 51.4518436173288 56.2717430068104 77.3919268099024
80000 -55535.901276483 -430.969834904954 303.273594894203 51.6075027717148 56.3812840768737 77.0335007434198
81000 -55514.1944940871 265.293436532974 303.327299119792 51.2844410102876 56.4109750251049 77.5563154885638
82000 -55455.7533774307 166.11821679673 304.475748293604 51.1856350125585 56.4015114703139 77.6698307922736
83000 -55415.0645432237 424.604753774973 305.138988170112 51.3915037839647 56.3216803313728 77.3547526783082
84000 -55287.6368262834 -50.9615740921942 304.780954642955 51.3607071667099 56.176723694152 77.6983956612093
85000 -55450.9990354787 777.370909903088 302.658395614375 51.2017043150243 56.2886229805184 77.5591599727171
86000 -55248.8819445081 -425.434824030802 302.652394708265 51.4566085466283 56.0662203246851 77.8141866569587
87000 -55430.2061923559 -52.7954271948111 299.548237309841 51.3537568001878 56.0266829508976 77.9243289887975
88000 -55342.1538551273 86.0443611425438 305.195048663642 51.2478845270048 56.0969631217051 78.1287092153478
89000 -55475.2278347859 -131.142996698546 306.175195717994 51.1356940241439 56.3841770504815 77.6602487250956
90000 -55374.7167802613 131.567697427078 305.116071179077 51.2387939924196 56.2069417161953 77.7793887263344
91000 -55348.6107747704 -55.9452118306984 308.225903769839 51.4285566002524 55.9847541351154 77.6820515510883
92000 -55284.4654905717 -409.503747754562 299.140094853892 51.5532541545223 56.3102251847069 77.3416907395956
93000 -55385.9834364042 -192.552481267566 301.559821034935 51.2641655053852 56.3532186183693 77.8352139659601
94000 -55367.2716231825 -534.243816079825 304.000507381408 51.43554442915 56.3479380072569 77.7278239870068
95000 -55197.5294848683 -49.0988737413146 303.485003845865 51.5065271325196 56.2352048866201 77.7445404907587
96000 -55209.3976066602 -269.155996537152 302.674241606859 51.6189067449672 56.3768146357144 77.3553688938641
97000 -55298.2220938354 -322.352109672061 305.86609916233 51.3364225003566 56.2593219748212 77.8213400622791
98000 -55356.2683149487 -113.426009152103 304.903573656094 51.3888195347561 56.524145412957 77.4688019789673
99000 -55187.2640167377 -260.031438517046 307.108601870791 51.6957217543108 56.0779936799699 77.4692517799464
100000 -55442.6719597987 -64.6084205154711 304.909341457073 51.4914513818268 56.3753876064533 77.210496171542
101000 -55498.8227645041 -435.701515139651 305.161806441603 51.7502344128022 56.3471000067173 77.1417850376316
102000 -55541.5953484611 51.6038076961716 303.217313214269 51.5239551586077 56.3479425274111 77.3974083306495
103000 -55612.4263690174 -367.702514066973 304.723301146177 51.5521244215443 56.2701476992723 77.1658552415644
104000 -55373.5359706592 100.18386270782 301.328570888444 51.6170910227453 56.4179112727817 77.1437873439497
105000 -55413.6058451677 144.518199552191 299.334987461098 51.5586830561274 56.3918293951287 77.2154717672141
106000 -55291.2079159068 423.811289454581 306.291321104118 51.5235334990652 56.3523745609261 77.2409634903744
107000 -55369.9781964137 348.867741614772 304.82786123336 51.7001213518556 56.2597130511972 77.1069530211167
108000 -55357.4509942735 -238.172130728192 302.593548826378 51.8040665181954 56.3759766692152 76.9284916308072
109000 -55453.9264204557 147.672320148012 307.627148232882 51.7516407748095 56.2880715097137 76.9283590692981
110000 -55293.9657907743 -295.505389583333 306.657995623512 51.8416316822517 56.3048432599978 77.028976212648
111000 -55242.9715667024 -179.346607796804 301.890881346529 51.8733898989681 56.1532820629935 77.1729663815335
112000 -55357.1855835672 119.194992218525 303.275837467658 51.4368535362865 56.2811727570057 77.4804027711484
113000 -55491.1860473565 -402.297381848883 302.45124668582 51.4042899015289 56.4923185392599 77.3197744590893
114000 -55303.3851107763 149.073695961399 306.586196840214 51.5820981211907 56.3893590575663 76.9264425710511
115000 -55337.3056405404 -51.4083795596955 305.02177677915 51.6552390384921 56.3945377815058 76.9975350086235
116000 -55373.4150650678 -57.2900122119387 301.811809998398 51.6890383398785 56.6229907976504 76.9084883742879
117000 -55205.5427487028 -329.636490976539 307.850862012071 51.4758290234805 56.4736371186485 77.1199756884718
118000 -55337.8308897396 366.059879450228 302.651872698224 51.6182391088811 56.3344348118662 77.2468357126565
119000 -55149.0952371799 153.604269693231 301.222516405273 51.5287782219435 56.3639170055928 77.3228580146902
120000 -55470.4797281214 35.3300751489017 306.029319587571 51.4352836813193 56.4128502063594 77.3733394843562
121000 -55503.5013199675 114.602517644658 305.805197332444 51.417557904764 56.2182432628964 77.2140041894808
122000 -55505.9949068282 132.691110330336 304.299893549917 51.5100149530877 56.340387008573 77.2895261049515
123000 -55415.1423774611 24.5307988085538 302.814637448664 51.3444415675937 56.2179165195303 77.6858436639218
124000 -55310.2696480148 -17.3379761595823 304.565091529215 51.5304889446745 56.4629823658869 77.3525666215906
125000 -55413.5690185598 319.470457640393 304.320989643645 51.3898990548254 56.3628011389132 77.3814569993187
126000 -55494.4706380882 -183.891579627431 300.562735862215 51.3775819732178 56.2762529630169 77.6832440825782
127000 -55367.2056687066 -52.9647455648068 304.63238648626 51.4050850088757 56.2954593715464 77.5297810111048
128000 -55362.3895784604 198.108544060847 305.416909539382 51.250719456482 56.450254045338 77.3968967883912
129000 -55377.0730643136 -257.167611485224 303.563665785586 51.3024172780478 56.4214020214529 77.425439087732
130000 -55473.5057267629 122.669871774279 307.171560432912 51.4967012298783 56.2066616157124 77.4936107611173
131000 -55215.4498562617 178.391261199407 306.617465600716 51.5176922868345 56.3300081863132 77.5986728810401
132000 -55442.0878087827 -363.886430455083 300.659661790317 51.343826114955 56.215623517536 77.9312207492676
133000 -55388.797592239 185.284233676138 303.735207905372 51.3469951661868 56.3459679286222 77.2717485765254
134000 -55332.0334300827 -530.411834213678 306.61439807022 51.2430799084812 56.4411750256224 77.4489595815435
135000 -55170.2741282087 -112.863635178721 302.134791139017 51.3978929278372 56.3136823576626 77.5960170676935
136000 -55565.3311581328 -133.14563276343 309.992415400324 51.3594315979102 56.3147552390089 77.3340344562885
137000 -55308.0727214826 304.400862047143 302.053818515849 51.2685109604604 56.5453531057415 77.387644104933
138000 -55399.5406692106 402.102733905703 305.769715186567 51.3220154773647 56.4670495386173 77.3128573103025
139000 -55482.9904300237 238.988995228103 303.85337416873 51.4206953578864 56.1676218826092 77.2521186307966
140000 -55410.416360262 290.302540868237 305.417064375485 51.350958375758 56.1083495093032 77.6591251827516
141000 -55249.5144633759 -94.9235929902652 304.399736259798 51.2468103774785 56.3613754399251 77.770485500142
142000 -55480.1166231262 250.077681866764 302.572385334245 51.3617552414163 56.2534441805802 77.4825387448322
143000 -55377.7218334039 229.880372643497 305.440244265341 51.1949609154365 56.4089137407683 77.2585778127421
144000 -55500.4495160913 295.568190545252 306.594616208217 51.7004928123555 56.3338912320982 76.9235339079727
145000 -55338.5132925663 269.394855765178 303.815026084834 51.4258911315476 56.2750689245472 77.243518591274
146000 -55490.6251392442 187.127972282019 306.095822346807 51.3806656834005 56.3793775619043 77.4183587666945
147000 -55342.004962143 99.4073774620702 304.993829658873 51.4141824363651 56.1658236945103 77.6386005241393
148000 -55345.1584217005 -136.202415273574 305.383752830603 51.6013619698011 56.1103611408262 77.4526462828215
149000 -55452.6904475687 -224.454103690921 303.10433583779 51.4659037808773 56.3535596031894 77.2149831551913
150000 -55416.603827948 -198.197567225809 302.591812585672 51.3488499217688 56.2493888030819 77.4205570965884
151000 -55311.4508277705 99.1638113010522 309.170069005444 51.3537592298809 56.2265805337456 77.5045009860236
152000 -55533.0601796045 232.673974378364 305.406406049158 51.3912094969518 56.2329546089539 77.4992413472199
153000 -55362.5229397198 -294.314912115946 299.083050668062 51.4234848810722 56.1729612174063 77.5451947761249
154000 -55529.1774872815 -564.486358188139 303.685650261849 51.2057975988538 56.1652600989924 77.8627600170002
155000 -55483.8682591239 59.0113984739532 302.574768103406 51.5253412267541 56.0033886734293 77.4712233808631
156000 -55236.3939599317 -31.1131874463143 303.560440130273 51.3240302331612 56.2344639370429 77.6147888054374
157000 -55389.3919595407 155.404772732407 299.059072301769 51.2764862532713 56.3093405251881 77.6011400163881
158000 -55345.0717377465 -103.70138979828 306.224134194999 51.1915704947787 56.2116275075976 77.9044050220892
159000 -55415.1579995374 90.4429853714275 307.209594224289 51.5032070382715 55.9814586669945 77.5913953248582
160000 -55294.7684120929 -279.01131595087 306.720329823664 51.6162238624949 55.9486383158318 77.4627912514957
161000 -55465.5510649965 -113.914873679608 304.266307056002 51.4496874978167 56.0221637928438 77.493881861712
162000 -55344.178822028 293.212380867383 308.022929747707 51.4424084015733 55.9451402809389 77.7370600150376
163000 -55388.2098966309 183.957183950639 304.016501381749 51.1894155590406 56.0270258053787 77.932565754722
164000 -55399.219780652 335.110828494958 300.735614115364 51.2408222907192 55.9694302507082 77.7203215008338
165000 -55234.0670388572 908.738937561158 301.520982505178 51.403976532148 55.9493923382925 77.8086945681656
166000 -55364.5367164781 468.102647274055 305.621710230839 51.3999070657465 56.1949203086873 77.6403366605241
167000 -55287.2985215912 5.5228416366757 301.245311488186 51.5140224840164 55.9736164729438 77.6666186255811
168000 -55226.913821048 28.3297001695021 302.803194680386 51.5786192287767 56.0729522075266 77.8292336701428
169000 -55341.8188747432 -96.7481425718616 304.429384048588 51.2189422639045 56.3003297573044 77.6286973346502
170000 -55348.4356783041 232.941325048305 302.708315587484 51.4307644144027 56.4063218302898 77.5131112148272
171000 -55228.8143465162 -163.275235280108 306.59099128546 51.5035987420765 56.2396167763361 77.4618523972924
172000 -55410.2583034135 353.377639660124 304.163192326099 51.5415900548778 55.9699839442444 77.6566175845779
173000 -55416.7466490327 309.749752125949 306.902589209815 51.5516065586042 56.2040278918184 77.3527466412064
174000 -55423.8052227252 375.428663919768 309.405784674784 51.4814070195958 55.9784177599974 77.6753711553606
175000 -55181.5876663886 -79.4402748172991 308.051725672676 51.7375744202185 55.9280394525629 77.5217147832417
176000 -55210.022855 -316.930682284915 304.52381454192 51.6718158905736 56.086062158325 77.5344463176239
177000 -55351.9251143154 449.8966492952 301.928465006845 51.6296784721523 55.9840268555722 77.4609382662393
178000 -55492.263163763 -34.9342870657076 307.085699930617 51.6987837968244 55.9285973740341 77.3961414864483
179000 -55302.6527100613 236.21496111833 300.186900716316 51.7998185820223 55.7817360385253 77.4058246479475
180000 -55169.708451961 -93.1907809645415 303.888970326559 51.7795813459139 55.9702680143129 77.1071893759167
181000 -55272.0696354224 317.532490909452 305.004658322121 51.6375150024878 56.1729524102569 77.2419603141673
182000 -55485.9088541911 -69.2343258535102 304.418097122389 51.9056361347382 55.9737232444337 77.0460895468315
183000 -55381.9261631656 -188.29075865669 301.402375507876 51.4450286097809 56.1164527658404 77.7049555525008
184000 -55133.3245660088 24.1539869505216 307.185274459693 51.6936551522488 55.8668361114242 77.9776386407572
185000 -55364.7932194597 -657.917212262091 303.132643631594 51.6299838766389 55.9536572793516 77.6622822146895
186000 -55242.228536084 -527.675103150933 297.554506326334 51.6998947049738 56.1105682018611 77.9676888233247
187000 -55489.1966363822 -300.779918659141 306.619568464674 51.451545903513 56.2140628536535 77.2854053008814
188000 -55404.0403643757 -189.137802044968 306.49621476879 51.6921311565456 56.0401624606219 77.0751830206466
189000 -55342.1214737183 -320.48251856693 304.836560996551 51.7219281051732 56.1262064483535 77.2146401522775
190000 -55274.4356185009 -150.426004079943 304.425250471041 51.4500210475108 56.2014974850149 77.4655423374146
191000 -55508.5462971741 -132.216130283221 305.909691223795 51.5347953850844 56.0836313043867 77.4545571646838
192000 -55522.7719501831 32.1751641052354 300.381954039796 51.5242496498962 56.0798414717815 77.2809389317255
193000 -55256.9988219369 86.1054409913699 299.98014664621 51.5897512949598 56.0787429822018 77.4461795713106
194000 -55427.5930211662 -107.822464472685 302.480434550655 51.6074482067018 55.9368340232897 77.4428787314
195000 -55432.8991657276 46.7474302212814 303.431739627656 51.4886359034193 56.2442272266456 77.2651714771949
196000 -55270.432431417 469.302285942707 304.9097789159 51.4211287874332 56.3484842881262 77.3904316996297
197000 -55297.2519727965 7.24836100698378 301.329219542717 51.4765864676223 56.2787410796379 77.4554843696506
198000 -55354.8188656435 53.5298935447196 301.489945395326 51.5636860522452 56.0069916450506 77.4269769940997
199000 -55477.709560615 -39.4122200229454 301.764521785338 51.3730452156262 56.2325987715538 77.5205586787351
200000 -55351.8259310687 502.012978338917 304.829595279446 51.5883511101597 56.0883226473344 77.8036318839928
201000 -55251.604631345 346.978884449072 301.658514036172 51.3643970620013 56.2414878858541 77.6483786195969
202000 -55602.1924461183 214.103083898108 305.588850187685 51.3293146468721 56.1258207177295 77.6962336432418
203000 -55298.0816771737 13.1226876731046 302.446757305077 51.6086289734112 56.0981749197966 77.6686731449221
204000 -55495.4401091151 2.03166595916599 302.197716577504 51.5593541060799 56.1448010886075 77.1594546948824
205000 -55374.7322967558 -115.806046950813 300.535926765865 51.6408577826786 56.103255405647 77.5019054138428
206000 -55354.6974668462 -32.6676326872371 306.032171178388 51.4086904477395 56.1083607930433 77.4497423365096
207000 -55331.9506918277 306.96311487415 301.523778200467 51.3410267338217 56.1626434086612 77.6036024483263
208000 -55398.7365700804 148.173568580006 303.590424914917 51.6503421828026 56.0082876983134 77.5885617056286
209000 -55332.4461931356 379.416057826543 302.488683566563 51.2492620262461 55.9673213986787 77.8482475148474
210000 -55481.9118629716 142.359555105718 305.35607488195 51.5081119874503 56.1505235541804 77.368230046485
211000 -55451.0437781382 423.97243447427 305.885110968705 51.3692662571804 56.3403972643036 77.3714578848188
212000 -55412.0802044346 400.412993013829 299.590969872 51.4816183891569 56.1184286819288 77.6397106201918
213000 -55570.4258897909 437.822090973855 307.44658600915 51.4261104510755 56.1135517907116 77.7453522208779
214000 -55456.4463653664 161.249748856482 302.637542175391 51.5356408118677 56.0330853821647 77.5810798642955
215000 -55635.9694064655 213.398929226584 301.241149897754 51.4196828893787 55.9757110869515 77.8153449572764
216000 -55334.4174879603 -313.689681805825 306.491038756203 51.419684680937 55.9499034439671 77.6719969899326
217000 -55471.068536627 -170.539592179269 306.983054585542 51.6577615184888 55.9071498286846 77.3121428059179
218000 -55271.3314900492 6.9976770875722 303.145576032435 51.5100713351616 56.2957033840337 77.4452742366615
219000 -55517.4069665158 -464.353939866456 308.029302178704 51.6705499128594 56.1808136207144 77.4010269867865
220000 -55304.3189400897 31.2662378211761 303.67195745747 51.8376373744218 55.905806892716 77.2141055191571
221000 -55335.9404413636 -151.604885482447 303.4593589166 51.6307487151924 56.0933724903577 77.2920403144483
222000 -55125.7255943112 91.1919147701926 302.138068063576 51.9353155069207 56.1336600488506 76.9758420691967
223000 -55387.3904664333 273.942294016839 302.820623621237 51.8511168869705 56.1724181653679 77.0976396799943
224000 -55259.5960838714 -388.620648167845 304.539052421527 51.6077732518309 56.2745187920017 77.1967842471631
225000 -55393.2568492678 -26.3136493280782 303.811484548284 51.6498666104862 56.0832813080211 77.3656039345067
226000 -55373.3809749294 77.2635404632221 304.989852879658 51.6249260505093 56.2039342063451 77.3186346613822
227000 -55139.8347005832 115.867512821031 304.505598953319 51.8362299439789 56.1507042138161 76.9998745801139
228000 -55288.4805238878 -154.303596395123 302.3311611504 51.8082574322983 55.9334462166225 77.4752354402705
229000 -55403.139482858 230.510414105546 301.974848253509 51.7249610661716 56.268868512554 77.1715503206562
230000 -55415.1584141019 146.798497434035 305.830440953092 51.8179910276451 55.9559647538051 77.3343320616166
231000 -55356.4178530908 583.258195420866 306.085420790945 51.68455243559 56.0396235040863 77.2502560485822
232000 -55311.4152807391 -250.841952988789 301.593215947702 52.1026746583125 55.8811409387943 77.157464734298
233000 -55490.6806958927 -181.687586649452 303.990976153753 51.7219560202783 56.0127920826624 77.3070655888308
234000 -55377.5582888615 -87.1285830313378 302.47278702387 51.6473556639174 55.9411357842901 77.3875779070939
235000 -55294.7620686401 121.489534605891 305.49709613536 51.6989953871958 55.8926549168969 77.5719675512881
236000 -55360.1283900286 -284.997392747027 301.020369854745 51.7490340434298 56.1711562291925 77.1594996977469
237000 -55384.2341064698 302.825084231857 303.392755266535 51.8313088917053 55.834902675457 77.3522366060569
238000 -55334.8257030559 39.9985141429215 302.894839265019 51.858647963581 55.9694822451872 77.1350263798171
239000 -55573.3122728954 -234.333666703772 307.364777586082 51.7479633499805 56.1263726349592 76.971411321535
240000 -55523.174256774 237.766865620104 308.906094228549 51.685274533341 56.2732771849318 76.9657205989757
241000 -55291.1003889131 -14.5687542398906 301.3697324529 51.8824655380166 56.2046745958784 77.126985459265
242000 -55321.8202597529 158.695108539909 301.917999250979 51.5842178090727 56.2110500086347 77.2538894313601
243000 -55339.9529274893 -202.695147978304 303.379550569119 51.7954649105207 56.2221407875401 77.2232109581252
244000 -55513.3641678964 87.9442398730283 299.687189653823 51.7592316154407 56.3215768961589 77.1483905502877
245000 -55337.2526391759 -256.730173240138 303.592470929458 52.0775481683526 55.8869848752436 77.2235023726586
246000 -55272.8211550623 19.0196388633526 301.713368291775 51.8344560998508 55.9116220761907 77.4552663740177
247000 -55259.2126850404 51.5154444248323 303.470987441648 51.4968426336239 56.1440434514715 77.4844888639391
248000 -55190.4862737621 179.54358182501 302.073293858602 51.5892927556832 56.3543771023001 77.2679108841207
249000 -55282.3128872839 -33.8630655554523 303.777970723917 51.6456401658579 56.2020846705975 77.2296898880059
250000 -55466.7886888096 -259.166114389068 304.756752230886 51.82909143891 56.0784436253928 77.1121486453488
251000 -55267.932127174 428.486755107637 306.455860579903 51.6139980399949 56.4127270768585 77.1870484858859
252000 -55565.5465372531 -132.293132663483 306.791522023485 51.5923614135031 56.2377579116164 77.1947641680891
253000 -55398.4787831681 39.6482530635254 299.842741499183 51.4532744625351 56.3721890455863 77.2642425484418
254000 -55496.3796478207 865.629401106415 301.110761988393 51.6725069480936 55.9607210918536 77.2275531499668
255000 -55409.2184820856 196.639754667773 309.018580735202 51.7065966678212 56.1805115227052 77.4253070096729
256000 -55452.176373058 -35.8915831667173 303.400386994526 51.6470303318163 56.0232838745169 77.1372037837836
257000 -55349.2382496223 -556.754228543941 301.095847837566 51.8841516244186 56.0199436802945 77.2480796844402
258000 -55296.8373438598 -124.737186378243 305.597908734369 51.7498673612548 56.0369511796196 77.1761630512214
259000 -55264.430746086 -82.9704512206251 307.148148094419 52.043546135979 55.9651313193525 76.7473183480828
260000 -55265.4293954102 -397.915119706958 301.105538927389 51.7907291592147 56.2418616217803 77.1993531703812
261000 -55299.6829168396 -118.706450728329 306.800702230521 51.6627563969568 56.2225757442591 77.2746739257461
262000 -55296.5676235601 -165.950431899072 307.617275239981 51.9165871500926 55.8102605001983 77.3199903170884
263000 -55408.4531583512 158.834523036477 300.560214752093 51.7455299007732 56.1517842061219 77.0116251604254
264000 -55199.4228521245 -245.697370873807 302.353480607239 51.6628168538721 56.2768075425013 77.1108584192985
265000 -55231.0157593458 70.3872276668978 301.715687817393 51.6532058194366 56.1628420505355 76.9801217027935
266000 -55349.4736530154 -16.6864688957582 301.494141408391 51.5193271814182 56.0576523339293 77.3190574360456
267000 -55400.1751338618 -47.3261078063059 306.826202782552 51.5380955813428 56.2722532573342 77.0196809983433
268000 -55437.549056398 328.866413741571 302.536840059627 51.412878830137 56.3801411357506 77.0867967679626
269000 -55276.9963383813 -137.186684510459 300.813653659632 51.5565305855861 56.1310069920743 77.3254909112734
270000 -55476.3168934984 -95.068693628908 304.181312863153 51.5705458785969 56.103802522704 77.5198171126002
271000 -55483.5847369882 -104.761334488129 304.141450358487 51.7287568432471 56.0395484599158 77.3743100492874
272000 -55555.1992799929 -83.0207214430442 309.242582994598 51.6546906020506 56.0525438477393 77.2650592373036
273000 -55196.5444826837 -295.300621202908 302.541547006818 51.4387463399435 56.0924980197324 77.3693657395292
274000 -55329.1479553183 254.119584859873 298.522498503487 51.3436412160795 56.2343636886562 77.4274011847549
275000 -55582.1183169786 -530.642781816082 304.207512712172 51.7301594254966 56.131771954003 77.1368467858752
276000 -55398.8747936028 -150.951000129886 299.972218389703 51.5815185533974 56.2399703377774 77.2651319216394
277000 -55223.6281088387 -424.059946490827 302.462549800466 51.6539200952803 56.2299813833044 77.2300702201848
278000 -55289.1018949012 -385.716102140893 305.209611888733 51.9362225366285 56.2649639466128 77.0722265099457
279000 -55273.7835266709 401.284511263812 301.726530902844 51.7114932978513 56.2958228610896 77.1650570708717
280000 -55438.3304217106 179.904267199072 308.585756822466 51.5063180224199 56.1050669370684 77.5535101852174
281000 -55267.4888642203 205.852357429301 304.132143491701 51.4873801241437 56.1810773222553 77.7217781448944
282000 -55444.3489450476 -2.13069233500604 305.332796176597 51.4132534537056 56.1721490066374 77.6159005921742
283000 -55321.8200351875 -34.7730652597763 300.543992643233 51.441751893752 56.2094660183831 77.5845881872729
284000 -55361.6270578046 -33.6425485345378 303.243851496351 51.4322266569166 55.9859747990128 77.6281715255756
285000 -55197.4677034754 127.924612791758 306.560453271594 51.5160567337762 56.1765339213656 77.5741060492104
286000 -55223.742868033 -77.3285459223205 305.179400340119 51.5545102411509 56.1124688965508 77.6154279962606
287000 -55259.2918197117 -75.2975655178144 303.352923588562 51.4085726100419 56.087601400973 77.7637066865656
288000 -55413.3452787642 -100.529179354369 302.540437830804 51.3327373339724 56.0970438098097 77.6997478831599
289000 -55371.7641545772 -259.119518333381 301.506522099788 51.1486860855796 56.3017547181501 77.9127989151909
290000 -55316.3071200558 -113.261035499324 304.169840725684 51.3636977827634 56.2793184138308 77.7857019760239
291000 -55310.99474529 180.680705269095 303.15024425833 51.1942720902611 56.1360352960787 78.001063352219
292000 -55357.3622268141 422.749412768577 309.168479780108 51.1775212526483 56.2738680796834 77.6935727702025
293000 -55474.5351481029 424.258176512538 305.155902724063 51.2623391576252 56.2488812488544 77.3193246028685
294000 -55523.4292185705 26.0199288673241 302.554451892869 51.4634227423662 55.7898037344947 77.8006345026922
295000 -55331.4258369236 226.038740496364 306.014718203669 51.1614947729324 56.3766342221783 77.7647574898134
296000 -55477.3868472126 250.623368920492 305.903960988795 51.6096277906519 56.1149936840426 77.0692559474257
297000 -55351.2026713218 -108.946255671448 305.8771468884 51.4167404694349 56.0914597889881 77.4083297347113
298000 -55375.6150138869 46.0158240328093 308.675144115559 51.3953268078815 56.2716159270942 77.4532350832563
299000 -55278.7579640273 167.701139532234 303.673234848975 51.3511702991721 56.501390301271 76.9379636009845
300000 -55368.5891652062 -381.582394333515 306.542996123171 51.4190955742733 56.3441588634128 77.274486697138
301000 -55267.9632205897 45.6050962232968 306.456257882628 51.4690997324421 56.2951781928556 77.5819704627359
302000 -55455.6856735563 358.738326035619 307.437776562922 51.3701522580279 55.9532277568945 77.9864654391643
303000 -55521.1858843857 248.22343229387 303.258674638865 51.267053487032 56.1064713395766 77.7589153753955
304000 -55317.1224212446 -458.079345621204 306.165718688642 51.3503906142476 56.101804850299 77.8035467178614
305000 -55444.9416352768 -43.2466156640785 305.623865060058 51.1668188850723 56.2033128696263 77.947496506504
306000 -55310.3403054949 -463.643279236498 305.739448469529 51.1874953412974 56.1914042486986 77.7486782805639
307000 -55377.4254930476 202.91759576413 308.021607885064 51.4591946782249 56.2010009716428 77.6359387009115
308000 -55472.0643018596 243.732796262753 301.932144201557 51.4086010094228 56.0566265378501 77.8143251546364
309000 -55396.46450975 395.423138796118 302.569209289458 51.5712121168985 56.0129797285118 77.3817159967644
310000 -55384.5567136096 54.2387978892622 304.731816474094 51.6709269051487 56.1701219618272 77.6078089409438
311000 -55347.0181069606 -208.0939839026 306.997011270628 51.4353685099497 55.9929410749026 77.8979964224549
312000 -55620.8910229725 -13.5994241351662 306.587477195298 51.2179303637628 56.03618254484 78.1084012194646
313000 -55295.8026168513 81.5728542161049 301.942312413317 51.3984438224369 56.0364248643456 78.0344195884701
314000 -55407.4533542291 58.6088736747969 305.083760579075 51.3113942723333 56.1359178899912 78.0789783753787
315000 -55399.1690331858 410.213566288344 304.768680089273 51.6477905575006 55.9656550217113 77.3914064613404
316000 -55394.457669242 173.98885257707 304.718747289834 51.6450664102858 56.0240124594898 77.3691908254022
317000 -55391.26092306 -219.494040828458 303.502105535652 51.6430113552104 56.0225832012456 77.4784464883844
318000 -55555.5091076308 127.364020834908 301.815949527815 51.5434126529888 56.1199883490535 77.2550630195796
319000 -55475.049625176 -291.048396279211 303.394203342869 51.6820823686913 56.0035198487916 77.2821188287867
320000 -55448.4712581737 13.5494653465336 305.410405670343 51.6260655022174 55.963958142461 77.2337170511199
321000 -55388.6707065828 -198.173259133876 307.165413438434 51.7344992191873 55.7053889319764 77.4930218267327
322000 -55440.2645428617 11.9311119955666 306.18067215519 51.4941934507932 55.9822941183573 77.5213058627103
323000 -55414.2503559671 -473.905724258961 302.321787738757 51.6083794942566 56.1057391791534 77.1599199902543
324000 -55367.7090077543 -175.537061428757 306.124491317952 51.4277752469404 56.4008698156842 77.3698528115007
325000 -55316.7784689068 -137.485848343577 305.669825738673 51.7162507090262 56.0788376943532 77.2431554462595
326000 -55530.0425556191 38.0987201305082 303.224669784208 51.5992782090267 56.2399461703644 77.1168498153859
327000 -55407.690355614 294.6130261818 304.804411342675 51.5609508694965 56.3163021525619 77.0570286293708
328000 -55353.6129931218 611.419843823555 304.627728475626 51.6425108040576 56.0577992863745 77.1901285984841
329000 -55422.395785199 -52.051886565732 308.948718090776 51.5390734202184 55.9548980305526 77.712441854322
330000 -55282.4821250688 381.464538260748 302.569535845076 51.2520843065872 56.1679964551465 77.7258267333063
331000 -55140.695219584 49.3019627357661 303.742330255849 51.5298822712644 56.0810676092936 77.7944140835229
332000 -55300.3037597336 212.680676778119 308.045977826951 51.2075831688194 56.104816339143 78.0880286391788
333000 -55334.2231121807 629.27424766975 306.293703244341 51.3227254662844 56.362805272941 77.4546844931627
334000 -55143.9274809508 227.165531245056 304.540339012859 51.413672246822 56.4759127525479 77.3365791675865
335000 -55280.6360057515 226.404370547058 308.87670472026 51.7266070617278 56.0544423823716 77.1330896265612
336000 -55206.3080249799 540.93034062303 306.208984091447 51.6315484575342 56.2616387022187 77.3505100905684
337000 -55372.744633587 32.0274011564615 305.433842670462 51.6400033113859 56.3293088736857 77.2030037416868
338000 -55365.5508173335 274.647069746207 301.225290608085 51.5843492892378 56.3281405317118 77.275965903413
339000 -55405.9740722352 416.862788874175 303.331534600258 51.4529822639832 56.3174568314954 77.2389044412355
340000 -55355.2986655882 -166.372697745669 302.600551352146 51.7982607418566 56.2225696650092 77.0718937751049
341000 -55356.5575573225 39.121712046776 309.426560215215 51.4884539813716 56.4318723054833 77.0174175173534
342000 -55336.3620665386 322.820531454816 303.656953203307 51.6187074826901 56.0911028033305 77.5774202207723
343000 -55365.3814035253 -278.552570031288 307.601444755332 51.7062792187608 55.9969142467649 77.3249655227182
344000 -55366.0100122255 112.550777076568 303.566494380079 51.9180248471453 56.1735162422201 76.9067790732726
345000 -55296.0245120617 -449.794523038782 305.184582376823 51.701665596951 56.147135331574 77.3272523662297
346000 -55415.1986313451 290.767245465696 307.487078963564 51.5626291033772 55.9408504721715 77.4246439912466
347000 -55299.6520836373 274.101560264032 304.482095415939 51.5768459104358 55.9066521921499 77.3818462235659
348000 -55330.6128932878 -93.1054401942287 307.780449395501 51.5208081236542 56.0652416933558 77.5780256818139
349000 -55245.8289770249 -738.639575295419 303.583861079699 51.733244872013 55.9779515487085 77.3072725196297
350000 -55343.8207491391 -172.681662591473 305.526510653232 51.8304144512647 56.0563784694672 77.314793790366
351000 -55252.6088600622 64.6229345519598 305.741835644206 51.5174855145227 56.1958361283375 77.3319068550668
352000 -55279.5682011873 -118.261132909558 305.620392723876 51.5412834473957 56.1422257802517 77.5059665475183
353000 -55286.0565033173 -122.745760535943 304.291602092964 51.701174594193 56.0774899834107 77.3380888196902
354000 -55170.6368092006 173.59223516922 305.945437276174 51.6242629320901 56.1713666469423 77.1541784474798
355000 -55194.6393326499 117.067476814989 306.429224209241 51.7332716636984 56.1867044773539 76.981320972549
356000 -55261.6932674276 -161.018727945332 304.293143933448 51.4637222997414 56.2770015137115 77.489737271842
357000 -55289.5829540211 125.937758784583 303.546694739128 51.5024068629808 56.2487372792617 77.305992127298
358000 -55507.5076142988 103.382064169364 305.899545017085 51.3315665549338 56.159550046234 77.6714835529971
359000 -55196.3669765805 -132.361113041484 304.704319976536 51.2585733609736 56.3959443421435 77.7943840993483
360000 -55307.345211426 -276.426476227627 305.284880011004 51.2584137607359 56.0928496810723 78.0720152321259
361000 -55300.7188745213 -45.6964566301822 303.265937623287 51.0776226529742 56.2539286633875 78.2693051458547
362000 -55279.8912953357 235.554818307911 304.101497927044 50.9974231962877 56.3840327973816 77.8611993680357
363000 -55562.5656243771 485.439857408137 302.587539680047 50.9729857349544 56.5623834686561 77.7224326362559
364000 -55394.6606640278 93.1340671748123 305.184706046895 50.9077955677558 56.5339823412644 77.8455714373159
365000 -55170.0042116206 282.604525160771 310.308131366095 51.0331345738655 56.5993884216917 77.5339390959737
366000 -55261.7768693536 534.983653261689 303.642612530722 50.9579063757123 56.4542373281139 77.7902594569228
367000 -55508.499001722 -124.364611252937 305.382052382061 51.0034228871399 56.4967546823371 77.7102647532901
368000 -55475.7779990218 241.406416883106 300.823341140153 51.1333929971615 56.1347830887901 78.1429540755854
369000 -55467.1778746886 437.196603697692 309.698958105785 51.1331133064783 56.2191313363375 78.057699272059
370000 -55167.3486988688 -113.225673265295 298.34625534063 51.2157163204068 56.0850965262368 78.2972186395556
371000 -55315.440603118 307.311421020874 306.35354148947 51.3492056246994 56.1104191986536 77.822395206041
372000 -55270.3585711006 126.79361889859 300.938525873663 51.350188917486 55.9465704018156 77.9123696562986
373000 -55364.7196621416 493.871719478615 301.991800957791 51.2951126762759 56.2562000396044 77.6285283504375
374000 -55266.021434938 -143.365178172028 304.939687396389 51.0907194222969 56.4354774852246 77.7586577542494
375000 -55532.1458941708 475.365918019016 305.484622076653 51.1478443206158 56.3145294176744 77.9002414602109
376000 -55347.2278586026 -138.088655728746 303.013706718096 51.1155047659278 56.4330648395973 77.6040897688431
377000 -55208.1756503609 -354.682176758225 304.29468274102 51.3010613342905 56.3424435622066 77.4714510068639
378000 -55293.1063268953 -251.504287441125 300.464083777789 51.0905073269618 56.2435975517176 78.0483830845603
379000 -55277.8440180912 -242.919843449835 299.666777166648 51.323807231293 56.2727035552272 77.7986144791259
380000 -55267.3161809053 -300.497637324227 306.383930610749 51.4357399711674 56.0741754323084 77.6527608082347
