# Fix print output for fix 3
100 -55377.3032438839 -167.316905956744 303.281923068845 51.7001966514703 56.6010813291803 76.6602212621048
200 -55452.3926242923 -200.55610127686 305.445937478363 51.7001966514703 56.6010813291803 76.6602212621048
300 -55402.5245761593 194.388888354814 304.020391766992 51.7001966514703 56.6010813291803 76.6602212621048
400 -55401.167439606 387.948640482223 304.012499174111 51.7001966514703 56.6010813291803 76.6602212621048
500 -55414.9151108136 -216.794426500604 304.363855531002 51.7001966514703 56.6010813291803 76.6602212621048
600 -55369.0387276982 174.757676022423 303.042297624057 51.7001966514703 56.6010813291803 76.6602212621048
700 -55372.7510850708 119.819605543533 303.162434677338 51.7001966514703 56.6010813291803 76.6602212621048
800 -55310.7167811689 -244.52152405043 301.37358281376 51.7001966514703 56.6010813291803 76.6602212621048
900 -55393.1437150201 -268.358120210131 303.724417213535 51.7001966514703 56.6010813291803 76.6602212621048
1000 -55377.9289664825 -425.136645784662 303.297886976125 51.7001966514703 56.6010813291803 76.6602212621048
1100 -55243.672429867 -172.064847814944 299.366330202941 51.7001966514703 56.6010813291803 76.6602212621048
1200 -55381.0363629866 -157.303039023937 303.378622473527 51.7001966514703 56.6010813291803 76.6602212621048
1300 -55345.7659481568 224.80028207875 302.343498961873 51.7001966514703 56.6010813291803 76.6602212621048
1400 -55342.088548865 -22.8262627738824 302.271900233765 51.7001966514703 56.6010813291803 76.6602212621048
1500 -55349.5390104193 -456.532219474037 302.440120321506 51.7001966514703 56.6010813291803 76.6602212621048
1600 -55387.6514871137 -8.38694174893451 303.549255924842 51.7001966514703 56.6010813291803 76.6602212621048
1700 -55270.5564465433 224.870522945798 300.08706093681 51.7001966514703 56.6010813291803 76.6602212621048
1800 -55331.0322442006 -211.245656594719 301.848350936376 51.7001966514703 56.6010813291803 76.6602212621048
1900 -55444.922401136 -101.016753357628 305.188778129694 51.7001966514703 56.6010813291803 76.6602212621048
2000 -55434.466749537 -352.600437694721 304.925227559502 51.7001966514703 56.6010813291803 76.6602212621048
2100 -55501.9151633208 -726.720136132773 306.893993485197 51.7001966514703 56.6010813291803 76.6602212621048
2200 -55385.6027823819 -222.040787176725 303.48799242148 51.7001966514703 56.6010813291803 76.6602212621048
2300 -55512.698868517 -363.818877205675 307.190654585418 51.7001966514703 56.6010813291803 76.6602212621048
2400 -55435.1508312877 65.0901170253288 304.90465893824 51.7001966514703 56.6010813291803 76.6602212621048
2500 -55417.3117771617 153.52734856679 304.4137217003 51.7001966514703 56.6010813291803 76.6602212621048
2600 -55351.2574916297 -61.9597500331287 302.483968829907 51.7001966514703 56.6010813291803 76.6602212621048
2700 -55354.0697435976 -183.692664544324 302.563016714493 51.7001966514703 56.6010813291803 76.6602212621048
2800 -55360.5736763029 -207.024343044224 302.742681909689 51.7001966514703 56.6010813291803 76.6602212621048
2900 -55354.0522330879 -281.667643906513 302.578955834265 51.7001966514703 56.6010813291803 76.6602212621048
3000 -55459.0195875434 45.0167184913019 305.601927609782 51.7001966514703 56.6010813291803 76.6602212621048
3100 -55321.0951654114 257.769783342356 301.578971921111 51.7001966514703 56.6010813291803 76.6602212621048
3200 -55444.5440017494 -111.785728481933 305.193007831861 51.7001966514703 56.6010813291803 76.6602212621048
3300 -55404.1193395977 -59.166450052414 304.053544505604 51.7001966514703 56.6010813291803 76.6602212621048
3400 -55358.3491919012 -112.686765883509 302.761470821748 51.7001966514703 56.6010813291803 76.6602212621048
3500 -55432.7649208152 -147.872516168599 304.923923543471 51.7001966514703 56.6010813291803 76.6602212621048
3600 -55448.6123283914 178.39878039394 305.355866296933 51.7001966514703 56.6010813291803 76.6602212621048
3700 -55478.9527139898 62.5645059656617 306.233075771672 51.7001966514703 56.6010813291803 76.6602212621048
3800 -55336.0111333172 134.462963575241 302.088957965197 51.7001966514703 56.6010813291803 76.6602212621048
3900 -55346.0143978322 51.1746418510611 302.378480774059 51.7001966514703 56.6010813291803 76.6602212621048
4000 -55370.0970340628 -74.2932205731971 303.054543805987 51.7001966514703 56.6010813291803 76.6602212621048
4100 -55312.2366456636 155.492571473618 302.235206188475 51.7001966514703 56.6010813291803 76.7129859932097
4200 -55316.6870684353 -518.24738104319 306.87222416182 51.7001966514703 56.6010813291803 76.7248301090358
4300 -55204.7126483656 344.659882953981 305.780074049671 51.7001966514703 56.6010813291803 76.6844912273655
4400 -55286.9175650903 -31.9605843496612 302.543426346664 51.7001966514703 56.6010813291803 76.7896871638062
4500 -55414.1243047378 -66.2847929750271 302.116420991736 51.7001966514703 56.6010813291803 76.8009948268594
4600 -55439.6462299072 532.394020228213 304.003079012819 51.7001966514703 56.6010813291803 76.8023358963975
4700 -55188.7624534144 -819.805431480666 301.081884521357 51.7001966514703 56.6010813291803 76.900477431307
4800 -55169.1012212154 67.2886627941419 304.180971051299 51.7001966514703 56.6010813291803 76.8837223569184
4900 -55271.2190953198 475.793531245095 305.492185458493 51.7001966514703 56.6010813291803 76.8427174445146
5000 -55235.7406415969 -379.909548094008 300.512213869872 51.7001966514703 56.6010813291803 76.8920242646504
5100 -55301.4028767688 256.96885962641 301.586729605416 51.7001966514703 56.6010813291803 76.9219538926124
5200 -55406.0578119543 -268.656043319987 304.451644664359 51.7001966514703 56.6010813291803 76.923712697584
5300 -55393.6890121977 32.4525267217175 301.41129942602 51.7001966514703 56.6010813291803 76.9402548248726
5400 -55421.5533713845 470.010499428239 303.168066563514 51.7001966514703 56.6010813291803 76.9269958958127
5500 -55353.1270096824 -631.106188398754 304.763255548511 51.7001966514703 56.6010813291803 76.9356402924775
5600 -55108.0686697728 -41.6767297569883 302.118485310487 51.7001966514703 56.6010813291803 76.8439086313533
5700 -55351.3404275071 606.971680760351 310.085599441557 51.7001966514703 56.6010813291803 76.7173659681873
5800 -55272.839519347 90.0311899259307 304.784387793427 51.7001966514703 56.6010813291803 76.7228930898626
5900 -55388.0134591809 -15.0392180914336 303.060550085366 51.7001966514703 56.6010813291803 76.7420854334004
6000 -55329.1480629255 224.040489333965 299.456605617208 51.7001966514703 56.6010813291803 76.6809023312515
6100 -55364.8624666725 -79.9472541986216 304.634244857368 51.7001966514703 56.6010813291803 76.7798988975148
6200 -55275.6038324485 -773.541685928499 303.855178332238 51.7001966514703 56.6010813291803 76.8221205266221
6300 -55196.0209381606 123.03527973241 301.538001392711 51.7001966514703 56.6010813291803 76.7230211604469
6400 -55292.1825876753 205.842944850986 307.332666194377 51.7001966514703 56.6010813291803 76.6107271442999
6500 -55302.9393903288 -334.01158924314 306.570397745847 51.7001966514703 56.6010813291803 76.5201821338916
6600 -55337.2851724379 444.225695254545 301.051798734204 51.7001966514703 56.6010813291803 76.4467837037643
6700 -55428.2550350987 -217.412477927147 301.421208970778 51.7001966514703 56.6010813291803 76.3587985420979
6800 -55428.6408250214 115.913451693715 305.690656444394 51.7001966514703 56.6010813291803 76.292358746416
6900 -55338.5193642877 66.5210108389235 305.636779408297 51.7001966514703 56.6010813291803 76.3740602680368
7000 -55354.9350302958 -85.8275150828566 304.968422116801 51.7001966514703 56.6010813291803 76.4122973133081
7100 -55441.4460726253 322.454147976377 302.628593587199 51.7001966514703 56.6010813291803 76.467587489128
7200 -55366.6179235832 -235.436628619837 295.145556667138 51.7001966514703 56.6010813291803 76.5661726849805
7300 -55455.4536446041 -432.376155278978 302.544864884742 51.7001966514703 56.6010813291803 76.6426159227169
7400 -55297.2661761774 617.654992329291 301.144362360479 51.7001966514703 56.6010813291803 76.6037599325104
7500 -55302.7864709528 -21.9307422298847 304.416758447078 51.7001966514703 56.6010813291803 76.6213294806835
7600 -55190.268710644 -112.66934245142 303.32033577264 51.7001966514703 56.6010813291803 76.7550223044921
7700 -55218.9294775163 -84.8088116973249 308.148985526386 51.7001966514703 56.6010813291803 76.79809705195
7800 -55179.3063815057 -78.498479422629 307.836674035914 51.7001966514703 56.6010813291803 76.7628998604234
7900 -55274.0197973777 546.502823438152 305.082542257676 51.7001966514703 56.6010813291803 76.6695064688302
8000 -55323.9820801056 -84.5431533767601 303.441420558441 51.7001966514703 56.6010813291803 76.596274445335
8100 -55340.0446648012 93.0661155073539 303.697505580512 51.7001966514703 56.6010813291803 76.5840802001298
8200 -55299.0765529228 267.950366180894 303.424152943342 51.7001966514703 56.6010813291803 76.5937543383097
8300 -55334.5311492788 -360.694383455694 305.961093557205 51.7001966514703 56.6010813291803 76.6222774338332
8400 -55221.5796526992 304.083942455718 304.122412574813 51.7001966514703 56.6010813291803 76.6342397566111
8500 -55102.2250851118 -121.275029303694 303.747020169511 51.7001966514703 56.6010813291803 76.735274417635
8600 -55177.1487890625 -666.059867343498 307.596842798222 51.7001966514703 56.6010813291803 76.8214194044682
8700 -55227.9038098524 516.334042149544 306.752423566303 51.7001966514703 56.6010813291803 76.8768792906336
8800 -55178.8378207147 -857.512509384665 300.866227394927 51.7001966514703 56.6010813291803 76.9735577265382
8900 -55287.3336556166 201.121983150377 304.174084470859 51.7001966514703 56.6010813291803 76.9843102786395
9000 -55204.2747329391 -108.702196334098 304.433971458405 51.7001966514703 56.6010813291803 76.9797635513608
9100 -55263.9079993593 22.9274235379029 306.305560469419 51.7001966514703 56.6010813291803 76.8901723627416
9200 -55228.0866715309 495.210494984725 303.063086851949 51.7001966514703 56.6010813291803 76.8952591679099
9300 -55199.9649978601 -252.745629666934 305.490491633139 51.7001966514703 56.6010813291803 76.961510595368
9400 -55335.1038915473 -602.172165546463 307.475254308295 51.7001966514703 56.6010813291803 76.973775995383
9500 -55302.0390108164 644.812653798043 300.562647943382 51.7001966514703 56.6010813291803 76.9217039038402
9600 -55462.868008574 -759.753579290551 303.322760716305 51.7001966514703 56.6010813291803 76.8810864705996
9700 -55375.4874409491 4.95024975424285 301.417864599285 51.7001966514703 56.6010813291803 76.766721619236
9800 -55246.8489211742 -270.548227537148 303.76641684201 51.7001966514703 56.6010813291803 76.7009552484671
9900 -55193.3040139709 -358.413522670369 304.35329726471 51.7001966514703 56.6010813291803 76.6423260099395
10000 -55239.6174384258 543.97273119325 303.44999295891 51.7001966514703 56.6010813291803 76.657648438069
10100 -55343.0218784238 -218.516159179792 305.245712508877 51.7001966514703 56.6010813291803 76.7617504880104
10200 -55355.5379338048 -504.619464733178 305.232553432516 51.7001966514703 56.6010813291803 76.7722925923951
10300 -55443.0399175384 375.199819632134 308.064781556288 51.7001966514703 56.6010813291803 76.7305301839406
10400 -55402.367945854 -663.061027059422 303.33780001016 51.7001966514703 56.6010813291803 76.7797017929428
10500 -55442.6040514679 -127.954559730357 303.793096918141 51.7001966514703 56.6010813291803 76.7822907991036
10600 -55234.1431834737 409.110263238757 300.828882579507 51.7001966514703 56.6010813291803 76.8286079325446
10700 -55194.024552835 -665.873164726066 305.857059219191 51.7001966514703 56.6010813291803 76.9075141795614
10800 -55261.3710497667 356.878551413312 307.146385852422 51.7001966514703 56.6010813291803 76.8826704756689
10900 -55313.0910203129 -229.401949259945 305.194478690615 51.7001966514703 56.6010813291803 76.8511308367919
11000 -55431.4771395174 226.117919487931 306.404069107812 51.7001966514703 56.6010813291803 76.9125052751233
11100 -55399.6768967843 99.6316854517432 302.010541204069 51.7001966514703 56.6010813291803 77.0048913762834
11200 -55454.2210958112 -541.043467747389 302.707525983917 51.7001966514703 56.6010813291803 77.061186045612
11300 -55223.8269225595 149.266745813687 301.294740451843 51.7001966514703 56.6010813291803 77.0410414352254
11400 -55186.8149034616 -44.4513667931395 304.118855969206 51.7001966514703 56.6010813291803 76.9845920747305
11500 -55148.347235879 -192.41833675969 305.373975732201 51.7001966514703 56.6010813291803 76.9764322642229
11600 -55234.8537029075 -48.4510119853554 306.30601229917 51.7001966514703 56.6010813291803 76.9288888555836
11700 -55215.2136352756 -28.3975602447223 302.000639272354 51.7001966514703 56.6010813291803 76.8608496523249
11800 -55366.4871834728 160.79438537204 303.301760873957 51.7001966514703 56.6010813291803 76.886093764143
11900 -55278.6498775262 98.3864251321721 299.355121402471 51.7001966514703 56.6010813291803 76.8923789534209
12000 -55344.6593277712 -421.492355793061 304.705485873328 51.7001966514703 56.6010813291803 76.9396143148912
12100 -55277.2777352227 269.156689163551 308.356673270876 51.7001966514703 56.6010813291803 76.9439315597478
12200 -55274.4908208709 -542.882757509794 307.135272828643 51.7001966514703 56.6010813291803 76.892528909277
12300 -55268.9357215061 54.0776538723627 305.565558456196 51.7001966514703 56.6010813291803 76.8417169906937
12400 -55119.5667664747 859.651254028367 300.729439153759 51.7001966514703 56.6010813291803 76.8300613823891
12500 -55206.0640741683 -1159.70606652051 304.067252311854 51.7001966514703 56.6010813291803 76.9251490391
12600 -55205.5592243962 186.661383981089 305.372324882997 51.7001966514703 56.6010813291803 76.9083031252228
12700 -55185.5477383514 -99.915848197561 304.540554040064 51.7001966514703 56.6010813291803 76.9234777936215
12800 -55391.569164199 -1049.4807314103 308.088924007797 51.7001966514703 56.6010813291803 76.9616649653342
12900 -55403.9417748232 674.251319036929 302.601086264449 51.7001966514703 56.6010813291803 76.824648910376
13000 -55289.0932977023 -184.47133017661 299.099120976004 51.7001966514703 56.6010813291803 76.7812921948883
13100 -55382.4860531137 -302.720969141801 305.409566632271 51.7001966514703 56.6010813291803 76.7714214684415
13200 -55260.014133062 442.494482351669 305.160975665434 51.7001966514703 56.6010813291803 76.655735533981
13300 -55173.3795751177 -463.429381601784 305.707374066134 51.7001966514703 56.6010813291803 76.6894066601096
13400 -55251.9353553903 -119.806337844597 305.379778018629 51.7001966514703 56.6010813291803 76.6918143515437
13500 -55450.5455105804 -93.9075021568328 305.242850832748 51.7001966514703 56.6010813291803 76.5856183244469
13600 -55359.2038579987 213.117817985021 301.726123487523 51.7001966514703 56.6010813291803 76.5646884768742
13700 -55361.9779590216 -213.025139806649 302.021909028033 51.7001966514703 56.6010813291803 76.5670478940635
13800 -55316.3785593591 -394.262378539859 301.506732713891 51.7001966514703 56.6010813291803 76.5311089886615
13900 -55458.8529879256 623.103135913494 307.286285598814 51.7001966514703 56.6010813291803 76.4581002136247
14000 -55345.1966870113 -122.100968459059 306.108733847119 51.7001966514703 56.6010813291803 76.4835531227181
14100 -55319.1158542625 -235.93583279668 304.004783246251 51.7001966514703 56.6010813291803 76.5885842705255
14200 -55412.5974215952 251.321478268777 303.758989421466 51.7001966514703 56.6010813291803 76.6338483971053
14300 -55454.1899116101 -524.267958240364 303.268045379903 51.7001966514703 56.6010813291803 76.6611507847837
14400 -55339.4522961617 17.9382621200068 304.386155973726 51.7001966514703 56.6010813291803 76.6702026459864
14500 -55244.6480326139 430.06382392989 307.031809105177 51.7001966514703 56.6010813291803 76.7192301131371
14600 -55235.4337926619 -577.056031164337 307.208521129951 51.7001966514703 56.6010813291803 76.8064492257465
14700 -55260.1678490702 184.812460364296 302.994854331953 51.7001966514703 56.6010813291803 76.7533766562543
14800 -55282.3545056124 60.6370973450802 302.178222676943 51.7001966514703 56.6010813291803 76.6852283986787
14900 -55310.0355913859 117.302751819961 304.72998477393 51.7001966514703 56.6010813291803 76.6952995185678
15000 -55181.205766986 -78.6353449379848 302.067169639365 51.7001966514703 56.6010813291803 76.6608324120681
15100 -55281.6246436062 -125.249226657604 305.914628908564 51.7001966514703 56.6010813291803 76.6222917012454
15200 -55261.7534208369 268.182304374979 303.121349478188 51.7001966514703 56.6010813291803 76.6088174730109
15300 -55161.9498508991 -489.706563684682 301.343375816078 51.7001966514703 56.6010813291803 76.5645256677068
15400 -55080.5090403609 -54.3240428808497 303.929339970005 51.7001966514703 56.6010813291803 76.5451075213167
15500 -55156.7019810184 333.491992823502 306.085099315823 51.7001966514703 56.6010813291803 76.5061193583167
15600 -55295.7551592478 -209.458464793215 306.735083854358 51.7001966514703 56.6010813291803 76.4391358583099
15700 -55149.7432754557 387.75266030939 299.759505109184 51.7001966514703 56.6010813291803 76.4880559907511
15800 -55430.6223612264 -527.938181451409 307.469398250571 51.7001966514703 56.6010813291803 76.6156350513423
15900 -55280.4479617031 -147.616877917461 303.410281828681 51.7001966514703 56.6010813291803 76.6451648931057
16000 -55167.1513800258 259.528124260649 301.121890588315 51.7001966514703 56.6010813291803 76.7453680490457
16100 -55253.296215771 -273.310882542947 301.835729780612 51.7001966514703 56.6010813291803 76.8406417292309
16200 -55425.1459872539 -235.247931254284 302.61036322087 51.7001966514703 56.6010813291803 76.8404190768394
16300 -55369.1608265048 -45.0504825391841 301.418128464788 51.7001966514703 56.6010813291803 76.8463387898196
16400 -55194.5699900162 -363.221306223223 300.377009587309 51.7001966514703 56.6010813291803 76.8664371692056
16500 -55092.2428709698 -458.225042059465 301.423931422231 51.7001966514703 56.6010813291803 76.8762680143505
16600 -55216.4162492128 -133.54312207212 306.23560485559 51.7001966514703 56.6010813291803 76.8548067553216
16700 -55288.255421825 138.405951908934 305.487932446785 51.7001966514703 56.6010813291803 76.8381314271755
16800 -55314.5726630802 210.274375854657 302.015379793267 51.7001966514703 56.6010813291803 76.8081125457234
16900 -55285.8617423128 -537.62293223038 301.649664322176 51.7001966514703 56.6010813291803 76.8259112358227
17000 -55276.8037931519 -158.09545992495 305.411972098778 51.7001966514703 56.6010813291803 76.7570687478248
17100 -55347.3825134163 748.865669795655 304.975779430199 51.7001966514703 56.6010813291803 76.6680053714452
17200 -55379.8187693364 -273.627631772844 300.930502100381 51.7001966514703 56.6010813291803 76.6850223340035
17300 -55558.40739708 248.11288336842 305.226963451806 51.7001966514703 56.6010813291803 76.69771553647
17400 -55409.2546763798 -82.1829252956057 302.411332466909 51.7001966514703 56.6010813291803 76.7803889624547
17500 -55372.2049869614 -338.278115202949 305.523702226194 51.7001966514703 56.6010813291803 76.8499088060384
17600 -55229.0027108426 -50.9541174420887 306.723753985226 51.7001966514703 56.6010813291803 76.7804419390165
17700 -55184.670116355 416.182095830284 302.945060323668 51.7001966514703 56.6010813291803 76.7470054315063
17800 -55328.9386748304 -342.306763865963 303.905263191777 51.7001966514703 56.6010813291803 76.8547075308256
17900 -55394.9870945505 206.751341716763 303.596797912043 51.7001966514703 56.6010813291803 76.8777396672323
18000 -55319.040191703 -637.264563769818 301.745832205316 51.7001966514703 56.6010813291803 76.8919892735847
18100 -55285.7860190332 489.587280741504 304.980783209557 51.7001966514703 56.6010813291803 76.9380799276679
18200 -55296.1965936418 -602.14497343915 305.844897257754 51.7001966514703 56.6010813291803 76.9622724534995
18300 -55254.2696781036 -116.144302776635 302.52802054886 51.7001966514703 56.6010813291803 76.935307700945
18400 -55276.6093513643 62.1903394952408 302.400291225679 51.7001966514703 56.6010813291803 76.8771751139514
18500 -55224.1714104945 -609.57147656356 305.501664156363 51.7001966514703 56.6010813291803 76.8210678712246
18600 -55123.7823508374 803.718251658432 306.018731900949 51.7001966514703 56.6010813291803 76.7569247924598
18700 -55096.3086374441 -368.682969051538 305.367602031233 51.7001966514703 56.6010813291803 76.8234072126411
18800 -55280.1967157033 -448.93989419146 307.887161733349 51.7001966514703 56.6010813291803 76.8365019486334
18900 -55356.4235143644 257.363909564472 304.683052743169 51.7001966514703 56.6010813291803 76.779887208153
19000 -55157.6218429542 -57.7612957678274 299.879434667529 51.7001966514703 56.6010813291803 76.7055456535305
19100 -55154.7900977104 -271.63525126589 304.538322021657 51.7001966514703 56.6010813291803 76.667897602172
19200 -55179.499038071 72.0154431264997 306.948785365935 51.7001966514703 56.6010813291803 76.5870129013526
19300 -55032.7843940554 -7.73333212105692 301.348609108706 51.7001966514703 56.6010813291803 76.6127173015487
19400 -55110.1972227219 -140.981819267715 303.935543010519 51.7001966514703 56.6010813291803 76.6360841950432
19500 -55267.4259942741 27.2227027929156 307.700226334163 51.7001966514703 56.6010813291803 76.6443673144201
19600 -55291.5983026375 -595.197763476277 304.607674712623 51.7001966514703 56.6010813291803 76.6220048546078
19700 -55350.2133426221 -63.6282588151724 302.698958054529 51.7001966514703 56.6010813291803 76.6002718038172
19800 -55378.6506370499 -296.818122163982 303.904355033454 51.7001966514703 56.6010813291803 76.6167273832889
19900 -55283.8936984295 -51.1230958888419 302.476162047152 51.7001966514703 56.6010813291803 76.5533469473292
20000 -55229.0176989326 217.378934134928 304.764741215338 51.7001966514703 56.6010813291803 76.5223539998514
20100 -55289.532719103 -235.445899170409 307.87957792077 51.7001966514703 56.6010813291803 76.5403767675702
20200 -55291.6309228484 390.97275790196 304.122252447883 51.7001966514703 56.6010813291803 76.4660240221579
20300 -55386.041353314 -10.5595938253151 302.917438982305 51.7001966514703 56.6010813291803 76.4325020493311
20400 -55397.139528148 -387.936416173552 302.040736346666 51.7001966514703 56.6010813291803 76.4514844984997
20500 -55317.738374441 782.026468682569 307.66994238592 51.7001966514703 56.6010813291803 76.4171682958977
20600 -55108.9062167269 -282.556809079636 302.754686642827 51.7001966514703 56.6010813291803 76.5234044726274
20700 -55198.8083034861 228.543518074914 303.771888094418 51.7001966514703 56.6010813291803 76.6183536081151
20800 -55269.2204377745 297.996056420456 301.291532510187 51.7001966514703 56.6010813291803 76.7011401270485
20900 -55323.8997742247 -410.012488064688 301.126270679795 51.7001966514703 56.6010813291803 76.8041308295363
21000 -55300.8599692638 -215.976737294406 302.47379102988 51.7001966514703 56.6010813291803 76.8857018128264
21100 -55261.7379431984 46.9777992932407 306.270238000759 51.7001966514703 56.6010813291803 76.9267823798588
21200 -55223.3214500988 232.265779116818 306.181095056614 51.7001966514703 56.6010813291803 76.9695367860835
21300 -55306.3065905825 -272.122374076605 306.680366385619 51.7001966514703 56.6010813291803 77.0147988031926
21400 -55283.213561334 40.9196752978768 302.521099540357 51.7001966514703 56.6010813291803 76.9999353588848
21500 -55342.9877852681 -107.910464414902 303.889018317126 51.7001966514703 56.6010813291803 77.099074281692
21600 -55219.5887770345 -411.546046673572 301.797563657536 51.7001966514703 56.6010813291803 77.0814992970953
21700 -55261.2434469417 -138.457163758577 305.620850237692 51.7001966514703 56.6010813291803 76.9692430435737
21800 -55209.0189597776 62.2510664291411 305.363840126084 51.7001966514703 56.6010813291803 76.9752596410006
21900 -55108.4568975122 -598.654276946773 302.375980145589 51.7001966514703 56.6010813291803 76.9595717500846
22000 -55113.9528075963 305.994361738896 303.714746538284 51.7001966514703 56.6010813291803 76.9008156407683
22100 -55128.8580198672 -391.75309661108 307.812668373324 51.7001966514703 56.6010813291803 76.8949414198748
22200 -55189.0283237583 -400.565878957454 306.822841683539 51.7001966514703 56.6010813291803 76.8213218806726
22300 -55141.299780595 185.069925602669 301.606051312626 51.7001966514703 56.6010813291803 76.7139021510368
22400 -55368.1482508164 361.94565662882 304.088636658175 51.7001966514703 56.6010813291803 76.6534891558793
22500 -55229.1716796585 244.030375959707 300.857387738698 51.7001966514703 56.6010813291803 76.6323336843687
22600 -55383.9754974801 -132.706656891748 307.44719040576 51.7001966514703 56.6010813291803 76.6635923764886
22700 -55249.1782390968 -294.92914417149 302.740180518019 51.7001966514703 56.6010813291803 76.7262369200697
22800 -55265.9556902264 262.459711291589 301.554193917917 51.7001966514703 56.6010813291803 76.7789983847701
22900 -55298.2051515459 -63.5299190500419 302.380381763209 51.7001966514703 56.6010813291803 76.7727620134495
23000 -55255.6067501878 444.358650488423 301.351913978199 51.7001966514703 56.6010813291803 76.7497005205817
23100 -55298.8346941882 219.461752320423 305.764225355319 51.7001966514703 56.6010813291803 76.8544402899723
23200 -55239.7828452216 -260.808631487426 305.899179003453 51.7001966514703 56.6010813291803 76.9613768013304
23300 -55206.3607992568 -45.4694589832928 303.684424224069 51.7001966514703 56.6010813291803 77.0185026265919
23400 -55177.5544295689 77.6098623156149 301.514217198744 51.7001966514703 56.6010813291803 77.0252146658978
23500 -55154.4722724473 -137.894239412118 302.870212071505 51.7001966514703 56.6010813291803 77.0676046829871
23600 -55138.8216290309 -312.436391025585 306.00835425828 51.7001966514703 56.6010813291803 77.1178221572415
23700 -55076.2635047922 -97.8005631784258 305.747642365593 51.7001966514703 56.6010813291803 77.0958272943734
23800 -55222.3592099132 -215.231497949549 308.724262260289 51.7001966514703 56.6010813291803 77.0731820010917
23900 -55191.1239904493 -515.054392103324 304.191253801843 51.7001966514703 56.6010813291803 77.0380400459487
24000 -55354.9367743849 297.572059552233 304.875653918557 51.7001966514703 56.6010813291803 76.906061406504
24100 -55234.3016326744 69.8617508212693 300.758425455817 51.7001966514703 56.6010813291803 76.8559134971148
24200 -55366.6504099817 -36.0849534567014 309.631275507181 51.7001966514703 56.6010813291803 76.8398167537055
24300 -55089.5759250855 -261.40294383524 304.880824095602 51.7001966514703 56.6010813291803 76.7992013212365
24400 -55090.7261371459 -250.249604189294 307.356054369107 51.7001966514703 56.6010813291803 76.7641818096921
24500 -55188.0362335581 48.9819030202 304.267791303397 51.7001966514703 56.6010813291803 76.813686489844
24600 -55246.5770830905 -306.614269017598 301.022582172344 51.7001966514703 56.6010813291803 76.8450439839399
24700 -55245.1494093893 128.965292618038 301.041420033433 51.7001966514703 56.6010813291803 76.8484331783548
24800 -55185.2915922044 39.525301782574 303.37659095007 51.7001966514703 56.6010813291803 76.890070488183
24900 -55105.1200000899 -370.900940667381 305.559721789849 51.7001966514703 56.6010813291803 76.901537869437
25000 -55122.0893012514 514.913370523054 305.344595311283 51.7001966514703 56.6010813291803 76.859937682682
25100 -55254.4824567027 -333.31046000985 305.057214298705 51.7001966514703 56.6010813291803 76.9370548118523
25200 -55177.733382338 -90.9678104937008 301.529344381415 51.7001966514703 56.6010813291803 76.9997397041596
25300 -55357.5634009174 -73.3396828371572 305.04263156103 51.7001966514703 56.6010813291803 77.0198793605398
25400 -55331.5209078802 -137.123342982865 305.970715761658 51.7001966514703 56.6010813291803 77.0521305765969
25500 -55196.9241155042 205.815659664834 304.736586929401 51.7001966514703 56.6010813291803 77.0588394854488
25600 -55176.3367568777 -80.9964605695661 301.308988790331 51.7001966514703 56.6010813291803 77.0956925607972
25700 -55336.3536910356 -229.343599235878 305.254567854537 51.7001966514703 56.6010813291803 77.1592586405732
25800 -55226.586193835 6.28047277484215 301.281621576259 51.7001966514703 56.6010813291803 77.1879785716795
25900 -55349.0167178275 458.367290150152 306.795701406967 51.7001966514703 56.6010813291803 77.0613272460717
26000 -55322.5236148527 -74.7404180646167 304.810405390451 51.7001966514703 56.6010813291803 77.0124116493711
26100 -55398.4357603118 -210.441358606483 305.460280398973 51.7001966514703 56.6010813291803 77.024396948464
26200 -55289.5211144155 362.215346971079 302.602637002156 51.7001966514703 56.6010813291803 77.0060922725771
26300 -55062.8176375902 65.6455945163671 302.004125612823 51.7001966514703 56.6010813291803 77.0884278345338
26400 -55190.092625542 -472.615248940957 307.363066815638 51.7001966514703 56.6010813291803 77.2030166334177
26500 -55167.6224889637 -421.347944563006 304.850964118738 51.7001966514703 56.6010813291803 77.1549827488471
26600 -55129.487972834 274.770624953582 302.283599092168 51.7001966514703 56.6010813291803 77.090797070121
26700 -55201.3629863618 208.573851210732 304.626401534279 51.7001966514703 56.6010813291803 77.1064460364229
26800 -55122.266591426 -368.968723319844 303.147617162465 51.7001966514703 56.6010813291803 77.0795174955228
26900 -55066.5109657061 213.883616785392 301.79143438895 51.7001966514703 56.6010813291803 76.9634911340675
27000 -55179.0835936421 -268.348171749352 305.426634032111 51.7001966514703 56.6010813291803 76.8994250542271
27100 -55228.6422443957 -43.4480924067423 303.374015576088 51.7001966514703 56.6010813291803 76.8957370561343
27200 -55327.8089930251 -42.4103709918039 302.703899211509 51.7001966514703 56.6010813291803 76.8730693001246
27300 -55401.3047790142 -138.266036175986 304.682226320079 51.7001966514703 56.6010813291803 76.7744456771727
27400 -55228.7269842871 277.175113067299 305.063606390889 51.7001966514703 56.6010813291803 76.6800360321705
27500 -55103.3644835685 -40.500979469593 304.735722042485 51.7001966514703 56.6010813291803 76.7402847471911
27600 -55135.4485576338 -165.906948358757 304.1951388976 51.7001966514703 56.6010813291803 76.8223135056962
27700 -55254.0870554569 136.81960994186 305.587350482492 51.7001966514703 56.6010813291803 76.814152418449
27800 -55280.4568498599 38.8883273045839 304.282828942257 51.7001966514703 56.6010813291803 76.8143047076948
27900 -55364.825362366 474.310968127793 302.650756342259 51.7001966514703 56.6010813291803 76.8275867037485
28000 -55349.6229682815 -207.740681982897 301.578282230563 51.7001966514703 56.6010813291803 76.9227173199484
28100 -55316.7398479902 -121.375440346984 306.117895024498 51.7001966514703 56.6010813291803 76.9619067667322
28200 -55295.8643467802 -95.9523503397217 308.727674813216 51.7001966514703 56.6010813291803 76.9756111564443
28300 -55244.6959405747 46.8778628486542 306.015355163873 51.7001966514703 56.6010813291803 77.0432833987588
28400 -55236.4695892192 -178.422823577148 302.890043392425 51.7001966514703 56.6010813291803 77.115703616863
28500 -55358.7752540938 -260.596116127446 303.983209704744 51.7001966514703 56.6010813291803 77.1535300442665
28600 -55397.5812213956 -33.6256685189721 302.332792379218 51.7001966514703 56.6010813291803 77.1433268752607
28700 -55389.5834297034 -619.237309348339 305.6080505145 51.7001966514703 56.6010813291803 77.0146008606199
28800 -55191.6838770976 500.084419694811 306.188377899429 51.7001966514703 56.6010813291803 76.8979204446554
28900 -55187.9904037561 49.1848927055714 306.652097308262 51.7001966514703 56.6010813291803 76.9136624126632
29000 -55229.7317943638 41.0445155149985 304.41075852039 51.7001966514703 56.6010813291803 76.8700061662424
29100 -55231.4215987453 -72.0515742163077 301.114924179389 51.7001966514703 56.6010813291803 76.8536019662161
29200 -55277.8798912467 -190.224706240489 303.990373983596 51.7001966514703 56.6010813291803 76.9152810962913
29300 -55203.6868904567 105.26253943207 305.72700528116 51.7001966514703 56.6010813291803 76.9059914024108
29400 -55102.9585066595 -50.9659463680074 307.199277278771 51.7001966514703 56.6010813291803 76.8790036123106
29500 -55178.0908091934 -159.927170417472 307.936475394494 51.7001966514703 56.6010813291803 76.8803871327764
29600 -55175.3348454063 368.927269237908 303.372792897541 51.7001966514703 56.6010813291803 76.9022585561968
29700 -55181.7750611364 -475.695050066444 302.194685936165 51.7001966514703 56.6010813291803 76.9934716323975
29800 -55290.152970255 -182.349831906598 306.471736682056 51.7001966514703 56.6010813291803 77.0724255640952
29900 -55089.2825502389 389.846291795356 303.328109330994 51.7001966514703 56.6010813291803 77.1100454295476
30000 -55106.533087468 -456.519466284076 307.451126299016 51.7001966514703 56.6010813291803 77.2396539788785
30100 -55113.6585294426 -433.685724697905 307.948660632173 51.7001966514703 56.6010813291803 77.2367411282988
30200 -55232.5630814425 197.474538230944 305.497571642569 51.7001966514703 56.6010813291803 77.1170956063699
30300 -55237.5063594214 -375.347633375495 304.224423218203 51.7001966514703 56.6010813291803 77.0597419074037
30400 -55133.2986421652 -29.7922071392567 303.072503080667 51.7001966514703 56.6010813291803 77.0136047814332
30500 -55230.4255799332 251.980777876841 307.085196556177 51.7001966514703 56.6010813291803 76.9445156210821
30600 -55146.0709487926 -354.988671725102 299.772551775126 51.7001966514703 56.6010813291803 76.9470229246914
30700 -55290.5136284304 26.016646465078 301.441413905518 51.7001966514703 56.6010813291803 76.855904707967
30800 -55338.5241455775 198.48452413571 304.099177448752 51.7001966514703 56.6010813291803 76.7573170447961
30900 -55194.4491570845 288.898387508345 304.269359712215 51.7001966514703 56.6010813291803 76.7645308587832
31000 -55045.5356393053 -415.237922283655 303.574793421936 51.7001966514703 56.6010813291803 76.8234773870641
31100 -55242.2796640746 248.523487577737 307.628346678133 51.7001966514703 56.6010813291803 76.8173851518112
31200 -55206.7931677124 -316.201323190703 301.968814209197 51.7001966514703 56.6010813291803 76.7888098987975
31300 -55255.3859275175 393.034917859954 301.828072362437 51.7001966514703 56.6010813291803 76.7236569037153
31400 -55395.6242277033 -322.599176830556 305.835420928564 51.7001966514703 56.6010813291803 76.7784498281566
31500 -55298.9568522234 -99.4501124623468 302.98013900563 51.7001966514703 56.6010813291803 76.8097331270749
31600 -55269.3912846942 -201.302065235363 303.117054873244 51.7001966514703 56.6010813291803 76.8299333904719
31700 -55158.783401985 -282.272405514823 301.943158603664 51.7001966514703 56.6010813291803 76.844201474921
31800 -55200.4759517571 47.7656680980852 302.324723289322 51.7001966514703 56.6010813291803 76.855790551559
31900 -55225.2277121611 -55.6307142930991 301.580572007042 51.7001966514703 56.6010813291803 76.8551280423278
32000 -55420.9654180491 157.097276260354 301.832603860949 51.7001966514703 56.6010813291803 76.9094269767351
32100 -55403.6187829623 -88.6886893374423 303.381514939236 51.7001966514703 56.6010813291803 76.9988590587909
32200 -55216.3002952815 -249.570225920352 300.301957924533 51.7001966514703 56.6010813291803 77.0162659235389
32300 -55205.4130520191 -51.4046070760682 302.915733956352 51.7001966514703 56.6010813291803 76.9731352223274
32400 -55189.4642693143 222.676087711273 305.513858273265 51.7001966514703 56.6010813291803 76.8956967129633
32500 -55200.0509247294 -122.384119914418 304.958997677011 51.7001966514703 56.6010813291803 76.8891226142759
32600 -55309.4639601724 355.661577745803 301.726883296109 51.7001966514703 56.6010813291803 76.8498665871497
32700 -55461.5741278043 36.1020914213681 304.795008626219 51.7001966514703 56.6010813291803 76.9079449126731
32800 -55280.6215289993 7.31246638864087 301.570895900684 51.7001966514703 56.6010813291803 76.9859938638025
32900 -55201.436389176 -322.903690264528 304.219972324233 51.7001966514703 56.6010813291803 76.9220047651671
33000 -55213.5511257274 123.969019991637 306.064155018428 51.7001966514703 56.6010813291803 76.9009480285408
33100 -55278.3797865457 -151.981875781034 304.074837215915 51.7001966514703 56.6010813291803 76.925828228874
33200 -55320.399014627 -431.955617842374 302.255621825415 51.7001966514703 56.6010813291803 76.9100380620754
33300 -55355.3140244031 86.5897635959244 300.266955261858 51.7001966514703 56.6010813291803 76.8894671436174
33400 -55407.3947749321 209.576675360056 302.994151905626 51.7001966514703 56.6010813291803 76.7679644298634
33500 -55332.1388834229 -326.149155815762 309.206173349468 51.7001966514703 56.6010813291803 76.7075069183778
33600 -55333.1005666707 732.826085850069 307.815476992622 51.7001966514703 56.6010813291803 76.6572416168165
33700 -55414.1909435035 -192.397891585828 303.918278809069 51.7001966514703 56.6010813291803 76.6393898955296
33800 -55492.692656723 150.833990393578 302.896370256958 51.7001966514703 56.6010813291803 76.6200860117004
33900 -55509.8703134866 198.803549367457 301.072279898123 51.7001966514703 56.6010813291803 76.6141329974516
34000 -55554.6537118738 335.880316990524 304.132866815252 51.7001966514703 56.6010813291803 76.7256682003844
34100 -55376.6621298141 -294.599264941523 304.6456416906 51.7001966514703 56.6010813291803 76.8277214411275
34200 -55344.6152748228 -87.4505113486892 306.76277917598 51.7001966514703 56.6010813291803 76.8124517473474
34300 -55333.6791208074 -86.6448187832892 305.201852477384 51.7001966514703 56.6010813291803 76.8313042081238
34400 -55330.9457204278 -21.7267717076199 301.181290592605 51.7001966514703 56.6010813291803 76.8044942594954
34500 -55372.3331928346 -367.74699254173 298.872691214003 51.7001966514703 56.6010813291803 76.7383811992763
34600 -55359.7211583275 676.96033824549 299.964279149568 51.7001966514703 56.6010813291803 76.6604316621972
34700 -55444.1419874975 -304.013064138311 306.970763839647 51.7001966514703 56.6010813291803 76.5821957175858
34800 -55295.2072126158 405.445772992937 305.164519646987 51.7001966514703 56.6010813291803 76.5513809920419
34900 -55310.3136685902 337.651274523006 303.64598224855 51.7001966514703 56.6010813291803 76.6161960876754
35000 -55387.8202974445 -771.045610422097 302.049477931055 51.7001966514703 56.6010813291803 76.7180712084604
35100 -55474.9880712588 327.459674898864 301.183597156206 51.7001966514703 56.6010813291803 76.6992834850875
35200 -55401.209193524 325.03067856557 301.961980712407 51.7001966514703 56.6010813291803 76.6958481464045
35300 -55230.2803204994 -11.0049625397798 301.974093845037 51.7001966514703 56.6010813291803 76.7532889049165
35400 -55311.2892290415 -29.4546700347048 305.518950076609 51.7001966514703 56.6010813291803 76.8067847534669
35500 -55327.631079074 229.54731126981 305.39798426311 51.7001966514703 56.6010813291803 76.8710137438649
35600 -55354.0800138681 -114.901102699178 305.663577488936 51.7001966514703 56.6010813291803 76.9934875935813
35700 -55289.3557297446 -579.654671929082 304.161435017712 51.7001966514703 56.6010813291803 77.0764691813324
35800 -55434.6216230277 -161.170329041208 309.578231430374 51.7001966514703 56.6010813291803 77.0328130652017
35900 -55214.9729266465 123.167198481287 301.209223831238 51.7001966514703 56.6010813291803 76.9914928401828
36000 -55413.7536546214 -423.105495744046 304.771944849322 51.7001966514703 56.6010813291803 76.9185716247356
36100 -55322.7494771401 102.733095991971 299.409477773491 51.7001966514703 56.6010813291803 76.8708213270966
36200 -55421.6991720089 -96.3436985011726 305.584976774881 51.7001966514703 56.6010813291803 76.8864916950937
36300 -55253.943028498 -555.418875077629 303.812922787816 51.7001966514703 56.6010813291803 76.9928341905932
36400 -55226.3662208124 422.50881337743 303.542556274815 51.7001966514703 56.6010813291803 76.9853540869756
36500 -55374.7060174664 -22.0029171671536 305.471775772645 51.7001966514703 56.6010813291803 76.9719143515334
36600 -55331.0651352394 -759.716295517726 301.789913677725 51.7001966514703 56.6010813291803 77.1019078721835
36700 -55316.9254525696 615.279353108845 302.421130133231 51.7001966514703 56.6010813291803 77.0955283186245
36800 -55198.627842703 -402.289108784871 300.437126938969 51.7001966514703 56.6010813291803 77.1222896299469
36900 -55303.2855708764 -34.4371559254188 306.750301856832 51.7001966514703 56.6010813291803 77.1733851732463
37000 -55257.5970838 -222.54650917139 305.113132042231 51.7001966514703 56.6010813291803 77.1298590908782
37100 -55240.6608281739 8.25294663115313 303.41730932668 51.7001966514703 56.6010813291803 77.0974766183717
37200 -55337.3073586218 -312.654421171261 305.775039885735 51.7001966514703 56.6010813291803 77.145237692119
37300 -55333.7239169731 -423.447575958193 304.651929056926 51.7001966514703 56.6010813291803 77.1449749881478
37400 -55334.4623066331 121.702781281187 303.672159138418 51.7001966514703 56.6010813291803 77.1294520108959
37500 -55268.5984497264 -269.26327608644 303.735669447885 51.7001966514703 56.6010813291803 77.1306403103668
37600 -55295.1752680272 64.042682539359 304.543954253215 51.7001966514703 56.6010813291803 77.0846009456477
37700 -55291.857520874 -60.8689121207199 301.57572302364 51.7001966514703 56.6010813291803 77.0407530143699
37800 -55527.7309661966 -463.575345219842 303.450752553476 51.7001966514703 56.6010813291803 76.9921849708962
37900 -55411.8610873545 293.960792820106 301.792481359877 51.7001966514703 56.6010813291803 76.9634621687783
38000 -55364.8800539984 -105.670121281111 304.519679359751 51.7001966514703 56.6010813291803 77.0067914924458
38100 -55308.5598986717 -393.700833313129 304.752058223511 51.7001966514703 56.6010813291803 77.0573187265014
38200 -55090.169032583 -23.6093123116247 299.209546594102 51.7001966514703 56.6010813291803 77.0287543581845
38300 -55237.1379214914 -215.399886234956 302.015849322418 51.7001966514703 56.6010813291803 77.0756888673549
38400 -55218.3632020221 -327.556653577708 299.913058591063 51.7001966514703 56.6010813291803 77.1190723448207
38500 -55181.3214416091 -67.3246792059054 300.695445401774 51.7001966514703 56.6010813291803 77.0692398122105
38600 -55173.4680895042 79.2172181278501 306.525108906413 51.7001966514703 56.6010813291803 77.1010080886314
38700 -55184.0696758416 -418.397199580024 307.98484575772 51.7001966514703 56.6010813291803 77.1179280426294
38800 -55231.5432226101 -249.613297810652 306.310444581123 51.7001966514703 56.6010813291803 77.0473865783426
38900 -55108.1405941638 175.708032184814 299.537151844002 51.7001966514703 56.6010813291803 76.983542027824
39000 -55190.4824034248 -304.678533163616 302.737868462872 51.7001966514703 56.6010813291803 76.9710166979918
39100 -55117.9025011573 -353.67429958133 303.394873769442 51.7001966514703 56.6010813291803 76.95841709897
39200 -55128.4442589939 -85.3865175879619 305.733355895921 51.7001966514703 56.6010813291803 76.9663997811738
39300 -55210.8059327137 154.493358302401 304.258117461139 51.7001966514703 56.6010813291803 77.0241055737878
39400 -55413.9151679067 -228.013101987753 304.697727213204 51.7001966514703 56.6010813291803 77.0746730046123
39500 -55411.0578980262 104.705221637249 303.394009341664 51.7001966514703 56.6010813291803 77.0491690850618
39600 -55358.565059365 -68.1514496977799 303.437548208158 51.7001966514703 56.6010813291803 77.0637912993134
39700 -55257.5730013739 230.632842638646 306.485901709611 51.7001966514703 56.6010813291803 77.0898360746605
39800 -55097.0167663708 -230.721108744536 304.118281137165 51.7001966514703 56.6010813291803 77.0603611223197
39900 -55041.5253519628 -250.217127385682 302.183230449531 51.7001966514703 56.6010813291803 77.1026854726053
40000 -55141.7180562046 435.694130510686 302.917099650438 51.7001966514703 56.6010813291803 77.124274918411
40100 -55211.8097317159 -427.489849388546 303.245863181542 51.7001966514703 56.6010813291803 77.0498109785342
40200 -55344.798268622 258.031301986919 304.25077107003 51.7001966514703 56.6010813291803 77.0047218363335
40300 -55316.8355224994 27.5015666077366 304.024811783134 51.7001966514703 56.6010813291803 77.0565417941906
40400 -55202.362350202 104.242086391552 304.834055088091 51.7001966514703 56.6010813291803 77.1217317632776
40500 -55282.3154180639 40.1142544089597 310.583630609377 51.7001966514703 56.6010813291803 77.1187402338776
40600 -55274.3746824559 -123.623957847958 307.579413052905 51.7001966514703 56.6010813291803 77.1322271177405
40700 -55169.5323296804 -90.2610821892825 301.08868401106 51.7001966514703 56.6010813291803 77.1437678097886
40800 -55369.1438120601 -90.6322356865177 304.966017412502 51.7001966514703 56.6010813291803 77.1089742701746
40900 -55326.306822116 84.5464108226239 303.57088621008 51.7001966514703 56.6010813291803 77.0686939336645
41000 -55357.8787615784 114.899775756226 305.67981476908 51.7001966514703 56.6010813291803 77.0235329964806
41100 -55224.9192138843 -552.91805129708 302.975654581841 51.7001966514703 56.6010813291803 77.0063717058918
41200 -55207.0899167495 -101.541062672739 304.891710407403 51.7001966514703 56.6010813291803 77.0120149815954
41300 -55082.038757991 -193.799780891971 304.306195934086 51.7001966514703 56.6010813291803 76.9430461028098
41400 -55118.3763652496 -307.337093262787 308.751999321462 51.7001966514703 56.6010813291803 76.8866383975811
41500 -55256.9665274336 -19.4001299338713 309.531537802708 51.7001966514703 56.6010813291803 76.8657728103906
41600 -55279.5710231557 -560.601496876068 305.226894696494 51.7001966514703 56.6010813291803 76.793639934006
41700 -55327.7234004846 429.645985249839 303.560380643822 51.7001966514703 56.6010813291803 76.6925842210606
41800 -55343.1628126266 -303.961762483193 303.742622520957 51.7001966514703 56.6010813291803 76.7160260151444
41900 -55263.9528407271 -224.207901642226 302.549373050984 51.7001966514703 56.6010813291803 76.79847174018
42000 -55273.2182937217 200.399135569679 304.689036368199 51.7001966514703 56.6010813291803 76.8237479678801
42100 -55195.5961062853 -504.818521946348 303.638555941704 51.7001966514703 56.6010813291803 76.9520302344358
42200 -55106.8328251645 -7.28020986918184 299.891582653384 51.7001966514703 56.6010813291803 77.06763416101
42300 -55159.2489473638 206.805643950233 303.518465399286 51.7001966514703 56.6010813291803 77.1661687010208
42400 -55004.8655644313 -867.9565087529 303.76579434677 51.7001966514703 56.6010813291803 77.2951311889003
42500 -55011.4775904307 117.126336017931 304.587049990116 51.7001966514703 56.6010813291803 77.2689546377582
42600 -55147.6869746982 -377.827623845687 306.134356493466 51.7001966514703 56.6010813291803 77.2210421135599
42700 -55079.488578983 412.522810417358 301.031180888285 51.7001966514703 56.6010813291803 77.2077970602091
42800 -55230.8080692901 -532.276092983987 303.236391308452 51.7001966514703 56.6010813291803 77.2405596673302
42900 -55352.4347828796 -181.052201602296 305.386194319188 51.7001966514703 56.6010813291803 77.1342555988558
43000 -55265.3233834062 226.563808600444 301.898466628854 51.7001966514703 56.6010813291803 76.987674401274
43100 -55142.6582065383 -131.522391891979 301.862871685426 51.7001966514703 56.6010813291803 76.9399643137838
43200 -55229.6098097035 -236.871094558372 309.643264861669 51.7001966514703 56.6010813291803 76.8923809833023
43300 -55141.1324189288 25.2391305607092 306.474558017531 51.7001966514703 56.6010813291803 76.8758638454134
43400 -55094.34360898 -320.051006084174 304.115958783357 51.7001966514703 56.6010813291803 76.8823668967924
43500 -55162.9765916719 368.313826388002 307.114369351302 51.7001966514703 56.6010813291803 76.8910761345692
43600 -55282.4428847118 -494.706389305833 309.316047949648 51.7001966514703 56.6010813291803 77.0161314601551
43700 -55209.770418462 -308.867956598084 301.787309307338 51.7001966514703 56.6010813291803 77.0580270418924
43800 -55197.8665439573 -48.5866518466501 299.923132808864 51.7001966514703 56.6010813291803 77.1094232961531
43900 -55125.4672387766 -462.002974987149 302.03225294512 51.7001966514703 56.6010813291803 77.1155665006773
44000 -55070.6958886798 -181.253498975753 304.495536146973 51.7001966514703 56.6010813291803 77.1168810255712
