Log file opened on Fri Dec  9 12:05:31 2016
Host: filey.vuse.vanderbilt.edu  pid: 97973  rank ID: 0  number of ranks:  1
                   :-) GROMACS - gmx mdrun, VERSION 5.1.2 (-:

                            GROMACS is written by:
     Emile Apol      Rossen Apostolov  Herman J.C. Berendsen    Par Bjelkmar   
 Aldert van Buuren   Rudi van Drunen     Anton Feenstra   Sebastian Fritsch 
  Gerrit Groenhof   Christoph Junghans   Anca Hamuraru    Vincent Hindriksen
 Dimitrios Karkoulis    Peter Kasson        Jiri Kraus      Carsten Kutzner  
    Per Larsson      Justin A. Lemkul   Magnus Lundborg   Pieter Meulenhoff 
   Erik Marklund      Teemu Murtola       Szilard Pall       Sander Pronk   
   Roland Schulz     Alexey Shvetsov     Michael Shirts     Alfons Sijbers  
   Peter Tieleman    Teemu Virolainen  Christian Wennberg    Maarten Wolf   
                           and the project leaders:
        Mark Abraham, Berk Hess, Erik Lindahl, and David van der Spoel

Copyright (c) 1991-2000, University of Groningen, The Netherlands.
Copyright (c) 2001-2015, The GROMACS development team at
Uppsala University, Stockholm University and
the Royal Institute of Technology, Sweden.
check out http://www.gromacs.org for more information.

GROMACS is free software; you can redistribute it and/or modify it
under the terms of the GNU Lesser General Public License
as published by the Free Software Foundation; either version 2.1
of the License, or (at your option) any later version.

GROMACS:      gmx mdrun, VERSION 5.1.2
Executable:   /usr/local/gromacs/bin//gmx
Data prefix:  /usr/local/gromacs
Command line:
  gmx mdrun -deffnm nvteq_DSPC-34_alc22-66_0129

GROMACS version:    VERSION 5.1.2
Precision:          single
Memory model:       64 bit
MPI library:        thread_mpi
OpenMP support:     disabled
GPU support:        enabled
OpenCL support:     disabled
invsqrt routine:    gmx_software_invsqrt(x)
SIMD instructions:  SSE4.1
FFT library:        fftw-3.3.4-sse2
RDTSCP usage:       enabled
C++11 compilation:  disabled
TNG support:        enabled
Tracing support:    disabled
Built on:           Tue May 31 09:28:24 CDT 2016
Built by:           leonhaac@filey.vuse.vanderbilt.edu [CMAKE]
Build OS/arch:      Darwin 10.8.0 x86_64
Build CPU vendor:   GenuineIntel
Build CPU brand:    Intel(R) Xeon(R) CPU           X5650  @ 2.67GHz
Build CPU family:   6   Model: 44   Stepping: 2
Build CPU features: aes apic clfsh cmov cx8 cx16 htt lahf_lm mmx msr nonstop_tsc pcid pclmuldq pdcm pdpe1gb popcnt pse rdtscp sse2 sse3 sse4.1 sse4.2 ssse3
C compiler:         /Developer/usr/bin/cc GNU 4.2.1
C compiler flags:    -msse4.1    -Wextra -Wno-missing-field-initializers -Wno-sign-compare -Wpointer-arith -Wall -Wno-unused -Wunused-value -Wunused-parameter -Wno-unknown-pragmas  -O3 -DNDEBUG -funroll-all-loops  
C++ compiler:       /Developer/usr/bin/c++ GNU 4.2.1
C++ compiler flags:  -msse4.1    -Wextra -Wno-missing-field-initializers -Wpointer-arith -Wall -Wno-unused-function -Wno-unknown-pragmas  -O3 -DNDEBUG -funroll-all-loops  
Boost version:      1.55.0 (internal)
CUDA compiler:      /usr/local/cuda/bin/nvcc nvcc: NVIDIA (R) Cuda compiler driver;Copyright (c) 2005-2011 NVIDIA Corporation;Built on Fri_May_13_01:54:22_PDT_2011;Cuda compilation tools, release 4.0, V0.2.1221
CUDA compiler flags:-gencode;arch=compute_20,code=sm_20;-gencode;arch=compute_20,code=compute_20;-use_fast_math;-D__STRICT_ANSI__; ;-msse4.1;-Wextra;-Wno-missing-field-initializers;-Wpointer-arith;-Wall;-Wno-unused-function;-Wno-unknown-pragmas;-O3;-DNDEBUG;-funroll-all-loops;
CUDA driver:        0.0
CUDA runtime:       0.0


NOTE: Error occurred during GPU detection:
      no CUDA-capable device is detected
      Can not use GPU acceleration, will fall back to CPU kernels.


Running on 1 node with total 24 logical cores, 0 compatible GPUs
Hardware detected:
  CPU info:
    Vendor: GenuineIntel
    Brand:  Intel(R) Xeon(R) CPU           X5650  @ 2.67GHz
    Family:  6  model: 44  stepping:  2
    CPU features: aes apic clfsh cmov cx8 cx16 htt lahf_lm mmx msr nonstop_tsc pcid pclmuldq pdcm pdpe1gb popcnt pse rdtscp sse2 sse3 sse4.1 sse4.2 ssse3
    SIMD instructions most likely to fit this hardware: SSE4.1
    SIMD instructions selected at GROMACS compile time: SSE4.1


++++ PLEASE READ AND CITE THE FOLLOWING REFERENCE ++++
M. J. Abraham, T. Murtola, R. Schulz, S. Páll, J. C. Smith, B. Hess, E.
Lindahl
GROMACS: High performance molecular simulations through multi-level
parallelism from laptops to supercomputers
SoftwareX 1 (2015) pp. 19-25
-------- -------- --- Thank You --- -------- --------


++++ PLEASE READ AND CITE THE FOLLOWING REFERENCE ++++
S. Páll, M. J. Abraham, C. Kutzner, B. Hess, E. Lindahl
Tackling Exascale Software Challenges in Molecular Dynamics Simulations with
GROMACS
In S. Markidis & E. Laure (Eds.), Solving Software Challenges for Exascale 8759 (2015) pp. 3-27
-------- -------- --- Thank You --- -------- --------


++++ PLEASE READ AND CITE THE FOLLOWING REFERENCE ++++
S. Pronk, S. Páll, R. Schulz, P. Larsson, P. Bjelkmar, R. Apostolov, M. R.
Shirts, J. C. Smith, P. M. Kasson, D. van der Spoel, B. Hess, and E. Lindahl
GROMACS 4.5: a high-throughput and highly parallel open source molecular
simulation toolkit
Bioinformatics 29 (2013) pp. 845-54
-------- -------- --- Thank You --- -------- --------


++++ PLEASE READ AND CITE THE FOLLOWING REFERENCE ++++
B. Hess and C. Kutzner and D. van der Spoel and E. Lindahl
GROMACS 4: Algorithms for highly efficient, load-balanced, and scalable
molecular simulation
J. Chem. Theory Comput. 4 (2008) pp. 435-447
-------- -------- --- Thank You --- -------- --------


++++ PLEASE READ AND CITE THE FOLLOWING REFERENCE ++++
D. van der Spoel, E. Lindahl, B. Hess, G. Groenhof, A. E. Mark and H. J. C.
Berendsen
GROMACS: Fast, Flexible and Free
J. Comp. Chem. 26 (2005) pp. 1701-1719
-------- -------- --- Thank You --- -------- --------


++++ PLEASE READ AND CITE THE FOLLOWING REFERENCE ++++
E. Lindahl and B. Hess and D. van der Spoel
GROMACS 3.0: A package for molecular simulation and trajectory analysis
J. Mol. Mod. 7 (2001) pp. 306-317
-------- -------- --- Thank You --- -------- --------


++++ PLEASE READ AND CITE THE FOLLOWING REFERENCE ++++
H. J. C. Berendsen, D. van der Spoel and R. van Drunen
GROMACS: A message-passing parallel molecular dynamics implementation
Comp. Phys. Comm. 91 (1995) pp. 43-56
-------- -------- --- Thank You --- -------- --------

Changing nstlist from 10 to 40, rlist from 1.4 to 1.418

Input Parameters:
   integrator                     = md
   tinit                          = 0
   dt                             = 0.002
   nsteps                         = 50000
   init-step                      = 0
   simulation-part                = 1
   comm-mode                      = Linear
   nstcomm                        = 100
   bd-fric                        = 0
   ld-seed                        = 714347804
   emtol                          = 10
   emstep                         = 0.01
   niter                          = 20
   fcstep                         = 0
   nstcgsteep                     = 1000
   nbfgscorr                      = 10
   rtpi                           = 0.05
   nstxout                        = 500
   nstvout                        = 500
   nstfout                        = 0
   nstlog                         = 500
   nstcalcenergy                  = 100
   nstenergy                      = 500
   nstxout-compressed             = 0
   compressed-x-precision         = 1000
   cutoff-scheme                  = Verlet
   nstlist                        = 40
   ns-type                        = Grid
   pbc                            = xyz
   periodic-molecules             = FALSE
   verlet-buffer-tolerance        = 0.005
   rlist                          = 1.418
   rlistlong                      = 1.418
   nstcalclr                      = 10
   coulombtype                    = PME
   coulomb-modifier               = Potential-shift
   rcoulomb-switch                = 0
   rcoulomb                       = 1.4
   epsilon-r                      = 1
   epsilon-rf                     = inf
   vdw-type                       = Cut-off
   vdw-modifier                   = Potential-shift
   rvdw-switch                    = 0
   rvdw                           = 1.4
   DispCorr                       = EnerPres
   table-extension                = 1
   fourierspacing                 = 0.16
   fourier-nx                     = 28
   fourier-ny                     = 28
   fourier-nz                     = 72
   pme-order                      = 4
   ewald-rtol                     = 1e-05
   ewald-rtol-lj                  = 0.001
   lj-pme-comb-rule               = Geometric
   ewald-geometry                 = 0
   epsilon-surface                = 0
   implicit-solvent               = No
   gb-algorithm                   = Still
   nstgbradii                     = 1
   rgbradii                       = 1
   gb-epsilon-solvent             = 80
   gb-saltconc                    = 0
   gb-obc-alpha                   = 1
   gb-obc-beta                    = 0.8
   gb-obc-gamma                   = 4.85
   gb-dielectric-offset           = 0.009
   sa-algorithm                   = Ace-approximation
   sa-surface-tension             = 2.05016
   tcoupl                         = Nose-Hoover
   nsttcouple                     = 10
   nh-chain-length                = 1
   print-nose-hoover-chain-variables = FALSE
   pcoupl                         = No
   pcoupltype                     = Isotropic
   nstpcouple                     = -1
   tau-p                          = 1
   compressibility (3x3):
      compressibility[    0]={ 0.00000e+00,  0.00000e+00,  0.00000e+00}
      compressibility[    1]={ 0.00000e+00,  0.00000e+00,  0.00000e+00}
      compressibility[    2]={ 0.00000e+00,  0.00000e+00,  0.00000e+00}
   ref-p (3x3):
      ref-p[    0]={ 0.00000e+00,  0.00000e+00,  0.00000e+00}
      ref-p[    1]={ 0.00000e+00,  0.00000e+00,  0.00000e+00}
      ref-p[    2]={ 0.00000e+00,  0.00000e+00,  0.00000e+00}
   refcoord-scaling               = No
   posres-com (3):
      posres-com[0]= 0.00000e+00
      posres-com[1]= 0.00000e+00
      posres-com[2]= 0.00000e+00
   posres-comB (3):
      posres-comB[0]= 0.00000e+00
      posres-comB[1]= 0.00000e+00
      posres-comB[2]= 0.00000e+00
   QMMM                           = FALSE
   QMconstraints                  = 0
   QMMMscheme                     = 0
   MMChargeScaleFactor            = 1
qm-opts:
   ngQM                           = 0
   constraint-algorithm           = Lincs
   continuation                   = FALSE
   Shake-SOR                      = FALSE
   shake-tol                      = 0.0001
   lincs-order                    = 4
   lincs-iter                     = 1
   lincs-warnangle                = 30
   nwall                          = 0
   wall-type                      = 9-3
   wall-r-linpot                  = -1
   wall-atomtype[0]               = -1
   wall-atomtype[1]               = -1
   wall-density[0]                = 0
   wall-density[1]                = 0
   wall-ewald-zfac                = 3
   pull                           = FALSE
   rotation                       = FALSE
   interactiveMD                  = FALSE
   disre                          = No
   disre-weighting                = Conservative
   disre-mixed                    = FALSE
   dr-fc                          = 1000
   dr-tau                         = 0
   nstdisreout                    = 100
   orire-fc                       = 0
   orire-tau                      = 0
   nstorireout                    = 100
   free-energy                    = no
   cos-acceleration               = 0
   deform (3x3):
      deform[    0]={ 0.00000e+00,  0.00000e+00,  0.00000e+00}
      deform[    1]={ 0.00000e+00,  0.00000e+00,  0.00000e+00}
      deform[    2]={ 0.00000e+00,  0.00000e+00,  0.00000e+00}
   simulated-tempering            = FALSE
   E-x:
      n = 0
   E-xt:
      n = 0
   E-y:
      n = 0
   E-yt:
      n = 0
   E-z:
      n = 0
   E-zt:
      n = 0
   swapcoords                     = no
   adress                         = FALSE
   userint1                       = 0
   userint2                       = 0
   userint3                       = 0
   userint4                       = 0
   userreal1                      = 0
   userreal2                      = 0
   userreal3                      = 0
   userreal4                      = 0
grpopts:
   nrdf:      8910.9     15358.1
   ref-t:         305         305
   tau-t:         0.4         0.4
annealing:          No          No
annealing-npoints:           0           0
   acc:	           0           0           0
   nfreeze:           N           N           N
   energygrp-flags[  0]: 0


Initializing Domain Decomposition on 24 ranks
Dynamic load balancing: auto
Will sort the charge groups at every domain (re)decomposition
Initial maximum inter charge-group distances:
    two-body bonded interactions: 0.282 nm, Exclusion, atoms 598 600
  multi-body bonded interactions: 0.402 nm, Proper Dih., atoms 1013 1016
Minimum cell size due to bonded interactions: 0.443 nm
Maximum distance for 5 constraints, at 120 deg. angles, all-trans: 0.771 nm
Estimated maximum distance required for P-LINCS: 0.771 nm
This distance will limit the DD cell size, you can override this with -rcon
Guess for relative PME load: 0.10
Will use 20 particle-particle and 4 PME only ranks
This is a guess, check the performance at the end of the log file
Using 4 separate PME ranks, as guessed by mdrun
Scaling the initial minimum size with 1/0.8 (option -dds) = 1.25
Optimizing the DD grid for 20 cells with a minimum initial size of 0.964 nm
The maximum allowed number of cells is: X 4 Y 4 Z 11
Domain decomposition grid 4 x 1 x 5, separate PME ranks 4
PME domain decomposition: 4 x 1 x 1
Interleaving PP and PME ranks
This rank does only particle-particle work.

Domain decomposition rank 0, coordinates 0 0 0

Using 24 MPI threads
Will do PME sum in reciprocal space for electrostatic interactions.

++++ PLEASE READ AND CITE THE FOLLOWING REFERENCE ++++
U. Essmann, L. Perera, M. L. Berkowitz, T. Darden, H. Lee and L. G. Pedersen 
A smooth particle mesh Ewald method
J. Chem. Phys. 103 (1995) pp. 8577-8592
-------- -------- --- Thank You --- -------- --------

Will do ordinary reciprocal space Ewald sum.
Using a Gaussian width (1/beta) of 0.448228 nm for Ewald
Cut-off's:   NS: 1.418   Coulomb: 1.4   LJ: 1.4
Long Range LJ corr.: <C6> 1.6205e-03
System total charge: 0.000
Generated table with 1209 data points for Ewald.
Tabscale = 500 points/nm
Generated table with 1209 data points for LJ6.
Tabscale = 500 points/nm
Generated table with 1209 data points for LJ12.
Tabscale = 500 points/nm
Potential shift: LJ r^-12: -1.764e-02 r^-6: -1.328e-01, Ewald -1.000e-05
Initialized non-bonded Ewald correction tables, spacing: 1.10e-03 size: 1270


Using SSE4.1 4x4 non-bonded kernels

Using full Lennard-Jones parameter combination matrix

Removing pbc first time

Initializing Parallel LINear Constraint Solver

++++ PLEASE READ AND CITE THE FOLLOWING REFERENCE ++++
B. Hess
P-LINCS: A Parallel Linear Constraint Solver for molecular simulation
J. Chem. Theory Comput. 4 (2008) pp. 116-122
-------- -------- --- Thank You --- -------- --------

The number of constraints is 4264
There are inter charge-group constraints,
will communicate selected coordinates each lincs iteration

++++ PLEASE READ AND CITE THE FOLLOWING REFERENCE ++++
S. Miyamoto and P. A. Kollman
SETTLE: An Analytical Version of the SHAKE and RATTLE Algorithms for Rigid
Water Models
J. Comp. Chem. 13 (1992) pp. 952-962
-------- -------- --- Thank You --- -------- --------


Linking all bonded interactions to atoms

The initial number of communication pulses is: X 2 Z 1
The initial domain decomposition cell size is: X 1.06 nm Z 2.16 nm

The maximum allowed distance for charge groups involved in interactions is:
                 non-bonded interactions           1.418 nm
            two-body bonded interactions  (-rdd)   1.418 nm
          multi-body bonded interactions  (-rdd)   1.058 nm
  atoms separated by up to 5 constraints  (-rcon)  1.058 nm

When dynamic load balancing gets turned on, these settings will change to:
The maximum number of communication pulses is: X 2 Z 2
The minimum size for domain decomposition cells is 0.771 nm
The requested allowed shrink of DD cells (option -dds) is: 0.80
The allowed shrink of domain decomposition cells is: X 0.73 Z 0.36
The maximum allowed distance for charge groups involved in interactions is:
                 non-bonded interactions           1.418 nm
            two-body bonded interactions  (-rdd)   1.418 nm
          multi-body bonded interactions  (-rdd)   0.771 nm
  atoms separated by up to 5 constraints  (-rcon)  0.771 nm


Making 2D domain decomposition grid 4 x 1 x 5, home cell index 0 0 0

Center of mass motion removal mode is Linear
We have the following groups for center of mass motion removal:
  0:  rest
There are: 12072 Atoms
Atom distribution over 20 domains: av 603 stddev 305 min 311 max 1083

Constraining the starting coordinates (step 0)

Constraining the coordinates at t0-dt (step 0)
RMS relative constraint deviation after constraining: 0.00e+00
Initial temperature: 309.816 K

Started mdrun on rank 0 Fri Dec  9 12:05:31 2016
           Step           Time         Lambda
              0        0.00000        0.00000

   Energies (kJ/mol)
       G96Angle    Proper Dih.  Improper Dih.        LJ (SR)  Disper. corr.
    7.08858e+03    4.31368e+03    1.38707e+02    7.42103e+02   -1.86324e+03
   Coulomb (SR)   Coul. recip.      Potential    Kinetic En.   Total Energy
   -1.69459e+05    5.26304e+03   -1.53776e+05    3.12654e+04   -1.22511e+05
  Conserved En.    Temperature Pres. DC (bar) Pressure (bar)   Constr. rmsd
   -1.22511e+05    3.09890e+02   -1.60133e+02   -6.11704e+02    1.73108e-05

DD  step 39 load imb.: force 136.5%  pme mesh/force 0.342

At step 40 the performance loss due to force load imbalance is 41.0 %

NOTE: Turning on dynamic load balancing

           Step           Time         Lambda
            500        1.00000        0.00000

   Energies (kJ/mol)
       G96Angle    Proper Dih.  Improper Dih.        LJ (SR)  Disper. corr.
    7.98279e+03    5.71504e+03    1.70835e+02   -8.15698e+02   -1.86324e+03
   Coulomb (SR)   Coul. recip.      Potential    Kinetic En.   Total Energy
   -1.64638e+05    1.24595e+03   -1.52202e+05    3.00013e+04   -1.22201e+05
  Conserved En.    Temperature Pres. DC (bar) Pressure (bar)   Constr. rmsd
   -1.22647e+05    2.97361e+02   -1.60133e+02    6.74755e+02    7.54043e-06

DD  step 999  vol min/aver 0.473  load imb.: force  7.6%  pme mesh/force 0.487

           Step           Time         Lambda
           1000        2.00000        0.00000

   Energies (kJ/mol)
       G96Angle    Proper Dih.  Improper Dih.        LJ (SR)  Disper. corr.
    8.06841e+03    5.47586e+03    2.14163e+02    4.59059e+02   -1.86324e+03
   Coulomb (SR)   Coul. recip.      Potential    Kinetic En.   Total Energy
   -1.69248e+05    8.34897e+02   -1.56059e+05    3.07842e+04   -1.25275e+05
  Conserved En.    Temperature Pres. DC (bar) Pressure (bar)   Constr. rmsd
   -1.22220e+05    3.05121e+02   -1.60133e+02    2.01679e+02    7.61434e-06

           Step           Time         Lambda
           1500        3.00000        0.00000

   Energies (kJ/mol)
       G96Angle    Proper Dih.  Improper Dih.        LJ (SR)  Disper. corr.
    8.05788e+03    5.58149e+03    1.87809e+02    5.55238e+02   -1.86324e+03
   Coulomb (SR)   Coul. recip.      Potential    Kinetic En.   Total Energy
   -1.71128e+05    8.13509e+02   -1.57795e+05    3.17271e+04   -1.26068e+05
  Conserved En.    Temperature Pres. DC (bar) Pressure (bar)   Constr. rmsd
   -1.22226e+05    3.14466e+02   -1.60133e+02   -6.46106e+01    7.85762e-06

DD  step 1999  vol min/aver 0.448  load imb.: force  5.5%  pme mesh/force 0.497

           Step           Time         Lambda
           2000        4.00000        0.00000

   Energies (kJ/mol)
       G96Angle    Proper Dih.  Improper Dih.        LJ (SR)  Disper. corr.
    7.98161e+03    5.44343e+03    2.29439e+02    7.76109e+02   -1.86324e+03
   Coulomb (SR)   Coul. recip.      Potential    Kinetic En.   Total Energy
   -1.72329e+05    7.09705e+02   -1.59052e+05    3.07576e+04   -1.28295e+05
  Conserved En.    Temperature Pres. DC (bar) Pressure (bar)   Constr. rmsd
   -1.22246e+05    3.04857e+02   -1.60133e+02    2.27003e+00    7.27435e-06

           Step           Time         Lambda
           2500        5.00000        0.00000

   Energies (kJ/mol)
       G96Angle    Proper Dih.  Improper Dih.        LJ (SR)  Disper. corr.
    7.95638e+03    5.64220e+03    1.96013e+02    1.34585e+03   -1.86324e+03
   Coulomb (SR)   Coul. recip.      Potential    Kinetic En.   Total Energy
   -1.73863e+05    7.32490e+02   -1.59853e+05    3.07608e+04   -1.29092e+05
  Conserved En.    Temperature Pres. DC (bar) Pressure (bar)   Constr. rmsd
   -1.22239e+05    3.04889e+02   -1.60133e+02    1.34404e+02    8.04467e-06

DD  step 2999  vol min/aver 0.431  load imb.: force  4.6%  pme mesh/force 0.510

           Step           Time         Lambda
           3000        6.00000        0.00000

   Energies (kJ/mol)
       G96Angle    Proper Dih.  Improper Dih.        LJ (SR)  Disper. corr.
    8.31332e+03    5.46202e+03    2.08230e+02    1.11033e+03   -1.86324e+03
   Coulomb (SR)   Coul. recip.      Potential    Kinetic En.   Total Energy
   -1.73110e+05    6.42534e+02   -1.59236e+05    3.08474e+04   -1.28389e+05
  Conserved En.    Temperature Pres. DC (bar) Pressure (bar)   Constr. rmsd
   -1.22237e+05    3.05747e+02   -1.60133e+02   -1.43586e+02    8.17941e-06

           Step           Time         Lambda
           3500        7.00000        0.00000

   Energies (kJ/mol)
       G96Angle    Proper Dih.  Improper Dih.        LJ (SR)  Disper. corr.
    8.33730e+03    5.66822e+03    2.45229e+02    2.02454e+02   -1.86324e+03
   Coulomb (SR)   Coul. recip.      Potential    Kinetic En.   Total Energy
   -1.72839e+05    6.91577e+02   -1.59558e+05    3.03003e+04   -1.29258e+05
  Conserved En.    Temperature Pres. DC (bar) Pressure (bar)   Constr. rmsd
   -1.22201e+05    3.00325e+02   -1.60133e+02   -6.66603e+02    8.29160e-06

DD  step 3999  vol min/aver 0.460  load imb.: force  5.9%  pme mesh/force 0.491

           Step           Time         Lambda
           4000        8.00000        0.00000

   Energies (kJ/mol)
       G96Angle    Proper Dih.  Improper Dih.        LJ (SR)  Disper. corr.
    8.03022e+03    5.65721e+03    2.50979e+02    5.88454e+02   -1.86324e+03
   Coulomb (SR)   Coul. recip.      Potential    Kinetic En.   Total Energy
   -1.73532e+05    6.00479e+02   -1.60268e+05    3.11280e+04   -1.29140e+05
  Conserved En.    Temperature Pres. DC (bar) Pressure (bar)   Constr. rmsd
   -1.22216e+05    3.08529e+02   -1.60133e+02   -1.13760e+02    8.16331e-06

           Step           Time         Lambda
           4500        9.00000        0.00000

   Energies (kJ/mol)
       G96Angle    Proper Dih.  Improper Dih.        LJ (SR)  Disper. corr.
    7.91618e+03    5.67317e+03    2.76170e+02   -1.43355e+01   -1.86324e+03
   Coulomb (SR)   Coul. recip.      Potential    Kinetic En.   Total Energy
   -1.72329e+05    6.08387e+02   -1.59732e+05    3.10630e+04   -1.28670e+05
  Conserved En.    Temperature Pres. DC (bar) Pressure (bar)   Constr. rmsd
   -1.22263e+05    3.07884e+02   -1.60133e+02   -2.03448e+02    7.63074e-06

DD  step 4999  vol min/aver 0.489  load imb.: force  3.0%  pme mesh/force 0.471

           Step           Time         Lambda
           5000       10.00000        0.00000

   Energies (kJ/mol)
       G96Angle    Proper Dih.  Improper Dih.        LJ (SR)  Disper. corr.
    7.92309e+03    5.63693e+03    2.85030e+02   -6.74842e+02   -1.86324e+03
   Coulomb (SR)   Coul. recip.      Potential    Kinetic En.   Total Energy
   -1.71330e+05    6.93457e+02   -1.59330e+05    3.10043e+04   -1.28326e+05
  Conserved En.    Temperature Pres. DC (bar) Pressure (bar)   Constr. rmsd
   -1.22241e+05    3.07303e+02   -1.60133e+02   -1.03364e+03    8.47737e-06

           Step           Time         Lambda
           5500       11.00000        0.00000

   Energies (kJ/mol)
       G96Angle    Proper Dih.  Improper Dih.        LJ (SR)  Disper. corr.
    8.03298e+03    5.48041e+03    2.48378e+02   -2.26969e+02   -1.86324e+03
   Coulomb (SR)   Coul. recip.      Potential    Kinetic En.   Total Energy
   -1.72368e+05    6.84808e+02   -1.60012e+05    3.05901e+04   -1.29422e+05
  Conserved En.    Temperature Pres. DC (bar) Pressure (bar)   Constr. rmsd
   -1.22223e+05    3.03197e+02   -1.60133e+02   -8.15803e+02    7.84328e-06

DD  step 5999  vol min/aver 0.485  load imb.: force  4.6%  pme mesh/force 0.474

           Step           Time         Lambda
           6000       12.00000        0.00000

   Energies (kJ/mol)
       G96Angle    Proper Dih.  Improper Dih.        LJ (SR)  Disper. corr.
    7.97287e+03    5.66710e+03    2.95150e+02   -6.83312e+02   -1.86324e+03
   Coulomb (SR)   Coul. recip.      Potential    Kinetic En.   Total Energy
   -1.72455e+05    6.49768e+02   -1.60417e+05    3.06563e+04   -1.29761e+05
  Conserved En.    Temperature Pres. DC (bar) Pressure (bar)   Constr. rmsd
   -1.22064e+05    3.03853e+02   -1.60133e+02   -8.06998e+02    7.53585e-06

           Step           Time         Lambda
           6500       13.00000        0.00000

   Energies (kJ/mol)
       G96Angle    Proper Dih.  Improper Dih.        LJ (SR)  Disper. corr.
    7.97633e+03    5.48305e+03    2.92742e+02   -2.84269e+02   -1.86324e+03
   Coulomb (SR)   Coul. recip.      Potential    Kinetic En.   Total Energy
   -1.72489e+05    6.79014e+02   -1.60205e+05    3.09062e+04   -1.29299e+05
  Conserved En.    Temperature Pres. DC (bar) Pressure (bar)   Constr. rmsd
   -1.22167e+05    3.06330e+02   -1.60133e+02   -1.03566e+03    8.19834e-06

DD  step 6999  vol min/aver 0.493  load imb.: force  2.6%  pme mesh/force 0.461

           Step           Time         Lambda
           7000       14.00000        0.00000

   Energies (kJ/mol)
       G96Angle    Proper Dih.  Improper Dih.        LJ (SR)  Disper. corr.
    8.01354e+03    5.40329e+03    2.05763e+02   -7.88182e+02   -1.86324e+03
   Coulomb (SR)   Coul. recip.      Potential    Kinetic En.   Total Energy
   -1.72266e+05    6.18435e+02   -1.60677e+05    3.10295e+04   -1.29647e+05
  Conserved En.    Temperature Pres. DC (bar) Pressure (bar)   Constr. rmsd
   -1.22271e+05    3.07552e+02   -1.60133e+02   -1.26257e+03    8.14845e-06

           Step           Time         Lambda
           7500       15.00000        0.00000

   Energies (kJ/mol)
       G96Angle    Proper Dih.  Improper Dih.        LJ (SR)  Disper. corr.
    7.96327e+03    5.40497e+03    2.10803e+02   -6.54189e+02   -1.86324e+03
   Coulomb (SR)   Coul. recip.      Potential    Kinetic En.   Total Energy
   -1.72339e+05    6.91623e+02   -1.60586e+05    3.08183e+04   -1.29768e+05
  Conserved En.    Temperature Pres. DC (bar) Pressure (bar)   Constr. rmsd
   -1.22285e+05    3.05458e+02   -1.60133e+02   -1.08760e+03    7.54798e-06

DD  step 7999  vol min/aver 0.488  load imb.: force  4.9%  pme mesh/force 0.508

           Step           Time         Lambda
           8000       16.00000        0.00000

   Energies (kJ/mol)
       G96Angle    Proper Dih.  Improper Dih.        LJ (SR)  Disper. corr.
    7.80763e+03    5.40043e+03    2.20026e+02   -7.76166e+02   -1.86324e+03
   Coulomb (SR)   Coul. recip.      Potential    Kinetic En.   Total Energy
   -1.71609e+05    6.74779e+02   -1.60145e+05    3.08832e+04   -1.29262e+05
  Conserved En.    Temperature Pres. DC (bar) Pressure (bar)   Constr. rmsd
   -1.22329e+05    3.06102e+02   -1.60133e+02   -7.36596e+02    7.70895e-06

           Step           Time         Lambda
           8500       17.00000        0.00000

   Energies (kJ/mol)
       G96Angle    Proper Dih.  Improper Dih.        LJ (SR)  Disper. corr.
    8.00783e+03    5.39535e+03    2.90785e+02   -9.49928e+02   -1.86324e+03
   Coulomb (SR)   Coul. recip.      Potential    Kinetic En.   Total Energy
   -1.72045e+05    6.87983e+02   -1.60476e+05    3.06964e+04   -1.29780e+05
  Conserved En.    Temperature Pres. DC (bar) Pressure (bar)   Constr. rmsd
   -1.22243e+05    3.04251e+02   -1.60133e+02   -1.07451e+03    7.31840e-06

DD  step 8999  vol min/aver 0.485  load imb.: force  5.9%  pme mesh/force 0.494

           Step           Time         Lambda
           9000       18.00000        0.00000

   Energies (kJ/mol)
       G96Angle    Proper Dih.  Improper Dih.        LJ (SR)  Disper. corr.
    7.87698e+03    5.39863e+03    2.48041e+02   -8.03473e+02   -1.86324e+03
   Coulomb (SR)   Coul. recip.      Potential    Kinetic En.   Total Energy
   -1.72128e+05    6.46529e+02   -1.60624e+05    3.09306e+04   -1.29693e+05
  Conserved En.    Temperature Pres. DC (bar) Pressure (bar)   Constr. rmsd
   -1.22109e+05    3.06572e+02   -1.60133e+02   -8.28841e+02    7.39084e-06

           Step           Time         Lambda
           9500       19.00000        0.00000

   Energies (kJ/mol)
       G96Angle    Proper Dih.  Improper Dih.        LJ (SR)  Disper. corr.
    7.94266e+03    5.47996e+03    2.64874e+02    5.98145e-02   -1.86324e+03
   Coulomb (SR)   Coul. recip.      Potential    Kinetic En.   Total Energy
   -1.73104e+05    6.41292e+02   -1.60639e+05    3.07039e+04   -1.29935e+05
  Conserved En.    Temperature Pres. DC (bar) Pressure (bar)   Constr. rmsd
   -1.22208e+05    3.04325e+02   -1.60133e+02   -8.81277e+02    7.85581e-06

DD  step 9999  vol min/aver 0.471  load imb.: force  3.5%  pme mesh/force 0.463

           Step           Time         Lambda
          10000       20.00000        0.00000

   Energies (kJ/mol)
       G96Angle    Proper Dih.  Improper Dih.        LJ (SR)  Disper. corr.
    7.81211e+03    5.26484e+03    2.64484e+02    9.06640e+01   -1.86324e+03
   Coulomb (SR)   Coul. recip.      Potential    Kinetic En.   Total Energy
   -1.72991e+05    6.32927e+02   -1.60789e+05    3.03334e+04   -1.30456e+05
  Conserved En.    Temperature Pres. DC (bar) Pressure (bar)   Constr. rmsd
   -1.22195e+05    3.00653e+02   -1.60133e+02   -9.21890e+02    7.77325e-06

           Step           Time         Lambda
          10500       21.00000        0.00000

   Energies (kJ/mol)
       G96Angle    Proper Dih.  Improper Dih.        LJ (SR)  Disper. corr.
    7.95564e+03    5.33666e+03    2.43571e+02   -1.10309e+03   -1.86324e+03
   Coulomb (SR)   Coul. recip.      Potential    Kinetic En.   Total Energy
   -1.71896e+05    6.65402e+02   -1.60661e+05    3.03770e+04   -1.30284e+05
  Conserved En.    Temperature Pres. DC (bar) Pressure (bar)   Constr. rmsd
   -1.22245e+05    3.01085e+02   -1.60133e+02   -1.15362e+03    7.50031e-06

DD  step 10999  vol min/aver 0.485  load imb.: force  5.1%  pme mesh/force 0.474

           Step           Time         Lambda
          11000       22.00000        0.00000

   Energies (kJ/mol)
       G96Angle    Proper Dih.  Improper Dih.        LJ (SR)  Disper. corr.
    7.62891e+03    5.29795e+03    2.55227e+02   -2.44125e+02   -1.86324e+03
   Coulomb (SR)   Coul. recip.      Potential    Kinetic En.   Total Energy
   -1.72696e+05    6.22657e+02   -1.60999e+05    3.09699e+04   -1.30029e+05
  Conserved En.    Temperature Pres. DC (bar) Pressure (bar)   Constr. rmsd
   -1.22184e+05    3.06962e+02   -1.60133e+02   -6.16516e+02    7.42758e-06

           Step           Time         Lambda
          11500       23.00000        0.00000

   Energies (kJ/mol)
       G96Angle    Proper Dih.  Improper Dih.        LJ (SR)  Disper. corr.
    7.79272e+03    5.30622e+03    2.92214e+02   -1.63567e+02   -1.86324e+03
   Coulomb (SR)   Coul. recip.      Potential    Kinetic En.   Total Energy
   -1.73350e+05    6.16538e+02   -1.61370e+05    3.07522e+04   -1.30617e+05
  Conserved En.    Temperature Pres. DC (bar) Pressure (bar)   Constr. rmsd
   -1.22136e+05    3.04803e+02   -1.60133e+02   -7.02458e+02    7.84975e-06

DD  step 11999  vol min/aver 0.481  load imb.: force  3.7%  pme mesh/force 0.471

           Step           Time         Lambda
          12000       24.00000        0.00000

   Energies (kJ/mol)
       G96Angle    Proper Dih.  Improper Dih.        LJ (SR)  Disper. corr.
    7.91187e+03    5.19800e+03    2.49195e+02   -6.46876e+02   -1.86324e+03
   Coulomb (SR)   Coul. recip.      Potential    Kinetic En.   Total Energy
   -1.72870e+05    6.50678e+02   -1.61370e+05    3.10408e+04   -1.30330e+05
  Conserved En.    Temperature Pres. DC (bar) Pressure (bar)   Constr. rmsd
   -1.22254e+05    3.07665e+02   -1.60133e+02   -7.54949e+02    8.02983e-06

           Step           Time         Lambda
          12500       25.00000        0.00000

   Energies (kJ/mol)
       G96Angle    Proper Dih.  Improper Dih.        LJ (SR)  Disper. corr.
    8.06687e+03    5.30626e+03    2.49374e+02   -6.10554e+02   -1.86324e+03
   Coulomb (SR)   Coul. recip.      Potential    Kinetic En.   Total Energy
   -1.72707e+05    6.44390e+02   -1.60914e+05    3.06468e+04   -1.30267e+05
  Conserved En.    Temperature Pres. DC (bar) Pressure (bar)   Constr. rmsd
   -1.22168e+05    3.03759e+02   -1.60133e+02   -7.94959e+02    7.34310e-06

DD  step 12999  vol min/aver 0.484  load imb.: force  3.4%  pme mesh/force 0.519

           Step           Time         Lambda
          13000       26.00000        0.00000

   Energies (kJ/mol)
       G96Angle    Proper Dih.  Improper Dih.        LJ (SR)  Disper. corr.
    7.93322e+03    5.18541e+03    2.96967e+02    1.81359e+02   -1.86324e+03
   Coulomb (SR)   Coul. recip.      Potential    Kinetic En.   Total Energy
   -1.73690e+05    6.67142e+02   -1.61289e+05    3.06030e+04   -1.30686e+05
  Conserved En.    Temperature Pres. DC (bar) Pressure (bar)   Constr. rmsd
   -1.22134e+05    3.03325e+02   -1.60133e+02   -6.95102e+02    7.50648e-06

           Step           Time         Lambda
          13500       27.00000        0.00000

   Energies (kJ/mol)
       G96Angle    Proper Dih.  Improper Dih.        LJ (SR)  Disper. corr.
    7.73145e+03    5.46592e+03    2.40424e+02    3.46143e+02   -1.86324e+03
   Coulomb (SR)   Coul. recip.      Potential    Kinetic En.   Total Energy
   -1.73119e+05    6.65988e+02   -1.60532e+05    3.07392e+04   -1.29793e+05
  Conserved En.    Temperature Pres. DC (bar) Pressure (bar)   Constr. rmsd
   -1.22092e+05    3.04674e+02   -1.60133e+02   -3.67752e+02    7.73130e-06

DD  step 13999  vol min/aver 0.468  load imb.: force  5.1%  pme mesh/force 0.459

           Step           Time         Lambda
          14000       28.00000        0.00000

   Energies (kJ/mol)
       G96Angle    Proper Dih.  Improper Dih.        LJ (SR)  Disper. corr.
    8.03473e+03    5.29667e+03    2.86582e+02   -2.80544e+02   -1.86324e+03
   Coulomb (SR)   Coul. recip.      Potential    Kinetic En.   Total Energy
   -1.72960e+05    6.47343e+02   -1.60838e+05    3.11710e+04   -1.29667e+05
  Conserved En.    Temperature Pres. DC (bar) Pressure (bar)   Constr. rmsd
   -1.22189e+05    3.08955e+02   -1.60133e+02   -6.22995e+02    7.15748e-06

           Step           Time         Lambda
          14500       29.00000        0.00000

   Energies (kJ/mol)
       G96Angle    Proper Dih.  Improper Dih.        LJ (SR)  Disper. corr.
    7.61593e+03    5.07030e+03    2.30029e+02   -2.63953e+02   -1.86324e+03
   Coulomb (SR)   Coul. recip.      Potential    Kinetic En.   Total Energy
   -1.72681e+05    6.32078e+02   -1.61260e+05    3.10765e+04   -1.30183e+05
  Conserved En.    Temperature Pres. DC (bar) Pressure (bar)   Constr. rmsd
   -1.22105e+05    3.08018e+02   -1.60133e+02   -5.78360e+02    7.42040e-06

DD  step 14999  vol min/aver 0.485  load imb.: force  3.9%  pme mesh/force 0.552

           Step           Time         Lambda
          15000       30.00000        0.00000

   Energies (kJ/mol)
       G96Angle    Proper Dih.  Improper Dih.        LJ (SR)  Disper. corr.
    8.03301e+03    5.43963e+03    2.00793e+02    6.77245e+01   -1.86324e+03
   Coulomb (SR)   Coul. recip.      Potential    Kinetic En.   Total Energy
   -1.73593e+05    6.83682e+02   -1.61031e+05    3.11141e+04   -1.29917e+05
  Conserved En.    Temperature Pres. DC (bar) Pressure (bar)   Constr. rmsd
   -1.22194e+05    3.08390e+02   -1.60133e+02   -7.45404e+02    8.30362e-06

           Step           Time         Lambda
          15500       31.00000        0.00000

   Energies (kJ/mol)
       G96Angle    Proper Dih.  Improper Dih.        LJ (SR)  Disper. corr.
    7.70502e+03    5.07053e+03    2.60546e+02   -4.18746e+02   -1.86324e+03
   Coulomb (SR)   Coul. recip.      Potential    Kinetic En.   Total Energy
   -1.72526e+05    6.72480e+02   -1.61099e+05    3.09177e+04   -1.30182e+05
  Conserved En.    Temperature Pres. DC (bar) Pressure (bar)   Constr. rmsd
   -1.22083e+05    3.06444e+02   -1.60133e+02   -7.85461e+02    7.16962e-06

DD  step 15999  vol min/aver 0.488  load imb.: force  2.8%  pme mesh/force 0.486

           Step           Time         Lambda
          16000       32.00000        0.00000

   Energies (kJ/mol)
       G96Angle    Proper Dih.  Improper Dih.        LJ (SR)  Disper. corr.
    7.69869e+03    5.00497e+03    2.43240e+02   -4.45993e+02   -1.86324e+03
   Coulomb (SR)   Coul. recip.      Potential    Kinetic En.   Total Energy
   -1.72861e+05    6.17813e+02   -1.61606e+05    3.04563e+04   -1.31149e+05
  Conserved En.    Temperature Pres. DC (bar) Pressure (bar)   Constr. rmsd
   -1.22067e+05    3.01871e+02   -1.60133e+02   -1.08817e+03    7.49474e-06

           Step           Time         Lambda
          16500       33.00000        0.00000

   Energies (kJ/mol)
       G96Angle    Proper Dih.  Improper Dih.        LJ (SR)  Disper. corr.
    7.77330e+03    5.35034e+03    2.29472e+02   -4.98367e+02   -1.86324e+03
   Coulomb (SR)   Coul. recip.      Potential    Kinetic En.   Total Energy
   -1.72808e+05    6.21424e+02   -1.61195e+05    3.05667e+04   -1.30628e+05
  Conserved En.    Temperature Pres. DC (bar) Pressure (bar)   Constr. rmsd
   -1.22081e+05    3.02965e+02   -1.60133e+02   -8.93225e+02    7.76004e-06

DD  step 16999  vol min/aver 0.495  load imb.: force  4.5%  pme mesh/force 0.462

           Step           Time         Lambda
          17000       34.00000        0.00000

   Energies (kJ/mol)
       G96Angle    Proper Dih.  Improper Dih.        LJ (SR)  Disper. corr.
    7.72792e+03    5.20149e+03    2.13356e+02   -6.40326e+02   -1.86324e+03
   Coulomb (SR)   Coul. recip.      Potential    Kinetic En.   Total Energy
   -1.72599e+05    6.38268e+02   -1.61322e+05    3.08670e+04   -1.30455e+05
  Conserved En.    Temperature Pres. DC (bar) Pressure (bar)   Constr. rmsd
   -1.22165e+05    3.05941e+02   -1.60133e+02   -7.78684e+02    7.42812e-06

           Step           Time         Lambda
          17500       35.00000        0.00000

   Energies (kJ/mol)
       G96Angle    Proper Dih.  Improper Dih.        LJ (SR)  Disper. corr.
    7.60957e+03    5.25703e+03    2.56861e+02   -2.14202e+02   -1.86324e+03
   Coulomb (SR)   Coul. recip.      Potential    Kinetic En.   Total Energy
   -1.73244e+05    6.47375e+02   -1.61551e+05    3.12441e+04   -1.30307e+05
  Conserved En.    Temperature Pres. DC (bar) Pressure (bar)   Constr. rmsd
   -1.22073e+05    3.09679e+02   -1.60133e+02   -1.12207e+03    6.95658e-06

DD  step 17999  vol min/aver 0.466  load imb.: force  3.4%  pme mesh/force 0.489

           Step           Time         Lambda
          18000       36.00000        0.00000

   Energies (kJ/mol)
       G96Angle    Proper Dih.  Improper Dih.        LJ (SR)  Disper. corr.
    7.98367e+03    5.41037e+03    2.55463e+02    1.35760e+00   -1.86324e+03
   Coulomb (SR)   Coul. recip.      Potential    Kinetic En.   Total Energy
   -1.73614e+05    5.86835e+02   -1.61239e+05    3.10935e+04   -1.30146e+05
  Conserved En.    Temperature Pres. DC (bar) Pressure (bar)   Constr. rmsd
   -1.22217e+05    3.08187e+02   -1.60133e+02   -6.84348e+02    7.51251e-06

           Step           Time         Lambda
          18500       37.00000        0.00000

   Energies (kJ/mol)
       G96Angle    Proper Dih.  Improper Dih.        LJ (SR)  Disper. corr.
    7.79640e+03    5.26484e+03    2.40775e+02   -2.16468e+02   -1.86324e+03
   Coulomb (SR)   Coul. recip.      Potential    Kinetic En.   Total Energy
   -1.72993e+05    5.95384e+02   -1.61175e+05    3.08044e+04   -1.30371e+05
  Conserved En.    Temperature Pres. DC (bar) Pressure (bar)   Constr. rmsd
   -1.22070e+05    3.05321e+02   -1.60133e+02   -5.81431e+02    7.33443e-06

DD  step 18999  vol min/aver 0.485  load imb.: force  2.5%  pme mesh/force 0.497

           Step           Time         Lambda
          19000       38.00000        0.00000

   Energies (kJ/mol)
       G96Angle    Proper Dih.  Improper Dih.        LJ (SR)  Disper. corr.
    7.59436e+03    5.26417e+03    2.83661e+02   -3.76276e+02   -1.86324e+03
   Coulomb (SR)   Coul. recip.      Potential    Kinetic En.   Total Energy
   -1.72523e+05    6.12762e+02   -1.61007e+05    3.09323e+04   -1.30075e+05
  Conserved En.    Temperature Pres. DC (bar) Pressure (bar)   Constr. rmsd
   -1.22107e+05    3.06589e+02   -1.60133e+02   -4.47531e+02    7.37717e-06

           Step           Time         Lambda
          19500       39.00000        0.00000

   Energies (kJ/mol)
       G96Angle    Proper Dih.  Improper Dih.        LJ (SR)  Disper. corr.
    7.76993e+03    5.40761e+03    2.33871e+02   -8.98310e+02   -1.86324e+03
   Coulomb (SR)   Coul. recip.      Potential    Kinetic En.   Total Energy
   -1.72070e+05    6.22646e+02   -1.60797e+05    3.06561e+04   -1.30141e+05
  Conserved En.    Temperature Pres. DC (bar) Pressure (bar)   Constr. rmsd
   -1.22219e+05    3.03852e+02   -1.60133e+02   -9.16690e+02    6.77288e-06

DD  step 19999  vol min/aver 0.495  load imb.: force  5.5%  pme mesh/force 0.492

           Step           Time         Lambda
          20000       40.00000        0.00000

   Energies (kJ/mol)
       G96Angle    Proper Dih.  Improper Dih.        LJ (SR)  Disper. corr.
    7.97806e+03    5.37862e+03    2.46396e+02   -1.26586e+03   -1.86324e+03
   Coulomb (SR)   Coul. recip.      Potential    Kinetic En.   Total Energy
   -1.71607e+05    6.13924e+02   -1.60519e+05    3.07183e+04   -1.29801e+05
  Conserved En.    Temperature Pres. DC (bar) Pressure (bar)   Constr. rmsd
   -1.22082e+05    3.04467e+02   -1.60133e+02   -9.69048e+02    7.62689e-06

           Step           Time         Lambda
          20500       41.00000        0.00000

   Energies (kJ/mol)
       G96Angle    Proper Dih.  Improper Dih.        LJ (SR)  Disper. corr.
    8.04096e+03    5.18563e+03    2.31183e+02   -5.17529e+02   -1.86324e+03
   Coulomb (SR)   Coul. recip.      Potential    Kinetic En.   Total Energy
   -1.72990e+05    6.12075e+02   -1.61301e+05    3.07230e+04   -1.30578e+05
  Conserved En.    Temperature Pres. DC (bar) Pressure (bar)   Constr. rmsd
   -1.22165e+05    3.04514e+02   -1.60133e+02   -9.60403e+02    7.21224e-06

DD  step 20999  vol min/aver 0.470  load imb.: force  5.5%  pme mesh/force 0.499

           Step           Time         Lambda
          21000       42.00000        0.00000

   Energies (kJ/mol)
       G96Angle    Proper Dih.  Improper Dih.        LJ (SR)  Disper. corr.
    7.77574e+03    5.26146e+03    2.78074e+02    2.93898e+01   -1.86324e+03
   Coulomb (SR)   Coul. recip.      Potential    Kinetic En.   Total Energy
   -1.73534e+05    6.32783e+02   -1.61420e+05    3.03989e+04   -1.31021e+05
  Conserved En.    Temperature Pres. DC (bar) Pressure (bar)   Constr. rmsd
   -1.22109e+05    3.01302e+02   -1.60133e+02   -4.35540e+02    7.53386e-06

           Step           Time         Lambda
          21500       43.00000        0.00000

   Energies (kJ/mol)
       G96Angle    Proper Dih.  Improper Dih.        LJ (SR)  Disper. corr.
    8.06645e+03    5.22036e+03    2.42316e+02   -8.14331e+02   -1.86324e+03
   Coulomb (SR)   Coul. recip.      Potential    Kinetic En.   Total Energy
   -1.73185e+05    6.03248e+02   -1.61730e+05    3.10775e+04   -1.30653e+05
  Conserved En.    Temperature Pres. DC (bar) Pressure (bar)   Constr. rmsd
   -1.22022e+05    3.08027e+02   -1.60133e+02   -9.62941e+02    7.86365e-06

DD  step 21999  vol min/aver 0.473  load imb.: force  5.7%  pme mesh/force 0.495

           Step           Time         Lambda
          22000       44.00000        0.00000

   Energies (kJ/mol)
       G96Angle    Proper Dih.  Improper Dih.        LJ (SR)  Disper. corr.
    7.81182e+03    5.06951e+03    2.47098e+02   -7.16138e+02   -1.86324e+03
   Coulomb (SR)   Coul. recip.      Potential    Kinetic En.   Total Energy
   -1.73063e+05    5.82277e+02   -1.61931e+05    3.08454e+04   -1.31086e+05
  Conserved En.    Temperature Pres. DC (bar) Pressure (bar)   Constr. rmsd
   -1.22149e+05    3.05728e+02   -1.60133e+02   -9.36569e+02    7.58249e-06

           Step           Time         Lambda
          22500       45.00000        0.00000

   Energies (kJ/mol)
       G96Angle    Proper Dih.  Improper Dih.        LJ (SR)  Disper. corr.
    7.94994e+03    5.10398e+03    2.24313e+02   -1.08969e+03   -1.86324e+03
   Coulomb (SR)   Coul. recip.      Potential    Kinetic En.   Total Energy
   -1.72811e+05    6.38605e+02   -1.61847e+05    3.12179e+04   -1.30629e+05
  Conserved En.    Temperature Pres. DC (bar) Pressure (bar)   Constr. rmsd
   -1.22138e+05    3.09419e+02   -1.60133e+02   -1.00405e+03    7.45685e-06

DD  step 22999  vol min/aver 0.486  load imb.: force  7.3%  pme mesh/force 0.494

           Step           Time         Lambda
          23000       46.00000        0.00000

   Energies (kJ/mol)
       G96Angle    Proper Dih.  Improper Dih.        LJ (SR)  Disper. corr.
    7.93295e+03    5.36828e+03    2.13519e+02   -8.44092e+02   -1.86324e+03
   Coulomb (SR)   Coul. recip.      Potential    Kinetic En.   Total Energy
   -1.73174e+05    5.98781e+02   -1.61767e+05    3.06051e+04   -1.31162e+05
  Conserved En.    Temperature Pres. DC (bar) Pressure (bar)   Constr. rmsd
   -1.22226e+05    3.03345e+02   -1.60133e+02   -8.00041e+02    8.00483e-06

           Step           Time         Lambda
          23500       47.00000        0.00000

   Energies (kJ/mol)
       G96Angle    Proper Dih.  Improper Dih.        LJ (SR)  Disper. corr.
    7.90088e+03    5.32458e+03    2.72751e+02   -8.46143e+02   -1.86324e+03
   Coulomb (SR)   Coul. recip.      Potential    Kinetic En.   Total Energy
   -1.72605e+05    5.97720e+02   -1.61218e+05    3.09388e+04   -1.30279e+05
  Conserved En.    Temperature Pres. DC (bar) Pressure (bar)   Constr. rmsd
   -1.22187e+05    3.06653e+02   -1.60133e+02   -7.23155e+02    7.57132e-06

DD  step 23999  vol min/aver 0.457  load imb.: force  4.4%  pme mesh/force 0.533

           Step           Time         Lambda
          24000       48.00000        0.00000

   Energies (kJ/mol)
       G96Angle    Proper Dih.  Improper Dih.        LJ (SR)  Disper. corr.
    7.85757e+03    5.35626e+03    2.18600e+02   -4.40489e+02   -1.86324e+03
   Coulomb (SR)   Coul. recip.      Potential    Kinetic En.   Total Energy
   -1.73496e+05    6.16425e+02   -1.61751e+05    3.11111e+04   -1.30640e+05
  Conserved En.    Temperature Pres. DC (bar) Pressure (bar)   Constr. rmsd
   -1.22095e+05    3.08360e+02   -1.60133e+02   -8.28826e+02    7.68450e-06

           Step           Time         Lambda
          24500       49.00000        0.00000

   Energies (kJ/mol)
       G96Angle    Proper Dih.  Improper Dih.        LJ (SR)  Disper. corr.
    7.92262e+03    5.34928e+03    2.50478e+02   -8.07180e+01   -1.86324e+03
   Coulomb (SR)   Coul. recip.      Potential    Kinetic En.   Total Energy
   -1.73418e+05    6.01692e+02   -1.61238e+05    3.09509e+04   -1.30287e+05
  Conserved En.    Temperature Pres. DC (bar) Pressure (bar)   Constr. rmsd
   -1.22094e+05    3.06773e+02   -1.60133e+02   -7.15331e+02    7.60814e-06

DD  step 24999  vol min/aver 0.482  load imb.: force  4.9%  pme mesh/force 0.611

           Step           Time         Lambda
          25000       50.00000        0.00000

   Energies (kJ/mol)
       G96Angle    Proper Dih.  Improper Dih.        LJ (SR)  Disper. corr.
    8.13635e+03    5.36632e+03    2.06340e+02   -6.19323e+02   -1.86324e+03
   Coulomb (SR)   Coul. recip.      Potential    Kinetic En.   Total Energy
   -1.73047e+05    5.90473e+02   -1.61230e+05    3.09684e+04   -1.30262e+05
  Conserved En.    Temperature Pres. DC (bar) Pressure (bar)   Constr. rmsd
   -1.22162e+05    3.06946e+02   -1.60133e+02   -7.92114e+02    7.79233e-06

           Step           Time         Lambda
          25500       51.00000        0.00000

   Energies (kJ/mol)
       G96Angle    Proper Dih.  Improper Dih.        LJ (SR)  Disper. corr.
    7.62141e+03    5.49658e+03    2.21350e+02   -3.61018e+02   -1.86324e+03
   Coulomb (SR)   Coul. recip.      Potential    Kinetic En.   Total Energy
   -1.73057e+05    6.03305e+02   -1.61338e+05    3.06044e+04   -1.30734e+05
  Conserved En.    Temperature Pres. DC (bar) Pressure (bar)   Constr. rmsd
   -1.22021e+05    3.03338e+02   -1.60133e+02   -7.69921e+02    6.92770e-06

DD  step 25999  vol min/aver 0.493  load imb.: force  3.9%  pme mesh/force 0.473

           Step           Time         Lambda
          26000       52.00000        0.00000

   Energies (kJ/mol)
       G96Angle    Proper Dih.  Improper Dih.        LJ (SR)  Disper. corr.
    7.81139e+03    5.26308e+03    2.16014e+02    2.42073e+02   -1.86324e+03
   Coulomb (SR)   Coul. recip.      Potential    Kinetic En.   Total Energy
   -1.74250e+05    6.00857e+02   -1.61980e+05    3.11213e+04   -1.30858e+05
  Conserved En.    Temperature Pres. DC (bar) Pressure (bar)   Constr. rmsd
   -1.22084e+05    3.08462e+02   -1.60133e+02   -6.91986e+02    7.88439e-06

           Step           Time         Lambda
          26500       53.00000        0.00000

   Energies (kJ/mol)
       G96Angle    Proper Dih.  Improper Dih.        LJ (SR)  Disper. corr.
    7.75433e+03    5.22616e+03    2.13990e+02   -6.88775e+02   -1.86324e+03
   Coulomb (SR)   Coul. recip.      Potential    Kinetic En.   Total Energy
   -1.73327e+05    6.20765e+02   -1.62064e+05    3.08305e+04   -1.31234e+05
  Conserved En.    Temperature Pres. DC (bar) Pressure (bar)   Constr. rmsd
   -1.22072e+05    3.05580e+02   -1.60133e+02   -9.82386e+02    7.27409e-06

DD  step 26999  vol min/aver 0.492  load imb.: force  3.3%  pme mesh/force 0.487

           Step           Time         Lambda
          27000       54.00000        0.00000

   Energies (kJ/mol)
       G96Angle    Proper Dih.  Improper Dih.        LJ (SR)  Disper. corr.
    7.64284e+03    5.29628e+03    2.39108e+02   -3.15301e+02   -1.86324e+03
   Coulomb (SR)   Coul. recip.      Potential    Kinetic En.   Total Energy
   -1.72854e+05    5.85759e+02   -1.61268e+05    3.11183e+04   -1.30150e+05
  Conserved En.    Temperature Pres. DC (bar) Pressure (bar)   Constr. rmsd
   -1.22104e+05    3.08433e+02   -1.60133e+02   -9.65766e+02    7.98517e-06

           Step           Time         Lambda
          27500       55.00000        0.00000

   Energies (kJ/mol)
       G96Angle    Proper Dih.  Improper Dih.        LJ (SR)  Disper. corr.
    7.91307e+03    5.27481e+03    2.37728e+02   -3.33405e+02   -1.86324e+03
   Coulomb (SR)   Coul. recip.      Potential    Kinetic En.   Total Energy
   -1.73388e+05    6.52076e+02   -1.61507e+05    3.06390e+04   -1.30868e+05
  Conserved En.    Temperature Pres. DC (bar) Pressure (bar)   Constr. rmsd
   -1.21959e+05    3.03682e+02   -1.60133e+02   -8.33392e+02    7.57105e-06

DD  step 27999  vol min/aver 0.487  load imb.: force  3.9%  pme mesh/force 0.476

           Step           Time         Lambda
          28000       56.00000        0.00000

   Energies (kJ/mol)
       G96Angle    Proper Dih.  Improper Dih.        LJ (SR)  Disper. corr.
    7.57631e+03    5.49310e+03    2.89076e+02   -6.96057e+02   -1.86324e+03
   Coulomb (SR)   Coul. recip.      Potential    Kinetic En.   Total Energy
   -1.72548e+05    5.68672e+02   -1.61180e+05    3.07976e+04   -1.30382e+05
  Conserved En.    Temperature Pres. DC (bar) Pressure (bar)   Constr. rmsd
   -1.22097e+05    3.05254e+02   -1.60133e+02   -5.90114e+02    7.42877e-06

           Step           Time         Lambda
          28500       57.00000        0.00000

   Energies (kJ/mol)
       G96Angle    Proper Dih.  Improper Dih.        LJ (SR)  Disper. corr.
    7.91115e+03    5.25967e+03    2.23118e+02   -5.23078e+02   -1.86324e+03
   Coulomb (SR)   Coul. recip.      Potential    Kinetic En.   Total Energy
   -1.72966e+05    6.28649e+02   -1.61329e+05    3.09582e+04   -1.30371e+05
  Conserved En.    Temperature Pres. DC (bar) Pressure (bar)   Constr. rmsd
   -1.22052e+05    3.06845e+02   -1.60133e+02   -3.71573e+02    7.70103e-06

DD  step 28999  vol min/aver 0.480  load imb.: force  2.9%  pme mesh/force 0.496

           Step           Time         Lambda
          29000       58.00000        0.00000

   Energies (kJ/mol)
       G96Angle    Proper Dih.  Improper Dih.        LJ (SR)  Disper. corr.
    7.62060e+03    5.24521e+03    2.07823e+02    7.46772e+01   -1.86324e+03
   Coulomb (SR)   Coul. recip.      Potential    Kinetic En.   Total Energy
   -1.73504e+05    5.68491e+02   -1.61650e+05    3.06953e+04   -1.30955e+05
  Conserved En.    Temperature Pres. DC (bar) Pressure (bar)   Constr. rmsd
   -1.22081e+05    3.04240e+02   -1.60133e+02   -7.36322e+02    7.76325e-06

           Step           Time         Lambda
          29500       59.00000        0.00000

   Energies (kJ/mol)
       G96Angle    Proper Dih.  Improper Dih.        LJ (SR)  Disper. corr.
    7.81050e+03    5.38147e+03    3.00132e+02   -1.10040e+03   -1.86324e+03
   Coulomb (SR)   Coul. recip.      Potential    Kinetic En.   Total Energy
   -1.72650e+05    5.74578e+02   -1.61547e+05    3.02102e+04   -1.31337e+05
  Conserved En.    Temperature Pres. DC (bar) Pressure (bar)   Constr. rmsd
   -1.22090e+05    2.99431e+02   -1.60133e+02   -1.25967e+03    7.18014e-06

DD  step 29999  vol min/aver 0.487  load imb.: force  5.3%  pme mesh/force 0.477

           Step           Time         Lambda
          30000       60.00000        0.00000

   Energies (kJ/mol)
       G96Angle    Proper Dih.  Improper Dih.        LJ (SR)  Disper. corr.
    7.80465e+03    5.38493e+03    2.38448e+02   -8.20636e+02   -1.86324e+03
   Coulomb (SR)   Coul. recip.      Potential    Kinetic En.   Total Energy
   -1.72792e+05    6.04741e+02   -1.61443e+05    3.12677e+04   -1.30175e+05
  Conserved En.    Temperature Pres. DC (bar) Pressure (bar)   Constr. rmsd
   -1.22023e+05    3.09913e+02   -1.60133e+02   -1.38452e+03    7.77832e-06

           Step           Time         Lambda
          30500       61.00000        0.00000

   Energies (kJ/mol)
       G96Angle    Proper Dih.  Improper Dih.        LJ (SR)  Disper. corr.
    8.03850e+03    5.24623e+03    2.13531e+02   -1.17935e+03   -1.86324e+03
   Coulomb (SR)   Coul. recip.      Potential    Kinetic En.   Total Energy
   -1.72351e+05    5.62151e+02   -1.61333e+05    3.12839e+04   -1.30049e+05
  Conserved En.    Temperature Pres. DC (bar) Pressure (bar)   Constr. rmsd
   -1.22041e+05    3.10074e+02   -1.60133e+02   -1.27661e+03    7.72298e-06

DD  step 30999  vol min/aver 0.472  load imb.: force  6.1%  pme mesh/force 0.497

           Step           Time         Lambda
          31000       62.00000        0.00000

   Energies (kJ/mol)
       G96Angle    Proper Dih.  Improper Dih.        LJ (SR)  Disper. corr.
    8.08731e+03    5.28703e+03    2.71825e+02   -2.45769e+02   -1.86324e+03
   Coulomb (SR)   Coul. recip.      Potential    Kinetic En.   Total Energy
   -1.73517e+05    6.08256e+02   -1.61371e+05    3.08263e+04   -1.30545e+05
  Conserved En.    Temperature Pres. DC (bar) Pressure (bar)   Constr. rmsd
   -1.22019e+05    3.05538e+02   -1.60133e+02   -5.70888e+02    7.45150e-06

           Step           Time         Lambda
          31500       63.00000        0.00000

   Energies (kJ/mol)
       G96Angle    Proper Dih.  Improper Dih.        LJ (SR)  Disper. corr.
    7.66502e+03    5.38745e+03    2.14922e+02   -6.69840e+02   -1.86324e+03
   Coulomb (SR)   Coul. recip.      Potential    Kinetic En.   Total Energy
   -1.72872e+05    5.74120e+02   -1.61563e+05    3.12572e+04   -1.30306e+05
  Conserved En.    Temperature Pres. DC (bar) Pressure (bar)   Constr. rmsd
   -1.22125e+05    3.09809e+02   -1.60133e+02   -1.15260e+03    7.35172e-06

DD  step 31999  vol min/aver 0.473  load imb.: force  6.6%  pme mesh/force 0.458

           Step           Time         Lambda
          32000       64.00000        0.00000

   Energies (kJ/mol)
       G96Angle    Proper Dih.  Improper Dih.        LJ (SR)  Disper. corr.
    7.84048e+03    5.29399e+03    2.55122e+02   -9.80723e+02   -1.86324e+03
   Coulomb (SR)   Coul. recip.      Potential    Kinetic En.   Total Energy
   -1.72330e+05    5.97683e+02   -1.61187e+05    3.10821e+04   -1.30104e+05
  Conserved En.    Temperature Pres. DC (bar) Pressure (bar)   Constr. rmsd
   -1.21968e+05    3.08073e+02   -1.60133e+02   -8.12441e+02    8.01312e-06

           Step           Time         Lambda
          32500       65.00000        0.00000

   Energies (kJ/mol)
       G96Angle    Proper Dih.  Improper Dih.        LJ (SR)  Disper. corr.
    7.69298e+03    5.42706e+03    2.76198e+02   -1.20782e+03   -1.86324e+03
   Coulomb (SR)   Coul. recip.      Potential    Kinetic En.   Total Energy
   -1.72581e+05    6.36458e+02   -1.61620e+05    3.01224e+04   -1.31497e+05
  Conserved En.    Temperature Pres. DC (bar) Pressure (bar)   Constr. rmsd
   -1.22055e+05    2.98562e+02   -1.60133e+02   -1.29344e+03    7.26528e-06

DD  step 32999  vol min/aver 0.476  load imb.: force  4.6%  pme mesh/force 0.471

           Step           Time         Lambda
          33000       66.00000        0.00000

   Energies (kJ/mol)
       G96Angle    Proper Dih.  Improper Dih.        LJ (SR)  Disper. corr.
    7.81625e+03    5.26258e+03    2.37991e+02   -9.62569e+02   -1.86324e+03
   Coulomb (SR)   Coul. recip.      Potential    Kinetic En.   Total Energy
   -1.73025e+05    6.34818e+02   -1.61899e+05    3.07456e+04   -1.31153e+05
  Conserved En.    Temperature Pres. DC (bar) Pressure (bar)   Constr. rmsd
   -1.22069e+05    3.04738e+02   -1.60133e+02   -1.00136e+03    7.77361e-06

           Step           Time         Lambda
          33500       67.00000        0.00000

   Energies (kJ/mol)
       G96Angle    Proper Dih.  Improper Dih.        LJ (SR)  Disper. corr.
    8.09195e+03    5.34894e+03    2.40881e+02   -3.31565e+02   -1.86324e+03
   Coulomb (SR)   Coul. recip.      Potential    Kinetic En.   Total Energy
   -1.73316e+05    5.82776e+02   -1.61246e+05    3.07930e+04   -1.30453e+05
  Conserved En.    Temperature Pres. DC (bar) Pressure (bar)   Constr. rmsd
   -1.22082e+05    3.05208e+02   -1.60133e+02   -5.24159e+02    7.27965e-06

DD  step 33999  vol min/aver 0.482  load imb.: force  4.5%  pme mesh/force 0.488

           Step           Time         Lambda
          34000       68.00000        0.00000

   Energies (kJ/mol)
       G96Angle    Proper Dih.  Improper Dih.        LJ (SR)  Disper. corr.
    7.95371e+03    5.34864e+03    2.50248e+02   -9.60147e+01   -1.86324e+03
   Coulomb (SR)   Coul. recip.      Potential    Kinetic En.   Total Energy
   -1.74041e+05    5.95955e+02   -1.61852e+05    3.16662e+04   -1.30186e+05
  Conserved En.    Temperature Pres. DC (bar) Pressure (bar)   Constr. rmsd
   -1.22020e+05    3.13863e+02   -1.60133e+02   -9.10294e+02    7.32755e-06

           Step           Time         Lambda
          34500       69.00000        0.00000

   Energies (kJ/mol)
       G96Angle    Proper Dih.  Improper Dih.        LJ (SR)  Disper. corr.
    7.78551e+03    5.17244e+03    2.89228e+02   -4.04566e+02   -1.86324e+03
   Coulomb (SR)   Coul. recip.      Potential    Kinetic En.   Total Energy
   -1.73558e+05    5.86369e+02   -1.61992e+05    3.06974e+04   -1.31295e+05
  Conserved En.    Temperature Pres. DC (bar) Pressure (bar)   Constr. rmsd
   -1.22034e+05    3.04260e+02   -1.60133e+02   -8.26766e+02    7.34404e-06

DD  step 34999  vol min/aver 0.468  load imb.: force  5.0%  pme mesh/force 0.503

           Step           Time         Lambda
          35000       70.00000        0.00000

   Energies (kJ/mol)
       G96Angle    Proper Dih.  Improper Dih.        LJ (SR)  Disper. corr.
    7.81268e+03    5.25737e+03    2.65621e+02   -6.84507e+02   -1.86324e+03
   Coulomb (SR)   Coul. recip.      Potential    Kinetic En.   Total Energy
   -1.73535e+05    5.95734e+02   -1.62152e+05    3.01590e+04   -1.31993e+05
  Conserved En.    Temperature Pres. DC (bar) Pressure (bar)   Constr. rmsd
   -1.22157e+05    2.98924e+02   -1.60133e+02   -7.55620e+02    7.33873e-06

           Step           Time         Lambda
          35500       71.00000        0.00000

   Energies (kJ/mol)
       G96Angle    Proper Dih.  Improper Dih.        LJ (SR)  Disper. corr.
    7.47250e+03    5.16854e+03    2.57314e+02   -1.11125e+03   -1.86324e+03
   Coulomb (SR)   Coul. recip.      Potential    Kinetic En.   Total Energy
   -1.72346e+05    5.87803e+02   -1.61834e+05    3.10852e+04   -1.30749e+05
  Conserved En.    Temperature Pres. DC (bar) Pressure (bar)   Constr. rmsd
   -1.22042e+05    3.08104e+02   -1.60133e+02   -7.98061e+02    7.10654e-06

DD  step 35999  vol min/aver 0.478  load imb.: force  4.8%  pme mesh/force 0.488

           Step           Time         Lambda
          36000       72.00000        0.00000

   Energies (kJ/mol)
       G96Angle    Proper Dih.  Improper Dih.        LJ (SR)  Disper. corr.
    7.47239e+03    5.37029e+03    2.79480e+02   -9.13338e+02   -1.86324e+03
   Coulomb (SR)   Coul. recip.      Potential    Kinetic En.   Total Energy
   -1.72618e+05    6.13581e+02   -1.61659e+05    3.12351e+04   -1.30424e+05
  Conserved En.    Temperature Pres. DC (bar) Pressure (bar)   Constr. rmsd
   -1.22069e+05    3.09590e+02   -1.60133e+02   -7.71672e+02    7.11973e-06

           Step           Time         Lambda
          36500       73.00000        0.00000

   Energies (kJ/mol)
       G96Angle    Proper Dih.  Improper Dih.        LJ (SR)  Disper. corr.
    7.69578e+03    5.27709e+03    2.27448e+02   -6.68883e+02   -1.86324e+03
   Coulomb (SR)   Coul. recip.      Potential    Kinetic En.   Total Energy
   -1.73155e+05    6.13036e+02   -1.61874e+05    3.07523e+04   -1.31121e+05
  Conserved En.    Temperature Pres. DC (bar) Pressure (bar)   Constr. rmsd
   -1.22037e+05    3.04804e+02   -1.60133e+02   -1.04019e+03    6.97066e-06

DD  step 36999  vol min/aver 0.506  load imb.: force  5.1%  pme mesh/force 0.514

           Step           Time         Lambda
          37000       74.00000        0.00000

   Energies (kJ/mol)
       G96Angle    Proper Dih.  Improper Dih.        LJ (SR)  Disper. corr.
    7.63074e+03    5.35990e+03    2.23175e+02   -5.61663e+02   -1.86324e+03
   Coulomb (SR)   Coul. recip.      Potential    Kinetic En.   Total Energy
   -1.72429e+05    5.70798e+02   -1.61069e+05    3.04944e+04   -1.30574e+05
  Conserved En.    Temperature Pres. DC (bar) Pressure (bar)   Constr. rmsd
   -1.22126e+05    3.02249e+02   -1.60133e+02   -6.39672e+02    7.33835e-06

           Step           Time         Lambda
          37500       75.00000        0.00000

   Energies (kJ/mol)
       G96Angle    Proper Dih.  Improper Dih.        LJ (SR)  Disper. corr.
    7.61762e+03    5.19237e+03    2.58993e+02   -3.38213e+02   -1.86324e+03
   Coulomb (SR)   Coul. recip.      Potential    Kinetic En.   Total Energy
   -1.73490e+05    5.87864e+02   -1.62034e+05    3.07541e+04   -1.31280e+05
  Conserved En.    Temperature Pres. DC (bar) Pressure (bar)   Constr. rmsd
   -1.22079e+05    3.04822e+02   -1.60133e+02   -1.18373e+03    7.14180e-06

DD  step 37999  vol min/aver 0.475  load imb.: force  4.2%  pme mesh/force 0.469

           Step           Time         Lambda
          38000       76.00000        0.00000

   Energies (kJ/mol)
       G96Angle    Proper Dih.  Improper Dih.        LJ (SR)  Disper. corr.
    7.62807e+03    5.34014e+03    2.36794e+02    4.22609e+02   -1.86324e+03
   Coulomb (SR)   Coul. recip.      Potential    Kinetic En.   Total Energy
   -1.74234e+05    5.77094e+02   -1.61893e+05    3.11477e+04   -1.30745e+05
  Conserved En.    Temperature Pres. DC (bar) Pressure (bar)   Constr. rmsd
   -1.22054e+05    3.08723e+02   -1.60133e+02   -9.14828e+02    7.47730e-06

           Step           Time         Lambda
          38500       77.00000        0.00000

   Energies (kJ/mol)
       G96Angle    Proper Dih.  Improper Dih.        LJ (SR)  Disper. corr.
    8.15481e+03    5.15010e+03    2.33884e+02   -5.32474e+02   -1.86324e+03
   Coulomb (SR)   Coul. recip.      Potential    Kinetic En.   Total Energy
   -1.73920e+05    5.87926e+02   -1.62189e+05    3.04486e+04   -1.31741e+05
  Conserved En.    Temperature Pres. DC (bar) Pressure (bar)   Constr. rmsd
   -1.22082e+05    3.01794e+02   -1.60133e+02   -1.06746e+03    7.53811e-06

DD  step 38999  vol min/aver 0.461  load imb.: force  5.9%  pme mesh/force 0.461

           Step           Time         Lambda
          39000       78.00000        0.00000

   Energies (kJ/mol)
       G96Angle    Proper Dih.  Improper Dih.        LJ (SR)  Disper. corr.
    7.80458e+03    5.08890e+03    3.02092e+02   -1.61106e+02   -1.86324e+03
   Coulomb (SR)   Coul. recip.      Potential    Kinetic En.   Total Energy
   -1.74265e+05    5.75334e+02   -1.62519e+05    3.15553e+04   -1.30963e+05
  Conserved En.    Temperature Pres. DC (bar) Pressure (bar)   Constr. rmsd
   -1.22035e+05    3.12764e+02   -1.60133e+02   -1.02507e+03    7.44466e-06

           Step           Time         Lambda
          39500       79.00000        0.00000

   Energies (kJ/mol)
       G96Angle    Proper Dih.  Improper Dih.        LJ (SR)  Disper. corr.
    7.87522e+03    5.15586e+03    2.89024e+02   -1.14205e+02   -1.86324e+03
   Coulomb (SR)   Coul. recip.      Potential    Kinetic En.   Total Energy
   -1.74301e+05    5.94714e+02   -1.62364e+05    3.08493e+04   -1.31514e+05
  Conserved En.    Temperature Pres. DC (bar) Pressure (bar)   Constr. rmsd
   -1.21983e+05    3.05766e+02   -1.60133e+02   -7.94316e+02    7.52086e-06

DD  step 39999  vol min/aver 0.482  load imb.: force  4.7%  pme mesh/force 0.555

           Step           Time         Lambda
          40000       80.00000        0.00000

   Energies (kJ/mol)
       G96Angle    Proper Dih.  Improper Dih.        LJ (SR)  Disper. corr.
    7.61899e+03    5.20248e+03    2.63699e+02   -7.20938e+02   -1.86324e+03
   Coulomb (SR)   Coul. recip.      Potential    Kinetic En.   Total Energy
   -1.73152e+05    5.68829e+02   -1.62082e+05    3.04600e+04   -1.31622e+05
  Conserved En.    Temperature Pres. DC (bar) Pressure (bar)   Constr. rmsd
   -1.21919e+05    3.01908e+02   -1.60133e+02   -8.01326e+02    6.96742e-06

           Step           Time         Lambda
          40500       81.00000        0.00000

   Energies (kJ/mol)
       G96Angle    Proper Dih.  Improper Dih.        LJ (SR)  Disper. corr.
    7.83838e+03    5.26113e+03    2.78446e+02   -7.11867e+02   -1.86324e+03
   Coulomb (SR)   Coul. recip.      Potential    Kinetic En.   Total Energy
   -1.72959e+05    6.11879e+02   -1.61544e+05    3.05389e+04   -1.31005e+05
  Conserved En.    Temperature Pres. DC (bar) Pressure (bar)   Constr. rmsd
   -1.22082e+05    3.02689e+02   -1.60133e+02   -8.48407e+02    7.32241e-06

DD  step 40999  vol min/aver 0.485  load imb.: force  4.4%  pme mesh/force 0.473

           Step           Time         Lambda
          41000       82.00000        0.00000

   Energies (kJ/mol)
       G96Angle    Proper Dih.  Improper Dih.        LJ (SR)  Disper. corr.
    7.54537e+03    5.22702e+03    3.12032e+02    5.32982e+01   -1.86324e+03
   Coulomb (SR)   Coul. recip.      Potential    Kinetic En.   Total Energy
   -1.73424e+05    5.60802e+02   -1.61588e+05    3.08237e+04   -1.30765e+05
  Conserved En.    Temperature Pres. DC (bar) Pressure (bar)   Constr. rmsd
   -1.21928e+05    3.05512e+02   -1.60133e+02   -5.64508e+02    6.97242e-06

           Step           Time         Lambda
          41500       83.00000        0.00000

   Energies (kJ/mol)
       G96Angle    Proper Dih.  Improper Dih.        LJ (SR)  Disper. corr.
    7.60270e+03    5.35892e+03    2.62303e+02   -4.70985e+02   -1.86324e+03
   Coulomb (SR)   Coul. recip.      Potential    Kinetic En.   Total Energy
   -1.72851e+05    5.90154e+02   -1.61372e+05    3.07637e+04   -1.30608e+05
  Conserved En.    Temperature Pres. DC (bar) Pressure (bar)   Constr. rmsd
   -1.22049e+05    3.04917e+02   -1.60133e+02   -5.55251e+02    7.20922e-06

DD  step 41999  vol min/aver 0.477  load imb.: force  6.9%  pme mesh/force 0.530

           Step           Time         Lambda
          42000       84.00000        0.00000

   Energies (kJ/mol)
       G96Angle    Proper Dih.  Improper Dih.        LJ (SR)  Disper. corr.
    7.67565e+03    5.18232e+03    2.46891e+02   -9.72493e+02   -1.86324e+03
   Coulomb (SR)   Coul. recip.      Potential    Kinetic En.   Total Energy
   -1.73151e+05    5.64860e+02   -1.62317e+05    3.12476e+04   -1.31070e+05
  Conserved En.    Temperature Pres. DC (bar) Pressure (bar)   Constr. rmsd
   -1.22065e+05    3.09714e+02   -1.60133e+02   -7.88440e+02    7.14892e-06

           Step           Time         Lambda
          42500       85.00000        0.00000

   Energies (kJ/mol)
       G96Angle    Proper Dih.  Improper Dih.        LJ (SR)  Disper. corr.
    7.64925e+03    5.18241e+03    2.42524e+02   -1.31871e+03   -1.86324e+03
   Coulomb (SR)   Coul. recip.      Potential    Kinetic En.   Total Energy
   -1.72901e+05    5.58089e+02   -1.62451e+05    3.07806e+04   -1.31670e+05
  Conserved En.    Temperature Pres. DC (bar) Pressure (bar)   Constr. rmsd
   -1.22020e+05    3.05085e+02   -1.60133e+02   -1.52781e+03    7.56446e-06

DD  step 42999  vol min/aver 0.497  load imb.: force  4.9%  pme mesh/force 0.479

           Step           Time         Lambda
          43000       86.00000        0.00000

   Energies (kJ/mol)
       G96Angle    Proper Dih.  Improper Dih.        LJ (SR)  Disper. corr.
    7.75166e+03    5.14561e+03    2.76675e+02   -1.56741e+03   -1.86324e+03
   Coulomb (SR)   Coul. recip.      Potential    Kinetic En.   Total Energy
   -1.72932e+05    5.89756e+02   -1.62599e+05    3.12002e+04   -1.31399e+05
  Conserved En.    Temperature Pres. DC (bar) Pressure (bar)   Constr. rmsd
   -1.22109e+05    3.09244e+02   -1.60133e+02   -1.23041e+03    8.06734e-06

           Step           Time         Lambda
          43500       87.00000        0.00000

   Energies (kJ/mol)
       G96Angle    Proper Dih.  Improper Dih.        LJ (SR)  Disper. corr.
    7.66287e+03    5.34025e+03    2.57640e+02   -6.05445e+02   -1.86324e+03
   Coulomb (SR)   Coul. recip.      Potential    Kinetic En.   Total Energy
   -1.73717e+05    5.77603e+02   -1.62348e+05    3.06286e+04   -1.31719e+05
  Conserved En.    Temperature Pres. DC (bar) Pressure (bar)   Constr. rmsd
   -1.22021e+05    3.03579e+02   -1.60133e+02   -1.03379e+03    6.93376e-06

DD  step 43999  vol min/aver 0.486  load imb.: force  3.5%  pme mesh/force 0.508

           Step           Time         Lambda
          44000       88.00000        0.00000

   Energies (kJ/mol)
       G96Angle    Proper Dih.  Improper Dih.        LJ (SR)  Disper. corr.
    7.73562e+03    5.19653e+03    2.37148e+02   -4.97947e+02   -1.86324e+03
   Coulomb (SR)   Coul. recip.      Potential    Kinetic En.   Total Energy
   -1.74003e+05    5.55333e+02   -1.62640e+05    3.05079e+04   -1.32132e+05
  Conserved En.    Temperature Pres. DC (bar) Pressure (bar)   Constr. rmsd
   -1.22087e+05    3.02382e+02   -1.60133e+02   -9.40472e+02    7.15954e-06

           Step           Time         Lambda
          44500       89.00000        0.00000

   Energies (kJ/mol)
       G96Angle    Proper Dih.  Improper Dih.        LJ (SR)  Disper. corr.
    7.44378e+03    5.18887e+03    2.65842e+02   -2.84953e+02   -1.86324e+03
   Coulomb (SR)   Coul. recip.      Potential    Kinetic En.   Total Energy
   -1.73743e+05    6.55172e+02   -1.62337e+05    3.08023e+04   -1.31535e+05
  Conserved En.    Temperature Pres. DC (bar) Pressure (bar)   Constr. rmsd
   -1.21852e+05    3.05300e+02   -1.60133e+02   -9.39360e+02    7.12976e-06

DD  step 44999  vol min/aver 0.474  load imb.: force  3.7%  pme mesh/force 0.515

           Step           Time         Lambda
          45000       90.00000        0.00000

   Energies (kJ/mol)
       G96Angle    Proper Dih.  Improper Dih.        LJ (SR)  Disper. corr.
    7.92570e+03    5.31707e+03    2.32550e+02   -2.69985e+02   -1.86324e+03
   Coulomb (SR)   Coul. recip.      Potential    Kinetic En.   Total Energy
   -1.73784e+05    5.75053e+02   -1.61867e+05    3.07251e+04   -1.31141e+05
  Conserved En.    Temperature Pres. DC (bar) Pressure (bar)   Constr. rmsd
   -1.21865e+05    3.04535e+02   -1.60133e+02   -5.13092e+02    7.21664e-06

           Step           Time         Lambda
          45500       91.00000        0.00000

   Energies (kJ/mol)
       G96Angle    Proper Dih.  Improper Dih.        LJ (SR)  Disper. corr.
    7.78602e+03    5.21308e+03    2.54226e+02   -9.50218e+02   -1.86324e+03
   Coulomb (SR)   Coul. recip.      Potential    Kinetic En.   Total Energy
   -1.73430e+05    5.75308e+02   -1.62415e+05    3.11111e+04   -1.31304e+05
  Conserved En.    Temperature Pres. DC (bar) Pressure (bar)   Constr. rmsd
   -1.22031e+05    3.08361e+02   -1.60133e+02   -1.00832e+03    8.06129e-06

DD  step 45999  vol min/aver 0.476  load imb.: force  5.9%  pme mesh/force 0.498

           Step           Time         Lambda
          46000       92.00000        0.00000

   Energies (kJ/mol)
       G96Angle    Proper Dih.  Improper Dih.        LJ (SR)  Disper. corr.
    7.94358e+03    5.23203e+03    2.43872e+02   -4.36845e+02   -1.86324e+03
   Coulomb (SR)   Coul. recip.      Potential    Kinetic En.   Total Energy
   -1.73819e+05    5.98420e+02   -1.62101e+05    3.06513e+04   -1.31449e+05
  Conserved En.    Temperature Pres. DC (bar) Pressure (bar)   Constr. rmsd
   -1.22116e+05    3.03803e+02   -1.60133e+02   -6.12069e+02    7.37282e-06

           Step           Time         Lambda
          46500       93.00000        0.00000

   Energies (kJ/mol)
       G96Angle    Proper Dih.  Improper Dih.        LJ (SR)  Disper. corr.
    7.63378e+03    5.20682e+03    2.74330e+02    1.80929e+02   -1.86324e+03
   Coulomb (SR)   Coul. recip.      Potential    Kinetic En.   Total Energy
   -1.74824e+05    6.13505e+02   -1.62778e+05    3.09655e+04   -1.31813e+05
  Conserved En.    Temperature Pres. DC (bar) Pressure (bar)   Constr. rmsd
   -1.21957e+05    3.06918e+02   -1.60133e+02   -7.03323e+02    7.05718e-06

DD  step 46999  vol min/aver 0.484  load imb.: force  7.7%  pme mesh/force 0.534

           Step           Time         Lambda
          47000       94.00000        0.00000

   Energies (kJ/mol)
       G96Angle    Proper Dih.  Improper Dih.        LJ (SR)  Disper. corr.
    7.94089e+03    5.11925e+03    2.38850e+02   -9.16797e+02   -1.86324e+03
   Coulomb (SR)   Coul. recip.      Potential    Kinetic En.   Total Energy
   -1.72741e+05    5.88281e+02   -1.61633e+05    3.09357e+04   -1.30698e+05
  Conserved En.    Temperature Pres. DC (bar) Pressure (bar)   Constr. rmsd
   -1.22003e+05    3.06623e+02   -1.60133e+02   -6.34517e+02    7.25534e-06

           Step           Time         Lambda
          47500       95.00000        0.00000

   Energies (kJ/mol)
       G96Angle    Proper Dih.  Improper Dih.        LJ (SR)  Disper. corr.
    7.51879e+03    5.27711e+03    2.25133e+02   -2.04305e+02   -1.86324e+03
   Coulomb (SR)   Coul. recip.      Potential    Kinetic En.   Total Energy
   -1.73765e+05    5.66403e+02   -1.62246e+05    3.05593e+04   -1.31686e+05
  Conserved En.    Temperature Pres. DC (bar) Pressure (bar)   Constr. rmsd
   -1.21887e+05    3.02892e+02   -1.60133e+02   -7.92740e+02    6.99309e-06

DD  step 47999  vol min/aver 0.482  load imb.: force  5.0%  pme mesh/force 0.478

           Step           Time         Lambda
          48000       96.00000        0.00000

   Energies (kJ/mol)
       G96Angle    Proper Dih.  Improper Dih.        LJ (SR)  Disper. corr.
    7.56371e+03    5.03866e+03    2.56941e+02    4.69538e+01   -1.86324e+03
   Coulomb (SR)   Coul. recip.      Potential    Kinetic En.   Total Energy
   -1.74076e+05    5.87888e+02   -1.62446e+05    3.08791e+04   -1.31567e+05
  Conserved En.    Temperature Pres. DC (bar) Pressure (bar)   Constr. rmsd
   -1.22061e+05    3.06061e+02   -1.60133e+02   -7.03484e+02    7.03060e-06

           Step           Time         Lambda
          48500       97.00000        0.00000

   Energies (kJ/mol)
       G96Angle    Proper Dih.  Improper Dih.        LJ (SR)  Disper. corr.
    7.29080e+03    5.12652e+03    2.62663e+02    2.59156e+02   -1.86324e+03
   Coulomb (SR)   Coul. recip.      Potential    Kinetic En.   Total Energy
   -1.74260e+05    6.05801e+02   -1.62579e+05    3.08148e+04   -1.31764e+05
  Conserved En.    Temperature Pres. DC (bar) Pressure (bar)   Constr. rmsd
   -1.22077e+05    3.05424e+02   -1.60133e+02   -5.20846e+02    7.30173e-06

DD  step 48999  vol min/aver 0.488  load imb.: force  5.4%  pme mesh/force 0.498

           Step           Time         Lambda
          49000       98.00000        0.00000

   Energies (kJ/mol)
       G96Angle    Proper Dih.  Improper Dih.        LJ (SR)  Disper. corr.
    7.67672e+03    5.21162e+03    2.11867e+02   -1.02366e+03   -1.86324e+03
   Coulomb (SR)   Coul. recip.      Potential    Kinetic En.   Total Energy
   -1.72519e+05    6.17212e+02   -1.61689e+05    3.08972e+04   -1.30792e+05
  Conserved En.    Temperature Pres. DC (bar) Pressure (bar)   Constr. rmsd
   -1.21961e+05    3.06241e+02   -1.60133e+02   -8.02594e+02    7.70908e-06

           Step           Time         Lambda
          49500       99.00000        0.00000

   Energies (kJ/mol)
       G96Angle    Proper Dih.  Improper Dih.        LJ (SR)  Disper. corr.
    7.67739e+03    5.04495e+03    2.11742e+02   -8.28651e+02   -1.86324e+03
   Coulomb (SR)   Coul. recip.      Potential    Kinetic En.   Total Energy
   -1.72769e+05    6.19592e+02   -1.61907e+05    3.04352e+04   -1.31472e+05
  Conserved En.    Temperature Pres. DC (bar) Pressure (bar)   Constr. rmsd
   -1.21964e+05    3.01661e+02   -1.60133e+02   -9.76219e+02    7.34984e-06

DD  step 49999  vol min/aver 0.500  load imb.: force  5.2%  pme mesh/force 0.506

           Step           Time         Lambda
          50000      100.00000        0.00000

Writing checkpoint, step 50000 at Fri Dec  9 12:10:33 2016


   Energies (kJ/mol)
       G96Angle    Proper Dih.  Improper Dih.        LJ (SR)  Disper. corr.
    7.70952e+03    5.23971e+03    2.74220e+02   -1.48392e+03   -1.86324e+03
   Coulomb (SR)   Coul. recip.      Potential    Kinetic En.   Total Energy
   -1.72311e+05    5.76262e+02   -1.61859e+05    3.06481e+04   -1.31211e+05
  Conserved En.    Temperature Pres. DC (bar) Pressure (bar)   Constr. rmsd
   -1.21947e+05    3.03772e+02   -1.60133e+02   -9.62243e+02    6.81474e-06

	<======  ###############  ==>
	<====  A V E R A G E S  ====>
	<==  ###############  ======>

	Statistics over 50001 steps using 501 frames

   Energies (kJ/mol)
       G96Angle    Proper Dih.  Improper Dih.        LJ (SR)  Disper. corr.
    7.82374e+03    5.31867e+03    2.46694e+02   -4.38870e+02   -1.86324e+03
   Coulomb (SR)   Coul. recip.      Potential    Kinetic En.   Total Energy
   -1.72803e+05    6.44514e+02   -1.61072e+05    3.07826e+04   -1.30289e+05
  Conserved En.    Temperature Pres. DC (bar) Pressure (bar)   Constr. rmsd
   -1.22110e+05    3.05105e+02   -1.60133e+02   -7.60928e+02    0.00000e+00

   Total Virial (kJ/mol)
    1.56519e+04    1.42039e+02    1.67955e+00
    1.42154e+02    1.50724e+04   -1.24533e+02
    1.64751e+00   -1.24372e+02    1.33482e+04

   Pressure (bar)
   -8.45401e+02   -2.23492e+01   -2.03145e+01
   -2.23690e+01   -7.33385e+02   -2.92405e+00
   -2.03090e+01   -2.95170e+00   -7.03999e+02

    T-non-Water        T-Water
    3.05239e+02    3.05027e+02


	M E G A - F L O P S   A C C O U N T I N G

 NB=Group-cutoff nonbonded kernels    NxN=N-by-N cluster Verlet kernels
 RF=Reaction-Field  VdW=Van der Waals  QSTab=quadratic-spline table
 W3=SPC/TIP3p  W4=TIP4p (single or pairs)
 V&F=Potential and force  V=Potential only  F=Force only

 Computing:                               M-Number         M-Flops  % Flops
-----------------------------------------------------------------------------
 Pair Search distance check            7450.048558       67050.437     0.4
 NxN QSTab Elec. + LJ [F]            226819.666888     9299606.342    49.3
 NxN QSTab Elec. + LJ [V&F]            2295.155448      135414.171     0.7
 NxN LJ [F]                           60092.632880     1983056.885    10.5
 NxN LJ [V&F]                           608.398576       26161.139     0.1
 NxN QSTab Elec. [F]                 176695.648088     6007652.035    31.9
 NxN QSTab Elec. [V&F]                 1788.116872       73312.792     0.4
 Calc Weights                          1810.836216       65190.104     0.3
 Spread Q Bspline                     38631.172608       77262.345     0.4
 Gather F Bspline                     38631.172608      231787.036     1.2
 3D-FFT                               89102.882022      712823.056     3.8
 Solve PME                               39.200784        2508.850     0.0
 Reset In Box                            15.102072          45.306     0.0
 CG-CoM                                  15.114144          45.342     0.0
 Angles                                 226.604532       38069.561     0.2
 Propers                                191.603832       43877.278     0.2
 Impropers                                6.600132        1372.827     0.0
 Virial                                   6.498972         116.981     0.0
 Stop-CM                                  6.060144          60.601     0.0
 Calc-Ekin                              120.744144        3260.092     0.0
 Lincs                                  314.675094       18880.506     0.1
 Lincs-Mat                             4034.413512       16137.654     0.1
 Constraint-V                          1073.689782        8589.518     0.0
 Constraint-Vir                           7.604359         182.505     0.0
 Settle                                 148.120673       47842.977     0.3
-----------------------------------------------------------------------------
 Total                                                18860306.342   100.0
-----------------------------------------------------------------------------


    D O M A I N   D E C O M P O S I T I O N   S T A T I S T I C S

 av. #atoms communicated per step for force:  2 x 37707.1
 av. #atoms communicated per step for LINCS:  2 x 3532.9

 Average load imbalance: 5.1 %
 Part of the total run time spent waiting due to load imbalance: 3.3 %
 Steps where the load balancing was limited by -rdd, -rcon and/or -dds: X 0 % Z 0 %
 Average PME mesh/force load: 0.505
 Part of the total run time spent waiting due to PP/PME imbalance: 6.3 %

NOTE: 6.3 % performance was lost because the PME ranks
      had less work to do than the PP ranks.
      You might want to decrease the number of PME ranks
      or decrease the cut-off and the grid spacing.


     R E A L   C Y C L E   A N D   T I M E   A C C O U N T I N G

On 20 MPI ranks doing PP, and
on 4 MPI ranks doing PME

 Computing:          Num   Num      Call    Wall time         Giga-Cycles
                     Ranks Threads  Count      (s)         total sum    %
-----------------------------------------------------------------------------
 Domain decomp.        20    1       1251       9.112        484.716   2.5
 DD comm. load         20    1       1250       0.148          7.851   0.0
 DD comm. bounds       20    1       1250       0.262         13.934   0.1
 Send X to PME         20    1      50001       3.750        199.466   1.0
 Neighbor search       20    1       1251       4.395        233.819   1.2
 Comm. coord.          20    1      48750      20.621       1096.958   5.7
 Force                 20    1      50001     199.343      10604.444  55.0
 Wait + Comm. F        20    1      50001      27.530       1464.512   7.6
 PME mesh *             4    1      50001     115.773       1231.748   6.4
 PME wait for PP *                            186.406       1983.246  10.3
 Wait + Recv. PME F    20    1      50001       0.337         17.911   0.1
 NB X/F buffer ops.    20    1     147501       1.821         96.882   0.5
 Write traj.           20    1        101       0.182          9.693   0.1
 Update                20    1      50001       3.096        164.701   0.9
 Constraints           20    1      50001      28.072       1493.344   7.7
 Comm. energies        20    1       5001       2.951        156.957   0.8
 Rest                                           0.568         30.208   0.2
-----------------------------------------------------------------------------
 Total                                        302.187      19290.476 100.0
-----------------------------------------------------------------------------
(*) Note that with separate PME ranks, the walltime column actually sums to
    twice the total reported, but the cycle count total and % are correct.
-----------------------------------------------------------------------------
 Breakdown of PME mesh computation
-----------------------------------------------------------------------------
 PME redist. X/F        4    1     100002      25.529        271.610   1.4
 PME spread/gather      4    1     100002      57.674        613.610   3.2
 PME 3D-FFT             4    1     100002      21.369        227.356   1.2
 PME 3D-FFT Comm.       4    1     100002       4.750         50.536   0.3
 PME solve Elec         4    1      50001       6.368         67.753   0.4
-----------------------------------------------------------------------------

               Core t (s)   Wall t (s)        (%)
       Time:     7252.490      302.187     2400.0
                 (ns/day)    (hour/ns)
Performance:       28.592        0.839
Finished mdrun on rank 0 Fri Dec  9 12:10:33 2016
